This file contains any messages produced by compilers while
running configure, to aid debugging if configure makes a mistake.

It was created by configure, which was
generated by GNU Autoconf 2.64.  Invocation command line was

  $ /home6/daewon2/Release/glibc/SP/SP_Linux/LP_Linux_Prj/REL/VDLinux.3.x.2012/toolchain/src/arm-mips-src-20121018/build.arm.cortex-a15/sources/gdb_gdbserver_0/gdb/gdbserver/configure --build=x86_64-pc-linux-gnu --host=arm-v7a15v3r1-linux-gnueabi --prefix=/usr --with-pkgversion=VDLinux.GA1.2012-10-03 --with-bugurl=http://linux.sec.samsung.net/VDLinux/

## --------- ##
## Platform. ##
## --------- ##

hostname = vdbs1218
uname -m = x86_64
uname -r = 2.6.32-38-generic
uname -s = Linux
uname -v = #83-Ubuntu SMP Wed Jan 4 11:12:07 UTC 2012

/usr/bin/uname -p = unknown
/bin/uname -X     = unknown

/bin/arch              = unknown
/usr/bin/arch -k       = unknown
/usr/convex/getsysinfo = unknown
/usr/bin/hostinfo      = unknown
/bin/machine           = unknown
/usr/bin/oslevel       = unknown
/bin/universe          = unknown

PATH: /home6/daewon2/Release/glibc/SP/SP_Linux/LP_Linux_Prj/REL/VDLinux.3.x.2012/toolchain/src/arm-mips-src-20121018/scripts/arm-v7a15v3r1/bin
PATH: /home6/daewon2/bin
PATH: /usr/local/iconv/bin
PATH: /opt/mipsel-34kv3r1-20121018/bin
PATH: /opt/mipsel-24kv3r1-20121018/bin
PATH: /opt/arm-v7a8v3r1-20121018/bin
PATH: /opt/arm-v7a15v3r1-20121018/bin/
PATH: /opt/VDLinux-ARMv7-4.6-v3r0-20120319/bin
PATH: /opt/VDLinux-ARMv7-4.4-202-toolchain-v2r2-20110630/bin
PATH: /usr/local/java/jdk1.6.0_29/bin
PATH: /usr/local/sbin
PATH: /usr/local/bin
PATH: /usr/sbin
PATH: /usr/bin
PATH: /sbin
PATH: /bin
PATH: /usr/games
PATH: /usr/p4bin/bin
PATH: /home6/daewon2/busybox_test/Busybox/arm-v7a15v3r1-20121003/bin
PATH: /home6/daewon2/busybox_test/Busybox/arm-v7a8v3r1-20121003/bin
PATH: /home6/daewon2/busybox_test/Busybox/mipsel-24kv3r1-20121003/bin
PATH: /home6/daewon2/busybox_test/Busybox/mipsel-34kv3r1-20121003/bin
PATH: /home6/daewon2/20121114/arm-v7a15v3r1-20121114/bin
PATH: /home6/daewon2/20121114/mipsel-34kv3r1-20121114/bin


## ----------- ##
## Core tests. ##
## ----------- ##

configure:2232: checking for arm-v7a15v3r1-linux-gnueabi-gcc
configure:2259: result: arm-v7a15v3r1-linux-gnueabi-gcc
configure:2528: checking for C compiler version
configure:2537: arm-v7a15v3r1-linux-gnueabi-gcc --version >&5
arm-v7a15v3r1-linux-gnueabi-gcc (VDLinux.GA1.2012-10-03) 4.6.4
Copyright (C) 2011 Free Software Foundation, Inc.
This is free software; see the source for copying conditions.  There is NO
warranty; not even for MERCHANTABILITY or FITNESS FOR A PARTICULAR PURPOSE.

configure:2548: $? = 0
configure:2537: arm-v7a15v3r1-linux-gnueabi-gcc -v >&5
Using built-in specs.
COLLECT_GCC=arm-v7a15v3r1-linux-gnueabi-gcc
COLLECT_LTO_WRAPPER=/home6/daewon2/Release/glibc/SP/SP_Linux/LP_Linux_Prj/REL/VDLinux.3.x.2012/toolchain/src/arm-mips-src-20121018/scripts/arm-v7a15v3r1/libexec/gcc/arm-v7a15v3r1-linux-gnueabi/4.6.4/lto-wrapper
Target: arm-v7a15v3r1-linux-gnueabi
Configured with: /home6/daewon2/Release/glibc/SP/SP_Linux/LP_Linux_Prj/REL/VDLinux.3.x.2012/toolchain/src/arm-mips-src-20121018/build.arm.cortex-a15/sources/gcc_1/configure --build=x86_64-pc-linux-gnu --host=x86_64-pc-linux-gnu --target=arm-v7a15v3r1-linux-gnueabi --prefix=/home6/daewon2/Release/glibc/SP/SP_Linux/LP_Linux_Prj/REL/VDLinux.3.x.2012/toolchain/src/arm-mips-src-20121018/scripts/arm-v7a15v3r1 --with-sysroot=/home6/daewon2/Release/glibc/SP/SP_Linux/LP_Linux_Prj/REL/VDLinux.3.x.2012/toolchain/src/arm-mips-src-20121018/scripts/arm-v7a15v3r1/arm-v7a15v3r1-linux-gnueabi/sys-root --disable-libmudflap --disable-libssp --disable-nls --disable-libstdcxx-pch --with-specs='%{!ffunction-sections:%{!fno-function-sections:-ffunction-sections}} %{funwind-tables|fno-unwind-tables|mabi=*|ffreestanding|nostdlib:;:-funwind-tables} %{O3:%{!funswitch-loops:%{!fno-unswitch-loops:-fno-unswitch-loops}}}' --with-interwork --with-mode=arm --with-fpu=vfpv3 --with-cpu=cortex-a15 --with-tune=cortex-a15 --with-float=softfp --enable-libgomp --enable-poison-system-directories --enable-long-long --enable-threads --enable-languages=c,c++ --enable-shared --enable-lto --enable-symvers=gnu --enable-__cxa_atexit --with-pkgversion=VDLinux.GA1.2012-10-03 --with-bugurl=http://linux.sec.samsung.net/VDLinux/ --with-gnu-as --with-gnu-ld --with-host-libstdcxx='-static-libgcc -Wl,-Bstatic,-lstdc++,-Bdynamic -lm' --with-build-time-tools=/home6/daewon2/Release/glibc/SP/SP_Linux/LP_Linux_Prj/REL/VDLinux.3.x.2012/toolchain/src/arm-mips-src-20121018/scripts/arm-v7a15v3r1/bin --with-gmp=/home6/daewon2/Release/glibc/SP/SP_Linux/LP_Linux_Prj/REL/VDLinux.3.x.2012/toolchain/src/arm-mips-src-20121018/scripts/arm-v7a15v3r1 --with-mpfr=/home6/daewon2/Release/glibc/SP/SP_Linux/LP_Linux_Prj/REL/VDLinux.3.x.2012/toolchain/src/arm-mips-src-20121018/scripts/arm-v7a15v3r1 --with-ppl=/home6/daewon2/Release/glibc/SP/SP_Linux/LP_Linux_Prj/REL/VDLinux.3.x.2012/toolchain/src/arm-mips-src-20121018/scripts/arm-v7a15v3r1 --with-cloog=/home6/daewon2/Release/glibc/SP/SP_Linux/LP_Linux_Prj/REL/VDLinux.3.x.2012/toolchain/src/arm-mips-src-20121018/scripts/arm-v7a15v3r1 --with-libelf=/home6/daewon2/Release/glibc/SP/SP_Linux/LP_Linux_Prj/REL/VDLinux.3.x.2012/toolchain/src/arm-mips-src-20121018/scripts/arm-v7a15v3r1
Thread model: posix
gcc version 4.6.4 (VDLinux.GA1.2012-10-03) 
configure:2548: $? = 0
configure:2537: arm-v7a15v3r1-linux-gnueabi-gcc -V >&5
arm-v7a15v3r1-linux-gnueabi-gcc: error: unrecognized option '-V'
arm-v7a15v3r1-linux-gnueabi-gcc: fatal error: no input files
compilation terminated.
configure:2548: $? = 1
configure:2537: arm-v7a15v3r1-linux-gnueabi-gcc -qversion >&5
arm-v7a15v3r1-linux-gnueabi-gcc: error: unrecognized option '-qversion'
arm-v7a15v3r1-linux-gnueabi-gcc: fatal error: no input files
compilation terminated.
configure:2548: $? = 1
configure:2568: checking for C compiler default output file name
configure:2590: arm-v7a15v3r1-linux-gnueabi-gcc    conftest.c  >&5
configure:2594: $? = 0
configure:2631: result: a.out
configure:2647: checking whether the C compiler works
configure:2675: result: yes
configure:2682: checking whether we are cross compiling
configure:2684: result: yes
configure:2687: checking for suffix of executables
configure:2694: arm-v7a15v3r1-linux-gnueabi-gcc -o conftest    conftest.c  >&5
configure:2698: $? = 0
configure:2720: result: 
configure:2726: checking for suffix of object files
configure:2748: arm-v7a15v3r1-linux-gnueabi-gcc -c   conftest.c >&5
configure:2752: $? = 0
configure:2773: result: o
configure:2777: checking whether we are using the GNU C compiler
configure:2796: arm-v7a15v3r1-linux-gnueabi-gcc -c   conftest.c >&5
configure:2796: $? = 0
configure:2805: result: yes
configure:2814: checking whether arm-v7a15v3r1-linux-gnueabi-gcc accepts -g
configure:2834: arm-v7a15v3r1-linux-gnueabi-gcc -c -g  conftest.c >&5
configure:2834: $? = 0
configure:2875: result: yes
configure:2892: checking for arm-v7a15v3r1-linux-gnueabi-gcc option to accept ISO C89
configure:2956: arm-v7a15v3r1-linux-gnueabi-gcc  -c -g -O2  conftest.c >&5
configure:2956: $? = 0
configure:2969: result: none needed
configure:2995: checking how to run the C preprocessor
configure:3026: arm-v7a15v3r1-linux-gnueabi-gcc -E  conftest.c
configure:3026: $? = 0
configure:3040: arm-v7a15v3r1-linux-gnueabi-gcc -E  conftest.c
conftest.c:9:28: fatal error: ac_nonexistent.h: No such file or directory
compilation terminated.
configure:3040: $? = 1
configure: failed program was:
| /* confdefs.h */
| #define PACKAGE_NAME ""
| #define PACKAGE_TARNAME ""
| #define PACKAGE_VERSION ""
| #define PACKAGE_STRING ""
| #define PACKAGE_BUGREPORT ""
| #define PACKAGE_URL ""
| /* end confdefs.h.  */
| #include <ac_nonexistent.h>
configure:3065: result: arm-v7a15v3r1-linux-gnueabi-gcc -E
configure:3085: arm-v7a15v3r1-linux-gnueabi-gcc -E  conftest.c
configure:3085: $? = 0
configure:3099: arm-v7a15v3r1-linux-gnueabi-gcc -E  conftest.c
conftest.c:9:28: fatal error: ac_nonexistent.h: No such file or directory
compilation terminated.
configure:3099: $? = 1
configure: failed program was:
| /* confdefs.h */
| #define PACKAGE_NAME ""
| #define PACKAGE_TARNAME ""
| #define PACKAGE_VERSION ""
| #define PACKAGE_STRING ""
| #define PACKAGE_BUGREPORT ""
| #define PACKAGE_URL ""
| /* end confdefs.h.  */
| #include <ac_nonexistent.h>
configure:3128: checking for grep that handles long lines and -e
configure:3186: result: /bin/grep
configure:3191: checking for egrep
configure:3253: result: /bin/grep -E
configure:3258: checking for ANSI C header files
configure:3278: arm-v7a15v3r1-linux-gnueabi-gcc -c -g -O2  conftest.c >&5
configure:3278: $? = 0
configure:3362: result: yes
configure:3375: checking for sys/types.h
configure:3375: arm-v7a15v3r1-linux-gnueabi-gcc -c -g -O2  conftest.c >&5
configure:3375: $? = 0
configure:3375: result: yes
configure:3375: checking for sys/stat.h
configure:3375: arm-v7a15v3r1-linux-gnueabi-gcc -c -g -O2  conftest.c >&5
configure:3375: $? = 0
configure:3375: result: yes
configure:3375: checking for stdlib.h
configure:3375: arm-v7a15v3r1-linux-gnueabi-gcc -c -g -O2  conftest.c >&5
configure:3375: $? = 0
configure:3375: result: yes
configure:3375: checking for string.h
configure:3375: arm-v7a15v3r1-linux-gnueabi-gcc -c -g -O2  conftest.c >&5
configure:3375: $? = 0
configure:3375: result: yes
configure:3375: checking for memory.h
configure:3375: arm-v7a15v3r1-linux-gnueabi-gcc -c -g -O2  conftest.c >&5
configure:3375: $? = 0
configure:3375: result: yes
configure:3375: checking for strings.h
configure:3375: arm-v7a15v3r1-linux-gnueabi-gcc -c -g -O2  conftest.c >&5
configure:3375: $? = 0
configure:3375: result: yes
configure:3375: checking for inttypes.h
configure:3375: arm-v7a15v3r1-linux-gnueabi-gcc -c -g -O2  conftest.c >&5
configure:3375: $? = 0
configure:3375: result: yes
configure:3375: checking for stdint.h
configure:3375: arm-v7a15v3r1-linux-gnueabi-gcc -c -g -O2  conftest.c >&5
configure:3375: $? = 0
configure:3375: result: yes
configure:3375: checking for unistd.h
configure:3375: arm-v7a15v3r1-linux-gnueabi-gcc -c -g -O2  conftest.c >&5
configure:3375: $? = 0
configure:3375: result: yes
configure:3389: checking minix/config.h usability
configure:3389: arm-v7a15v3r1-linux-gnueabi-gcc -c -g -O2  conftest.c >&5
conftest.c:52:26: fatal error: minix/config.h: No such file or directory
compilation terminated.
configure:3389: $? = 1
configure: failed program was:
| /* confdefs.h */
| #define PACKAGE_NAME ""
| #define PACKAGE_TARNAME ""
| #define PACKAGE_VERSION ""
| #define PACKAGE_STRING ""
| #define PACKAGE_BUGREPORT ""
| #define PACKAGE_URL ""
| #define STDC_HEADERS 1
| #define HAVE_SYS_TYPES_H 1
| #define HAVE_SYS_STAT_H 1
| #define HAVE_STDLIB_H 1
| #define HAVE_STRING_H 1
| #define HAVE_MEMORY_H 1
| #define HAVE_STRINGS_H 1
| #define HAVE_INTTYPES_H 1
| #define HAVE_STDINT_H 1
| #define HAVE_UNISTD_H 1
| /* end confdefs.h.  */
| #include <stdio.h>
| #ifdef HAVE_SYS_TYPES_H
| # include <sys/types.h>
| #endif
| #ifdef HAVE_SYS_STAT_H
| # include <sys/stat.h>
| #endif
| #ifdef STDC_HEADERS
| # include <stdlib.h>
| # include <stddef.h>
| #else
| # ifdef HAVE_STDLIB_H
| #  include <stdlib.h>
| # endif
| #endif
| #ifdef HAVE_STRING_H
| # if !defined STDC_HEADERS && defined HAVE_MEMORY_H
| #  include <memory.h>
| # endif
| # include <string.h>
| #endif
| #ifdef HAVE_STRINGS_H
| # include <strings.h>
| #endif
| #ifdef HAVE_INTTYPES_H
| # include <inttypes.h>
| #endif
| #ifdef HAVE_STDINT_H
| # include <stdint.h>
| #endif
| #ifdef HAVE_UNISTD_H
| # include <unistd.h>
| #endif
| #include <minix/config.h>
configure:3389: result: no
configure:3389: checking minix/config.h presence
configure:3389: arm-v7a15v3r1-linux-gnueabi-gcc -E  conftest.c
conftest.c:19:26: fatal error: minix/config.h: No such file or directory
compilation terminated.
configure:3389: $? = 1
configure: failed program was:
| /* confdefs.h */
| #define PACKAGE_NAME ""
| #define PACKAGE_TARNAME ""
| #define PACKAGE_VERSION ""
| #define PACKAGE_STRING ""
| #define PACKAGE_BUGREPORT ""
| #define PACKAGE_URL ""
| #define STDC_HEADERS 1
| #define HAVE_SYS_TYPES_H 1
| #define HAVE_SYS_STAT_H 1
| #define HAVE_STDLIB_H 1
| #define HAVE_STRING_H 1
| #define HAVE_MEMORY_H 1
| #define HAVE_STRINGS_H 1
| #define HAVE_INTTYPES_H 1
| #define HAVE_STDINT_H 1
| #define HAVE_UNISTD_H 1
| /* end confdefs.h.  */
| #include <minix/config.h>
configure:3389: result: no
configure:3389: checking for minix/config.h
configure:3389: result: no
configure:3410: checking whether it is safe to define __EXTENSIONS__
configure:3428: arm-v7a15v3r1-linux-gnueabi-gcc -c -g -O2  conftest.c >&5
configure:3428: $? = 0
configure:3435: result: yes
configure:3478: checking build system type
configure:3492: result: x86_64-pc-linux-gnu
configure:3512: checking host system type
configure:3525: result: arm-v7a15v3r1-linux-gnueabi
configure:3545: checking target system type
configure:3558: result: arm-v7a15v3r1-linux-gnueabi
configure:3600: checking for a BSD-compatible install
configure:3668: result: /usr/bin/install -c
configure:3691: checking for ANSI C header files
configure:3795: result: yes
configure:3806: checking for working alloca.h
configure:3823: arm-v7a15v3r1-linux-gnueabi-gcc -o conftest -g -O2   conftest.c  >&5
configure:3823: $? = 0
configure:3831: result: yes
configure:3839: checking for alloca
configure:3876: arm-v7a15v3r1-linux-gnueabi-gcc -o conftest -g -O2   conftest.c  >&5
configure:3876: $? = 0
configure:3884: result: yes
configure:3997: checking sgtty.h usability
configure:3997: arm-v7a15v3r1-linux-gnueabi-gcc -c -g -O2  conftest.c >&5
configure:3997: $? = 0
configure:3997: result: yes
configure:3997: checking sgtty.h presence
configure:3997: arm-v7a15v3r1-linux-gnueabi-gcc -E  conftest.c
configure:3997: $? = 0
configure:3997: result: yes
configure:3997: checking for sgtty.h
configure:3997: result: yes
configure:3997: checking termio.h usability
configure:3997: arm-v7a15v3r1-linux-gnueabi-gcc -c -g -O2  conftest.c >&5
configure:3997: $? = 0
configure:3997: result: yes
configure:3997: checking termio.h presence
configure:3997: arm-v7a15v3r1-linux-gnueabi-gcc -E  conftest.c
configure:3997: $? = 0
configure:3997: result: yes
configure:3997: checking for termio.h
configure:3997: result: yes
configure:3997: checking termios.h usability
configure:3997: arm-v7a15v3r1-linux-gnueabi-gcc -c -g -O2  conftest.c >&5
configure:3997: $? = 0
configure:3997: result: yes
configure:3997: checking termios.h presence
configure:3997: arm-v7a15v3r1-linux-gnueabi-gcc -E  conftest.c
configure:3997: $? = 0
configure:3997: result: yes
configure:3997: checking for termios.h
configure:3997: result: yes
configure:3997: checking sys/reg.h usability
configure:3997: arm-v7a15v3r1-linux-gnueabi-gcc -c -g -O2  conftest.c >&5
conftest.c:63:21: fatal error: sys/reg.h: No such file or directory
compilation terminated.
configure:3997: $? = 1
configure: failed program was:
| /* confdefs.h */
| #define PACKAGE_NAME ""
| #define PACKAGE_TARNAME ""
| #define PACKAGE_VERSION ""
| #define PACKAGE_STRING ""
| #define PACKAGE_BUGREPORT ""
| #define PACKAGE_URL ""
| #define STDC_HEADERS 1
| #define HAVE_SYS_TYPES_H 1
| #define HAVE_SYS_STAT_H 1
| #define HAVE_STDLIB_H 1
| #define HAVE_STRING_H 1
| #define HAVE_MEMORY_H 1
| #define HAVE_STRINGS_H 1
| #define HAVE_INTTYPES_H 1
| #define HAVE_STDINT_H 1
| #define HAVE_UNISTD_H 1
| #define __EXTENSIONS__ 1
| #define _ALL_SOURCE 1
| #define _GNU_SOURCE 1
| #define _POSIX_PTHREAD_SEMANTICS 1
| #define _TANDEM_SOURCE 1
| #define STDC_HEADERS 1
| #define HAVE_ALLOCA_H 1
| #define HAVE_ALLOCA 1
| #define HAVE_SGTTY_H 1
| #define HAVE_TERMIO_H 1
| #define HAVE_TERMIOS_H 1
| /* end confdefs.h.  */
| #include <stdio.h>
| #ifdef HAVE_SYS_TYPES_H
| # include <sys/types.h>
| #endif
| #ifdef HAVE_SYS_STAT_H
| # include <sys/stat.h>
| #endif
| #ifdef STDC_HEADERS
| # include <stdlib.h>
| # include <stddef.h>
| #else
| # ifdef HAVE_STDLIB_H
| #  include <stdlib.h>
| # endif
| #endif
| #ifdef HAVE_STRING_H
| # if !defined STDC_HEADERS && defined HAVE_MEMORY_H
| #  include <memory.h>
| # endif
| # include <string.h>
| #endif
| #ifdef HAVE_STRINGS_H
| # include <strings.h>
| #endif
| #ifdef HAVE_INTTYPES_H
| # include <inttypes.h>
| #endif
| #ifdef HAVE_STDINT_H
| # include <stdint.h>
| #endif
| #ifdef HAVE_UNISTD_H
| # include <unistd.h>
| #endif
| #include <sys/reg.h>
configure:3997: result: no
configure:3997: checking sys/reg.h presence
configure:3997: arm-v7a15v3r1-linux-gnueabi-gcc -E  conftest.c
conftest.c:30:21: fatal error: sys/reg.h: No such file or directory
compilation terminated.
configure:3997: $? = 1
configure: failed program was:
| /* confdefs.h */
| #define PACKAGE_NAME ""
| #define PACKAGE_TARNAME ""
| #define PACKAGE_VERSION ""
| #define PACKAGE_STRING ""
| #define PACKAGE_BUGREPORT ""
| #define PACKAGE_URL ""
| #define STDC_HEADERS 1
| #define HAVE_SYS_TYPES_H 1
| #define HAVE_SYS_STAT_H 1
| #define HAVE_STDLIB_H 1
| #define HAVE_STRING_H 1
| #define HAVE_MEMORY_H 1
| #define HAVE_STRINGS_H 1
| #define HAVE_INTTYPES_H 1
| #define HAVE_STDINT_H 1
| #define HAVE_UNISTD_H 1
| #define __EXTENSIONS__ 1
| #define _ALL_SOURCE 1
| #define _GNU_SOURCE 1
| #define _POSIX_PTHREAD_SEMANTICS 1
| #define _TANDEM_SOURCE 1
| #define STDC_HEADERS 1
| #define HAVE_ALLOCA_H 1
| #define HAVE_ALLOCA 1
| #define HAVE_SGTTY_H 1
| #define HAVE_TERMIO_H 1
| #define HAVE_TERMIOS_H 1
| /* end confdefs.h.  */
| #include <sys/reg.h>
configure:3997: result: no
configure:3997: checking for sys/reg.h
configure:3997: result: no
configure:3997: checking for string.h
configure:3997: result: yes
configure:3997: checking proc_service.h usability
configure:3997: arm-v7a15v3r1-linux-gnueabi-gcc -c -g -O2  conftest.c >&5
conftest.c:64:26: fatal error: proc_service.h: No such file or directory
compilation terminated.
configure:3997: $? = 1
configure: failed program was:
| /* confdefs.h */
| #define PACKAGE_NAME ""
| #define PACKAGE_TARNAME ""
| #define PACKAGE_VERSION ""
| #define PACKAGE_STRING ""
| #define PACKAGE_BUGREPORT ""
| #define PACKAGE_URL ""
| #define STDC_HEADERS 1
| #define HAVE_SYS_TYPES_H 1
| #define HAVE_SYS_STAT_H 1
| #define HAVE_STDLIB_H 1
| #define HAVE_STRING_H 1
| #define HAVE_MEMORY_H 1
| #define HAVE_STRINGS_H 1
| #define HAVE_INTTYPES_H 1
| #define HAVE_STDINT_H 1
| #define HAVE_UNISTD_H 1
| #define __EXTENSIONS__ 1
| #define _ALL_SOURCE 1
| #define _GNU_SOURCE 1
| #define _POSIX_PTHREAD_SEMANTICS 1
| #define _TANDEM_SOURCE 1
| #define STDC_HEADERS 1
| #define HAVE_ALLOCA_H 1
| #define HAVE_ALLOCA 1
| #define HAVE_SGTTY_H 1
| #define HAVE_TERMIO_H 1
| #define HAVE_TERMIOS_H 1
| #define HAVE_STRING_H 1
| /* end confdefs.h.  */
| #include <stdio.h>
| #ifdef HAVE_SYS_TYPES_H
| # include <sys/types.h>
| #endif
| #ifdef HAVE_SYS_STAT_H
| # include <sys/stat.h>
| #endif
| #ifdef STDC_HEADERS
| # include <stdlib.h>
| # include <stddef.h>
| #else
| # ifdef HAVE_STDLIB_H
| #  include <stdlib.h>
| # endif
| #endif
| #ifdef HAVE_STRING_H
| # if !defined STDC_HEADERS && defined HAVE_MEMORY_H
| #  include <memory.h>
| # endif
| # include <string.h>
| #endif
| #ifdef HAVE_STRINGS_H
| # include <strings.h>
| #endif
| #ifdef HAVE_INTTYPES_H
| # include <inttypes.h>
| #endif
| #ifdef HAVE_STDINT_H
| # include <stdint.h>
| #endif
| #ifdef HAVE_UNISTD_H
| # include <unistd.h>
| #endif
| #include <proc_service.h>
configure:3997: result: no
configure:3997: checking proc_service.h presence
configure:3997: arm-v7a15v3r1-linux-gnueabi-gcc -E  conftest.c
conftest.c:31:26: fatal error: proc_service.h: No such file or directory
compilation terminated.
configure:3997: $? = 1
configure: failed program was:
| /* confdefs.h */
| #define PACKAGE_NAME ""
| #define PACKAGE_TARNAME ""
| #define PACKAGE_VERSION ""
| #define PACKAGE_STRING ""
| #define PACKAGE_BUGREPORT ""
| #define PACKAGE_URL ""
| #define STDC_HEADERS 1
| #define HAVE_SYS_TYPES_H 1
| #define HAVE_SYS_STAT_H 1
| #define HAVE_STDLIB_H 1
| #define HAVE_STRING_H 1
| #define HAVE_MEMORY_H 1
| #define HAVE_STRINGS_H 1
| #define HAVE_INTTYPES_H 1
| #define HAVE_STDINT_H 1
| #define HAVE_UNISTD_H 1
| #define __EXTENSIONS__ 1
| #define _ALL_SOURCE 1
| #define _GNU_SOURCE 1
| #define _POSIX_PTHREAD_SEMANTICS 1
| #define _TANDEM_SOURCE 1
| #define STDC_HEADERS 1
| #define HAVE_ALLOCA_H 1
| #define HAVE_ALLOCA 1
| #define HAVE_SGTTY_H 1
| #define HAVE_TERMIO_H 1
| #define HAVE_TERMIOS_H 1
| #define HAVE_STRING_H 1
| /* end confdefs.h.  */
| #include <proc_service.h>
configure:3997: result: no
configure:3997: checking for proc_service.h
configure:3997: result: no
configure:3997: checking sys/procfs.h usability
configure:3997: arm-v7a15v3r1-linux-gnueabi-gcc -c -g -O2  conftest.c >&5
configure:3997: $? = 0
configure:3997: result: yes
configure:3997: checking sys/procfs.h presence
configure:3997: arm-v7a15v3r1-linux-gnueabi-gcc -E  conftest.c
configure:3997: $? = 0
configure:3997: result: yes
configure:3997: checking for sys/procfs.h
configure:3997: result: yes
configure:3997: checking thread_db.h usability
configure:3997: arm-v7a15v3r1-linux-gnueabi-gcc -c -g -O2  conftest.c >&5
configure:3997: $? = 0
configure:3997: result: yes
configure:3997: checking thread_db.h presence
configure:3997: arm-v7a15v3r1-linux-gnueabi-gcc -E  conftest.c
configure:3997: $? = 0
configure:3997: result: yes
configure:3997: checking for thread_db.h
configure:3997: result: yes
configure:3997: checking linux/elf.h usability
configure:3997: arm-v7a15v3r1-linux-gnueabi-gcc -c -g -O2  conftest.c >&5
configure:3997: $? = 0
configure:3997: result: yes
configure:3997: checking linux/elf.h presence
configure:3997: arm-v7a15v3r1-linux-gnueabi-gcc -E  conftest.c
configure:3997: $? = 0
configure:3997: result: yes
configure:3997: checking for linux/elf.h
configure:3997: result: yes
configure:3997: checking for stdlib.h
configure:3997: result: yes
configure:3997: checking for unistd.h
configure:3997: result: yes
configure:3997: checking errno.h usability
configure:3997: arm-v7a15v3r1-linux-gnueabi-gcc -c -g -O2  conftest.c >&5
configure:3997: $? = 0
configure:3997: result: yes
configure:3997: checking errno.h presence
configure:3997: arm-v7a15v3r1-linux-gnueabi-gcc -E  conftest.c
configure:3997: $? = 0
configure:3997: result: yes
configure:3997: checking for errno.h
configure:3997: result: yes
configure:3997: checking fcntl.h usability
configure:3997: arm-v7a15v3r1-linux-gnueabi-gcc -c -g -O2  conftest.c >&5
configure:3997: $? = 0
configure:3997: result: yes
configure:3997: checking fcntl.h presence
configure:3997: arm-v7a15v3r1-linux-gnueabi-gcc -E  conftest.c
configure:3997: $? = 0
configure:3997: result: yes
configure:3997: checking for fcntl.h
configure:3997: result: yes
configure:3997: checking signal.h usability
configure:3997: arm-v7a15v3r1-linux-gnueabi-gcc -c -g -O2  conftest.c >&5
configure:3997: $? = 0
configure:3997: result: yes
configure:3997: checking signal.h presence
configure:3997: arm-v7a15v3r1-linux-gnueabi-gcc -E  conftest.c
configure:3997: $? = 0
configure:3997: result: yes
configure:3997: checking for signal.h
configure:3997: result: yes
configure:3997: checking sys/file.h usability
configure:3997: arm-v7a15v3r1-linux-gnueabi-gcc -c -g -O2  conftest.c >&5
configure:3997: $? = 0
configure:3997: result: yes
configure:3997: checking sys/file.h presence
configure:3997: arm-v7a15v3r1-linux-gnueabi-gcc -E  conftest.c
configure:3997: $? = 0
configure:3997: result: yes
configure:3997: checking for sys/file.h
configure:3997: result: yes
configure:3997: checking malloc.h usability
configure:3997: arm-v7a15v3r1-linux-gnueabi-gcc -c -g -O2  conftest.c >&5
configure:3997: $? = 0
configure:3997: result: yes
configure:3997: checking malloc.h presence
configure:3997: arm-v7a15v3r1-linux-gnueabi-gcc -E  conftest.c
configure:3997: $? = 0
configure:3997: result: yes
configure:3997: checking for malloc.h
configure:3997: result: yes
configure:3997: checking sys/ioctl.h usability
configure:3997: arm-v7a15v3r1-linux-gnueabi-gcc -c -g -O2  conftest.c >&5
configure:3997: $? = 0
configure:3997: result: yes
configure:3997: checking sys/ioctl.h presence
configure:3997: arm-v7a15v3r1-linux-gnueabi-gcc -E  conftest.c
configure:3997: $? = 0
configure:3997: result: yes
configure:3997: checking for sys/ioctl.h
configure:3997: result: yes
configure:3997: checking netinet/in.h usability
configure:3997: arm-v7a15v3r1-linux-gnueabi-gcc -c -g -O2  conftest.c >&5
configure:3997: $? = 0
configure:3997: result: yes
configure:3997: checking netinet/in.h presence
configure:3997: arm-v7a15v3r1-linux-gnueabi-gcc -E  conftest.c
configure:3997: $? = 0
configure:3997: result: yes
configure:3997: checking for netinet/in.h
configure:3997: result: yes
configure:3997: checking sys/socket.h usability
configure:3997: arm-v7a15v3r1-linux-gnueabi-gcc -c -g -O2  conftest.c >&5
configure:3997: $? = 0
configure:3997: result: yes
configure:3997: checking sys/socket.h presence
configure:3997: arm-v7a15v3r1-linux-gnueabi-gcc -E  conftest.c
configure:3997: $? = 0
configure:3997: result: yes
configure:3997: checking for sys/socket.h
configure:3997: result: yes
configure:3997: checking netdb.h usability
configure:3997: arm-v7a15v3r1-linux-gnueabi-gcc -c -g -O2  conftest.c >&5
configure:3997: $? = 0
configure:3997: result: yes
configure:3997: checking netdb.h presence
configure:3997: arm-v7a15v3r1-linux-gnueabi-gcc -E  conftest.c
configure:3997: $? = 0
configure:3997: result: yes
configure:3997: checking for netdb.h
configure:3997: result: yes
configure:3997: checking netinet/tcp.h usability
configure:3997: arm-v7a15v3r1-linux-gnueabi-gcc -c -g -O2  conftest.c >&5
configure:3997: $? = 0
configure:3997: result: yes
configure:3997: checking netinet/tcp.h presence
configure:3997: arm-v7a15v3r1-linux-gnueabi-gcc -E  conftest.c
configure:3997: $? = 0
configure:3997: result: yes
configure:3997: checking for netinet/tcp.h
configure:3997: result: yes
configure:3997: checking arpa/inet.h usability
configure:3997: arm-v7a15v3r1-linux-gnueabi-gcc -c -g -O2  conftest.c >&5
configure:3997: $? = 0
configure:3997: result: yes
configure:3997: checking arpa/inet.h presence
configure:3997: arm-v7a15v3r1-linux-gnueabi-gcc -E  conftest.c
configure:3997: $? = 0
configure:3997: result: yes
configure:3997: checking for arpa/inet.h
configure:3997: result: yes
configure:3997: checking sys/wait.h usability
configure:3997: arm-v7a15v3r1-linux-gnueabi-gcc -c -g -O2  conftest.c >&5
configure:3997: $? = 0
configure:3997: result: yes
configure:3997: checking sys/wait.h presence
configure:3997: arm-v7a15v3r1-linux-gnueabi-gcc -E  conftest.c
configure:3997: $? = 0
configure:3997: result: yes
configure:3997: checking for sys/wait.h
configure:3997: result: yes
configure:4011: checking for pread
configure:4011: arm-v7a15v3r1-linux-gnueabi-gcc -o conftest -g -O2   conftest.c  >&5
configure:4011: $? = 0
configure:4011: result: yes
configure:4011: checking for pwrite
configure:4011: arm-v7a15v3r1-linux-gnueabi-gcc -o conftest -g -O2   conftest.c  >&5
configure:4011: $? = 0
configure:4011: result: yes
configure:4011: checking for pread64
configure:4011: arm-v7a15v3r1-linux-gnueabi-gcc -o conftest -g -O2   conftest.c  >&5
configure:4011: $? = 0
configure:4011: result: yes
configure:4024: checking for memmem
configure:4024: arm-v7a15v3r1-linux-gnueabi-gcc -o conftest -g -O2   conftest.c  >&5
configure:4024: $? = 0
configure:4024: result: yes
configure:4024: checking for vasprintf
configure:4024: arm-v7a15v3r1-linux-gnueabi-gcc -o conftest -g -O2   conftest.c  >&5
configure:4024: $? = 0
configure:4024: result: yes
configure:4024: checking for vsnprintf
configure:4024: arm-v7a15v3r1-linux-gnueabi-gcc -o conftest -g -O2   conftest.c  >&5
conftest.c:76:6: warning: conflicting types for built-in function 'vsnprintf' [enabled by default]
configure:4024: $? = 0
configure:4024: result: yes
configure:4090: checking for ust
configure:4106: arm-v7a15v3r1-linux-gnueabi-gcc -c -g -O2   conftest.c >&5
conftest.c:56:21: fatal error: ust/ust.h: No such file or directory
compilation terminated.
configure:4106: $? = 1
configure: failed program was:
| /* confdefs.h */
| #define PACKAGE_NAME ""
| #define PACKAGE_TARNAME ""
| #define PACKAGE_VERSION ""
| #define PACKAGE_STRING ""
| #define PACKAGE_BUGREPORT ""
| #define PACKAGE_URL ""
| #define STDC_HEADERS 1
| #define HAVE_SYS_TYPES_H 1
| #define HAVE_SYS_STAT_H 1
| #define HAVE_STDLIB_H 1
| #define HAVE_STRING_H 1
| #define HAVE_MEMORY_H 1
| #define HAVE_STRINGS_H 1
| #define HAVE_INTTYPES_H 1
| #define HAVE_STDINT_H 1
| #define HAVE_UNISTD_H 1
| #define __EXTENSIONS__ 1
| #define _ALL_SOURCE 1
| #define _GNU_SOURCE 1
| #define _POSIX_PTHREAD_SEMANTICS 1
| #define _TANDEM_SOURCE 1
| #define STDC_HEADERS 1
| #define HAVE_ALLOCA_H 1
| #define HAVE_ALLOCA 1
| #define HAVE_SGTTY_H 1
| #define HAVE_TERMIO_H 1
| #define HAVE_TERMIOS_H 1
| #define HAVE_STRING_H 1
| #define HAVE_SYS_PROCFS_H 1
| #define HAVE_THREAD_DB_H 1
| #define HAVE_LINUX_ELF_H 1
| #define HAVE_STDLIB_H 1
| #define HAVE_UNISTD_H 1
| #define HAVE_ERRNO_H 1
| #define HAVE_FCNTL_H 1
| #define HAVE_SIGNAL_H 1
| #define HAVE_SYS_FILE_H 1
| #define HAVE_MALLOC_H 1
| #define HAVE_SYS_IOCTL_H 1
| #define HAVE_NETINET_IN_H 1
| #define HAVE_SYS_SOCKET_H 1
| #define HAVE_NETDB_H 1
| #define HAVE_NETINET_TCP_H 1
| #define HAVE_ARPA_INET_H 1
| #define HAVE_SYS_WAIT_H 1
| #define HAVE_PREAD 1
| #define HAVE_PWRITE 1
| #define HAVE_PREAD64 1
| #define HAVE_MEMMEM 1
| #define HAVE_VASPRINTF 1
| #define HAVE_VSNPRINTF 1
| /* end confdefs.h.  */
| 
| #define CONFIG_UST_GDB_INTEGRATION
| #include <ust/ust.h>
| 
| int
| main ()
| {
| 
|   ;
|   return 0;
| }
configure:4112: result: no
configure:4149: checking compiler warning flags
configure:4170: arm-v7a15v3r1-linux-gnueabi-gcc -c -g -O2 -Wall  conftest.c >&5
configure:4170: $? = 0
configure:4170: arm-v7a15v3r1-linux-gnueabi-gcc -c -g -O2 -Wdeclaration-after-statement  conftest.c >&5
configure:4170: $? = 0
configure:4170: arm-v7a15v3r1-linux-gnueabi-gcc -c -g -O2 -Wpointer-arith  conftest.c >&5
configure:4170: $? = 0
configure:4170: arm-v7a15v3r1-linux-gnueabi-gcc -c -g -O2 -Wformat-nonliteral  conftest.c >&5
cc1: warning: -Wformat-nonliteral ignored without -Wformat [-Wformat-nonliteral]
configure:4170: $? = 0
configure:4170: arm-v7a15v3r1-linux-gnueabi-gcc -c -g -O2 -Wno-char-subscripts  conftest.c >&5
configure:4170: $? = 0
configure:4177: result:  -Wall -Wdeclaration-after-statement -Wpointer-arith -Wformat-nonliteral -Wno-char-subscripts -Werror
configure:4187: checking for dladdr
configure:4187: arm-v7a15v3r1-linux-gnueabi-gcc -o conftest -g -O2   conftest.c  -ldl >&5
configure:4187: $? = 0
configure:4187: result: yes
configure:4199: checking for errno
configure:4215: arm-v7a15v3r1-linux-gnueabi-gcc -o conftest -g -O2   conftest.c  >&5
configure:4215: $? = 0
configure:4216: result: yes - in errno.h
configure:4253: checking whether strerror is declared
configure:4253: arm-v7a15v3r1-linux-gnueabi-gcc -c -g -O2  conftest.c >&5
configure:4253: $? = 0
configure:4253: result: yes
configure:4263: checking whether perror is declared
configure:4263: arm-v7a15v3r1-linux-gnueabi-gcc -c -g -O2  conftest.c >&5
configure:4263: $? = 0
configure:4263: result: yes
configure:4273: checking whether memmem is declared
configure:4273: arm-v7a15v3r1-linux-gnueabi-gcc -c -g -O2  conftest.c >&5
configure:4273: $? = 0
configure:4273: result: yes
configure:4283: checking whether vasprintf is declared
configure:4283: arm-v7a15v3r1-linux-gnueabi-gcc -c -g -O2  conftest.c >&5
configure:4283: $? = 0
configure:4283: result: yes
configure:4293: checking whether vsnprintf is declared
configure:4293: arm-v7a15v3r1-linux-gnueabi-gcc -c -g -O2  conftest.c >&5
configure:4293: $? = 0
configure:4293: result: yes
configure:4305: checking for socklen_t
configure:4305: arm-v7a15v3r1-linux-gnueabi-gcc -c -g -O2  conftest.c >&5
configure:4305: $? = 0
configure:4305: arm-v7a15v3r1-linux-gnueabi-gcc -c -g -O2  conftest.c >&5
conftest.c: In function 'main':
conftest.c:68:24: error: expected expression before ')' token
configure:4305: $? = 1
configure: failed program was:
| /* confdefs.h */
| #define PACKAGE_NAME ""
| #define PACKAGE_TARNAME ""
| #define PACKAGE_VERSION ""
| #define PACKAGE_STRING ""
| #define PACKAGE_BUGREPORT ""
| #define PACKAGE_URL ""
| #define STDC_HEADERS 1
| #define HAVE_SYS_TYPES_H 1
| #define HAVE_SYS_STAT_H 1
| #define HAVE_STDLIB_H 1
| #define HAVE_STRING_H 1
| #define HAVE_MEMORY_H 1
| #define HAVE_STRINGS_H 1
| #define HAVE_INTTYPES_H 1
| #define HAVE_STDINT_H 1
| #define HAVE_UNISTD_H 1
| #define __EXTENSIONS__ 1
| #define _ALL_SOURCE 1
| #define _GNU_SOURCE 1
| #define _POSIX_PTHREAD_SEMANTICS 1
| #define _TANDEM_SOURCE 1
| #define STDC_HEADERS 1
| #define HAVE_ALLOCA_H 1
| #define HAVE_ALLOCA 1
| #define HAVE_SGTTY_H 1
| #define HAVE_TERMIO_H 1
| #define HAVE_TERMIOS_H 1
| #define HAVE_STRING_H 1
| #define HAVE_SYS_PROCFS_H 1
| #define HAVE_THREAD_DB_H 1
| #define HAVE_LINUX_ELF_H 1
| #define HAVE_STDLIB_H 1
| #define HAVE_UNISTD_H 1
| #define HAVE_ERRNO_H 1
| #define HAVE_FCNTL_H 1
| #define HAVE_SIGNAL_H 1
| #define HAVE_SYS_FILE_H 1
| #define HAVE_MALLOC_H 1
| #define HAVE_SYS_IOCTL_H 1
| #define HAVE_NETINET_IN_H 1
| #define HAVE_SYS_SOCKET_H 1
| #define HAVE_NETDB_H 1
| #define HAVE_NETINET_TCP_H 1
| #define HAVE_ARPA_INET_H 1
| #define HAVE_SYS_WAIT_H 1
| #define HAVE_PREAD 1
| #define HAVE_PWRITE 1
| #define HAVE_PREAD64 1
| #define HAVE_MEMMEM 1
| #define HAVE_VASPRINTF 1
| #define HAVE_VSNPRINTF 1
| #define HAVE_DLADDR 1
| #define HAVE_ERRNO 1
| #define HAVE_DECL_STRERROR 1
| #define HAVE_DECL_PERROR 1
| #define HAVE_DECL_MEMMEM 1
| #define HAVE_DECL_VASPRINTF 1
| #define HAVE_DECL_VSNPRINTF 1
| /* end confdefs.h.  */
| #include <sys/types.h>
| #include <sys/socket.h>
| 
| 
| int
| main ()
| {
| if (sizeof ((socklen_t)))
| 	    return 0;
|   ;
|   return 0;
| }
configure:4305: result: yes
configure:4467: checking for PTRACE_GETREGS
configure:4483: arm-v7a15v3r1-linux-gnueabi-gcc -c -g -O2  conftest.c >&5
configure:4483: $? = 0
configure:4491: result: yes
configure:4499: checking for PTRACE_GETFPXREGS
configure:4515: arm-v7a15v3r1-linux-gnueabi-gcc -c -g -O2  conftest.c >&5
configure:4515: $? = 0
configure:4523: result: yes
configure:4533: checking for lwpid_t in sys/procfs.h
configure:4553: arm-v7a15v3r1-linux-gnueabi-gcc -c -g -O2  conftest.c >&5
configure:4553: $? = 0
configure:4567: result: yes
configure:4570: checking for psaddr_t in sys/procfs.h
configure:4590: arm-v7a15v3r1-linux-gnueabi-gcc -c -g -O2  conftest.c >&5
configure:4590: $? = 0
configure:4604: result: yes
configure:4607: checking for prgregset_t in sys/procfs.h
configure:4627: arm-v7a15v3r1-linux-gnueabi-gcc -c -g -O2  conftest.c >&5
configure:4627: $? = 0
configure:4641: result: yes
configure:4644: checking for elf_fpregset_t in sys/procfs.h
configure:4664: arm-v7a15v3r1-linux-gnueabi-gcc -c -g -O2  conftest.c >&5
configure:4664: $? = 0
configure:4678: result: yes
configure:4684: checking for dlopen in -ldl
configure:4709: arm-v7a15v3r1-linux-gnueabi-gcc -o conftest -g -O2   conftest.c -ldl   >&5
configure:4709: $? = 0
configure:4718: result: yes
configure:4738: checking for the dynamic export flag
configure:4756: arm-v7a15v3r1-linux-gnueabi-gcc -o conftest -g -O2   -Wl,--dynamic-list=/home6/daewon2/Release/glibc/SP/SP_Linux/LP_Linux_Prj/REL/VDLinux.3.x.2012/toolchain/src/arm-mips-src-20121018/build.arm.cortex-a15/sources/gdb_gdbserver_0/gdb/gdbserver/proc-service.list conftest.c  >&5
configure:4756: $? = 0
configure:4786: result: -Wl,--dynamic-list
configure:4794: checking for TD_VERSION
configure:4810: arm-v7a15v3r1-linux-gnueabi-gcc -c -g -O2  conftest.c >&5
configure:4810: $? = 0
configure:4817: result: yes
configure:4857: checking whether the target supports __sync_*_compare_and_swap
configure:4874: arm-v7a15v3r1-linux-gnueabi-gcc -o conftest -g -O2   conftest.c  >&5
configure:4874: $? = 0
configure:4882: result: yes
configure:4903: arm-v7a15v3r1-linux-gnueabi-gcc -c -g -O2 -fvisibility=hidden  conftest.c >&5
configure:4903: $? = 0
configure:4911: checking whether ADDR_NO_RANDOMIZE is declared
configure:4911: arm-v7a15v3r1-linux-gnueabi-gcc -c -g -O2  conftest.c >&5
configure:4911: $? = 0
configure:4911: result: yes
configure:4943: arm-v7a15v3r1-linux-gnueabi-gcc -o conftest -g -O2   conftest.c  >&5
configure:4943: $? = 0
configure:5133: creating ./config.status

## ---------------------- ##
## Running config.status. ##
## ---------------------- ##

This file was extended by config.status, which was
generated by GNU Autoconf 2.64.  Invocation command line was

  CONFIG_FILES    = 
  CONFIG_HEADERS  = 
  CONFIG_LINKS    = 
  CONFIG_COMMANDS = 
  $ ./config.status 

on vdbs1218

config.status:894: creating Makefile
config.status:894: creating config.h
config.status:1067: executing default commands

## ---------------- ##
## Cache variables. ##
## ---------------- ##

ac_cv_build=x86_64-pc-linux-gnu
ac_cv_c_compiler_gnu=yes
ac_cv_env_CC_set=set
ac_cv_env_CC_value=arm-v7a15v3r1-linux-gnueabi-gcc
ac_cv_env_CFLAGS_set=
ac_cv_env_CFLAGS_value=
ac_cv_env_CPPFLAGS_set=
ac_cv_env_CPPFLAGS_value=
ac_cv_env_CPP_set=
ac_cv_env_CPP_value=
ac_cv_env_LDFLAGS_set=
ac_cv_env_LDFLAGS_value=
ac_cv_env_LIBS_set=
ac_cv_env_LIBS_value=
ac_cv_env_build_alias_set=set
ac_cv_env_build_alias_value=x86_64-pc-linux-gnu
ac_cv_env_host_alias_set=set
ac_cv_env_host_alias_value=arm-v7a15v3r1-linux-gnueabi
ac_cv_env_target_alias_set=
ac_cv_env_target_alias_value=
ac_cv_func_alloca_works=yes
ac_cv_func_dladdr=yes
ac_cv_func_memmem=yes
ac_cv_func_pread64=yes
ac_cv_func_pread=yes
ac_cv_func_pwrite=yes
ac_cv_func_vasprintf=yes
ac_cv_func_vsnprintf=yes
ac_cv_have_decl_ADDR_NO_RANDOMIZE=yes
ac_cv_have_decl_memmem=yes
ac_cv_have_decl_perror=yes
ac_cv_have_decl_strerror=yes
ac_cv_have_decl_vasprintf=yes
ac_cv_have_decl_vsnprintf=yes
ac_cv_header_arpa_inet_h=yes
ac_cv_header_errno_h=yes
ac_cv_header_fcntl_h=yes
ac_cv_header_inttypes_h=yes
ac_cv_header_linux_elf_h=yes
ac_cv_header_malloc_h=yes
ac_cv_header_memory_h=yes
ac_cv_header_minix_config_h=no
ac_cv_header_netdb_h=yes
ac_cv_header_netinet_in_h=yes
ac_cv_header_netinet_tcp_h=yes
ac_cv_header_proc_service_h=no
ac_cv_header_sgtty_h=yes
ac_cv_header_signal_h=yes
ac_cv_header_stdc=yes
ac_cv_header_stdint_h=yes
ac_cv_header_stdlib_h=yes
ac_cv_header_string_h=yes
ac_cv_header_strings_h=yes
ac_cv_header_sys_file_h=yes
ac_cv_header_sys_ioctl_h=yes
ac_cv_header_sys_procfs_h=yes
ac_cv_header_sys_reg_h=no
ac_cv_header_sys_socket_h=yes
ac_cv_header_sys_stat_h=yes
ac_cv_header_sys_types_h=yes
ac_cv_header_sys_wait_h=yes
ac_cv_header_termio_h=yes
ac_cv_header_termios_h=yes
ac_cv_header_thread_db_h=yes
ac_cv_header_unistd_h=yes
ac_cv_host=arm-v7a15v3r1-linux-gnueabi
ac_cv_lib_dl_dlopen=yes
ac_cv_objext=o
ac_cv_path_EGREP='/bin/grep -E'
ac_cv_path_GREP=/bin/grep
ac_cv_path_install='/usr/bin/install -c'
ac_cv_prog_CC=arm-v7a15v3r1-linux-gnueabi-gcc
ac_cv_prog_CPP='arm-v7a15v3r1-linux-gnueabi-gcc -E'
ac_cv_prog_cc_c89=
ac_cv_prog_cc_g=yes
ac_cv_safe_to_define___extensions__=yes
ac_cv_target=arm-v7a15v3r1-linux-gnueabi
ac_cv_type_socklen_t=yes
ac_cv_working_alloca_h=yes
bfd_cv_have_sys_procfs_type_elf_fpregset_t=yes
bfd_cv_have_sys_procfs_type_lwpid_t=yes
bfd_cv_have_sys_procfs_type_prgregset_t=yes
bfd_cv_have_sys_procfs_type_psaddr_t=yes
gdbsrv_cv_have_personality=true
gdbsrv_cv_have_ptrace_getfpxregs=yes
gdbsrv_cv_have_ptrace_getregs=yes
gdbsrv_cv_have_sync_builtins=yes
gdbsrv_cv_have_td_version=yes
gdbsrv_cv_have_visibility_hidden=yes

## ----------------- ##
## Output variables. ##
## ----------------- ##

ALLOCA=''
CC='arm-v7a15v3r1-linux-gnueabi-gcc'
CFLAGS='-g -O2'
CPP='arm-v7a15v3r1-linux-gnueabi-gcc -E'
CPPFLAGS=''
DEFS='-DHAVE_CONFIG_H'
ECHO_C=''
ECHO_N='-n'
ECHO_T=''
EGREP='/bin/grep -E'
EXEEXT=''
GDBSERVER_DEPFILES='reg-arm.o arm-with-iwmmxt.o arm-with-vfpv2.o arm-with-vfpv3.o arm-with-neon.o linux-low.o linux-arm-low.o hostio-errno.o thread-db.o proc-service.o'
GDBSERVER_LIBS='-ldl'
GREP='/bin/grep'
INSTALL_DATA='${INSTALL} -m 644'
INSTALL_PROGRAM='${INSTALL}'
INSTALL_SCRIPT='${INSTALL}'
IPA_DEPFILES=''
LDFLAGS=''
LIBOBJS=''
LIBS=''
LTLIBOBJS=''
OBJEXT='o'
PACKAGE_BUGREPORT=''
PACKAGE_NAME=''
PACKAGE_STRING=''
PACKAGE_TARNAME=''
PACKAGE_URL=''
PACKAGE_VERSION=''
PATH_SEPARATOR=':'
PKGVERSION='(VDLinux.GA1.2012-10-03) '
RDYNAMIC='-Wl,--dynamic-list=$(srcdir)/proc-service.list'
REPORT_BUGS_TEXI='@uref{http://linux.sec.samsung.net/VDLinux/}'
REPORT_BUGS_TO='<http://linux.sec.samsung.net/VDLinux/>'
SHELL='/bin/sh'
USE_THREAD_DB='-DUSE_THREAD_DB'
WARN_CFLAGS=' -Wall -Wdeclaration-after-statement -Wpointer-arith -Wformat-nonliteral -Wno-char-subscripts'
WERROR_CFLAGS='-Werror'
ac_ct_CC=''
bindir='${exec_prefix}/bin'
build='x86_64-pc-linux-gnu'
build_alias='x86_64-pc-linux-gnu'
build_cpu='x86_64'
build_os='linux-gnu'
build_vendor='pc'
datadir='${datarootdir}'
datarootdir='${prefix}/share'
docdir='${datarootdir}/doc/${PACKAGE}'
dvidir='${docdir}'
exec_prefix='${prefix}'
extra_libraries=''
host='arm-v7a15v3r1-linux-gnueabi'
host_alias='arm-v7a15v3r1-linux-gnueabi'
host_cpu='arm'
host_os='linux-gnueabi'
host_vendor='v7a15v3r1'
htmldir='${docdir}'
includedir='${prefix}/include'
infodir='${datarootdir}/info'
libdir='${exec_prefix}/lib'
libexecdir='${exec_prefix}/libexec'
localedir='${datarootdir}/locale'
localstatedir='${prefix}/var'
mandir='${datarootdir}/man'
oldincludedir='/usr/include'
pdfdir='${docdir}'
prefix='/usr'
program_transform_name='s,x,x,'
psdir='${docdir}'
sbindir='${exec_prefix}/sbin'
sharedstatedir='${prefix}/com'
srv_xmlbuiltin='xml-builtin.o'
srv_xmlfiles=' $(XML_DIR)/arm-with-iwmmxt.xml $(XML_DIR)/arm-with-vfpv2.xml $(XML_DIR)/arm-with-vfpv3.xml $(XML_DIR)/arm-with-neon.xml $(XML_DIR)/arm-core.xml $(XML_DIR)/xscale-iwmmxt.xml $(XML_DIR)/arm-vfpv2.xml $(XML_DIR)/arm-vfpv3.xml'
sysconfdir='${prefix}/etc'
target='arm-v7a15v3r1-linux-gnueabi'
target_alias=''
target_cpu='arm'
target_os='linux-gnueabi'
target_vendor='v7a15v3r1'
ustinc=''
ustlibs=''

## ----------- ##
## confdefs.h. ##
## ----------- ##

/* confdefs.h */
#define PACKAGE_NAME ""
#define PACKAGE_TARNAME ""
#define PACKAGE_VERSION ""
#define PACKAGE_STRING ""
#define PACKAGE_BUGREPORT ""
#define PACKAGE_URL ""
#define STDC_HEADERS 1
#define HAVE_SYS_TYPES_H 1
#define HAVE_SYS_STAT_H 1
#define HAVE_STDLIB_H 1
#define HAVE_STRING_H 1
#define HAVE_MEMORY_H 1
#define HAVE_STRINGS_H 1
#define HAVE_INTTYPES_H 1
#define HAVE_STDINT_H 1
#define HAVE_UNISTD_H 1
#define __EXTENSIONS__ 1
#define _ALL_SOURCE 1
#define _GNU_SOURCE 1
#define _POSIX_PTHREAD_SEMANTICS 1
#define _TANDEM_SOURCE 1
#define STDC_HEADERS 1
#define HAVE_ALLOCA_H 1
#define HAVE_ALLOCA 1
#define HAVE_SGTTY_H 1
#define HAVE_TERMIO_H 1
#define HAVE_TERMIOS_H 1
#define HAVE_STRING_H 1
#define HAVE_SYS_PROCFS_H 1
#define HAVE_THREAD_DB_H 1
#define HAVE_LINUX_ELF_H 1
#define HAVE_STDLIB_H 1
#define HAVE_UNISTD_H 1
#define HAVE_ERRNO_H 1
#define HAVE_FCNTL_H 1
#define HAVE_SIGNAL_H 1
#define HAVE_SYS_FILE_H 1
#define HAVE_MALLOC_H 1
#define HAVE_SYS_IOCTL_H 1
#define HAVE_NETINET_IN_H 1
#define HAVE_SYS_SOCKET_H 1
#define HAVE_NETDB_H 1
#define HAVE_NETINET_TCP_H 1
#define HAVE_ARPA_INET_H 1
#define HAVE_SYS_WAIT_H 1
#define HAVE_PREAD 1
#define HAVE_PWRITE 1
#define HAVE_PREAD64 1
#define HAVE_MEMMEM 1
#define HAVE_VASPRINTF 1
#define HAVE_VSNPRINTF 1
#define HAVE_DLADDR 1
#define HAVE_ERRNO 1
#define HAVE_DECL_STRERROR 1
#define HAVE_DECL_PERROR 1
#define HAVE_DECL_MEMMEM 1
#define HAVE_DECL_VASPRINTF 1
#define HAVE_DECL_VSNPRINTF 1
#define HAVE_SOCKLEN_T 1
#define PKGVERSION "(VDLinux.GA1.2012-10-03) "
#define REPORT_BUGS_TO "<http://linux.sec.samsung.net/VDLinux/>"
#define HAVE_LINUX_USRREGS 1
#define HAVE_LINUX_REGSETS 1
#define HAVE_PTRACE_GETREGS 1
#define HAVE_PTRACE_GETFPXREGS 1
#define HAVE_LWPID_T 1
#define HAVE_PSADDR_T 1
#define HAVE_PRGREGSET_T 1
#define HAVE_ELF_FPREGSET_T 1
#define HAVE_LIBDL 1
#define HAVE_TD_VERSION 1
#define USE_XML 1
#define HAVE_SYNC_BUILTINS 1
#define HAVE_DECL_ADDR_NO_RANDOMIZE 1
#define HAVE_PERSONALITY 1

configure: exit 0

## ---------------------- ##
## Running config.status. ##
## ---------------------- ##

This file was extended by config.status, which was
generated by GNU Autoconf 2.64.  Invocation command line was

  CONFIG_FILES    = 
  CONFIG_HEADERS  = config.h:config.in
  CONFIG_LINKS    = 
  CONFIG_COMMANDS = 
  $ ./config.status 

on vdbs1218

config.status:894: creating config.h
config.status:1053: config.h is unchanged
config.status:1067: executing default commands
