This file contains any messages produced by compilers while
running configure, to aid debugging if configure makes a mistake.

It was created by GNU C Library configure (see version.h), which was
generated by GNU Autoconf 2.68.  Invocation command line was

  $ /home6/daewon2/Release/glibc/SP/SP_Linux/LP_Linux_Prj/REL/VDLinux.3.x.2012/toolchain/src/arm-mips-src-20121018/build.arm.cortex-a15/sources/glibc/libc/configure --prefix=/usr --with-headers=/home6/daewon2/Release/glibc/SP/SP_Linux/LP_Linux_Prj/REL/VDLinux.3.x.2012/toolchain/src/arm-mips-src-20121018/scripts/arm-v7a15v3r1/arm-v7a15v3r1-linux-gnueabi/sys-root/./usr/include --build=x86_64-pc-linux-gnu --host=arm-v7a15v3r1-linux-gnueabi --disable-profile --without-gd --without-cvs --disable-sanity-checks --enable-hacker-mode --enable-add-ons=ports,nptl --enable-kernel= build_alias=x86_64-pc-linux-gnu host_alias=arm-v7a15v3r1-linux-gnueabi CC=/home6/daewon2/Release/glibc/SP/SP_Linux/LP_Linux_Prj/REL/VDLinux.3.x.2012/toolchain/src/arm-mips-src-20121018/scripts/arm-v7a15v3r1/bin/arm-v7a15v3r1-linux-gnueabi-gcc CFLAGS=-g -O2 CXX=/home6/daewon2/Release/glibc/SP/SP_Linux/LP_Linux_Prj/REL/VDLinux.3.x.2012/toolchain/src/arm-mips-src-20121018/scripts/arm-v7a15v3r1/bin/arm-v7a15v3r1-linux-gnueabi-g++ --no-create --no-recursion

## --------- ##
## Platform. ##
## --------- ##

hostname = vdbs1218
uname -m = x86_64
uname -r = 2.6.32-38-generic
uname -s = Linux
uname -v = #83-Ubuntu SMP Wed Jan 4 11:12:07 UTC 2012

/usr/bin/uname -p = unknown
/bin/uname -X     = unknown

/bin/arch              = unknown
/usr/bin/arch -k       = unknown
/usr/convex/getsysinfo = unknown
/usr/bin/hostinfo      = unknown
/bin/machine           = unknown
/usr/bin/oslevel       = unknown
/bin/universe          = unknown

PATH: /home6/daewon2/bin
PATH: /usr/local/iconv/bin
PATH: /opt/mipsel-34kv3r1-20121018/bin
PATH: /opt/mipsel-24kv3r1-20121018/bin
PATH: /opt/arm-v7a8v3r1-20121018/bin
PATH: /opt/arm-v7a15v3r1-20121018/bin/
PATH: /opt/VDLinux-ARMv7-4.6-v3r0-20120319/bin
PATH: /opt/VDLinux-ARMv7-4.4-202-toolchain-v2r2-20110630/bin
PATH: /usr/local/java/jdk1.6.0_29/bin
PATH: /usr/local/sbin
PATH: /usr/local/bin
PATH: /usr/sbin
PATH: /usr/bin
PATH: /sbin
PATH: /bin
PATH: /usr/games
PATH: /usr/p4bin/bin
PATH: /home6/daewon2/busybox_test/Busybox/arm-v7a15v3r1-20121003/bin
PATH: /home6/daewon2/busybox_test/Busybox/arm-v7a8v3r1-20121003/bin
PATH: /home6/daewon2/busybox_test/Busybox/mipsel-24kv3r1-20121003/bin
PATH: /home6/daewon2/busybox_test/Busybox/mipsel-34kv3r1-20121003/bin
PATH: /home6/daewon2/20121114/arm-v7a15v3r1-20121114/bin
PATH: /home6/daewon2/20121114/mipsel-34kv3r1-20121114/bin


## ----------- ##
## Core tests. ##
## ----------- ##

configure:2380: checking build system type
configure:2394: result: x86_64-pc-linux-gnu
configure:2414: checking host system type
configure:2427: result: arm-v7a15v3r1-linux-gnueabi
configure:2456: checking for arm-v7a15v3r1-linux-gnueabi-gcc
configure:2483: result: /home6/daewon2/Release/glibc/SP/SP_Linux/LP_Linux_Prj/REL/VDLinux.3.x.2012/toolchain/src/arm-mips-src-20121018/scripts/arm-v7a15v3r1/bin/arm-v7a15v3r1-linux-gnueabi-gcc
configure:2752: checking for C compiler version
configure:2761: /home6/daewon2/Release/glibc/SP/SP_Linux/LP_Linux_Prj/REL/VDLinux.3.x.2012/toolchain/src/arm-mips-src-20121018/scripts/arm-v7a15v3r1/bin/arm-v7a15v3r1-linux-gnueabi-gcc --version >&5
arm-v7a15v3r1-linux-gnueabi-gcc (Linaro GCC 4.6-2012.08-1~dev) 4.6.4
Copyright (C) 2011 Free Software Foundation, Inc.
This is free software; see the source for copying conditions.  There is NO
warranty; not even for MERCHANTABILITY or FITNESS FOR A PARTICULAR PURPOSE.

configure:2772: $? = 0
configure:2761: /home6/daewon2/Release/glibc/SP/SP_Linux/LP_Linux_Prj/REL/VDLinux.3.x.2012/toolchain/src/arm-mips-src-20121018/scripts/arm-v7a15v3r1/bin/arm-v7a15v3r1-linux-gnueabi-gcc -v >&5
Using built-in specs.
COLLECT_GCC=/home6/daewon2/Release/glibc/SP/SP_Linux/LP_Linux_Prj/REL/VDLinux.3.x.2012/toolchain/src/arm-mips-src-20121018/scripts/arm-v7a15v3r1/bin/arm-v7a15v3r1-linux-gnueabi-gcc
COLLECT_LTO_WRAPPER=/home6/daewon2/Release/glibc/SP/SP_Linux/LP_Linux_Prj/REL/VDLinux.3.x.2012/toolchain/src/arm-mips-src-20121018/scripts/arm-v7a15v3r1/libexec/gcc/arm-v7a15v3r1-linux-gnueabi/4.6.4/lto-wrapper
Target: arm-v7a15v3r1-linux-gnueabi
Configured with: /home6/daewon2/Release/glibc/SP/SP_Linux/LP_Linux_Prj/REL/VDLinux.3.x.2012/toolchain/src/arm-mips-src-20121018/build.arm.cortex-a15/sources/gcc_1/configure --build=x86_64-pc-linux-gnu --host=x86_64-pc-linux-gnu --target=arm-v7a15v3r1-linux-gnueabi --enable-__cxa_atexit --with-host-libstdcxx='-static-libgcc -Wl,-Bstatic,-lstdc++,-Bdynamic -lm' --disable-libmudflap --disable-libssp --disable-libstdcxx-pch --with-gnu-as --with-gnu-ld --enable-lto --disable-nls --prefix=/home6/daewon2/Release/glibc/SP/SP_Linux/LP_Linux_Prj/REL/VDLinux.3.x.2012/toolchain/src/arm-mips-src-20121018/scripts/arm-v7a15v3r1 --disable-shared --disable-threads --disable-libssp --disable-libgomp --without-headers --with-newlib --disable-decimal-float --disable-libffi --disable-libquadmath --enable-languages=c --with-sysroot=/home6/daewon2/Release/glibc/SP/SP_Linux/LP_Linux_Prj/REL/VDLinux.3.x.2012/toolchain/src/arm-mips-src-20121018/scripts/arm-v7a15v3r1/arm-v7a15v3r1-linux-gnueabi/sys-root --with-gmp=/home6/daewon2/Release/glibc/SP/SP_Linux/LP_Linux_Prj/REL/VDLinux.3.x.2012/toolchain/src/arm-mips-src-20121018/scripts/arm-v7a15v3r1 --with-mpfr=/home6/daewon2/Release/glibc/SP/SP_Linux/LP_Linux_Prj/REL/VDLinux.3.x.2012/toolchain/src/arm-mips-src-20121018/scripts/arm-v7a15v3r1 --with-ppl=/home6/daewon2/Release/glibc/SP/SP_Linux/LP_Linux_Prj/REL/VDLinux.3.x.2012/toolchain/src/arm-mips-src-20121018/scripts/arm-v7a15v3r1 --with-cloog=/home6/daewon2/Release/glibc/SP/SP_Linux/LP_Linux_Prj/REL/VDLinux.3.x.2012/toolchain/src/arm-mips-src-20121018/scripts/arm-v7a15v3r1 --with-libelf=/home6/daewon2/Release/glibc/SP/SP_Linux/LP_Linux_Prj/REL/VDLinux.3.x.2012/toolchain/src/arm-mips-src-20121018/scripts/arm-v7a15v3r1 --with-specs='%{!ffunction-sections:%{!fno-function-sections:-ffunction-sections}} %{funwind-tables|fno-unwind-tables|mabi=*|ffreestanding|nostdlib:;:-funwind-tables} %{O3:%{!funswitch-loops:%{!fno-unswitch-loops:-fno-unswitch-loops}}}' --with-interwork --with-mode=arm --with-fpu=vfpv3 --with-cpu=cortex-a15 --with-tune=cortex-a15 --with-float=softfp
Thread model: single
gcc version 4.6.4 (Linaro GCC 4.6-2012.08-1~dev) 
configure:2772: $? = 0
configure:2761: /home6/daewon2/Release/glibc/SP/SP_Linux/LP_Linux_Prj/REL/VDLinux.3.x.2012/toolchain/src/arm-mips-src-20121018/scripts/arm-v7a15v3r1/bin/arm-v7a15v3r1-linux-gnueabi-gcc -V >&5
arm-v7a15v3r1-linux-gnueabi-gcc: error: unrecognized option '-V'
arm-v7a15v3r1-linux-gnueabi-gcc: fatal error: no input files
compilation terminated.
configure:2772: $? = 1
configure:2761: /home6/daewon2/Release/glibc/SP/SP_Linux/LP_Linux_Prj/REL/VDLinux.3.x.2012/toolchain/src/arm-mips-src-20121018/scripts/arm-v7a15v3r1/bin/arm-v7a15v3r1-linux-gnueabi-gcc -qversion >&5
arm-v7a15v3r1-linux-gnueabi-gcc: error: unrecognized option '-qversion'
arm-v7a15v3r1-linux-gnueabi-gcc: fatal error: no input files
compilation terminated.
configure:2772: $? = 1
configure:2777: checking for suffix of object files
configure:2799: /home6/daewon2/Release/glibc/SP/SP_Linux/LP_Linux_Prj/REL/VDLinux.3.x.2012/toolchain/src/arm-mips-src-20121018/scripts/arm-v7a15v3r1/bin/arm-v7a15v3r1-linux-gnueabi-gcc -c -g -O2  conftest.c >&5
configure:2803: $? = 0
configure:2824: result: o
configure:2828: checking whether we are using the GNU C compiler
configure:2847: /home6/daewon2/Release/glibc/SP/SP_Linux/LP_Linux_Prj/REL/VDLinux.3.x.2012/toolchain/src/arm-mips-src-20121018/scripts/arm-v7a15v3r1/bin/arm-v7a15v3r1-linux-gnueabi-gcc -c -g -O2  conftest.c >&5
configure:2847: $? = 0
configure:2856: result: yes
configure:2865: checking whether /home6/daewon2/Release/glibc/SP/SP_Linux/LP_Linux_Prj/REL/VDLinux.3.x.2012/toolchain/src/arm-mips-src-20121018/scripts/arm-v7a15v3r1/bin/arm-v7a15v3r1-linux-gnueabi-gcc accepts -g
configure:2885: /home6/daewon2/Release/glibc/SP/SP_Linux/LP_Linux_Prj/REL/VDLinux.3.x.2012/toolchain/src/arm-mips-src-20121018/scripts/arm-v7a15v3r1/bin/arm-v7a15v3r1-linux-gnueabi-gcc -c -g  conftest.c >&5
configure:2885: $? = 0
configure:2926: result: yes
configure:2943: checking for /home6/daewon2/Release/glibc/SP/SP_Linux/LP_Linux_Prj/REL/VDLinux.3.x.2012/toolchain/src/arm-mips-src-20121018/scripts/arm-v7a15v3r1/bin/arm-v7a15v3r1-linux-gnueabi-gcc option to accept ISO C89
configure:3007: /home6/daewon2/Release/glibc/SP/SP_Linux/LP_Linux_Prj/REL/VDLinux.3.x.2012/toolchain/src/arm-mips-src-20121018/scripts/arm-v7a15v3r1/bin/arm-v7a15v3r1-linux-gnueabi-gcc  -c -g -O2  conftest.c >&5
conftest.c:10:19: fatal error: stdio.h: No such file or directory
compilation terminated.
configure:3007: $? = 1
configure: failed program was:
| /* confdefs.h */
| #define PACKAGE_NAME "GNU C Library"
| #define PACKAGE_TARNAME "c-library"
| #define PACKAGE_VERSION "(see version.h)"
| #define PACKAGE_STRING "GNU C Library (see version.h)"
| #define PACKAGE_BUGREPORT "glibc"
| #define PACKAGE_URL "http://www.gnu.org/software/c-library/"
| /* end confdefs.h.  */
| #include <stdarg.h>
| #include <stdio.h>
| #include <sys/types.h>
| #include <sys/stat.h>
| /* Most of the following tests are stolen from RCS 5.7's src/conf.sh.  */
| struct buf { int x; };
| FILE * (*rcsopen) (struct buf *, struct stat *, int);
| static char *e (p, i)
|      char **p;
|      int i;
| {
|   return p[i];
| }
| static char *f (char * (*g) (char **, int), char **p, ...)
| {
|   char *s;
|   va_list v;
|   va_start (v,p);
|   s = g (p, va_arg (v,int));
|   va_end (v);
|   return s;
| }
| 
| /* OSF 4.0 Compaq cc is some sort of almost-ANSI by default.  It has
|    function prototypes and stuff, but not '\xHH' hex character constants.
|    These don't provoke an error unfortunately, instead are silently treated
|    as 'x'.  The following induces an error, until -std is added to get
|    proper ANSI mode.  Curiously '\x00'!='x' always comes out true, for an
|    array size at least.  It's necessary to write '\x00'==0 to get something
|    that's true only with -std.  */
| int osf4_cc_array ['\x00' == 0 ? 1 : -1];
| 
| /* IBM C 6 for AIX is almost-ANSI by default, but it replaces macro parameters
|    inside strings and character constants.  */
| #define FOO(x) 'x'
| int xlc6_cc_array[FOO(a) == 'x' ? 1 : -1];
| 
| int test (int i, double x);
| struct s1 {int (*f) (int a);};
| struct s2 {int (*f) (double a);};
| int pairnames (int, char **, FILE *(*)(struct buf *, struct stat *, int), int, int);
| int argc;
| char **argv;
| int
| main ()
| {
| return f (e, argv, 0) != argv[0]  ||  f (e, argv, 1) != argv[1];
|   ;
|   return 0;
| }
configure:3007: /home6/daewon2/Release/glibc/SP/SP_Linux/LP_Linux_Prj/REL/VDLinux.3.x.2012/toolchain/src/arm-mips-src-20121018/scripts/arm-v7a15v3r1/bin/arm-v7a15v3r1-linux-gnueabi-gcc -qlanglvl=extc89 -c -g -O2  conftest.c >&5
arm-v7a15v3r1-linux-gnueabi-gcc: error: unrecognized option '-qlanglvl=extc89'
configure:3007: $? = 1
configure: failed program was:
| /* confdefs.h */
| #define PACKAGE_NAME "GNU C Library"
| #define PACKAGE_TARNAME "c-library"
| #define PACKAGE_VERSION "(see version.h)"
| #define PACKAGE_STRING "GNU C Library (see version.h)"
| #define PACKAGE_BUGREPORT "glibc"
| #define PACKAGE_URL "http://www.gnu.org/software/c-library/"
| /* end confdefs.h.  */
| #include <stdarg.h>
| #include <stdio.h>
| #include <sys/types.h>
| #include <sys/stat.h>
| /* Most of the following tests are stolen from RCS 5.7's src/conf.sh.  */
| struct buf { int x; };
| FILE * (*rcsopen) (struct buf *, struct stat *, int);
| static char *e (p, i)
|      char **p;
|      int i;
| {
|   return p[i];
| }
| static char *f (char * (*g) (char **, int), char **p, ...)
| {
|   char *s;
|   va_list v;
|   va_start (v,p);
|   s = g (p, va_arg (v,int));
|   va_end (v);
|   return s;
| }
| 
| /* OSF 4.0 Compaq cc is some sort of almost-ANSI by default.  It has
|    function prototypes and stuff, but not '\xHH' hex character constants.
|    These don't provoke an error unfortunately, instead are silently treated
|    as 'x'.  The following induces an error, until -std is added to get
|    proper ANSI mode.  Curiously '\x00'!='x' always comes out true, for an
|    array size at least.  It's necessary to write '\x00'==0 to get something
|    that's true only with -std.  */
| int osf4_cc_array ['\x00' == 0 ? 1 : -1];
| 
| /* IBM C 6 for AIX is almost-ANSI by default, but it replaces macro parameters
|    inside strings and character constants.  */
| #define FOO(x) 'x'
| int xlc6_cc_array[FOO(a) == 'x' ? 1 : -1];
| 
| int test (int i, double x);
| struct s1 {int (*f) (int a);};
| struct s2 {int (*f) (double a);};
| int pairnames (int, char **, FILE *(*)(struct buf *, struct stat *, int), int, int);
| int argc;
| char **argv;
| int
| main ()
| {
| return f (e, argv, 0) != argv[0]  ||  f (e, argv, 1) != argv[1];
|   ;
|   return 0;
| }
configure:3007: /home6/daewon2/Release/glibc/SP/SP_Linux/LP_Linux_Prj/REL/VDLinux.3.x.2012/toolchain/src/arm-mips-src-20121018/scripts/arm-v7a15v3r1/bin/arm-v7a15v3r1-linux-gnueabi-gcc -qlanglvl=ansi -c -g -O2  conftest.c >&5
arm-v7a15v3r1-linux-gnueabi-gcc: error: unrecognized option '-qlanglvl=ansi'
configure:3007: $? = 1
configure: failed program was:
| /* confdefs.h */
| #define PACKAGE_NAME "GNU C Library"
| #define PACKAGE_TARNAME "c-library"
| #define PACKAGE_VERSION "(see version.h)"
| #define PACKAGE_STRING "GNU C Library (see version.h)"
| #define PACKAGE_BUGREPORT "glibc"
| #define PACKAGE_URL "http://www.gnu.org/software/c-library/"
| /* end confdefs.h.  */
| #include <stdarg.h>
| #include <stdio.h>
| #include <sys/types.h>
| #include <sys/stat.h>
| /* Most of the following tests are stolen from RCS 5.7's src/conf.sh.  */
| struct buf { int x; };
| FILE * (*rcsopen) (struct buf *, struct stat *, int);
| static char *e (p, i)
|      char **p;
|      int i;
| {
|   return p[i];
| }
| static char *f (char * (*g) (char **, int), char **p, ...)
| {
|   char *s;
|   va_list v;
|   va_start (v,p);
|   s = g (p, va_arg (v,int));
|   va_end (v);
|   return s;
| }
| 
| /* OSF 4.0 Compaq cc is some sort of almost-ANSI by default.  It has
|    function prototypes and stuff, but not '\xHH' hex character constants.
|    These don't provoke an error unfortunately, instead are silently treated
|    as 'x'.  The following induces an error, until -std is added to get
|    proper ANSI mode.  Curiously '\x00'!='x' always comes out true, for an
|    array size at least.  It's necessary to write '\x00'==0 to get something
|    that's true only with -std.  */
| int osf4_cc_array ['\x00' == 0 ? 1 : -1];
| 
| /* IBM C 6 for AIX is almost-ANSI by default, but it replaces macro parameters
|    inside strings and character constants.  */
| #define FOO(x) 'x'
| int xlc6_cc_array[FOO(a) == 'x' ? 1 : -1];
| 
| int test (int i, double x);
| struct s1 {int (*f) (int a);};
| struct s2 {int (*f) (double a);};
| int pairnames (int, char **, FILE *(*)(struct buf *, struct stat *, int), int, int);
| int argc;
| char **argv;
| int
| main ()
| {
| return f (e, argv, 0) != argv[0]  ||  f (e, argv, 1) != argv[1];
|   ;
|   return 0;
| }
configure:3007: /home6/daewon2/Release/glibc/SP/SP_Linux/LP_Linux_Prj/REL/VDLinux.3.x.2012/toolchain/src/arm-mips-src-20121018/scripts/arm-v7a15v3r1/bin/arm-v7a15v3r1-linux-gnueabi-gcc -std -c -g -O2  conftest.c >&5
cc1: error: unrecognized command line option '-std'
configure:3007: $? = 1
configure: failed program was:
| /* confdefs.h */
| #define PACKAGE_NAME "GNU C Library"
| #define PACKAGE_TARNAME "c-library"
| #define PACKAGE_VERSION "(see version.h)"
| #define PACKAGE_STRING "GNU C Library (see version.h)"
| #define PACKAGE_BUGREPORT "glibc"
| #define PACKAGE_URL "http://www.gnu.org/software/c-library/"
| /* end confdefs.h.  */
| #include <stdarg.h>
| #include <stdio.h>
| #include <sys/types.h>
| #include <sys/stat.h>
| /* Most of the following tests are stolen from RCS 5.7's src/conf.sh.  */
| struct buf { int x; };
| FILE * (*rcsopen) (struct buf *, struct stat *, int);
| static char *e (p, i)
|      char **p;
|      int i;
| {
|   return p[i];
| }
| static char *f (char * (*g) (char **, int), char **p, ...)
| {
|   char *s;
|   va_list v;
|   va_start (v,p);
|   s = g (p, va_arg (v,int));
|   va_end (v);
|   return s;
| }
| 
| /* OSF 4.0 Compaq cc is some sort of almost-ANSI by default.  It has
|    function prototypes and stuff, but not '\xHH' hex character constants.
|    These don't provoke an error unfortunately, instead are silently treated
|    as 'x'.  The following induces an error, until -std is added to get
|    proper ANSI mode.  Curiously '\x00'!='x' always comes out true, for an
|    array size at least.  It's necessary to write '\x00'==0 to get something
|    that's true only with -std.  */
| int osf4_cc_array ['\x00' == 0 ? 1 : -1];
| 
| /* IBM C 6 for AIX is almost-ANSI by default, but it replaces macro parameters
|    inside strings and character constants.  */
| #define FOO(x) 'x'
| int xlc6_cc_array[FOO(a) == 'x' ? 1 : -1];
| 
| int test (int i, double x);
| struct s1 {int (*f) (int a);};
| struct s2 {int (*f) (double a);};
| int pairnames (int, char **, FILE *(*)(struct buf *, struct stat *, int), int, int);
| int argc;
| char **argv;
| int
| main ()
| {
| return f (e, argv, 0) != argv[0]  ||  f (e, argv, 1) != argv[1];
|   ;
|   return 0;
| }
configure:3007: /home6/daewon2/Release/glibc/SP/SP_Linux/LP_Linux_Prj/REL/VDLinux.3.x.2012/toolchain/src/arm-mips-src-20121018/scripts/arm-v7a15v3r1/bin/arm-v7a15v3r1-linux-gnueabi-gcc -Ae -c -g -O2  conftest.c >&5
<command-line>:0:1: error: missing '(' after predicate
conftest.c:10:19: fatal error: stdio.h: No such file or directory
compilation terminated.
configure:3007: $? = 1
configure: failed program was:
| /* confdefs.h */
| #define PACKAGE_NAME "GNU C Library"
| #define PACKAGE_TARNAME "c-library"
| #define PACKAGE_VERSION "(see version.h)"
| #define PACKAGE_STRING "GNU C Library (see version.h)"
| #define PACKAGE_BUGREPORT "glibc"
| #define PACKAGE_URL "http://www.gnu.org/software/c-library/"
| /* end confdefs.h.  */
| #include <stdarg.h>
| #include <stdio.h>
| #include <sys/types.h>
| #include <sys/stat.h>
| /* Most of the following tests are stolen from RCS 5.7's src/conf.sh.  */
| struct buf { int x; };
| FILE * (*rcsopen) (struct buf *, struct stat *, int);
| static char *e (p, i)
|      char **p;
|      int i;
| {
|   return p[i];
| }
| static char *f (char * (*g) (char **, int), char **p, ...)
| {
|   char *s;
|   va_list v;
|   va_start (v,p);
|   s = g (p, va_arg (v,int));
|   va_end (v);
|   return s;
| }
| 
| /* OSF 4.0 Compaq cc is some sort of almost-ANSI by default.  It has
|    function prototypes and stuff, but not '\xHH' hex character constants.
|    These don't provoke an error unfortunately, instead are silently treated
|    as 'x'.  The following induces an error, until -std is added to get
|    proper ANSI mode.  Curiously '\x00'!='x' always comes out true, for an
|    array size at least.  It's necessary to write '\x00'==0 to get something
|    that's true only with -std.  */
| int osf4_cc_array ['\x00' == 0 ? 1 : -1];
| 
| /* IBM C 6 for AIX is almost-ANSI by default, but it replaces macro parameters
|    inside strings and character constants.  */
| #define FOO(x) 'x'
| int xlc6_cc_array[FOO(a) == 'x' ? 1 : -1];
| 
| int test (int i, double x);
| struct s1 {int (*f) (int a);};
| struct s2 {int (*f) (double a);};
| int pairnames (int, char **, FILE *(*)(struct buf *, struct stat *, int), int, int);
| int argc;
| char **argv;
| int
| main ()
| {
| return f (e, argv, 0) != argv[0]  ||  f (e, argv, 1) != argv[1];
|   ;
|   return 0;
| }
configure:3007: /home6/daewon2/Release/glibc/SP/SP_Linux/LP_Linux_Prj/REL/VDLinux.3.x.2012/toolchain/src/arm-mips-src-20121018/scripts/arm-v7a15v3r1/bin/arm-v7a15v3r1-linux-gnueabi-gcc -Aa -D_HPUX_SOURCE -c -g -O2  conftest.c >&5
<command-line>:0:1: error: missing '(' after predicate
conftest.c:10:19: fatal error: stdio.h: No such file or directory
compilation terminated.
configure:3007: $? = 1
configure: failed program was:
| /* confdefs.h */
| #define PACKAGE_NAME "GNU C Library"
| #define PACKAGE_TARNAME "c-library"
| #define PACKAGE_VERSION "(see version.h)"
| #define PACKAGE_STRING "GNU C Library (see version.h)"
| #define PACKAGE_BUGREPORT "glibc"
| #define PACKAGE_URL "http://www.gnu.org/software/c-library/"
| /* end confdefs.h.  */
| #include <stdarg.h>
| #include <stdio.h>
| #include <sys/types.h>
| #include <sys/stat.h>
| /* Most of the following tests are stolen from RCS 5.7's src/conf.sh.  */
| struct buf { int x; };
| FILE * (*rcsopen) (struct buf *, struct stat *, int);
| static char *e (p, i)
|      char **p;
|      int i;
| {
|   return p[i];
| }
| static char *f (char * (*g) (char **, int), char **p, ...)
| {
|   char *s;
|   va_list v;
|   va_start (v,p);
|   s = g (p, va_arg (v,int));
|   va_end (v);
|   return s;
| }
| 
| /* OSF 4.0 Compaq cc is some sort of almost-ANSI by default.  It has
|    function prototypes and stuff, but not '\xHH' hex character constants.
|    These don't provoke an error unfortunately, instead are silently treated
|    as 'x'.  The following induces an error, until -std is added to get
|    proper ANSI mode.  Curiously '\x00'!='x' always comes out true, for an
|    array size at least.  It's necessary to write '\x00'==0 to get something
|    that's true only with -std.  */
| int osf4_cc_array ['\x00' == 0 ? 1 : -1];
| 
| /* IBM C 6 for AIX is almost-ANSI by default, but it replaces macro parameters
|    inside strings and character constants.  */
| #define FOO(x) 'x'
| int xlc6_cc_array[FOO(a) == 'x' ? 1 : -1];
| 
| int test (int i, double x);
| struct s1 {int (*f) (int a);};
| struct s2 {int (*f) (double a);};
| int pairnames (int, char **, FILE *(*)(struct buf *, struct stat *, int), int, int);
| int argc;
| char **argv;
| int
| main ()
| {
| return f (e, argv, 0) != argv[0]  ||  f (e, argv, 1) != argv[1];
|   ;
|   return 0;
| }
configure:3007: /home6/daewon2/Release/glibc/SP/SP_Linux/LP_Linux_Prj/REL/VDLinux.3.x.2012/toolchain/src/arm-mips-src-20121018/scripts/arm-v7a15v3r1/bin/arm-v7a15v3r1-linux-gnueabi-gcc -Xc -D__EXTENSIONS__ -c -g -O2  conftest.c >&5
arm-v7a15v3r1-linux-gnueabi-gcc: error: unrecognized option '-Xc'
configure:3007: $? = 1
configure: failed program was:
| /* confdefs.h */
| #define PACKAGE_NAME "GNU C Library"
| #define PACKAGE_TARNAME "c-library"
| #define PACKAGE_VERSION "(see version.h)"
| #define PACKAGE_STRING "GNU C Library (see version.h)"
| #define PACKAGE_BUGREPORT "glibc"
| #define PACKAGE_URL "http://www.gnu.org/software/c-library/"
| /* end confdefs.h.  */
| #include <stdarg.h>
| #include <stdio.h>
| #include <sys/types.h>
| #include <sys/stat.h>
| /* Most of the following tests are stolen from RCS 5.7's src/conf.sh.  */
| struct buf { int x; };
| FILE * (*rcsopen) (struct buf *, struct stat *, int);
| static char *e (p, i)
|      char **p;
|      int i;
| {
|   return p[i];
| }
| static char *f (char * (*g) (char **, int), char **p, ...)
| {
|   char *s;
|   va_list v;
|   va_start (v,p);
|   s = g (p, va_arg (v,int));
|   va_end (v);
|   return s;
| }
| 
| /* OSF 4.0 Compaq cc is some sort of almost-ANSI by default.  It has
|    function prototypes and stuff, but not '\xHH' hex character constants.
|    These don't provoke an error unfortunately, instead are silently treated
|    as 'x'.  The following induces an error, until -std is added to get
|    proper ANSI mode.  Curiously '\x00'!='x' always comes out true, for an
|    array size at least.  It's necessary to write '\x00'==0 to get something
|    that's true only with -std.  */
| int osf4_cc_array ['\x00' == 0 ? 1 : -1];
| 
| /* IBM C 6 for AIX is almost-ANSI by default, but it replaces macro parameters
|    inside strings and character constants.  */
| #define FOO(x) 'x'
| int xlc6_cc_array[FOO(a) == 'x' ? 1 : -1];
| 
| int test (int i, double x);
| struct s1 {int (*f) (int a);};
| struct s2 {int (*f) (double a);};
| int pairnames (int, char **, FILE *(*)(struct buf *, struct stat *, int), int, int);
| int argc;
| char **argv;
| int
| main ()
| {
| return f (e, argv, 0) != argv[0]  ||  f (e, argv, 1) != argv[1];
|   ;
|   return 0;
| }
configure:3023: result: unsupported
configure:3046: checking for gcc
configure:3073: result: gcc
configure:3091: checking how to run the C preprocessor
configure:3122: /home6/daewon2/Release/glibc/SP/SP_Linux/LP_Linux_Prj/REL/VDLinux.3.x.2012/toolchain/src/arm-mips-src-20121018/scripts/arm-v7a15v3r1/bin/arm-v7a15v3r1-linux-gnueabi-gcc -E  conftest.c
configure:3122: $? = 0
configure:3136: /home6/daewon2/Release/glibc/SP/SP_Linux/LP_Linux_Prj/REL/VDLinux.3.x.2012/toolchain/src/arm-mips-src-20121018/scripts/arm-v7a15v3r1/bin/arm-v7a15v3r1-linux-gnueabi-gcc -E  conftest.c
conftest.c:9:28: fatal error: ac_nonexistent.h: No such file or directory
compilation terminated.
configure:3136: $? = 1
configure: failed program was:
| /* confdefs.h */
| #define PACKAGE_NAME "GNU C Library"
| #define PACKAGE_TARNAME "c-library"
| #define PACKAGE_VERSION "(see version.h)"
| #define PACKAGE_STRING "GNU C Library (see version.h)"
| #define PACKAGE_BUGREPORT "glibc"
| #define PACKAGE_URL "http://www.gnu.org/software/c-library/"
| /* end confdefs.h.  */
| #include <ac_nonexistent.h>
configure:3161: result: /home6/daewon2/Release/glibc/SP/SP_Linux/LP_Linux_Prj/REL/VDLinux.3.x.2012/toolchain/src/arm-mips-src-20121018/scripts/arm-v7a15v3r1/bin/arm-v7a15v3r1-linux-gnueabi-gcc -E
configure:3181: /home6/daewon2/Release/glibc/SP/SP_Linux/LP_Linux_Prj/REL/VDLinux.3.x.2012/toolchain/src/arm-mips-src-20121018/scripts/arm-v7a15v3r1/bin/arm-v7a15v3r1-linux-gnueabi-gcc -E  conftest.c
configure:3181: $? = 0
configure:3195: /home6/daewon2/Release/glibc/SP/SP_Linux/LP_Linux_Prj/REL/VDLinux.3.x.2012/toolchain/src/arm-mips-src-20121018/scripts/arm-v7a15v3r1/bin/arm-v7a15v3r1-linux-gnueabi-gcc -E  conftest.c
conftest.c:9:28: fatal error: ac_nonexistent.h: No such file or directory
compilation terminated.
configure:3195: $? = 1
configure: failed program was:
| /* confdefs.h */
| #define PACKAGE_NAME "GNU C Library"
| #define PACKAGE_TARNAME "c-library"
| #define PACKAGE_VERSION "(see version.h)"
| #define PACKAGE_STRING "GNU C Library (see version.h)"
| #define PACKAGE_BUGREPORT "glibc"
| #define PACKAGE_URL "http://www.gnu.org/software/c-library/"
| /* end confdefs.h.  */
| #include <ac_nonexistent.h>
configure:3336: checking for C++ compiler version
configure:3345: /home6/daewon2/Release/glibc/SP/SP_Linux/LP_Linux_Prj/REL/VDLinux.3.x.2012/toolchain/src/arm-mips-src-20121018/scripts/arm-v7a15v3r1/bin/arm-v7a15v3r1-linux-gnueabi-g++ --version >&5
/home6/daewon2/Release/glibc/SP/SP_Linux/LP_Linux_Prj/REL/VDLinux.3.x.2012/toolchain/src/arm-mips-src-20121018/build.arm.cortex-a15/sources/glibc/libc/configure: line 3347: /home6/daewon2/Release/glibc/SP/SP_Linux/LP_Linux_Prj/REL/VDLinux.3.x.2012/toolchain/src/arm-mips-src-20121018/scripts/arm-v7a15v3r1/bin/arm-v7a15v3r1-linux-gnueabi-g++: No such file or directory
configure:3356: $? = 127
configure:3345: /home6/daewon2/Release/glibc/SP/SP_Linux/LP_Linux_Prj/REL/VDLinux.3.x.2012/toolchain/src/arm-mips-src-20121018/scripts/arm-v7a15v3r1/bin/arm-v7a15v3r1-linux-gnueabi-g++ -v >&5
/home6/daewon2/Release/glibc/SP/SP_Linux/LP_Linux_Prj/REL/VDLinux.3.x.2012/toolchain/src/arm-mips-src-20121018/build.arm.cortex-a15/sources/glibc/libc/configure: line 3347: /home6/daewon2/Release/glibc/SP/SP_Linux/LP_Linux_Prj/REL/VDLinux.3.x.2012/toolchain/src/arm-mips-src-20121018/scripts/arm-v7a15v3r1/bin/arm-v7a15v3r1-linux-gnueabi-g++: No such file or directory
configure:3356: $? = 127
configure:3345: /home6/daewon2/Release/glibc/SP/SP_Linux/LP_Linux_Prj/REL/VDLinux.3.x.2012/toolchain/src/arm-mips-src-20121018/scripts/arm-v7a15v3r1/bin/arm-v7a15v3r1-linux-gnueabi-g++ -V >&5
/home6/daewon2/Release/glibc/SP/SP_Linux/LP_Linux_Prj/REL/VDLinux.3.x.2012/toolchain/src/arm-mips-src-20121018/build.arm.cortex-a15/sources/glibc/libc/configure: line 3347: /home6/daewon2/Release/glibc/SP/SP_Linux/LP_Linux_Prj/REL/VDLinux.3.x.2012/toolchain/src/arm-mips-src-20121018/scripts/arm-v7a15v3r1/bin/arm-v7a15v3r1-linux-gnueabi-g++: No such file or directory
configure:3356: $? = 127
configure:3345: /home6/daewon2/Release/glibc/SP/SP_Linux/LP_Linux_Prj/REL/VDLinux.3.x.2012/toolchain/src/arm-mips-src-20121018/scripts/arm-v7a15v3r1/bin/arm-v7a15v3r1-linux-gnueabi-g++ -qversion >&5
/home6/daewon2/Release/glibc/SP/SP_Linux/LP_Linux_Prj/REL/VDLinux.3.x.2012/toolchain/src/arm-mips-src-20121018/build.arm.cortex-a15/sources/glibc/libc/configure: line 3347: /home6/daewon2/Release/glibc/SP/SP_Linux/LP_Linux_Prj/REL/VDLinux.3.x.2012/toolchain/src/arm-mips-src-20121018/scripts/arm-v7a15v3r1/bin/arm-v7a15v3r1-linux-gnueabi-g++: No such file or directory
configure:3356: $? = 127
configure:3360: checking whether we are using the GNU C++ compiler
configure:3379: /home6/daewon2/Release/glibc/SP/SP_Linux/LP_Linux_Prj/REL/VDLinux.3.x.2012/toolchain/src/arm-mips-src-20121018/scripts/arm-v7a15v3r1/bin/arm-v7a15v3r1-linux-gnueabi-g++ -c   conftest.cpp >&5
/home6/daewon2/Release/glibc/SP/SP_Linux/LP_Linux_Prj/REL/VDLinux.3.x.2012/toolchain/src/arm-mips-src-20121018/build.arm.cortex-a15/sources/glibc/libc/configure: line 1666: /home6/daewon2/Release/glibc/SP/SP_Linux/LP_Linux_Prj/REL/VDLinux.3.x.2012/toolchain/src/arm-mips-src-20121018/scripts/arm-v7a15v3r1/bin/arm-v7a15v3r1-linux-gnueabi-g++: No such file or directory
configure:3379: $? = 127
configure: failed program was:
| /* confdefs.h */
| #define PACKAGE_NAME "GNU C Library"
| #define PACKAGE_TARNAME "c-library"
| #define PACKAGE_VERSION "(see version.h)"
| #define PACKAGE_STRING "GNU C Library (see version.h)"
| #define PACKAGE_BUGREPORT "glibc"
| #define PACKAGE_URL "http://www.gnu.org/software/c-library/"
| /* end confdefs.h.  */
| 
| int
| main ()
| {
| #ifndef __GNUC__
|        choke me
| #endif
| 
|   ;
|   return 0;
| }
configure:3388: result: no
configure:3397: checking whether /home6/daewon2/Release/glibc/SP/SP_Linux/LP_Linux_Prj/REL/VDLinux.3.x.2012/toolchain/src/arm-mips-src-20121018/scripts/arm-v7a15v3r1/bin/arm-v7a15v3r1-linux-gnueabi-g++ accepts -g
configure:3417: /home6/daewon2/Release/glibc/SP/SP_Linux/LP_Linux_Prj/REL/VDLinux.3.x.2012/toolchain/src/arm-mips-src-20121018/scripts/arm-v7a15v3r1/bin/arm-v7a15v3r1-linux-gnueabi-g++ -c -g  conftest.cpp >&5
/home6/daewon2/Release/glibc/SP/SP_Linux/LP_Linux_Prj/REL/VDLinux.3.x.2012/toolchain/src/arm-mips-src-20121018/build.arm.cortex-a15/sources/glibc/libc/configure: line 1666: /home6/daewon2/Release/glibc/SP/SP_Linux/LP_Linux_Prj/REL/VDLinux.3.x.2012/toolchain/src/arm-mips-src-20121018/scripts/arm-v7a15v3r1/bin/arm-v7a15v3r1-linux-gnueabi-g++: No such file or directory
configure:3417: $? = 127
configure: failed program was:
| /* confdefs.h */
| #define PACKAGE_NAME "GNU C Library"
| #define PACKAGE_TARNAME "c-library"
| #define PACKAGE_VERSION "(see version.h)"
| #define PACKAGE_STRING "GNU C Library (see version.h)"
| #define PACKAGE_BUGREPORT "glibc"
| #define PACKAGE_URL "http://www.gnu.org/software/c-library/"
| /* end confdefs.h.  */
| 
| int
| main ()
| {
| 
|   ;
|   return 0;
| }
configure:3432: /home6/daewon2/Release/glibc/SP/SP_Linux/LP_Linux_Prj/REL/VDLinux.3.x.2012/toolchain/src/arm-mips-src-20121018/scripts/arm-v7a15v3r1/bin/arm-v7a15v3r1-linux-gnueabi-g++ -c   conftest.cpp >&5
/home6/daewon2/Release/glibc/SP/SP_Linux/LP_Linux_Prj/REL/VDLinux.3.x.2012/toolchain/src/arm-mips-src-20121018/build.arm.cortex-a15/sources/glibc/libc/configure: line 1666: /home6/daewon2/Release/glibc/SP/SP_Linux/LP_Linux_Prj/REL/VDLinux.3.x.2012/toolchain/src/arm-mips-src-20121018/scripts/arm-v7a15v3r1/bin/arm-v7a15v3r1-linux-gnueabi-g++: No such file or directory
configure:3432: $? = 127
configure: failed program was:
| /* confdefs.h */
| #define PACKAGE_NAME "GNU C Library"
| #define PACKAGE_TARNAME "c-library"
| #define PACKAGE_VERSION "(see version.h)"
| #define PACKAGE_STRING "GNU C Library (see version.h)"
| #define PACKAGE_BUGREPORT "glibc"
| #define PACKAGE_URL "http://www.gnu.org/software/c-library/"
| /* end confdefs.h.  */
| 
| int
| main ()
| {
| 
|   ;
|   return 0;
| }
configure:3448: /home6/daewon2/Release/glibc/SP/SP_Linux/LP_Linux_Prj/REL/VDLinux.3.x.2012/toolchain/src/arm-mips-src-20121018/scripts/arm-v7a15v3r1/bin/arm-v7a15v3r1-linux-gnueabi-g++ -c -g  conftest.cpp >&5
/home6/daewon2/Release/glibc/SP/SP_Linux/LP_Linux_Prj/REL/VDLinux.3.x.2012/toolchain/src/arm-mips-src-20121018/build.arm.cortex-a15/sources/glibc/libc/configure: line 1666: /home6/daewon2/Release/glibc/SP/SP_Linux/LP_Linux_Prj/REL/VDLinux.3.x.2012/toolchain/src/arm-mips-src-20121018/scripts/arm-v7a15v3r1/bin/arm-v7a15v3r1-linux-gnueabi-g++: No such file or directory
configure:3448: $? = 127
configure: failed program was:
| /* confdefs.h */
| #define PACKAGE_NAME "GNU C Library"
| #define PACKAGE_TARNAME "c-library"
| #define PACKAGE_VERSION "(see version.h)"
| #define PACKAGE_STRING "GNU C Library (see version.h)"
| #define PACKAGE_BUGREPORT "glibc"
| #define PACKAGE_URL "http://www.gnu.org/software/c-library/"
| /* end confdefs.h.  */
| 
| int
| main ()
| {
| 
|   ;
|   return 0;
| }
configure:3458: result: no
configure:4090: checking add-on ports for preconfigure fragments
configure:4097: result: 
configure:4042: running configure fragment for add-on nptl
configure:4184: checking for assembler gnu_indirect_function symbol type support
configure:4200: result: yes
configure:4203: checking whether .text pseudo-op must be used
configure:4213: /home6/daewon2/Release/glibc/SP/SP_Linux/LP_Linux_Prj/REL/VDLinux.3.x.2012/toolchain/src/arm-mips-src-20121018/scripts/arm-v7a15v3r1/bin/arm-v7a15v3r1-linux-gnueabi-gcc  -c conftest.s 1>&5
configure:4216: $? = 0
configure:4227: result: yes
configure:4231: checking for assembler global-symbol directive
configure:4244: /home6/daewon2/Release/glibc/SP/SP_Linux/LP_Linux_Prj/REL/VDLinux.3.x.2012/toolchain/src/arm-mips-src-20121018/scripts/arm-v7a15v3r1/bin/arm-v7a15v3r1-linux-gnueabi-gcc  -c conftest.s 1>&5
configure:4247: $? = 0
configure:4255: result: .globl
configure:4266: checking for assembler .type directive prefix
configure:4282: /home6/daewon2/Release/glibc/SP/SP_Linux/LP_Linux_Prj/REL/VDLinux.3.x.2012/toolchain/src/arm-mips-src-20121018/scripts/arm-v7a15v3r1/bin/arm-v7a15v3r1-linux-gnueabi-gcc  -c conftest.s 1>&5
conftest.s: Assembler messages:
conftest.s:3: Error: unrecognized symbol type ""
configure:4285: $? = 1
configure:4282: /home6/daewon2/Release/glibc/SP/SP_Linux/LP_Linux_Prj/REL/VDLinux.3.x.2012/toolchain/src/arm-mips-src-20121018/scripts/arm-v7a15v3r1/bin/arm-v7a15v3r1-linux-gnueabi-gcc  -c conftest.s 1>&5
configure:4285: $? = 0
configure:4293: result: %
configure:4316: checking sysdep dirs
configure:4588: result: sysdeps/generic/elf sysdeps/generic
configure:4665: checking for a BSD-compatible install
configure:4733: result: /usr/bin/install -c
configure:4748: checking whether ln -s works
configure:4752: result: yes
configure:4776: checking whether /home6/daewon2/Release/glibc/SP/SP_Linux/LP_Linux_Prj/REL/VDLinux.3.x.2012/toolchain/src/arm-mips-src-20121018/scripts/arm-v7a15v3r1/lib/gcc/arm-v7a15v3r1-linux-gnueabi/4.6.4/../../../../arm-v7a15v3r1-linux-gnueabi/bin/as is GNU as
configure:4790: result: yes
configure:4795: checking whether /home6/daewon2/Release/glibc/SP/SP_Linux/LP_Linux_Prj/REL/VDLinux.3.x.2012/toolchain/src/arm-mips-src-20121018/scripts/arm-v7a15v3r1/lib/gcc/arm-v7a15v3r1-linux-gnueabi/4.6.4/../../../../arm-v7a15v3r1-linux-gnueabi/bin/ld is GNU ld
configure:4809: result: yes
configure:4819: checking for /home6/daewon2/Release/glibc/SP/SP_Linux/LP_Linux_Prj/REL/VDLinux.3.x.2012/toolchain/src/arm-mips-src-20121018/scripts/arm-v7a15v3r1/lib/gcc/arm-v7a15v3r1-linux-gnueabi/4.6.4/../../../../arm-v7a15v3r1-linux-gnueabi/bin/as
configure:4846: result: /home6/daewon2/Release/glibc/SP/SP_Linux/LP_Linux_Prj/REL/VDLinux.3.x.2012/toolchain/src/arm-mips-src-20121018/scripts/arm-v7a15v3r1/lib/gcc/arm-v7a15v3r1-linux-gnueabi/4.6.4/../../../../arm-v7a15v3r1-linux-gnueabi/bin/as
configure:4861: checking version of /home6/daewon2/Release/glibc/SP/SP_Linux/LP_Linux_Prj/REL/VDLinux.3.x.2012/toolchain/src/arm-mips-src-20121018/scripts/arm-v7a15v3r1/lib/gcc/arm-v7a15v3r1-linux-gnueabi/4.6.4/../../../../arm-v7a15v3r1-linux-gnueabi/bin/as
configure:4871: result: 2.22.0.20120524, ok
configure:4882: checking for /home6/daewon2/Release/glibc/SP/SP_Linux/LP_Linux_Prj/REL/VDLinux.3.x.2012/toolchain/src/arm-mips-src-20121018/scripts/arm-v7a15v3r1/lib/gcc/arm-v7a15v3r1-linux-gnueabi/4.6.4/../../../../arm-v7a15v3r1-linux-gnueabi/bin/ld
configure:4909: result: /home6/daewon2/Release/glibc/SP/SP_Linux/LP_Linux_Prj/REL/VDLinux.3.x.2012/toolchain/src/arm-mips-src-20121018/scripts/arm-v7a15v3r1/lib/gcc/arm-v7a15v3r1-linux-gnueabi/4.6.4/../../../../arm-v7a15v3r1-linux-gnueabi/bin/ld
configure:4924: checking version of /home6/daewon2/Release/glibc/SP/SP_Linux/LP_Linux_Prj/REL/VDLinux.3.x.2012/toolchain/src/arm-mips-src-20121018/scripts/arm-v7a15v3r1/lib/gcc/arm-v7a15v3r1-linux-gnueabi/4.6.4/../../../../arm-v7a15v3r1-linux-gnueabi/bin/ld
configure:4934: result: 2.22.0.20120524, ok
configure:4949: checking for pwd
configure:4967: found /bin/pwd
configure:4980: result: /bin/pwd
configure:4999: checking for arm-v7a15v3r1-linux-gnueabi-gcc
configure:5026: result: /home6/daewon2/Release/glibc/SP/SP_Linux/LP_Linux_Prj/REL/VDLinux.3.x.2012/toolchain/src/arm-mips-src-20121018/scripts/arm-v7a15v3r1/bin/arm-v7a15v3r1-linux-gnueabi-gcc
configure:5041: checking version of /home6/daewon2/Release/glibc/SP/SP_Linux/LP_Linux_Prj/REL/VDLinux.3.x.2012/toolchain/src/arm-mips-src-20121018/scripts/arm-v7a15v3r1/bin/arm-v7a15v3r1-linux-gnueabi-gcc
configure:5051: result: 4.6.4, ok
configure:5062: checking for gnumake
configure:5092: result: no
configure:5062: checking for gmake
configure:5092: result: no
configure:5062: checking for make
configure:5078: found /usr/bin/make
configure:5089: result: make
configure:5104: checking version of make
configure:5114: result: 3.81, ok
configure:5126: checking for gnumsgfmt
configure:5156: result: no
configure:5126: checking for gmsgfmt
configure:5156: result: no
configure:5126: checking for msgfmt
configure:5156: result: no
configure:5189: checking for makeinfo
configure:5205: found /usr/bin/makeinfo
configure:5216: result: makeinfo
configure:5231: checking version of makeinfo
configure:5241: result: 4.13, ok
configure:5252: checking for sed
configure:5268: found /bin/sed
configure:5279: result: sed
configure:5294: checking version of sed
configure:5304: result: 4.2.1, ok
configure:5316: checking for autoconf
configure:5332: found /usr/bin/autoconf
configure:5343: result: autoconf
configure:5358: checking whether autoconf works
configure:5369: result: yes
configure:5386: WARNING:
*** These auxiliary programs are missing or incompatible versions: msgfmt
*** some features will be disabled.
*** Check the INSTALL file for required versions.
/home6/daewon2/Release/glibc/SP/SP_Linux/LP_Linux_Prj/REL/VDLinux.3.x.2012/toolchain/src/arm-mips-src-20121018/build.arm.cortex-a15/sources/glibc/libc/configure: line 5405: /home6/daewon2/Release/glibc/SP/SP_Linux/LP_Linux_Prj/REL/VDLinux.3.x.2012/toolchain/src/arm-mips-src-20121018/scripts/arm-v7a15v3r1/bin/arm-v7a15v3r1-linux-gnueabi-g++: No such file or directory
configure:5429: checking LD_LIBRARY_PATH variable
configure:5439: result: ok
configure:5448: checking whether GCC supports -static-libgcc
configure:5459: result: -static-libgcc
configure:5465: checking for bash
configure:5483: found /bin/bash
configure:5496: result: /bin/bash
configure:5571: checking for gawk
configure:5587: found /usr/bin/gawk
configure:5598: result: gawk
configure:5615: checking for perl
configure:5633: found /usr/bin/perl
configure:5646: result: /usr/bin/perl
configure:5660: checking for install-info
configure:5679: found /usr/sbin/install-info
configure:5692: result: /usr/sbin/install-info
configure:5702: checking for bison
configure:5721: found /usr/bin/bison
configure:5734: result: /usr/bin/bison
configure:5743: checking for signed size_t type
configure:5758: result: no
configure:5767: checking for libc-friendly stddef.h
configure:5791: /home6/daewon2/Release/glibc/SP/SP_Linux/LP_Linux_Prj/REL/VDLinux.3.x.2012/toolchain/src/arm-mips-src-20121018/scripts/arm-v7a15v3r1/bin/arm-v7a15v3r1-linux-gnueabi-gcc -c -g -O2 -fno-unwind-tables  conftest.c >&5
conftest.c: In function 'main':
conftest.c:25:38: warning: incompatible implicit declaration of built-in function 'abort' [enabled by default]
configure:5791: $? = 0
configure:5798: result: yes
configure:5805: checking whether we need to use -P to assemble .S files
configure:5815: /home6/daewon2/Release/glibc/SP/SP_Linux/LP_Linux_Prj/REL/VDLinux.3.x.2012/toolchain/src/arm-mips-src-20121018/scripts/arm-v7a15v3r1/bin/arm-v7a15v3r1-linux-gnueabi-gcc   -c conftest.S 1>&5
configure:5818: $? = 0
configure:5826: result: no
configure:5833: checking for .set assembler directive
configure:5859: result: yes
configure:5866: checking for assembler gnu_unique_object symbol type
configure:5883: result: yes
configure:5890: checking for .symver assembler directive
configure:5907: result: yes
configure:5909: checking for ld --version-script
configure:5935: /home6/daewon2/Release/glibc/SP/SP_Linux/LP_Linux_Prj/REL/VDLinux.3.x.2012/toolchain/src/arm-mips-src-20121018/scripts/arm-v7a15v3r1/bin/arm-v7a15v3r1-linux-gnueabi-gcc -g -O2 -fno-unwind-tables  -shared
				-o conftest.so conftest.o
				-nostartfiles -nostdlib
				-Wl,--version-script,conftest.map
		       1>&5
configure:5938: $? = 0
configure:5953: result: yes
configure:5975: checking for .previous assembler directive
configure:5985: /home6/daewon2/Release/glibc/SP/SP_Linux/LP_Linux_Prj/REL/VDLinux.3.x.2012/toolchain/src/arm-mips-src-20121018/scripts/arm-v7a15v3r1/bin/arm-v7a15v3r1-linux-gnueabi-gcc -c  conftest.s 1>&5
configure:5988: $? = 0
configure:5996: result: yes
configure:6030: checking for .protected and .hidden assembler directive
configure:6042: /home6/daewon2/Release/glibc/SP/SP_Linux/LP_Linux_Prj/REL/VDLinux.3.x.2012/toolchain/src/arm-mips-src-20121018/scripts/arm-v7a15v3r1/bin/arm-v7a15v3r1-linux-gnueabi-gcc -c  conftest.s 1>&5
configure:6045: $? = 0
configure:6053: result: yes
configure:6057: checking whether __attribute__((visibility())) is supported
configure:6068: /home6/daewon2/Release/glibc/SP/SP_Linux/LP_Linux_Prj/REL/VDLinux.3.x.2012/toolchain/src/arm-mips-src-20121018/scripts/arm-v7a15v3r1/bin/arm-v7a15v3r1-linux-gnueabi-gcc -Werror -S conftest.c -o conftest.s 1>&5
configure:6071: $? = 0
configure:6082: result: yes
configure:6090: checking for broken __attribute__((visibility()))
configure:6102: /home6/daewon2/Release/glibc/SP/SP_Linux/LP_Linux_Prj/REL/VDLinux.3.x.2012/toolchain/src/arm-mips-src-20121018/scripts/arm-v7a15v3r1/bin/arm-v7a15v3r1-linux-gnueabi-gcc -Werror -S conftest.c -o conftest.s 1>&5
configure:6105: $? = 0
configure:6114: result: no
configure:6121: checking for broken __attribute__((alias()))
configure:6136: /home6/daewon2/Release/glibc/SP/SP_Linux/LP_Linux_Prj/REL/VDLinux.3.x.2012/toolchain/src/arm-mips-src-20121018/scripts/arm-v7a15v3r1/bin/arm-v7a15v3r1-linux-gnueabi-gcc -Werror -S conftest.c -o conftest.s 1>&5
configure:6139: $? = 0
configure:6149: result: no
configure:6156: checking whether to put _rtld_local into .sdata section
configure:6170: result: no
configure:6178: checking for .preinit_array/.init_array/.fini_array support
configure:6191: /home6/daewon2/Release/glibc/SP/SP_Linux/LP_Linux_Prj/REL/VDLinux.3.x.2012/toolchain/src/arm-mips-src-20121018/scripts/arm-v7a15v3r1/bin/arm-v7a15v3r1-linux-gnueabi-gcc -g -O2 -fno-unwind-tables   -o conftest conftest.c
		     -static -nostartfiles -nostdlib 1>&5
configure:6194: $? = 0
configure:6207: result: yes
configure:6212: /home6/daewon2/Release/glibc/SP/SP_Linux/LP_Linux_Prj/REL/VDLinux.3.x.2012/toolchain/src/arm-mips-src-20121018/scripts/arm-v7a15v3r1/bin/arm-v7a15v3r1-linux-gnueabi-gcc -Wl,--verbose 2>&1|grep SORT_BY_INIT_PRIORITY 1>&5
configure:6215: $? = 1
configure:6221: checking for libunwind-support in compiler
configure:6238: result: no
configure:6246: checking for -z nodelete option
configure:6258: /home6/daewon2/Release/glibc/SP/SP_Linux/LP_Linux_Prj/REL/VDLinux.3.x.2012/toolchain/src/arm-mips-src-20121018/scripts/arm-v7a15v3r1/bin/arm-v7a15v3r1-linux-gnueabi-gcc -g -O2 -fno-unwind-tables  
		     -fPIC -shared -o conftest.so conftest.c
		     -nostartfiles -nostdlib
		     -Wl,--enable-new-dtags,-z,nodelete 1>&5
configure:6261: $? = 0
configure:6270: result: yes
configure:6273: checking for -z nodlopen option
configure:6285: /home6/daewon2/Release/glibc/SP/SP_Linux/LP_Linux_Prj/REL/VDLinux.3.x.2012/toolchain/src/arm-mips-src-20121018/scripts/arm-v7a15v3r1/bin/arm-v7a15v3r1-linux-gnueabi-gcc -g -O2 -fno-unwind-tables  
			-fPIC -shared -o conftest.so conftest.c
			-nostartfiles -nostdlib
			-Wl,--enable-new-dtags,-z,nodlopen 1>&5
configure:6288: $? = 0
configure:6297: result: yes
configure:6300: checking for -z initfirst option
configure:6312: /home6/daewon2/Release/glibc/SP/SP_Linux/LP_Linux_Prj/REL/VDLinux.3.x.2012/toolchain/src/arm-mips-src-20121018/scripts/arm-v7a15v3r1/bin/arm-v7a15v3r1-linux-gnueabi-gcc -g -O2 -fno-unwind-tables  
			-fPIC -shared -o conftest.so conftest.c
			-nostartfiles -nostdlib
			-Wl,--enable-new-dtags,-z,initfirst 1>&5
configure:6315: $? = 0
configure:6324: result: yes
configure:6362: checking for -Bgroup option
configure:6373: /home6/daewon2/Release/glibc/SP/SP_Linux/LP_Linux_Prj/REL/VDLinux.3.x.2012/toolchain/src/arm-mips-src-20121018/scripts/arm-v7a15v3r1/bin/arm-v7a15v3r1-linux-gnueabi-gcc -g -O2 -fno-unwind-tables  
			      -fPIC -shared -o conftest.so conftest.c
			      -Wl,-Bgroup -nostdlib 1>&5
configure:6376: $? = 0
configure:6385: result: yes
configure:6389: checking for libgcc_s suffix
configure:6403: result: 
configure:6407: checking for --as-needed option
configure:6419: /home6/daewon2/Release/glibc/SP/SP_Linux/LP_Linux_Prj/REL/VDLinux.3.x.2012/toolchain/src/arm-mips-src-20121018/scripts/arm-v7a15v3r1/bin/arm-v7a15v3r1-linux-gnueabi-gcc -g -O2 -fno-unwind-tables  
			      -fPIC -shared -o conftest.so conftest.c
			      -lgcc_s -Wl,--as-needed
			      -nostdlib 1>&5
/home6/daewon2/Release/glibc/SP/SP_Linux/LP_Linux_Prj/REL/VDLinux.3.x.2012/toolchain/src/arm-mips-src-20121018/scripts/arm-v7a15v3r1/lib/gcc/arm-v7a15v3r1-linux-gnueabi/4.6.4/../../../../arm-v7a15v3r1-linux-gnueabi/bin/ld: cannot find -lgcc_s
collect2: ld returned 1 exit status
configure:6422: $? = 1
configure:6431: result: no
configure:6436: checking whether --noexecstack is desirable for .S files
configure:6446: /home6/daewon2/Release/glibc/SP/SP_Linux/LP_Linux_Prj/REL/VDLinux.3.x.2012/toolchain/src/arm-mips-src-20121018/scripts/arm-v7a15v3r1/bin/arm-v7a15v3r1-linux-gnueabi-gcc -g -O2 -fno-unwind-tables 
		     -S -o conftest.s conftest.c 1>&5
configure:6449: $? = 0
configure:6454: /home6/daewon2/Release/glibc/SP/SP_Linux/LP_Linux_Prj/REL/VDLinux.3.x.2012/toolchain/src/arm-mips-src-20121018/scripts/arm-v7a15v3r1/bin/arm-v7a15v3r1-linux-gnueabi-gcc  -Wa,--noexecstack
		       -c -o conftest.o conftest.s 1>&5
configure:6457: $? = 0
configure:6466: result: yes
configure:6473: checking for -z combreloc
configure:6487: /home6/daewon2/Release/glibc/SP/SP_Linux/LP_Linux_Prj/REL/VDLinux.3.x.2012/toolchain/src/arm-mips-src-20121018/scripts/arm-v7a15v3r1/bin/arm-v7a15v3r1-linux-gnueabi-gcc -g -O2 -fno-unwind-tables  
			-fPIC -shared -o conftest.so conftest.c
			-nostdlib -nostartfiles
			-Wl,-z,combreloc 1>&5
configure:6490: $? = 0
configure:6503: result: yes
configure:6511: checking for -z execstack
configure:6523: /home6/daewon2/Release/glibc/SP/SP_Linux/LP_Linux_Prj/REL/VDLinux.3.x.2012/toolchain/src/arm-mips-src-20121018/scripts/arm-v7a15v3r1/bin/arm-v7a15v3r1-linux-gnueabi-gcc -g -O2 -fno-unwind-tables  
			      -fPIC -shared -o conftest.so conftest.c
			      -Wl,-z,execstack -nostdlib
			      1>&5
configure:6526: $? = 0
configure:6535: result: yes
configure:6542: checking for --hash-style option
configure:6553: /home6/daewon2/Release/glibc/SP/SP_Linux/LP_Linux_Prj/REL/VDLinux.3.x.2012/toolchain/src/arm-mips-src-20121018/scripts/arm-v7a15v3r1/bin/arm-v7a15v3r1-linux-gnueabi-gcc -g -O2 -fno-unwind-tables  
			      -fPIC -shared -o conftest.so conftest.c
			      -Wl,--hash-style=both -nostdlib 1>&5
configure:6556: $? = 0
configure:6565: result: yes
configure:6570: checking for -fno-toplevel-reorder -fno-section-anchors
configure:6580: /home6/daewon2/Release/glibc/SP/SP_Linux/LP_Linux_Prj/REL/VDLinux.3.x.2012/toolchain/src/arm-mips-src-20121018/scripts/arm-v7a15v3r1/bin/arm-v7a15v3r1-linux-gnueabi-gcc -g -O2 -fno-unwind-tables  -S -fno-toplevel-reorder -fno-section-anchors
			    conftest.c 1>&5
configure:6583: $? = 0
configure:6592: result: yes
configure:6601: checking for -fstack-protector
configure:6608: /home6/daewon2/Release/glibc/SP/SP_Linux/LP_Linux_Prj/REL/VDLinux.3.x.2012/toolchain/src/arm-mips-src-20121018/scripts/arm-v7a15v3r1/bin/arm-v7a15v3r1-linux-gnueabi-gcc -g -O2 -fno-unwind-tables  -Werror -fstack-protector
			    -o /dev/null -c -x c /dev/null 1>&5
configure:6611: $? = 0
configure:6619: result: yes
configure:6623: checking for -fgnu89-inline
configure:6638: /home6/daewon2/Release/glibc/SP/SP_Linux/LP_Linux_Prj/REL/VDLinux.3.x.2012/toolchain/src/arm-mips-src-20121018/scripts/arm-v7a15v3r1/bin/arm-v7a15v3r1-linux-gnueabi-gcc -g -O2 -fno-unwind-tables  -S -std=gnu99 -fgnu89-inline
			    -o conftest.s conftest.c 1>&5
conftest.c:3:1: warning: return type defaults to 'int' [enabled by default]
configure:6641: $? = 0
configure:6650: result: yes
configure:6694: checking whether cc puts quotes around section names
configure:6715: result: no
configure:6800: checking for assembler .weak directive
configure:6813: /home6/daewon2/Release/glibc/SP/SP_Linux/LP_Linux_Prj/REL/VDLinux.3.x.2012/toolchain/src/arm-mips-src-20121018/scripts/arm-v7a15v3r1/bin/arm-v7a15v3r1-linux-gnueabi-gcc  -c conftest.s 1>&5
configure:6816: $? = 0
configure:6824: result: yes
configure:6867: checking whether CFI directives are supported
configure:6886: /home6/daewon2/Release/glibc/SP/SP_Linux/LP_Linux_Prj/REL/VDLinux.3.x.2012/toolchain/src/arm-mips-src-20121018/scripts/arm-v7a15v3r1/bin/arm-v7a15v3r1-linux-gnueabi-gcc  -c conftest.s 1>&5
configure:6889: $? = 0
configure:6897: result: yes
configure:6904: checking for ld --no-whole-archive
configure:6917: /home6/daewon2/Release/glibc/SP/SP_Linux/LP_Linux_Prj/REL/VDLinux.3.x.2012/toolchain/src/arm-mips-src-20121018/scripts/arm-v7a15v3r1/bin/arm-v7a15v3r1-linux-gnueabi-gcc -g -O2 -fno-unwind-tables  
			    -nostdlib -nostartfiles -Wl,--no-whole-archive
			    -o conftest conftest.c 1>&5
configure:6920: $? = 0
configure:6928: result: yes
configure:6934: checking for gcc -fexceptions
configure:6947: /home6/daewon2/Release/glibc/SP/SP_Linux/LP_Linux_Prj/REL/VDLinux.3.x.2012/toolchain/src/arm-mips-src-20121018/scripts/arm-v7a15v3r1/bin/arm-v7a15v3r1-linux-gnueabi-gcc -g -O2 -fno-unwind-tables  
			    -nostdlib -nostartfiles -fexceptions
			    -o conftest conftest.c 1>&5
configure:6950: $? = 0
configure:6958: result: yes
configure:6998: checking for __builtin_expect
configure:7013: /home6/daewon2/Release/glibc/SP/SP_Linux/LP_Linux_Prj/REL/VDLinux.3.x.2012/toolchain/src/arm-mips-src-20121018/scripts/arm-v7a15v3r1/bin/arm-v7a15v3r1-linux-gnueabi-gcc -g -O2 -fno-unwind-tables   -nostdlib -nostartfiles
			    -o conftest conftest.c -lgcc >&5
/home6/daewon2/Release/glibc/SP/SP_Linux/LP_Linux_Prj/REL/VDLinux.3.x.2012/toolchain/src/arm-mips-src-20121018/scripts/arm-v7a15v3r1/lib/gcc/arm-v7a15v3r1-linux-gnueabi/4.6.4/../../../../arm-v7a15v3r1-linux-gnueabi/bin/ld: warning: cannot find entry symbol _start; defaulting to 0000000000008074
configure:7016: $? = 0
configure:7024: result: yes
configure:7031: checking for __builtin_memset
configure:7043: /home6/daewon2/Release/glibc/SP/SP_Linux/LP_Linux_Prj/REL/VDLinux.3.x.2012/toolchain/src/arm-mips-src-20121018/scripts/arm-v7a15v3r1/bin/arm-v7a15v3r1-linux-gnueabi-gcc -O3 -S conftest.c -o - | fgrep memset > /dev/null
configure:7046: $? = 0
configure:7055: result: no
configure:7062: checking for redirection of built-in functions
configure:7075: /home6/daewon2/Release/glibc/SP/SP_Linux/LP_Linux_Prj/REL/VDLinux.3.x.2012/toolchain/src/arm-mips-src-20121018/scripts/arm-v7a15v3r1/bin/arm-v7a15v3r1-linux-gnueabi-gcc -O3 -S conftest.c -o - | fgrep my_strstr > /dev/null
configure:7078: $? = 0
configure:7087: result: yes
configure:7095: checking for __thread
configure:7104: /home6/daewon2/Release/glibc/SP/SP_Linux/LP_Linux_Prj/REL/VDLinux.3.x.2012/toolchain/src/arm-mips-src-20121018/scripts/arm-v7a15v3r1/bin/arm-v7a15v3r1-linux-gnueabi-gcc -g -O2 -fno-unwind-tables  -c conftest.c >&5
configure:7107: $? = 0
configure:7115: result: yes
configure:7126: checking for tls_model attribute
configure:7135: /home6/daewon2/Release/glibc/SP/SP_Linux/LP_Linux_Prj/REL/VDLinux.3.x.2012/toolchain/src/arm-mips-src-20121018/scripts/arm-v7a15v3r1/bin/arm-v7a15v3r1-linux-gnueabi-gcc -g -O2 -fno-unwind-tables  -S -Werror conftest.c >&5
configure:7138: $? = 0
configure:7146: result: yes
configure:7181: checking for libgd
configure:7214: result: no
configure:7223: checking for is_selinux_enabled in -lselinux
configure:7248: /home6/daewon2/Release/glibc/SP/SP_Linux/LP_Linux_Prj/REL/VDLinux.3.x.2012/toolchain/src/arm-mips-src-20121018/scripts/arm-v7a15v3r1/bin/arm-v7a15v3r1-linux-gnueabi-gcc -o conftest -g -O2 -fno-unwind-tables   conftest.c -lselinux   >&5
/home6/daewon2/Release/glibc/SP/SP_Linux/LP_Linux_Prj/REL/VDLinux.3.x.2012/toolchain/src/arm-mips-src-20121018/scripts/arm-v7a15v3r1/lib/gcc/arm-v7a15v3r1-linux-gnueabi/4.6.4/../../../../arm-v7a15v3r1-linux-gnueabi/bin/ld: cannot find crt1.o: No such file or directory
/home6/daewon2/Release/glibc/SP/SP_Linux/LP_Linux_Prj/REL/VDLinux.3.x.2012/toolchain/src/arm-mips-src-20121018/scripts/arm-v7a15v3r1/lib/gcc/arm-v7a15v3r1-linux-gnueabi/4.6.4/../../../../arm-v7a15v3r1-linux-gnueabi/bin/ld: cannot find crti.o: No such file or directory
/home6/daewon2/Release/glibc/SP/SP_Linux/LP_Linux_Prj/REL/VDLinux.3.x.2012/toolchain/src/arm-mips-src-20121018/scripts/arm-v7a15v3r1/lib/gcc/arm-v7a15v3r1-linux-gnueabi/4.6.4/../../../../arm-v7a15v3r1-linux-gnueabi/bin/ld: cannot find -lselinux
/home6/daewon2/Release/glibc/SP/SP_Linux/LP_Linux_Prj/REL/VDLinux.3.x.2012/toolchain/src/arm-mips-src-20121018/scripts/arm-v7a15v3r1/lib/gcc/arm-v7a15v3r1-linux-gnueabi/4.6.4/../../../../arm-v7a15v3r1-linux-gnueabi/bin/ld: cannot find -lc
/home6/daewon2/Release/glibc/SP/SP_Linux/LP_Linux_Prj/REL/VDLinux.3.x.2012/toolchain/src/arm-mips-src-20121018/scripts/arm-v7a15v3r1/lib/gcc/arm-v7a15v3r1-linux-gnueabi/4.6.4/../../../../arm-v7a15v3r1-linux-gnueabi/bin/ld: cannot find crtn.o: No such file or directory
collect2: ld returned 1 exit status
configure:7248: $? = 1
configure: failed program was:
| /* confdefs.h */
| #define PACKAGE_NAME "GNU C Library"
| #define PACKAGE_TARNAME "c-library"
| #define PACKAGE_VERSION "(see version.h)"
| #define PACKAGE_STRING "GNU C Library (see version.h)"
| #define PACKAGE_BUGREPORT "glibc"
| #define PACKAGE_URL "http://www.gnu.org/software/c-library/"
| #define PKGVERSION "(EGLIBC) "
| #define REPORT_BUGS_TO "<http://www.eglibc.org/issues/>"
| #define ASM_GLOBAL_DIRECTIVE .globl
| #define ASM_TYPE_DIRECTIVE_PREFIX %
| #define HAVE_ASM_SET_DIRECTIVE 1
| #define HAVE_ASM_UNIQUE_OBJECT 1
| #define DO_VERSIONING 1
| #define HAVE_ASM_PREVIOUS_DIRECTIVE 1
| #define HAVE_Z_COMBRELOC 1
| #define NO_UNDERSCORES 1
| #define HAVE_ASM_WEAK_DIRECTIVE 1
| #define HAVE_ASM_CFI_DIRECTIVES 1
| #define HAVE_BUILTIN_EXPECT 1
| #define HAVE_BUILTIN_REDIRECTION 1
| #define HAVE___THREAD 1
| #define HAVE_TLS_MODEL_ATTRIBUTE 1
| /* end confdefs.h.  */
| 
| /* Override any GCC internal prototype to avoid an error.
|    Use char because int might match the return type of a GCC
|    builtin and then its argument prototype would still apply.  */
| #ifdef __cplusplus
| extern "C"
| #endif
| char is_selinux_enabled ();
| int
| main ()
| {
| return is_selinux_enabled ();
|   ;
|   return 0;
| }
configure:7257: result: no
configure:7409: checking for grep that handles long lines and -e
configure:7467: result: /bin/grep
configure:7472: checking for egrep
configure:7534: result: /bin/grep -E
configure:7539: checking for ANSI C header files
configure:7559: /home6/daewon2/Release/glibc/SP/SP_Linux/LP_Linux_Prj/REL/VDLinux.3.x.2012/toolchain/src/arm-mips-src-20121018/scripts/arm-v7a15v3r1/bin/arm-v7a15v3r1-linux-gnueabi-gcc -c -g -O2 -fno-unwind-tables  conftest.c >&5
conftest.c:25:20: fatal error: stdlib.h: No such file or directory
compilation terminated.
configure:7559: $? = 1
configure: failed program was:
| /* confdefs.h */
| #define PACKAGE_NAME "GNU C Library"
| #define PACKAGE_TARNAME "c-library"
| #define PACKAGE_VERSION "(see version.h)"
| #define PACKAGE_STRING "GNU C Library (see version.h)"
| #define PACKAGE_BUGREPORT "glibc"
| #define PACKAGE_URL "http://www.gnu.org/software/c-library/"
| #define PKGVERSION "(EGLIBC) "
| #define REPORT_BUGS_TO "<http://www.eglibc.org/issues/>"
| #define ASM_GLOBAL_DIRECTIVE .globl
| #define ASM_TYPE_DIRECTIVE_PREFIX %
| #define HAVE_ASM_SET_DIRECTIVE 1
| #define HAVE_ASM_UNIQUE_OBJECT 1
| #define DO_VERSIONING 1
| #define HAVE_ASM_PREVIOUS_DIRECTIVE 1
| #define HAVE_Z_COMBRELOC 1
| #define NO_UNDERSCORES 1
| #define HAVE_ASM_WEAK_DIRECTIVE 1
| #define HAVE_ASM_CFI_DIRECTIVES 1
| #define HAVE_BUILTIN_EXPECT 1
| #define HAVE_BUILTIN_REDIRECTION 1
| #define HAVE___THREAD 1
| #define HAVE_TLS_MODEL_ATTRIBUTE 1
| /* end confdefs.h.  */
| #include <stdlib.h>
| #include <stdarg.h>
| #include <string.h>
| #include <float.h>
| 
| int
| main ()
| {
| 
|   ;
|   return 0;
| }
configure:7643: result: no
configure:7656: checking for sys/types.h
configure:7656: /home6/daewon2/Release/glibc/SP/SP_Linux/LP_Linux_Prj/REL/VDLinux.3.x.2012/toolchain/src/arm-mips-src-20121018/scripts/arm-v7a15v3r1/bin/arm-v7a15v3r1-linux-gnueabi-gcc -c -g -O2 -fno-unwind-tables  conftest.c >&5
conftest.c:25:19: fatal error: stdio.h: No such file or directory
compilation terminated.
configure:7656: $? = 1
configure: failed program was:
| /* confdefs.h */
| #define PACKAGE_NAME "GNU C Library"
| #define PACKAGE_TARNAME "c-library"
| #define PACKAGE_VERSION "(see version.h)"
| #define PACKAGE_STRING "GNU C Library (see version.h)"
| #define PACKAGE_BUGREPORT "glibc"
| #define PACKAGE_URL "http://www.gnu.org/software/c-library/"
| #define PKGVERSION "(EGLIBC) "
| #define REPORT_BUGS_TO "<http://www.eglibc.org/issues/>"
| #define ASM_GLOBAL_DIRECTIVE .globl
| #define ASM_TYPE_DIRECTIVE_PREFIX %
| #define HAVE_ASM_SET_DIRECTIVE 1
| #define HAVE_ASM_UNIQUE_OBJECT 1
| #define DO_VERSIONING 1
| #define HAVE_ASM_PREVIOUS_DIRECTIVE 1
| #define HAVE_Z_COMBRELOC 1
| #define NO_UNDERSCORES 1
| #define HAVE_ASM_WEAK_DIRECTIVE 1
| #define HAVE_ASM_CFI_DIRECTIVES 1
| #define HAVE_BUILTIN_EXPECT 1
| #define HAVE_BUILTIN_REDIRECTION 1
| #define HAVE___THREAD 1
| #define HAVE_TLS_MODEL_ATTRIBUTE 1
| /* end confdefs.h.  */
| #include <stdio.h>
| #ifdef HAVE_SYS_TYPES_H
| # include <sys/types.h>
| #endif
| #ifdef HAVE_SYS_STAT_H
| # include <sys/stat.h>
| #endif
| #ifdef STDC_HEADERS
| # include <stdlib.h>
| # include <stddef.h>
| #else
| # ifdef HAVE_STDLIB_H
| #  include <stdlib.h>
| # endif
| #endif
| #ifdef HAVE_STRING_H
| # if !defined STDC_HEADERS && defined HAVE_MEMORY_H
| #  include <memory.h>
| # endif
| # include <string.h>
| #endif
| #ifdef HAVE_STRINGS_H
| # include <strings.h>
| #endif
| #ifdef HAVE_INTTYPES_H
| # include <inttypes.h>
| #endif
| #ifdef HAVE_STDINT_H
| # include <stdint.h>
| #endif
| #ifdef HAVE_UNISTD_H
| # include <unistd.h>
| #endif
| 
| #include <sys/types.h>
configure:7656: result: no
configure:7656: checking for sys/stat.h
configure:7656: /home6/daewon2/Release/glibc/SP/SP_Linux/LP_Linux_Prj/REL/VDLinux.3.x.2012/toolchain/src/arm-mips-src-20121018/scripts/arm-v7a15v3r1/bin/arm-v7a15v3r1-linux-gnueabi-gcc -c -g -O2 -fno-unwind-tables  conftest.c >&5
conftest.c:25:19: fatal error: stdio.h: No such file or directory
compilation terminated.
configure:7656: $? = 1
configure: failed program was:
| /* confdefs.h */
| #define PACKAGE_NAME "GNU C Library"
| #define PACKAGE_TARNAME "c-library"
| #define PACKAGE_VERSION "(see version.h)"
| #define PACKAGE_STRING "GNU C Library (see version.h)"
| #define PACKAGE_BUGREPORT "glibc"
| #define PACKAGE_URL "http://www.gnu.org/software/c-library/"
| #define PKGVERSION "(EGLIBC) "
| #define REPORT_BUGS_TO "<http://www.eglibc.org/issues/>"
| #define ASM_GLOBAL_DIRECTIVE .globl
| #define ASM_TYPE_DIRECTIVE_PREFIX %
| #define HAVE_ASM_SET_DIRECTIVE 1
| #define HAVE_ASM_UNIQUE_OBJECT 1
| #define DO_VERSIONING 1
| #define HAVE_ASM_PREVIOUS_DIRECTIVE 1
| #define HAVE_Z_COMBRELOC 1
| #define NO_UNDERSCORES 1
| #define HAVE_ASM_WEAK_DIRECTIVE 1
| #define HAVE_ASM_CFI_DIRECTIVES 1
| #define HAVE_BUILTIN_EXPECT 1
| #define HAVE_BUILTIN_REDIRECTION 1
| #define HAVE___THREAD 1
| #define HAVE_TLS_MODEL_ATTRIBUTE 1
| /* end confdefs.h.  */
| #include <stdio.h>
| #ifdef HAVE_SYS_TYPES_H
| # include <sys/types.h>
| #endif
| #ifdef HAVE_SYS_STAT_H
| # include <sys/stat.h>
| #endif
| #ifdef STDC_HEADERS
| # include <stdlib.h>
| # include <stddef.h>
| #else
| # ifdef HAVE_STDLIB_H
| #  include <stdlib.h>
| # endif
| #endif
| #ifdef HAVE_STRING_H
| # if !defined STDC_HEADERS && defined HAVE_MEMORY_H
| #  include <memory.h>
| # endif
| # include <string.h>
| #endif
| #ifdef HAVE_STRINGS_H
| # include <strings.h>
| #endif
| #ifdef HAVE_INTTYPES_H
| # include <inttypes.h>
| #endif
| #ifdef HAVE_STDINT_H
| # include <stdint.h>
| #endif
| #ifdef HAVE_UNISTD_H
| # include <unistd.h>
| #endif
| 
| #include <sys/stat.h>
configure:7656: result: no
configure:7656: checking for stdlib.h
configure:7656: /home6/daewon2/Release/glibc/SP/SP_Linux/LP_Linux_Prj/REL/VDLinux.3.x.2012/toolchain/src/arm-mips-src-20121018/scripts/arm-v7a15v3r1/bin/arm-v7a15v3r1-linux-gnueabi-gcc -c -g -O2 -fno-unwind-tables  conftest.c >&5
conftest.c:25:19: fatal error: stdio.h: No such file or directory
compilation terminated.
configure:7656: $? = 1
configure: failed program was:
| /* confdefs.h */
| #define PACKAGE_NAME "GNU C Library"
| #define PACKAGE_TARNAME "c-library"
| #define PACKAGE_VERSION "(see version.h)"
| #define PACKAGE_STRING "GNU C Library (see version.h)"
| #define PACKAGE_BUGREPORT "glibc"
| #define PACKAGE_URL "http://www.gnu.org/software/c-library/"
| #define PKGVERSION "(EGLIBC) "
| #define REPORT_BUGS_TO "<http://www.eglibc.org/issues/>"
| #define ASM_GLOBAL_DIRECTIVE .globl
| #define ASM_TYPE_DIRECTIVE_PREFIX %
| #define HAVE_ASM_SET_DIRECTIVE 1
| #define HAVE_ASM_UNIQUE_OBJECT 1
| #define DO_VERSIONING 1
| #define HAVE_ASM_PREVIOUS_DIRECTIVE 1
| #define HAVE_Z_COMBRELOC 1
| #define NO_UNDERSCORES 1
| #define HAVE_ASM_WEAK_DIRECTIVE 1
| #define HAVE_ASM_CFI_DIRECTIVES 1
| #define HAVE_BUILTIN_EXPECT 1
| #define HAVE_BUILTIN_REDIRECTION 1
| #define HAVE___THREAD 1
| #define HAVE_TLS_MODEL_ATTRIBUTE 1
| /* end confdefs.h.  */
| #include <stdio.h>
| #ifdef HAVE_SYS_TYPES_H
| # include <sys/types.h>
| #endif
| #ifdef HAVE_SYS_STAT_H
| # include <sys/stat.h>
| #endif
| #ifdef STDC_HEADERS
| # include <stdlib.h>
| # include <stddef.h>
| #else
| # ifdef HAVE_STDLIB_H
| #  include <stdlib.h>
| # endif
| #endif
| #ifdef HAVE_STRING_H
| # if !defined STDC_HEADERS && defined HAVE_MEMORY_H
| #  include <memory.h>
| # endif
| # include <string.h>
| #endif
| #ifdef HAVE_STRINGS_H
| # include <strings.h>
| #endif
| #ifdef HAVE_INTTYPES_H
| # include <inttypes.h>
| #endif
| #ifdef HAVE_STDINT_H
| # include <stdint.h>
| #endif
| #ifdef HAVE_UNISTD_H
| # include <unistd.h>
| #endif
| 
| #include <stdlib.h>
configure:7656: result: no
configure:7656: checking for string.h
configure:7656: /home6/daewon2/Release/glibc/SP/SP_Linux/LP_Linux_Prj/REL/VDLinux.3.x.2012/toolchain/src/arm-mips-src-20121018/scripts/arm-v7a15v3r1/bin/arm-v7a15v3r1-linux-gnueabi-gcc -c -g -O2 -fno-unwind-tables  conftest.c >&5
conftest.c:25:19: fatal error: stdio.h: No such file or directory
compilation terminated.
configure:7656: $? = 1
configure: failed program was:
| /* confdefs.h */
| #define PACKAGE_NAME "GNU C Library"
| #define PACKAGE_TARNAME "c-library"
| #define PACKAGE_VERSION "(see version.h)"
| #define PACKAGE_STRING "GNU C Library (see version.h)"
| #define PACKAGE_BUGREPORT "glibc"
| #define PACKAGE_URL "http://www.gnu.org/software/c-library/"
| #define PKGVERSION "(EGLIBC) "
| #define REPORT_BUGS_TO "<http://www.eglibc.org/issues/>"
| #define ASM_GLOBAL_DIRECTIVE .globl
| #define ASM_TYPE_DIRECTIVE_PREFIX %
| #define HAVE_ASM_SET_DIRECTIVE 1
| #define HAVE_ASM_UNIQUE_OBJECT 1
| #define DO_VERSIONING 1
| #define HAVE_ASM_PREVIOUS_DIRECTIVE 1
| #define HAVE_Z_COMBRELOC 1
| #define NO_UNDERSCORES 1
| #define HAVE_ASM_WEAK_DIRECTIVE 1
| #define HAVE_ASM_CFI_DIRECTIVES 1
| #define HAVE_BUILTIN_EXPECT 1
| #define HAVE_BUILTIN_REDIRECTION 1
| #define HAVE___THREAD 1
| #define HAVE_TLS_MODEL_ATTRIBUTE 1
| /* end confdefs.h.  */
| #include <stdio.h>
| #ifdef HAVE_SYS_TYPES_H
| # include <sys/types.h>
| #endif
| #ifdef HAVE_SYS_STAT_H
| # include <sys/stat.h>
| #endif
| #ifdef STDC_HEADERS
| # include <stdlib.h>
| # include <stddef.h>
| #else
| # ifdef HAVE_STDLIB_H
| #  include <stdlib.h>
| # endif
| #endif
| #ifdef HAVE_STRING_H
| # if !defined STDC_HEADERS && defined HAVE_MEMORY_H
| #  include <memory.h>
| # endif
| # include <string.h>
| #endif
| #ifdef HAVE_STRINGS_H
| # include <strings.h>
| #endif
| #ifdef HAVE_INTTYPES_H
| # include <inttypes.h>
| #endif
| #ifdef HAVE_STDINT_H
| # include <stdint.h>
| #endif
| #ifdef HAVE_UNISTD_H
| # include <unistd.h>
| #endif
| 
| #include <string.h>
configure:7656: result: no
configure:7656: checking for memory.h
configure:7656: /home6/daewon2/Release/glibc/SP/SP_Linux/LP_Linux_Prj/REL/VDLinux.3.x.2012/toolchain/src/arm-mips-src-20121018/scripts/arm-v7a15v3r1/bin/arm-v7a15v3r1-linux-gnueabi-gcc -c -g -O2 -fno-unwind-tables  conftest.c >&5
conftest.c:25:19: fatal error: stdio.h: No such file or directory
compilation terminated.
configure:7656: $? = 1
configure: failed program was:
| /* confdefs.h */
| #define PACKAGE_NAME "GNU C Library"
| #define PACKAGE_TARNAME "c-library"
| #define PACKAGE_VERSION "(see version.h)"
| #define PACKAGE_STRING "GNU C Library (see version.h)"
| #define PACKAGE_BUGREPORT "glibc"
| #define PACKAGE_URL "http://www.gnu.org/software/c-library/"
| #define PKGVERSION "(EGLIBC) "
| #define REPORT_BUGS_TO "<http://www.eglibc.org/issues/>"
| #define ASM_GLOBAL_DIRECTIVE .globl
| #define ASM_TYPE_DIRECTIVE_PREFIX %
| #define HAVE_ASM_SET_DIRECTIVE 1
| #define HAVE_ASM_UNIQUE_OBJECT 1
| #define DO_VERSIONING 1
| #define HAVE_ASM_PREVIOUS_DIRECTIVE 1
| #define HAVE_Z_COMBRELOC 1
| #define NO_UNDERSCORES 1
| #define HAVE_ASM_WEAK_DIRECTIVE 1
| #define HAVE_ASM_CFI_DIRECTIVES 1
| #define HAVE_BUILTIN_EXPECT 1
| #define HAVE_BUILTIN_REDIRECTION 1
| #define HAVE___THREAD 1
| #define HAVE_TLS_MODEL_ATTRIBUTE 1
| /* end confdefs.h.  */
| #include <stdio.h>
| #ifdef HAVE_SYS_TYPES_H
| # include <sys/types.h>
| #endif
| #ifdef HAVE_SYS_STAT_H
| # include <sys/stat.h>
| #endif
| #ifdef STDC_HEADERS
| # include <stdlib.h>
| # include <stddef.h>
| #else
| # ifdef HAVE_STDLIB_H
| #  include <stdlib.h>
| # endif
| #endif
| #ifdef HAVE_STRING_H
| # if !defined STDC_HEADERS && defined HAVE_MEMORY_H
| #  include <memory.h>
| # endif
| # include <string.h>
| #endif
| #ifdef HAVE_STRINGS_H
| # include <strings.h>
| #endif
| #ifdef HAVE_INTTYPES_H
| # include <inttypes.h>
| #endif
| #ifdef HAVE_STDINT_H
| # include <stdint.h>
| #endif
| #ifdef HAVE_UNISTD_H
| # include <unistd.h>
| #endif
| 
| #include <memory.h>
configure:7656: result: no
configure:7656: checking for strings.h
configure:7656: /home6/daewon2/Release/glibc/SP/SP_Linux/LP_Linux_Prj/REL/VDLinux.3.x.2012/toolchain/src/arm-mips-src-20121018/scripts/arm-v7a15v3r1/bin/arm-v7a15v3r1-linux-gnueabi-gcc -c -g -O2 -fno-unwind-tables  conftest.c >&5
conftest.c:25:19: fatal error: stdio.h: No such file or directory
compilation terminated.
configure:7656: $? = 1
configure: failed program was:
| /* confdefs.h */
| #define PACKAGE_NAME "GNU C Library"
| #define PACKAGE_TARNAME "c-library"
| #define PACKAGE_VERSION "(see version.h)"
| #define PACKAGE_STRING "GNU C Library (see version.h)"
| #define PACKAGE_BUGREPORT "glibc"
| #define PACKAGE_URL "http://www.gnu.org/software/c-library/"
| #define PKGVERSION "(EGLIBC) "
| #define REPORT_BUGS_TO "<http://www.eglibc.org/issues/>"
| #define ASM_GLOBAL_DIRECTIVE .globl
| #define ASM_TYPE_DIRECTIVE_PREFIX %
| #define HAVE_ASM_SET_DIRECTIVE 1
| #define HAVE_ASM_UNIQUE_OBJECT 1
| #define DO_VERSIONING 1
| #define HAVE_ASM_PREVIOUS_DIRECTIVE 1
| #define HAVE_Z_COMBRELOC 1
| #define NO_UNDERSCORES 1
| #define HAVE_ASM_WEAK_DIRECTIVE 1
| #define HAVE_ASM_CFI_DIRECTIVES 1
| #define HAVE_BUILTIN_EXPECT 1
| #define HAVE_BUILTIN_REDIRECTION 1
| #define HAVE___THREAD 1
| #define HAVE_TLS_MODEL_ATTRIBUTE 1
| /* end confdefs.h.  */
| #include <stdio.h>
| #ifdef HAVE_SYS_TYPES_H
| # include <sys/types.h>
| #endif
| #ifdef HAVE_SYS_STAT_H
| # include <sys/stat.h>
| #endif
| #ifdef STDC_HEADERS
| # include <stdlib.h>
| # include <stddef.h>
| #else
| # ifdef HAVE_STDLIB_H
| #  include <stdlib.h>
| # endif
| #endif
| #ifdef HAVE_STRING_H
| # if !defined STDC_HEADERS && defined HAVE_MEMORY_H
| #  include <memory.h>
| # endif
| # include <string.h>
| #endif
| #ifdef HAVE_STRINGS_H
| # include <strings.h>
| #endif
| #ifdef HAVE_INTTYPES_H
| # include <inttypes.h>
| #endif
| #ifdef HAVE_STDINT_H
| # include <stdint.h>
| #endif
| #ifdef HAVE_UNISTD_H
| # include <unistd.h>
| #endif
| 
| #include <strings.h>
configure:7656: result: no
configure:7656: checking for inttypes.h
configure:7656: /home6/daewon2/Release/glibc/SP/SP_Linux/LP_Linux_Prj/REL/VDLinux.3.x.2012/toolchain/src/arm-mips-src-20121018/scripts/arm-v7a15v3r1/bin/arm-v7a15v3r1-linux-gnueabi-gcc -c -g -O2 -fno-unwind-tables  conftest.c >&5
conftest.c:25:19: fatal error: stdio.h: No such file or directory
compilation terminated.
configure:7656: $? = 1
configure: failed program was:
| /* confdefs.h */
| #define PACKAGE_NAME "GNU C Library"
| #define PACKAGE_TARNAME "c-library"
| #define PACKAGE_VERSION "(see version.h)"
| #define PACKAGE_STRING "GNU C Library (see version.h)"
| #define PACKAGE_BUGREPORT "glibc"
| #define PACKAGE_URL "http://www.gnu.org/software/c-library/"
| #define PKGVERSION "(EGLIBC) "
| #define REPORT_BUGS_TO "<http://www.eglibc.org/issues/>"
| #define ASM_GLOBAL_DIRECTIVE .globl
| #define ASM_TYPE_DIRECTIVE_PREFIX %
| #define HAVE_ASM_SET_DIRECTIVE 1
| #define HAVE_ASM_UNIQUE_OBJECT 1
| #define DO_VERSIONING 1
| #define HAVE_ASM_PREVIOUS_DIRECTIVE 1
| #define HAVE_Z_COMBRELOC 1
| #define NO_UNDERSCORES 1
| #define HAVE_ASM_WEAK_DIRECTIVE 1
| #define HAVE_ASM_CFI_DIRECTIVES 1
| #define HAVE_BUILTIN_EXPECT 1
| #define HAVE_BUILTIN_REDIRECTION 1
| #define HAVE___THREAD 1
| #define HAVE_TLS_MODEL_ATTRIBUTE 1
| /* end confdefs.h.  */
| #include <stdio.h>
| #ifdef HAVE_SYS_TYPES_H
| # include <sys/types.h>
| #endif
| #ifdef HAVE_SYS_STAT_H
| # include <sys/stat.h>
| #endif
| #ifdef STDC_HEADERS
| # include <stdlib.h>
| # include <stddef.h>
| #else
| # ifdef HAVE_STDLIB_H
| #  include <stdlib.h>
| # endif
| #endif
| #ifdef HAVE_STRING_H
| # if !defined STDC_HEADERS && defined HAVE_MEMORY_H
| #  include <memory.h>
| # endif
| # include <string.h>
| #endif
| #ifdef HAVE_STRINGS_H
| # include <strings.h>
| #endif
| #ifdef HAVE_INTTYPES_H
| # include <inttypes.h>
| #endif
| #ifdef HAVE_STDINT_H
| # include <stdint.h>
| #endif
| #ifdef HAVE_UNISTD_H
| # include <unistd.h>
| #endif
| 
| #include <inttypes.h>
configure:7656: result: no
configure:7656: checking for stdint.h
configure:7656: /home6/daewon2/Release/glibc/SP/SP_Linux/LP_Linux_Prj/REL/VDLinux.3.x.2012/toolchain/src/arm-mips-src-20121018/scripts/arm-v7a15v3r1/bin/arm-v7a15v3r1-linux-gnueabi-gcc -c -g -O2 -fno-unwind-tables  conftest.c >&5
conftest.c:25:19: fatal error: stdio.h: No such file or directory
compilation terminated.
configure:7656: $? = 1
configure: failed program was:
| /* confdefs.h */
| #define PACKAGE_NAME "GNU C Library"
| #define PACKAGE_TARNAME "c-library"
| #define PACKAGE_VERSION "(see version.h)"
| #define PACKAGE_STRING "GNU C Library (see version.h)"
| #define PACKAGE_BUGREPORT "glibc"
| #define PACKAGE_URL "http://www.gnu.org/software/c-library/"
| #define PKGVERSION "(EGLIBC) "
| #define REPORT_BUGS_TO "<http://www.eglibc.org/issues/>"
| #define ASM_GLOBAL_DIRECTIVE .globl
| #define ASM_TYPE_DIRECTIVE_PREFIX %
| #define HAVE_ASM_SET_DIRECTIVE 1
| #define HAVE_ASM_UNIQUE_OBJECT 1
| #define DO_VERSIONING 1
| #define HAVE_ASM_PREVIOUS_DIRECTIVE 1
| #define HAVE_Z_COMBRELOC 1
| #define NO_UNDERSCORES 1
| #define HAVE_ASM_WEAK_DIRECTIVE 1
| #define HAVE_ASM_CFI_DIRECTIVES 1
| #define HAVE_BUILTIN_EXPECT 1
| #define HAVE_BUILTIN_REDIRECTION 1
| #define HAVE___THREAD 1
| #define HAVE_TLS_MODEL_ATTRIBUTE 1
| /* end confdefs.h.  */
| #include <stdio.h>
| #ifdef HAVE_SYS_TYPES_H
| # include <sys/types.h>
| #endif
| #ifdef HAVE_SYS_STAT_H
| # include <sys/stat.h>
| #endif
| #ifdef STDC_HEADERS
| # include <stdlib.h>
| # include <stddef.h>
| #else
| # ifdef HAVE_STDLIB_H
| #  include <stdlib.h>
| # endif
| #endif
| #ifdef HAVE_STRING_H
| # if !defined STDC_HEADERS && defined HAVE_MEMORY_H
| #  include <memory.h>
| # endif
| # include <string.h>
| #endif
| #ifdef HAVE_STRINGS_H
| # include <strings.h>
| #endif
| #ifdef HAVE_INTTYPES_H
| # include <inttypes.h>
| #endif
| #ifdef HAVE_STDINT_H
| # include <stdint.h>
| #endif
| #ifdef HAVE_UNISTD_H
| # include <unistd.h>
| #endif
| 
| #include <stdint.h>
configure:7656: result: no
configure:7656: checking for unistd.h
configure:7656: /home6/daewon2/Release/glibc/SP/SP_Linux/LP_Linux_Prj/REL/VDLinux.3.x.2012/toolchain/src/arm-mips-src-20121018/scripts/arm-v7a15v3r1/bin/arm-v7a15v3r1-linux-gnueabi-gcc -c -g -O2 -fno-unwind-tables  conftest.c >&5
conftest.c:25:19: fatal error: stdio.h: No such file or directory
compilation terminated.
configure:7656: $? = 1
configure: failed program was:
| /* confdefs.h */
| #define PACKAGE_NAME "GNU C Library"
| #define PACKAGE_TARNAME "c-library"
| #define PACKAGE_VERSION "(see version.h)"
| #define PACKAGE_STRING "GNU C Library (see version.h)"
| #define PACKAGE_BUGREPORT "glibc"
| #define PACKAGE_URL "http://www.gnu.org/software/c-library/"
| #define PKGVERSION "(EGLIBC) "
| #define REPORT_BUGS_TO "<http://www.eglibc.org/issues/>"
| #define ASM_GLOBAL_DIRECTIVE .globl
| #define ASM_TYPE_DIRECTIVE_PREFIX %
| #define HAVE_ASM_SET_DIRECTIVE 1
| #define HAVE_ASM_UNIQUE_OBJECT 1
| #define DO_VERSIONING 1
| #define HAVE_ASM_PREVIOUS_DIRECTIVE 1
| #define HAVE_Z_COMBRELOC 1
| #define NO_UNDERSCORES 1
| #define HAVE_ASM_WEAK_DIRECTIVE 1
| #define HAVE_ASM_CFI_DIRECTIVES 1
| #define HAVE_BUILTIN_EXPECT 1
| #define HAVE_BUILTIN_REDIRECTION 1
| #define HAVE___THREAD 1
| #define HAVE_TLS_MODEL_ATTRIBUTE 1
| /* end confdefs.h.  */
| #include <stdio.h>
| #ifdef HAVE_SYS_TYPES_H
| # include <sys/types.h>
| #endif
| #ifdef HAVE_SYS_STAT_H
| # include <sys/stat.h>
| #endif
| #ifdef STDC_HEADERS
| # include <stdlib.h>
| # include <stddef.h>
| #else
| # ifdef HAVE_STDLIB_H
| #  include <stdlib.h>
| # endif
| #endif
| #ifdef HAVE_STRING_H
| # if !defined STDC_HEADERS && defined HAVE_MEMORY_H
| #  include <memory.h>
| # endif
| # include <string.h>
| #endif
| #ifdef HAVE_STRINGS_H
| # include <strings.h>
| #endif
| #ifdef HAVE_INTTYPES_H
| # include <inttypes.h>
| #endif
| #ifdef HAVE_STDINT_H
| # include <stdint.h>
| #endif
| #ifdef HAVE_UNISTD_H
| # include <unistd.h>
| #endif
| 
| #include <unistd.h>
configure:7656: result: no
configure:7672: checking size of long double
configure:7677: /home6/daewon2/Release/glibc/SP/SP_Linux/LP_Linux_Prj/REL/VDLinux.3.x.2012/toolchain/src/arm-mips-src-20121018/scripts/arm-v7a15v3r1/bin/arm-v7a15v3r1-linux-gnueabi-gcc -c -g -O2 -fno-unwind-tables  conftest.c >&5
conftest.c:25:19: fatal error: stdio.h: No such file or directory
compilation terminated.
configure:7677: $? = 1
configure: failed program was:
| /* confdefs.h */
| #define PACKAGE_NAME "GNU C Library"
| #define PACKAGE_TARNAME "c-library"
| #define PACKAGE_VERSION "(see version.h)"
| #define PACKAGE_STRING "GNU C Library (see version.h)"
| #define PACKAGE_BUGREPORT "glibc"
| #define PACKAGE_URL "http://www.gnu.org/software/c-library/"
| #define PKGVERSION "(EGLIBC) "
| #define REPORT_BUGS_TO "<http://www.eglibc.org/issues/>"
| #define ASM_GLOBAL_DIRECTIVE .globl
| #define ASM_TYPE_DIRECTIVE_PREFIX %
| #define HAVE_ASM_SET_DIRECTIVE 1
| #define HAVE_ASM_UNIQUE_OBJECT 1
| #define DO_VERSIONING 1
| #define HAVE_ASM_PREVIOUS_DIRECTIVE 1
| #define HAVE_Z_COMBRELOC 1
| #define NO_UNDERSCORES 1
| #define HAVE_ASM_WEAK_DIRECTIVE 1
| #define HAVE_ASM_CFI_DIRECTIVES 1
| #define HAVE_BUILTIN_EXPECT 1
| #define HAVE_BUILTIN_REDIRECTION 1
| #define HAVE___THREAD 1
| #define HAVE_TLS_MODEL_ATTRIBUTE 1
| /* end confdefs.h.  */
| #include <stdio.h>
| #ifdef HAVE_SYS_TYPES_H
| # include <sys/types.h>
| #endif
| #ifdef HAVE_SYS_STAT_H
| # include <sys/stat.h>
| #endif
| #ifdef STDC_HEADERS
| # include <stdlib.h>
| # include <stddef.h>
| #else
| # ifdef HAVE_STDLIB_H
| #  include <stdlib.h>
| # endif
| #endif
| #ifdef HAVE_STRING_H
| # if !defined STDC_HEADERS && defined HAVE_MEMORY_H
| #  include <memory.h>
| # endif
| # include <string.h>
| #endif
| #ifdef HAVE_STRINGS_H
| # include <strings.h>
| #endif
| #ifdef HAVE_INTTYPES_H
| # include <inttypes.h>
| #endif
| #ifdef HAVE_STDINT_H
| # include <stdint.h>
| #endif
| #ifdef HAVE_UNISTD_H
| # include <unistd.h>
| #endif
| int
| main ()
| {
| static int test_array [1 - 2 * !(((long int) (sizeof (long double))) >= 0)];
| test_array [0] = 0
| 
|   ;
|   return 0;
| }
configure:7677: /home6/daewon2/Release/glibc/SP/SP_Linux/LP_Linux_Prj/REL/VDLinux.3.x.2012/toolchain/src/arm-mips-src-20121018/scripts/arm-v7a15v3r1/bin/arm-v7a15v3r1-linux-gnueabi-gcc -c -g -O2 -fno-unwind-tables  conftest.c >&5
conftest.c:25:19: fatal error: stdio.h: No such file or directory
compilation terminated.
configure:7677: $? = 1
configure: failed program was:
| /* confdefs.h */
| #define PACKAGE_NAME "GNU C Library"
| #define PACKAGE_TARNAME "c-library"
| #define PACKAGE_VERSION "(see version.h)"
| #define PACKAGE_STRING "GNU C Library (see version.h)"
| #define PACKAGE_BUGREPORT "glibc"
| #define PACKAGE_URL "http://www.gnu.org/software/c-library/"
| #define PKGVERSION "(EGLIBC) "
| #define REPORT_BUGS_TO "<http://www.eglibc.org/issues/>"
| #define ASM_GLOBAL_DIRECTIVE .globl
| #define ASM_TYPE_DIRECTIVE_PREFIX %
| #define HAVE_ASM_SET_DIRECTIVE 1
| #define HAVE_ASM_UNIQUE_OBJECT 1
| #define DO_VERSIONING 1
| #define HAVE_ASM_PREVIOUS_DIRECTIVE 1
| #define HAVE_Z_COMBRELOC 1
| #define NO_UNDERSCORES 1
| #define HAVE_ASM_WEAK_DIRECTIVE 1
| #define HAVE_ASM_CFI_DIRECTIVES 1
| #define HAVE_BUILTIN_EXPECT 1
| #define HAVE_BUILTIN_REDIRECTION 1
| #define HAVE___THREAD 1
| #define HAVE_TLS_MODEL_ATTRIBUTE 1
| /* end confdefs.h.  */
| #include <stdio.h>
| #ifdef HAVE_SYS_TYPES_H
| # include <sys/types.h>
| #endif
| #ifdef HAVE_SYS_STAT_H
| # include <sys/stat.h>
| #endif
| #ifdef STDC_HEADERS
| # include <stdlib.h>
| # include <stddef.h>
| #else
| # ifdef HAVE_STDLIB_H
| #  include <stdlib.h>
| # endif
| #endif
| #ifdef HAVE_STRING_H
| # if !defined STDC_HEADERS && defined HAVE_MEMORY_H
| #  include <memory.h>
| # endif
| # include <string.h>
| #endif
| #ifdef HAVE_STRINGS_H
| # include <strings.h>
| #endif
| #ifdef HAVE_INTTYPES_H
| # include <inttypes.h>
| #endif
| #ifdef HAVE_STDINT_H
| # include <stdint.h>
| #endif
| #ifdef HAVE_UNISTD_H
| # include <unistd.h>
| #endif
| int
| main ()
| {
| static int test_array [1 - 2 * !(((long int) (sizeof (long double))) < 0)];
| test_array [0] = 0
| 
|   ;
|   return 0;
| }
configure:7691: result: 0
configure:7722: result: running configure fragment for ports/sysdeps/arm/elf
configure:89: checking for ARM TLS support
configure:106: /home6/daewon2/Release/glibc/SP/SP_Linux/LP_Linux_Prj/REL/VDLinux.3.x.2012/toolchain/src/arm-mips-src-20121018/scripts/arm-v7a15v3r1/bin/arm-v7a15v3r1-linux-gnueabi-gcc -c -g -O2 -fno-unwind-tables conftest.s 1>&5
configure:109: $? = 0
configure:117: result: yes
configure:7722: result: running configure fragment for ports/sysdeps/unix/sysv/linux/arm/eabi/nptl
configure:7722: result: running configure fragment for ports/sysdeps/unix/sysv/linux/arm/eabi
configure:7722: result: running configure fragment for nptl/sysdeps/pthread
configure:7722: result: running configure fragment for sysdeps/pthread
configure:7722: result: running configure fragment for sysdeps/unix/sysv/linux
configure:113: checking for grep that handles long lines and -e
configure:171: result: /bin/grep
configure:176: checking for egrep
configure:238: result: /bin/grep -E
configure:243: checking installed Linux kernel header files
configure:264: result: 2.0.10 or later
configure:359: checking for kernel header at least 2.6.16
configure:378: result: ok
configure:7722: result: running configure fragment for ports/sysdeps/arm
configure:86: checking whether the CFI directive .cfi_sections is supported
configure:98: /home6/daewon2/Release/glibc/SP/SP_Linux/LP_Linux_Prj/REL/VDLinux.3.x.2012/toolchain/src/arm-mips-src-20121018/scripts/arm-v7a15v3r1/bin/arm-v7a15v3r1-linux-gnueabi-gcc  -c conftest.s 1>&5
configure:101: $? = 0
configure:109: result: yes
configure:7739: checking for old glibc 2.0.x headers
configure:7747: result: no
configure:7788: checking whether -fPIC is default
configure:7804: result: no
configure:7947: creating ./config.status

## ---------------- ##
## Cache variables. ##
## ---------------- ##

ac_cv_build=x86_64-pc-linux-gnu
ac_cv_c_compiler_gnu=yes
ac_cv_cxx_compiler_gnu=no
ac_cv_env_CCC_set=
ac_cv_env_CCC_value=
ac_cv_env_CC_set=set
ac_cv_env_CC_value=/home6/daewon2/Release/glibc/SP/SP_Linux/LP_Linux_Prj/REL/VDLinux.3.x.2012/toolchain/src/arm-mips-src-20121018/scripts/arm-v7a15v3r1/bin/arm-v7a15v3r1-linux-gnueabi-gcc
ac_cv_env_CFLAGS_set=set
ac_cv_env_CFLAGS_value='-g -O2'
ac_cv_env_CPPFLAGS_set=
ac_cv_env_CPPFLAGS_value=
ac_cv_env_CPP_set=
ac_cv_env_CPP_value=
ac_cv_env_CXXFLAGS_set=
ac_cv_env_CXXFLAGS_value=
ac_cv_env_CXX_set=set
ac_cv_env_CXX_value=/home6/daewon2/Release/glibc/SP/SP_Linux/LP_Linux_Prj/REL/VDLinux.3.x.2012/toolchain/src/arm-mips-src-20121018/scripts/arm-v7a15v3r1/bin/arm-v7a15v3r1-linux-gnueabi-g++
ac_cv_env_LDFLAGS_set=
ac_cv_env_LDFLAGS_value=
ac_cv_env_LIBS_set=
ac_cv_env_LIBS_value=
ac_cv_env_build_alias_set=set
ac_cv_env_build_alias_value=x86_64-pc-linux-gnu
ac_cv_env_host_alias_set=set
ac_cv_env_host_alias_value=arm-v7a15v3r1-linux-gnueabi
ac_cv_env_target_alias_set=
ac_cv_env_target_alias_value=
ac_cv_header_inttypes_h=no
ac_cv_header_memory_h=no
ac_cv_header_stdc=no
ac_cv_header_stdint_h=no
ac_cv_header_stdlib_h=no
ac_cv_header_string_h=no
ac_cv_header_strings_h=no
ac_cv_header_sys_stat_h=no
ac_cv_header_sys_types_h=no
ac_cv_header_unistd_h=no
ac_cv_host=arm-v7a15v3r1-linux-gnueabi
ac_cv_lib_selinux_is_selinux_enabled=no
ac_cv_objext=o
ac_cv_path_BASH_SHELL=/bin/bash
ac_cv_path_BISON=/usr/bin/bison
ac_cv_path_EGREP='/bin/grep -E'
ac_cv_path_GREP=/bin/grep
ac_cv_path_INSTALL_INFO=/usr/sbin/install-info
ac_cv_path_PERL=/usr/bin/perl
ac_cv_path_PWD_P=/bin/pwd
ac_cv_path_install='/usr/bin/install -c'
ac_cv_prog_AS=/home6/daewon2/Release/glibc/SP/SP_Linux/LP_Linux_Prj/REL/VDLinux.3.x.2012/toolchain/src/arm-mips-src-20121018/scripts/arm-v7a15v3r1/lib/gcc/arm-v7a15v3r1-linux-gnueabi/4.6.4/../../../../arm-v7a15v3r1-linux-gnueabi/bin/as
ac_cv_prog_AUTOCONF=autoconf
ac_cv_prog_AWK=gawk
ac_cv_prog_BUILD_CC=gcc
ac_cv_prog_CC=/home6/daewon2/Release/glibc/SP/SP_Linux/LP_Linux_Prj/REL/VDLinux.3.x.2012/toolchain/src/arm-mips-src-20121018/scripts/arm-v7a15v3r1/bin/arm-v7a15v3r1-linux-gnueabi-gcc
ac_cv_prog_CPP='/home6/daewon2/Release/glibc/SP/SP_Linux/LP_Linux_Prj/REL/VDLinux.3.x.2012/toolchain/src/arm-mips-src-20121018/scripts/arm-v7a15v3r1/bin/arm-v7a15v3r1-linux-gnueabi-gcc -E'
ac_cv_prog_LD=/home6/daewon2/Release/glibc/SP/SP_Linux/LP_Linux_Prj/REL/VDLinux.3.x.2012/toolchain/src/arm-mips-src-20121018/scripts/arm-v7a15v3r1/lib/gcc/arm-v7a15v3r1-linux-gnueabi/4.6.4/../../../../arm-v7a15v3r1-linux-gnueabi/bin/ld
ac_cv_prog_MAKE=make
ac_cv_prog_MAKEINFO=makeinfo
ac_cv_prog_SED=sed
ac_cv_prog_cc_c89=no
ac_cv_prog_cc_g=yes
ac_cv_prog_cxx_g=no
ac_cv_sizeof_long_double=0
libc_cv_Bgroup=yes
libc_cv_arm_tls=yes
libc_cv_as_needed=no
libc_cv_as_noexecstack=yes
libc_cv_asm_cfi_directive_sections=yes
libc_cv_asm_cfi_directives=yes
libc_cv_asm_global_directive=.globl
libc_cv_asm_gnu_indirect_function=yes
libc_cv_asm_previous_directive=yes
libc_cv_asm_protected_directive=yes
libc_cv_asm_set_directive=yes
libc_cv_asm_symver_directive=yes
libc_cv_asm_type_prefix=%
libc_cv_asm_underscores=no
libc_cv_asm_unique_object=yes
libc_cv_asm_weak_directive=yes
libc_cv_autoconf_works=yes
libc_cv_broken_alias_attribute=no
libc_cv_broken_visibility_attribute=no
libc_cv_c_cleanup=yes
libc_cv_cc_with_libunwind=no
libc_cv_dot_text=.text
libc_cv_fno_toplevel_reorder=yes
libc_cv_forced_unwind=yes
libc_cv_fpie=yes
libc_cv_friendly_stddef=yes
libc_cv_gcc___thread=yes
libc_cv_gcc_builtin_expect=yes
libc_cv_gcc_builtin_memset=no
libc_cv_gcc_builtin_redirection=yes
libc_cv_gcc_exceptions=yes
libc_cv_gcc_static_libgcc=-static-libgcc
libc_cv_gcc_tls_model_attr=yes
libc_cv_gcc_unwind_find_fde=no
libc_cv_gnu89_inline=yes
libc_cv_hashstyle=yes
libc_cv_have_bash2=yes
libc_cv_have_ksh=yes
libc_cv_have_sdata_section=no
libc_cv_have_section_quotes=no
libc_cv_idn=no
libc_cv_initfini_array=yes
libc_cv_ld_no_whole_archive=yes
libc_cv_ld_version_script_option=yes
libc_cv_libgcc_s_suffix=
libc_cv_linux2010='2.0.10 or later'
libc_cv_need_minus_P=no
libc_cv_nss_crypt=no
libc_cv_pic_default=no
libc_cv_prog_as_gnu=yes
libc_cv_prog_ld_gnu=yes
libc_cv_rootsbindir=/sbin
libc_cv_signed_size_t=no
libc_cv_slibdir=/lib
libc_cv_ssp=yes
libc_cv_sysconfdir=/etc
libc_cv_visibility_attribute=yes
libc_cv_weak_symbols=yes
libc_cv_z_combreloc=yes
libc_cv_z_execstack=yes
libc_cv_z_initfirst=yes
libc_cv_z_nodelete=yes
libc_cv_z_nodlopen=yes

## ----------------- ##
## Output variables. ##
## ----------------- ##

AR='/home6/daewon2/Release/glibc/SP/SP_Linux/LP_Linux_Prj/REL/VDLinux.3.x.2012/toolchain/src/arm-mips-src-20121018/scripts/arm-v7a15v3r1/lib/gcc/arm-v7a15v3r1-linux-gnueabi/4.6.4/../../../../arm-v7a15v3r1-linux-gnueabi/bin/ar'
AS='/home6/daewon2/Release/glibc/SP/SP_Linux/LP_Linux_Prj/REL/VDLinux.3.x.2012/toolchain/src/arm-mips-src-20121018/scripts/arm-v7a15v3r1/lib/gcc/arm-v7a15v3r1-linux-gnueabi/4.6.4/../../../../arm-v7a15v3r1-linux-gnueabi/bin/as'
ASFLAGS_config=' -Wa,--noexecstack'
AUTOCONF='autoconf'
AWK='gawk'
BASH_SHELL='/bin/bash'
BISON='/usr/bin/bison'
BUILD_CC='gcc'
CC='/home6/daewon2/Release/glibc/SP/SP_Linux/LP_Linux_Prj/REL/VDLinux.3.x.2012/toolchain/src/arm-mips-src-20121018/scripts/arm-v7a15v3r1/bin/arm-v7a15v3r1-linux-gnueabi-gcc'
CFLAGS='-g -O2'
CPP='/home6/daewon2/Release/glibc/SP/SP_Linux/LP_Linux_Prj/REL/VDLinux.3.x.2012/toolchain/src/arm-mips-src-20121018/scripts/arm-v7a15v3r1/bin/arm-v7a15v3r1-linux-gnueabi-gcc -E'
CPPFLAGS=''
CXX='/home6/daewon2/Release/glibc/SP/SP_Linux/LP_Linux_Prj/REL/VDLinux.3.x.2012/toolchain/src/arm-mips-src-20121018/scripts/arm-v7a15v3r1/bin/arm-v7a15v3r1-linux-gnueabi-g++'
CXXFLAGS=''
CXX_SYSINCLUDES=''
DEFINES=' -D_LIBC_REENTRANT'
DEFS='-DHAVE_CONFIG_H'
ECHO_C=''
ECHO_N='-n'
ECHO_T=''
EGREP='/bin/grep -E'
GREP='/bin/grep'
INSTALL_DATA='${INSTALL} -m 644'
INSTALL_INFO='/usr/sbin/install-info'
INSTALL_PROGRAM='${INSTALL}'
INSTALL_SCRIPT='${INSTALL}'
KSH='/bin/bash'
LD='/home6/daewon2/Release/glibc/SP/SP_Linux/LP_Linux_Prj/REL/VDLinux.3.x.2012/toolchain/src/arm-mips-src-20121018/scripts/arm-v7a15v3r1/lib/gcc/arm-v7a15v3r1-linux-gnueabi/4.6.4/../../../../arm-v7a15v3r1-linux-gnueabi/bin/ld'
LDFLAGS=''
LIBGD='no'
LIBOBJS=''
LIBS=''
LN_S='ln -s'
LTLIBOBJS=''
MAKE='make'
MAKEINFO='makeinfo'
MIG=''
MSGFMT=':'
NM='/home6/daewon2/Release/glibc/SP/SP_Linux/LP_Linux_Prj/REL/VDLinux.3.x.2012/toolchain/src/arm-mips-src-20121018/scripts/arm-v7a15v3r1/lib/gcc/arm-v7a15v3r1-linux-gnueabi/4.6.4/../../../../arm-v7a15v3r1-linux-gnueabi/bin/nm'
OBJDUMP='/home6/daewon2/Release/glibc/SP/SP_Linux/LP_Linux_Prj/REL/VDLinux.3.x.2012/toolchain/src/arm-mips-src-20121018/scripts/arm-v7a15v3r1/lib/gcc/arm-v7a15v3r1-linux-gnueabi/4.6.4/../../../../arm-v7a15v3r1-linux-gnueabi/bin/objdump'
OBJEXT='o'
PACKAGE_BUGREPORT='glibc'
PACKAGE_NAME='GNU C Library'
PACKAGE_STRING='GNU C Library (see version.h)'
PACKAGE_TARNAME='c-library'
PACKAGE_URL='http://www.gnu.org/software/c-library/'
PACKAGE_VERSION='(see version.h)'
PATH_SEPARATOR=':'
PERL='/usr/bin/perl'
PKGVERSION='(EGLIBC) '
PWD_P='/bin/pwd'
RELEASE='stable'
REPORT_BUGS_TEXI='@uref{http://www.eglibc.org/issues/}'
REPORT_BUGS_TO='<http://www.eglibc.org/issues/>'
SED='sed'
SHELL='/bin/sh'
SYSINCLUDES='-nostdinc -isystem /home6/daewon2/Release/glibc/SP/SP_Linux/LP_Linux_Prj/REL/VDLinux.3.x.2012/toolchain/src/arm-mips-src-20121018/scripts/arm-v7a15v3r1/lib/gcc/arm-v7a15v3r1-linux-gnueabi/4.6.4/include -isystem /home6/daewon2/Release/glibc/SP/SP_Linux/LP_Linux_Prj/REL/VDLinux.3.x.2012/toolchain/src/arm-mips-src-20121018/scripts/arm-v7a15v3r1/lib/gcc/arm-v7a15v3r1-linux-gnueabi/4.6.4/include-fixed -isystem /home6/daewon2/Release/glibc/SP/SP_Linux/LP_Linux_Prj/REL/VDLinux.3.x.2012/toolchain/src/arm-mips-src-20121018/scripts/arm-v7a15v3r1/arm-v7a15v3r1-linux-gnueabi/sys-root/./usr/include'
VERSION='2.14.1'
VERSIONING='yes'
ac_ct_CC=''
ac_ct_CXX=''
add_on_subdirs=''
add_ons='ports nptl'
all_warnings=''
base_machine='arm'
bindir='${exec_prefix}/bin'
bindnow='no'
bounded='no'
build='x86_64-pc-linux-gnu'
build_alias='x86_64-pc-linux-gnu'
build_cpu='x86_64'
build_os='linux-gnu'
build_vendor='pc'
cross_compiling='yes'
datadir='${datarootdir}'
datarootdir='${prefix}/share'
docdir='${datarootdir}/doc/${PACKAGE_TARNAME}'
dvidir='${docdir}'
elf='yes'
enable_check_abi='no'
exceptions='-fexceptions'
exec_prefix='${prefix}'
experimental_malloc=''
fno_unit_at_a_time='-fno-toplevel-reorder -fno-section-anchors'
force_install='yes'
gnu89_inline='-fgnu89-inline'
have_libaudit=''
have_libcap=''
have_selinux='no'
host='arm-v7a15v3r1-linux-gnueabi'
host_alias='arm-v7a15v3r1-linux-gnueabi'
host_cpu='arm'
host_os='linux-gnueabi'
host_vendor='v7a15v3r1'
htmldir='${docdir}'
includedir='${prefix}/include'
infodir='${datarootdir}/info'
ldd_rewrite_script='no'
libc_cv_Bgroup='yes'
libc_cv_as_i686=''
libc_cv_as_needed='no'
libc_cv_cc_avx=''
libc_cv_cc_novzeroupper=''
libc_cv_cc_sse4=''
libc_cv_cc_submachine=''
libc_cv_cc_with_libunwind='no'
libc_cv_cpp_asm_debuginfo=''
libc_cv_forced_unwind='yes'
libc_cv_fpie='yes'
libc_cv_gcc_static_libgcc='-static-libgcc'
libc_cv_gcc_unwind_find_fde='no'
libc_cv_hashstyle='yes'
libc_cv_have_bash2='yes'
libc_cv_have_initfini=''
libc_cv_have_ksh='yes'
libc_cv_libgcc_s_suffix=''
libc_cv_localedir=''
libc_cv_nss_crypt='no'
libc_cv_pic_default='no'
libc_cv_rootsbindir='/sbin'
libc_cv_slibdir='/lib'
libc_cv_ssp='yes'
libc_cv_sysconfdir='/etc'
libc_cv_z_combreloc='yes'
libc_cv_z_execstack='yes'
libdir='${exec_prefix}/lib'
libexecdir='${exec_prefix}/libexec'
localedir='${datarootdir}/locale'
localstatedir='${prefix}/var'
mach_interface_list=''
mandir='${datarootdir}/man'
multi_arch='no'
no_whole_archive='-Wl,--no-whole-archive'
nopic_initfini=''
old_glibc_headers='no'
oldest_abi='default'
oldincludedir='/usr/include'
omitfp='no'
pdfdir='${docdir}'
prefix='/usr'
profile='no'
program_transform_name='s,x,x,'
psdir='${docdir}'
sbindir='${exec_prefix}/sbin'
shared='yes'
sharedstatedir='${prefix}/com'
sizeof_long_double='0'
static='yes'
static_nss='no'
subdirs='  '
submachine=''
sysconfdir='${prefix}/etc'
sysdeps_add_ons=' ports nptl'
sysnames=' ports/sysdeps/arm/elf ports/sysdeps/unix/sysv/linux/arm/eabi/nptl ports/sysdeps/unix/sysv/linux/arm/eabi ports/sysdeps/unix/sysv/linux/arm/nptl ports/sysdeps/unix/sysv/linux/arm ports/sysdeps/unix/sysv/linux nptl/sysdeps/unix/sysv/linux nptl/sysdeps/pthread sysdeps/pthread sysdeps/unix/sysv/linux sysdeps/gnu sysdeps/unix/common sysdeps/unix/mman sysdeps/unix/inet ports/sysdeps/unix/sysv nptl/sysdeps/unix/sysv sysdeps/unix/sysv ports/sysdeps/unix/arm ports/sysdeps/unix nptl/sysdeps/unix sysdeps/unix sysdeps/posix ports/sysdeps/arm/eabi ports/sysdeps/arm/fpu ports/sysdeps/arm/nptl ports/sysdeps/arm sysdeps/wordsize-32 sysdeps/ieee754/flt-32 sysdeps/ieee754/dbl-64 sysdeps/ieee754 sysdeps/generic/elf sysdeps/generic'
target_alias=''
use_ldconfig='yes'
with_cvs='no'
with_fp='yes'
xcoff='no'

## ----------- ##
## confdefs.h. ##
## ----------- ##

/* confdefs.h */
#define PACKAGE_NAME "GNU C Library"
#define PACKAGE_TARNAME "c-library"
#define PACKAGE_VERSION "(see version.h)"
#define PACKAGE_STRING "GNU C Library (see version.h)"
#define PACKAGE_BUGREPORT "glibc"
#define PACKAGE_URL "http://www.gnu.org/software/c-library/"
#define PKGVERSION "(EGLIBC) "
#define REPORT_BUGS_TO "<http://www.eglibc.org/issues/>"
#define ASM_GLOBAL_DIRECTIVE .globl
#define ASM_TYPE_DIRECTIVE_PREFIX %
#define HAVE_ASM_SET_DIRECTIVE 1
#define HAVE_ASM_UNIQUE_OBJECT 1
#define DO_VERSIONING 1
#define HAVE_ASM_PREVIOUS_DIRECTIVE 1
#define HAVE_Z_COMBRELOC 1
#define NO_UNDERSCORES 1
#define HAVE_ASM_WEAK_DIRECTIVE 1
#define HAVE_ASM_CFI_DIRECTIVES 1
#define HAVE_BUILTIN_EXPECT 1
#define HAVE_BUILTIN_REDIRECTION 1
#define HAVE___THREAD 1
#define HAVE_TLS_MODEL_ATTRIBUTE 1
#define SIZEOF_LONG_DOUBLE 0
#define HAVE_TLS_SUPPORT 1
#define HAVE_FORCED_UNWIND 1
#define __LINUX_KERNEL_VERSION (2 * 65536 + 6 * 256 + 16)
#define __ABI_TAG_VERSION 2,6,16
#define HAVE_INLINED_SYSCALLS 1
#define USE_IN_LIBIO 1
#define HAVE_ELF 1

configure: exit 0

## ---------------------- ##
## Running config.status. ##
## ---------------------- ##

This file was extended by GNU C Library config.status (see version.h), which was
generated by GNU Autoconf 2.68.  Invocation command line was

  CONFIG_FILES    = 
  CONFIG_HEADERS  = 
  CONFIG_LINKS    = 
  CONFIG_COMMANDS = 
  $ config.status 

on vdbs1218

config.status:964: creating config.make
config.status:964: creating Makefile
config.status:964: creating config.h
config.status:1124: config.h is unchanged
config.status:1138: executing default commands
