This file contains any messages produced by compilers while
running configure, to aid debugging if configure makes a mistake.

It was created by the Parma Watchdog Library configure 0.8, which was
generated by GNU Autoconf 2.68.  Invocation command line was

  $ /home6/daewon2/Release/glibc/SP/SP_Linux/LP_Linux_Prj/REL/VDLinux.3.x.2012/toolchain/src/arm-mips-src-20121018/build.arm.cortex-a15/sources/ppl/Watchdog/configure --disable-option-checking --prefix=/home6/daewon2/Release/glibc/SP/SP_Linux/LP_Linux_Prj/REL/VDLinux.3.x.2012/toolchain/src/arm-mips-src-20121018/scripts/arm-v7a15v3r1 --disable-shared --disable-watchdog --enable-static --disable-nls --with-gmp=/home6/daewon2/Release/glibc/SP/SP_Linux/LP_Linux_Prj/REL/VDLinux.3.x.2012/toolchain/src/arm-mips-src-20121018/scripts/arm-v7a15v3r1 CPPFLAGS=-I/home6/daewon2/Release/glibc/SP/SP_Linux/LP_Linux_Prj/REL/VDLinux.3.x.2012/toolchain/src/arm-mips-src-20121018/scripts/arm-v7a15v3r1/include LDFLAGS=-L/home6/daewon2/Release/glibc/SP/SP_Linux/LP_Linux_Prj/REL/VDLinux.3.x.2012/toolchain/src/arm-mips-src-20121018/scripts/arm-v7a15v3r1/lib --cache-file=/dev/null --srcdir=/home6/daewon2/Release/glibc/SP/SP_Linux/LP_Linux_Prj/REL/VDLinux.3.x.2012/toolchain/src/arm-mips-src-20121018/build.arm.cortex-a15/sources/ppl/Watchdog

## --------- ##
## Platform. ##
## --------- ##

hostname = vdbs1218
uname -m = x86_64
uname -r = 2.6.32-38-generic
uname -s = Linux
uname -v = #83-Ubuntu SMP Wed Jan 4 11:12:07 UTC 2012

/usr/bin/uname -p = unknown
/bin/uname -X     = unknown

/bin/arch              = unknown
/usr/bin/arch -k       = unknown
/usr/convex/getsysinfo = unknown
/usr/bin/hostinfo      = unknown
/bin/machine           = unknown
/usr/bin/oslevel       = unknown
/bin/universe          = unknown

PATH: /home6/daewon2/bin
PATH: /usr/local/iconv/bin
PATH: /opt/mipsel-34kv3r1-20121018/bin
PATH: /opt/mipsel-24kv3r1-20121018/bin
PATH: /opt/arm-v7a8v3r1-20121018/bin
PATH: /opt/arm-v7a15v3r1-20121018/bin/
PATH: /opt/VDLinux-ARMv7-4.6-v3r0-20120319/bin
PATH: /opt/VDLinux-ARMv7-4.4-202-toolchain-v2r2-20110630/bin
PATH: /usr/local/java/jdk1.6.0_29/bin
PATH: /usr/local/sbin
PATH: /usr/local/bin
PATH: /usr/sbin
PATH: /usr/bin
PATH: /sbin
PATH: /bin
PATH: /usr/games
PATH: /usr/p4bin/bin
PATH: /home6/daewon2/busybox_test/Busybox/arm-v7a15v3r1-20121003/bin
PATH: /home6/daewon2/busybox_test/Busybox/arm-v7a8v3r1-20121003/bin
PATH: /home6/daewon2/busybox_test/Busybox/mipsel-24kv3r1-20121003/bin
PATH: /home6/daewon2/busybox_test/Busybox/mipsel-34kv3r1-20121003/bin
PATH: /home6/daewon2/20121114/arm-v7a15v3r1-20121114/bin
PATH: /home6/daewon2/20121114/mipsel-34kv3r1-20121114/bin


## ----------- ##
## Core tests. ##
## ----------- ##

configure:2491: checking build system type
configure:2505: result: x86_64-unknown-linux-gnu
configure:2525: checking host system type
configure:2538: result: x86_64-unknown-linux-gnu
configure:2576: checking for a BSD-compatible install
configure:2644: result: /usr/bin/install -c
configure:2655: checking whether build environment is sane
configure:2705: result: yes
configure:2846: checking for a thread-safe mkdir -p
configure:2885: result: /bin/mkdir -p
configure:2898: checking for gawk
configure:2914: found /usr/bin/gawk
configure:2925: result: gawk
configure:2936: checking whether make sets $(MAKE)
configure:2958: result: yes
configure:2987: checking whether make supports nested variables
configure:3004: result: yes
configure:3151: checking for gcc
configure:3167: found /usr/bin/gcc
configure:3178: result: gcc
configure:3407: checking for C compiler version
configure:3416: gcc --version >&5
gcc (Ubuntu 4.4.3-4ubuntu5.1) 4.4.3
Copyright (C) 2009 Free Software Foundation, Inc.
This is free software; see the source for copying conditions.  There is NO
warranty; not even for MERCHANTABILITY or FITNESS FOR A PARTICULAR PURPOSE.

configure:3427: $? = 0
configure:3416: gcc -v >&5
Using built-in specs.
Target: x86_64-linux-gnu
Configured with: ../src/configure -v --with-pkgversion='Ubuntu 4.4.3-4ubuntu5.1' --with-bugurl=file:///usr/share/doc/gcc-4.4/README.Bugs --enable-languages=c,c++,fortran,objc,obj-c++ --prefix=/usr --enable-shared --enable-multiarch --enable-linker-build-id --with-system-zlib --libexecdir=/usr/lib --without-included-gettext --enable-threads=posix --with-gxx-include-dir=/usr/include/c++/4.4 --program-suffix=-4.4 --enable-nls --enable-clocale=gnu --enable-libstdcxx-debug --enable-plugin --enable-objc-gc --disable-werror --with-arch-32=i486 --with-tune=generic --enable-checking=release --build=x86_64-linux-gnu --host=x86_64-linux-gnu --target=x86_64-linux-gnu
Thread model: posix
gcc version 4.4.3 (Ubuntu 4.4.3-4ubuntu5.1) 
configure:3427: $? = 0
configure:3416: gcc -V >&5
gcc: '-V' option must have argument
configure:3427: $? = 1
configure:3416: gcc -qversion >&5
gcc: unrecognized option '-qversion'
gcc: no input files
configure:3427: $? = 1
configure:3447: checking whether the C compiler works
configure:3469: gcc  -I/home6/daewon2/Release/glibc/SP/SP_Linux/LP_Linux_Prj/REL/VDLinux.3.x.2012/toolchain/src/arm-mips-src-20121018/scripts/arm-v7a15v3r1/include -L/home6/daewon2/Release/glibc/SP/SP_Linux/LP_Linux_Prj/REL/VDLinux.3.x.2012/toolchain/src/arm-mips-src-20121018/scripts/arm-v7a15v3r1/lib conftest.c  >&5
configure:3473: $? = 0
configure:3521: result: yes
configure:3524: checking for C compiler default output file name
configure:3526: result: a.out
configure:3532: checking for suffix of executables
configure:3539: gcc -o conftest  -I/home6/daewon2/Release/glibc/SP/SP_Linux/LP_Linux_Prj/REL/VDLinux.3.x.2012/toolchain/src/arm-mips-src-20121018/scripts/arm-v7a15v3r1/include -L/home6/daewon2/Release/glibc/SP/SP_Linux/LP_Linux_Prj/REL/VDLinux.3.x.2012/toolchain/src/arm-mips-src-20121018/scripts/arm-v7a15v3r1/lib conftest.c  >&5
configure:3543: $? = 0
configure:3565: result: 
configure:3587: checking whether we are cross compiling
configure:3595: gcc -o conftest  -I/home6/daewon2/Release/glibc/SP/SP_Linux/LP_Linux_Prj/REL/VDLinux.3.x.2012/toolchain/src/arm-mips-src-20121018/scripts/arm-v7a15v3r1/include -L/home6/daewon2/Release/glibc/SP/SP_Linux/LP_Linux_Prj/REL/VDLinux.3.x.2012/toolchain/src/arm-mips-src-20121018/scripts/arm-v7a15v3r1/lib conftest.c  >&5
configure:3599: $? = 0
configure:3606: ./conftest
configure:3610: $? = 0
configure:3625: result: no
configure:3630: checking for suffix of object files
configure:3652: gcc -c  -I/home6/daewon2/Release/glibc/SP/SP_Linux/LP_Linux_Prj/REL/VDLinux.3.x.2012/toolchain/src/arm-mips-src-20121018/scripts/arm-v7a15v3r1/include conftest.c >&5
configure:3656: $? = 0
configure:3677: result: o
configure:3681: checking whether we are using the GNU C compiler
configure:3700: gcc -c  -I/home6/daewon2/Release/glibc/SP/SP_Linux/LP_Linux_Prj/REL/VDLinux.3.x.2012/toolchain/src/arm-mips-src-20121018/scripts/arm-v7a15v3r1/include conftest.c >&5
configure:3700: $? = 0
configure:3709: result: yes
configure:3718: checking whether gcc accepts -g
configure:3738: gcc -c -g -I/home6/daewon2/Release/glibc/SP/SP_Linux/LP_Linux_Prj/REL/VDLinux.3.x.2012/toolchain/src/arm-mips-src-20121018/scripts/arm-v7a15v3r1/include conftest.c >&5
configure:3738: $? = 0
configure:3779: result: yes
configure:3796: checking for gcc option to accept ISO C89
configure:3860: gcc  -c -g -O2 -I/home6/daewon2/Release/glibc/SP/SP_Linux/LP_Linux_Prj/REL/VDLinux.3.x.2012/toolchain/src/arm-mips-src-20121018/scripts/arm-v7a15v3r1/include conftest.c >&5
configure:3860: $? = 0
configure:3873: result: none needed
configure:3904: checking for style of include used by make
configure:3932: result: GNU
configure:3958: checking dependency style of gcc
configure:4069: result: gcc3
configure:4098: checking whether we are actually using the Intel C compiler
configure:4115: gcc -c  -I/home6/daewon2/Release/glibc/SP/SP_Linux/LP_Linux_Prj/REL/VDLinux.3.x.2012/toolchain/src/arm-mips-src-20121018/scripts/arm-v7a15v3r1/include conftest.c >&5
conftest.c:11: error: expected '=', ',', ';', 'asm' or '__attribute__' before 'me'
configure:4115: $? = 1
configure: failed program was:
| /* confdefs.h */
| #define PACKAGE_NAME "the Parma Watchdog Library"
| #define PACKAGE_TARNAME "pwl"
| #define PACKAGE_VERSION "0.8"
| #define PACKAGE_STRING "the Parma Watchdog Library 0.8"
| #define PACKAGE_BUGREPORT "bagnara@cs.unipr.it"
| #define PACKAGE_URL ""
| /* end confdefs.h.  */
| 
| #ifndef __INTEL_COMPILER
| choke me
| #endif
| 
configure:4120: result: no
configure:4192: checking for g++
configure:4208: found /usr/bin/g++
configure:4219: result: g++
configure:4246: checking for C++ compiler version
configure:4255: g++ --version >&5
g++ (Ubuntu 4.4.3-4ubuntu5.1) 4.4.3
Copyright (C) 2009 Free Software Foundation, Inc.
This is free software; see the source for copying conditions.  There is NO
warranty; not even for MERCHANTABILITY or FITNESS FOR A PARTICULAR PURPOSE.

configure:4266: $? = 0
configure:4255: g++ -v >&5
Using built-in specs.
Target: x86_64-linux-gnu
Configured with: ../src/configure -v --with-pkgversion='Ubuntu 4.4.3-4ubuntu5.1' --with-bugurl=file:///usr/share/doc/gcc-4.4/README.Bugs --enable-languages=c,c++,fortran,objc,obj-c++ --prefix=/usr --enable-shared --enable-multiarch --enable-linker-build-id --with-system-zlib --libexecdir=/usr/lib --without-included-gettext --enable-threads=posix --with-gxx-include-dir=/usr/include/c++/4.4 --program-suffix=-4.4 --enable-nls --enable-clocale=gnu --enable-libstdcxx-debug --enable-plugin --enable-objc-gc --disable-werror --with-arch-32=i486 --with-tune=generic --enable-checking=release --build=x86_64-linux-gnu --host=x86_64-linux-gnu --target=x86_64-linux-gnu
Thread model: posix
gcc version 4.4.3 (Ubuntu 4.4.3-4ubuntu5.1) 
configure:4266: $? = 0
configure:4255: g++ -V >&5
g++: '-V' option must have argument
configure:4266: $? = 1
configure:4255: g++ -qversion >&5
g++: unrecognized option '-qversion'
g++: no input files
configure:4266: $? = 1
configure:4270: checking whether we are using the GNU C++ compiler
configure:4289: g++ -c  -I/home6/daewon2/Release/glibc/SP/SP_Linux/LP_Linux_Prj/REL/VDLinux.3.x.2012/toolchain/src/arm-mips-src-20121018/scripts/arm-v7a15v3r1/include conftest.cpp >&5
configure:4289: $? = 0
configure:4298: result: yes
configure:4307: checking whether g++ accepts -g
configure:4327: g++ -c -g -I/home6/daewon2/Release/glibc/SP/SP_Linux/LP_Linux_Prj/REL/VDLinux.3.x.2012/toolchain/src/arm-mips-src-20121018/scripts/arm-v7a15v3r1/include conftest.cpp >&5
configure:4327: $? = 0
configure:4368: result: yes
configure:4393: checking dependency style of g++
configure:4504: result: gcc3
configure:4524: checking whether we are actually using the Intel C++ compiler
configure:4541: g++ -c  -I/home6/daewon2/Release/glibc/SP/SP_Linux/LP_Linux_Prj/REL/VDLinux.3.x.2012/toolchain/src/arm-mips-src-20121018/scripts/arm-v7a15v3r1/include conftest.cpp >&5
conftest.cpp:11: error: 'choke' does not name a type
configure:4541: $? = 1
configure: failed program was:
| /* confdefs.h */
| #define PACKAGE_NAME "the Parma Watchdog Library"
| #define PACKAGE_TARNAME "pwl"
| #define PACKAGE_VERSION "0.8"
| #define PACKAGE_STRING "the Parma Watchdog Library 0.8"
| #define PACKAGE_BUGREPORT "bagnara@cs.unipr.it"
| #define PACKAGE_URL ""
| /* end confdefs.h.  */
| 
| #ifndef __INTEL_COMPILER
| choke me
| #endif
| 
configure:4546: result: no
configure:4559: checking for a sed that does not truncate output
configure:4623: result: /bin/sed
configure:4633: checking how to run the C++ preprocessor
configure:4660: g++ -E -I/home6/daewon2/Release/glibc/SP/SP_Linux/LP_Linux_Prj/REL/VDLinux.3.x.2012/toolchain/src/arm-mips-src-20121018/scripts/arm-v7a15v3r1/include conftest.cpp
configure:4660: $? = 0
configure:4674: g++ -E -I/home6/daewon2/Release/glibc/SP/SP_Linux/LP_Linux_Prj/REL/VDLinux.3.x.2012/toolchain/src/arm-mips-src-20121018/scripts/arm-v7a15v3r1/include conftest.cpp
conftest.cpp:9:28: error: ac_nonexistent.h: No such file or directory
configure:4674: $? = 1
configure: failed program was:
| /* confdefs.h */
| #define PACKAGE_NAME "the Parma Watchdog Library"
| #define PACKAGE_TARNAME "pwl"
| #define PACKAGE_VERSION "0.8"
| #define PACKAGE_STRING "the Parma Watchdog Library 0.8"
| #define PACKAGE_BUGREPORT "bagnara@cs.unipr.it"
| #define PACKAGE_URL ""
| /* end confdefs.h.  */
| #include <ac_nonexistent.h>
configure:4699: result: g++ -E
configure:4719: g++ -E -I/home6/daewon2/Release/glibc/SP/SP_Linux/LP_Linux_Prj/REL/VDLinux.3.x.2012/toolchain/src/arm-mips-src-20121018/scripts/arm-v7a15v3r1/include conftest.cpp
configure:4719: $? = 0
configure:4733: g++ -E -I/home6/daewon2/Release/glibc/SP/SP_Linux/LP_Linux_Prj/REL/VDLinux.3.x.2012/toolchain/src/arm-mips-src-20121018/scripts/arm-v7a15v3r1/include conftest.cpp
conftest.cpp:9:28: error: ac_nonexistent.h: No such file or directory
configure:4733: $? = 1
configure: failed program was:
| /* confdefs.h */
| #define PACKAGE_NAME "the Parma Watchdog Library"
| #define PACKAGE_TARNAME "pwl"
| #define PACKAGE_VERSION "0.8"
| #define PACKAGE_STRING "the Parma Watchdog Library 0.8"
| #define PACKAGE_BUGREPORT "bagnara@cs.unipr.it"
| #define PACKAGE_URL ""
| /* end confdefs.h.  */
| #include <ac_nonexistent.h>
configure:4761: checking whether make sets $(MAKE)
configure:4783: result: yes
configure:4825: checking for ld used by GCC
configure:4889: result: /usr/bin/ld
configure:4896: checking if the linker (/usr/bin/ld) is GNU ld
configure:4909: result: yes
configure:4916: checking for shared library run path origin
configure:4929: result: done
configure:4950: checking whether to compile with debug info
configure:4959: result: yes
configure:4973: checking whether to compile for profiling
configure:4988: result: no
configure:4997: checking whether to compile for test coverage
configure:5012: result: no
configure:5021: checking whether to enable checking of run-time assertions
configure:5034: result: no
configure:5048: checking whether to enable optimizations
configure:5075: result: standard
configure:5099: checking for which architecture to optimize
configure:5122: result: default
configure:5174: checking for perl
configure:5192: found /usr/bin/perl
configure:5205: result: /usr/bin/perl
configure:5230: checking for an ANSI C-conforming const
configure:5295: gcc -c  -g -O2  -I/home6/daewon2/Release/glibc/SP/SP_Linux/LP_Linux_Prj/REL/VDLinux.3.x.2012/toolchain/src/arm-mips-src-20121018/scripts/arm-v7a15v3r1/include conftest.c >&5
configure:5295: $? = 0
configure:5302: result: yes
configure:5320: checking whether tests should be run under Valgrind
configure:5376: result: no
configure:5394: checking whether to build the Parma Watchdog Library
configure:5412: result: no
configure:5840: checking how to print strings
configure:5867: result: printf
configure:5888: checking for a sed that does not truncate output
configure:5952: result: /bin/sed
configure:5970: checking for fgrep
configure:6032: result: /bin/fgrep
configure:6067: checking for ld used by gcc
configure:6134: result: /usr/bin/ld
configure:6141: checking if the linker (/usr/bin/ld) is GNU ld
configure:6156: result: yes
configure:6168: checking for BSD- or MS-compatible name lister (nm)
configure:6217: result: /usr/bin/nm -B
configure:6347: checking the name lister (/usr/bin/nm -B) interface
configure:6354: g++ -c  -g -O2  -I/home6/daewon2/Release/glibc/SP/SP_Linux/LP_Linux_Prj/REL/VDLinux.3.x.2012/toolchain/src/arm-mips-src-20121018/scripts/arm-v7a15v3r1/include conftest.cpp >&5
configure:6357: /usr/bin/nm -B "conftest.o"
configure:6360: output
0000000000000000 B some_variable
configure:6367: result: BSD nm
configure:6370: checking whether ln -s works
configure:6374: result: yes
configure:6382: checking the maximum length of command line arguments
configure:6507: result: 1572864
configure:6524: checking whether the shell understands some XSI constructs
configure:6534: result: yes
configure:6538: checking whether the shell understands "+="
configure:6544: result: yes
configure:6579: checking for /usr/bin/ld option to reload object files
configure:6586: result: -r
configure:6655: checking for objdump
configure:6671: found /usr/bin/objdump
configure:6682: result: objdump
configure:6714: checking how to recognize dependent libraries
configure:6916: result: pass_all
configure:6976: checking for ar
configure:6992: found /usr/bin/ar
configure:7003: result: ar
configure:7081: checking for strip
configure:7097: found /usr/bin/strip
configure:7108: result: strip
configure:7180: checking for ranlib
configure:7196: found /usr/bin/ranlib
configure:7207: result: ranlib
configure:7309: checking command to parse /usr/bin/nm -B output from gcc object
configure:7427: g++ -c  -g -O2  -I/home6/daewon2/Release/glibc/SP/SP_Linux/LP_Linux_Prj/REL/VDLinux.3.x.2012/toolchain/src/arm-mips-src-20121018/scripts/arm-v7a15v3r1/include conftest.cpp >&5
configure:7430: $? = 0
configure:7434: /usr/bin/nm -B conftest.o \| sed -n -e 's/^.*[ ]\([ABCDGIRSTW][ABCDGIRSTW]*\)[ ][ ]*\([_A-Za-z][_A-Za-z0-9]*\)$/\1 \2 \2/p' \> conftest.nm
configure:7437: $? = 0
configure:7491: g++ -o conftest  -g -O2  -I/home6/daewon2/Release/glibc/SP/SP_Linux/LP_Linux_Prj/REL/VDLinux.3.x.2012/toolchain/src/arm-mips-src-20121018/scripts/arm-v7a15v3r1/include -L/home6/daewon2/Release/glibc/SP/SP_Linux/LP_Linux_Prj/REL/VDLinux.3.x.2012/toolchain/src/arm-mips-src-20121018/scripts/arm-v7a15v3r1/lib conftest.cpp conftstm.o >&5
configure:7494: $? = 0
configure:7532: result: ok
configure:7627: g++ -c  -g -O2  -I/home6/daewon2/Release/glibc/SP/SP_Linux/LP_Linux_Prj/REL/VDLinux.3.x.2012/toolchain/src/arm-mips-src-20121018/scripts/arm-v7a15v3r1/include conftest.cpp >&5
configure:7630: $? = 0
configure:8369: checking for dlfcn.h
configure:8369: g++ -c  -g -O2  -I/home6/daewon2/Release/glibc/SP/SP_Linux/LP_Linux_Prj/REL/VDLinux.3.x.2012/toolchain/src/arm-mips-src-20121018/scripts/arm-v7a15v3r1/include conftest.cpp >&5
configure:8369: $? = 0
configure:8369: result: yes
configure:8555: checking for objdir
configure:8570: result: .libs
configure:8841: checking if gcc supports -fno-rtti -fno-exceptions
configure:8859: gcc -c  -g -O2  -I/home6/daewon2/Release/glibc/SP/SP_Linux/LP_Linux_Prj/REL/VDLinux.3.x.2012/toolchain/src/arm-mips-src-20121018/scripts/arm-v7a15v3r1/include -fno-rtti -fno-exceptions conftest.c >&5
cc1: warning: command line option "-fno-rtti" is valid for C++/ObjC++ but not for C
configure:8863: $? = 0
configure:8876: result: no
configure:8896: checking for gcc option to produce PIC
configure:9181: result: -fPIC -DPIC
configure:9193: checking if gcc PIC flag -fPIC -DPIC works
configure:9211: gcc -c  -g -O2  -I/home6/daewon2/Release/glibc/SP/SP_Linux/LP_Linux_Prj/REL/VDLinux.3.x.2012/toolchain/src/arm-mips-src-20121018/scripts/arm-v7a15v3r1/include -fPIC -DPIC -DPIC conftest.c >&5
configure:9215: $? = 0
configure:9228: result: yes
configure:9252: checking if gcc static flag -static works
configure:9280: result: yes
configure:9295: checking if gcc supports -c -o file.o
configure:9316: gcc -c  -g -O2  -I/home6/daewon2/Release/glibc/SP/SP_Linux/LP_Linux_Prj/REL/VDLinux.3.x.2012/toolchain/src/arm-mips-src-20121018/scripts/arm-v7a15v3r1/include -o out/conftest2.o conftest.c >&5
configure:9320: $? = 0
configure:9342: result: yes
configure:9350: checking if gcc supports -c -o file.o
configure:9397: result: yes
configure:9430: checking whether the gcc linker (/usr/bin/ld -m elf_x86_64) supports shared libraries
configure:10505: result: no
configure:10750: checking dynamic linker characteristics
configure:11205: gcc -o conftest  -g -O2  -I/home6/daewon2/Release/glibc/SP/SP_Linux/LP_Linux_Prj/REL/VDLinux.3.x.2012/toolchain/src/arm-mips-src-20121018/scripts/arm-v7a15v3r1/include -L/home6/daewon2/Release/glibc/SP/SP_Linux/LP_Linux_Prj/REL/VDLinux.3.x.2012/toolchain/src/arm-mips-src-20121018/scripts/arm-v7a15v3r1/lib  conftest.c  >&5
configure:11205: $? = 0
configure:11427: result: GNU/Linux ld.so
configure:11534: checking how to hardcode library paths into programs
configure:11559: result: unsupported
configure:11653: checking for shl_load
configure:11653: gcc -o conftest  -g -O2  -I/home6/daewon2/Release/glibc/SP/SP_Linux/LP_Linux_Prj/REL/VDLinux.3.x.2012/toolchain/src/arm-mips-src-20121018/scripts/arm-v7a15v3r1/include -L/home6/daewon2/Release/glibc/SP/SP_Linux/LP_Linux_Prj/REL/VDLinux.3.x.2012/toolchain/src/arm-mips-src-20121018/scripts/arm-v7a15v3r1/lib conftest.c  >&5
/tmp/ccMlEaLJ.o: In function `main':
/home6/daewon2/Release/glibc/SP/SP_Linux/LP_Linux_Prj/REL/VDLinux.3.x.2012/toolchain/src/arm-mips-src-20121018/build.arm.cortex-a15/obj/ppl/Watchdog/conftest.c:46: undefined reference to `shl_load'
collect2: ld returned 1 exit status
configure:11653: $? = 1
configure: failed program was:
| /* confdefs.h */
| #define PACKAGE_NAME "the Parma Watchdog Library"
| #define PACKAGE_TARNAME "pwl"
| #define PACKAGE_VERSION "0.8"
| #define PACKAGE_STRING "the Parma Watchdog Library 0.8"
| #define PACKAGE_BUGREPORT "bagnara@cs.unipr.it"
| #define PACKAGE_URL ""
| #define PWL_NDEBUG 1
| #define HAVE_DLFCN_H 1
| #define LT_OBJDIR ".libs/"
| /* end confdefs.h.  */
| /* Define shl_load to an innocuous variant, in case <limits.h> declares shl_load.
|    For example, HP-UX 11i <limits.h> declares gettimeofday.  */
| #define shl_load innocuous_shl_load
| 
| /* System header to define __stub macros and hopefully few prototypes,
|     which can conflict with char shl_load (); below.
|     Prefer <limits.h> to <assert.h> if __STDC__ is defined, since
|     <limits.h> exists even on freestanding compilers.  */
| 
| #ifdef __STDC__
| # include <limits.h>
| #else
| # include <assert.h>
| #endif
| 
| #undef shl_load
| 
| /* Override any GCC internal prototype to avoid an error.
|    Use char because int might match the return type of a GCC
|    builtin and then its argument prototype would still apply.  */
| #ifdef __cplusplus
| extern "C"
| #endif
| char shl_load ();
| /* The GNU C library defines this for functions which it implements
|     to always fail with ENOSYS.  Some functions are actually named
|     something starting with __ and the normal name is an alias.  */
| #if defined __stub_shl_load || defined __stub___shl_load
| choke me
| #endif
| 
| int
| main ()
| {
| return shl_load ();
|   ;
|   return 0;
| }
configure:11653: result: no
configure:11657: checking for shl_load in -ldld
configure:11682: gcc -o conftest  -g -O2  -I/home6/daewon2/Release/glibc/SP/SP_Linux/LP_Linux_Prj/REL/VDLinux.3.x.2012/toolchain/src/arm-mips-src-20121018/scripts/arm-v7a15v3r1/include -L/home6/daewon2/Release/glibc/SP/SP_Linux/LP_Linux_Prj/REL/VDLinux.3.x.2012/toolchain/src/arm-mips-src-20121018/scripts/arm-v7a15v3r1/lib conftest.c -ldld   >&5
/usr/bin/ld: cannot find -ldld
collect2: ld returned 1 exit status
configure:11682: $? = 1
configure: failed program was:
| /* confdefs.h */
| #define PACKAGE_NAME "the Parma Watchdog Library"
| #define PACKAGE_TARNAME "pwl"
| #define PACKAGE_VERSION "0.8"
| #define PACKAGE_STRING "the Parma Watchdog Library 0.8"
| #define PACKAGE_BUGREPORT "bagnara@cs.unipr.it"
| #define PACKAGE_URL ""
| #define PWL_NDEBUG 1
| #define HAVE_DLFCN_H 1
| #define LT_OBJDIR ".libs/"
| /* end confdefs.h.  */
| 
| /* Override any GCC internal prototype to avoid an error.
|    Use char because int might match the return type of a GCC
|    builtin and then its argument prototype would still apply.  */
| #ifdef __cplusplus
| extern "C"
| #endif
| char shl_load ();
| int
| main ()
| {
| return shl_load ();
|   ;
|   return 0;
| }
configure:11691: result: no
configure:11696: checking for dlopen
configure:11696: gcc -o conftest  -g -O2  -I/home6/daewon2/Release/glibc/SP/SP_Linux/LP_Linux_Prj/REL/VDLinux.3.x.2012/toolchain/src/arm-mips-src-20121018/scripts/arm-v7a15v3r1/include -L/home6/daewon2/Release/glibc/SP/SP_Linux/LP_Linux_Prj/REL/VDLinux.3.x.2012/toolchain/src/arm-mips-src-20121018/scripts/arm-v7a15v3r1/lib conftest.c  >&5
/tmp/ccmTMGZO.o: In function `main':
/home6/daewon2/Release/glibc/SP/SP_Linux/LP_Linux_Prj/REL/VDLinux.3.x.2012/toolchain/src/arm-mips-src-20121018/build.arm.cortex-a15/obj/ppl/Watchdog/conftest.c:46: undefined reference to `dlopen'
collect2: ld returned 1 exit status
configure:11696: $? = 1
configure: failed program was:
| /* confdefs.h */
| #define PACKAGE_NAME "the Parma Watchdog Library"
| #define PACKAGE_TARNAME "pwl"
| #define PACKAGE_VERSION "0.8"
| #define PACKAGE_STRING "the Parma Watchdog Library 0.8"
| #define PACKAGE_BUGREPORT "bagnara@cs.unipr.it"
| #define PACKAGE_URL ""
| #define PWL_NDEBUG 1
| #define HAVE_DLFCN_H 1
| #define LT_OBJDIR ".libs/"
| /* end confdefs.h.  */
| /* Define dlopen to an innocuous variant, in case <limits.h> declares dlopen.
|    For example, HP-UX 11i <limits.h> declares gettimeofday.  */
| #define dlopen innocuous_dlopen
| 
| /* System header to define __stub macros and hopefully few prototypes,
|     which can conflict with char dlopen (); below.
|     Prefer <limits.h> to <assert.h> if __STDC__ is defined, since
|     <limits.h> exists even on freestanding compilers.  */
| 
| #ifdef __STDC__
| # include <limits.h>
| #else
| # include <assert.h>
| #endif
| 
| #undef dlopen
| 
| /* Override any GCC internal prototype to avoid an error.
|    Use char because int might match the return type of a GCC
|    builtin and then its argument prototype would still apply.  */
| #ifdef __cplusplus
| extern "C"
| #endif
| char dlopen ();
| /* The GNU C library defines this for functions which it implements
|     to always fail with ENOSYS.  Some functions are actually named
|     something starting with __ and the normal name is an alias.  */
| #if defined __stub_dlopen || defined __stub___dlopen
| choke me
| #endif
| 
| int
| main ()
| {
| return dlopen ();
|   ;
|   return 0;
| }
configure:11696: result: no
configure:11700: checking for dlopen in -ldl
configure:11725: gcc -o conftest  -g -O2  -I/home6/daewon2/Release/glibc/SP/SP_Linux/LP_Linux_Prj/REL/VDLinux.3.x.2012/toolchain/src/arm-mips-src-20121018/scripts/arm-v7a15v3r1/include -L/home6/daewon2/Release/glibc/SP/SP_Linux/LP_Linux_Prj/REL/VDLinux.3.x.2012/toolchain/src/arm-mips-src-20121018/scripts/arm-v7a15v3r1/lib conftest.c -ldl   >&5
configure:11725: $? = 0
configure:11734: result: yes
configure:11853: checking whether a program can dlopen itself
configure:11933: gcc -o conftest  -g -O2  -I/home6/daewon2/Release/glibc/SP/SP_Linux/LP_Linux_Prj/REL/VDLinux.3.x.2012/toolchain/src/arm-mips-src-20121018/scripts/arm-v7a15v3r1/include -DHAVE_DLFCN_H -L/home6/daewon2/Release/glibc/SP/SP_Linux/LP_Linux_Prj/REL/VDLinux.3.x.2012/toolchain/src/arm-mips-src-20121018/scripts/arm-v7a15v3r1/lib  conftest.c -ldl  >&5
configure:11936: $? = 0
./conftest: undefined symbol: _fnord
configure:11954: result: no
configure:12099: checking whether stripping libraries is possible
configure:12104: result: yes
configure:12139: checking if libtool supports shared libraries
configure:12141: result: no
configure:12144: checking whether to build shared libraries
configure:12165: result: no
configure:12168: checking whether to build static libraries
configure:12172: result: yes
configure:12195: checking how to run the C++ preprocessor
configure:12261: result: g++ -E
configure:12281: g++ -E -I/home6/daewon2/Release/glibc/SP/SP_Linux/LP_Linux_Prj/REL/VDLinux.3.x.2012/toolchain/src/arm-mips-src-20121018/scripts/arm-v7a15v3r1/include conftest.cpp
configure:12281: $? = 0
configure:12295: g++ -E -I/home6/daewon2/Release/glibc/SP/SP_Linux/LP_Linux_Prj/REL/VDLinux.3.x.2012/toolchain/src/arm-mips-src-20121018/scripts/arm-v7a15v3r1/include conftest.cpp
conftest.cpp:12:28: error: ac_nonexistent.h: No such file or directory
configure:12295: $? = 1
configure: failed program was:
| /* confdefs.h */
| #define PACKAGE_NAME "the Parma Watchdog Library"
| #define PACKAGE_TARNAME "pwl"
| #define PACKAGE_VERSION "0.8"
| #define PACKAGE_STRING "the Parma Watchdog Library 0.8"
| #define PACKAGE_BUGREPORT "bagnara@cs.unipr.it"
| #define PACKAGE_URL ""
| #define PWL_NDEBUG 1
| #define HAVE_DLFCN_H 1
| #define LT_OBJDIR ".libs/"
| /* end confdefs.h.  */
| #include <ac_nonexistent.h>
configure:12463: checking for ld used by g++
configure:12530: result: /usr/bin/ld -m elf_x86_64
configure:12537: checking if the linker (/usr/bin/ld -m elf_x86_64) is GNU ld
configure:12552: result: yes
configure:12607: checking whether the g++ linker (/usr/bin/ld -m elf_x86_64) supports shared libraries
configure:13539: result: yes
configure:13567: g++ -c  -g -O2  -I/home6/daewon2/Release/glibc/SP/SP_Linux/LP_Linux_Prj/REL/VDLinux.3.x.2012/toolchain/src/arm-mips-src-20121018/scripts/arm-v7a15v3r1/include conftest.cpp >&5
configure:13570: $? = 0
configure:13752: checking for g++ option to produce PIC
configure:14074: result: -fPIC -DPIC
configure:14083: checking if g++ PIC flag -fPIC -DPIC works
configure:14101: g++ -c  -g -O2  -I/home6/daewon2/Release/glibc/SP/SP_Linux/LP_Linux_Prj/REL/VDLinux.3.x.2012/toolchain/src/arm-mips-src-20121018/scripts/arm-v7a15v3r1/include -fPIC -DPIC -DPIC conftest.cpp >&5
configure:14105: $? = 0
configure:14118: result: yes
configure:14139: checking if g++ static flag -static works
configure:14167: result: yes
configure:14179: checking if g++ supports -c -o file.o
configure:14200: g++ -c  -g -O2  -I/home6/daewon2/Release/glibc/SP/SP_Linux/LP_Linux_Prj/REL/VDLinux.3.x.2012/toolchain/src/arm-mips-src-20121018/scripts/arm-v7a15v3r1/include -o out/conftest2.o conftest.cpp >&5
configure:14204: $? = 0
configure:14226: result: yes
configure:14231: checking if g++ supports -c -o file.o
configure:14278: result: yes
configure:14308: checking whether the g++ linker (/usr/bin/ld -m elf_x86_64) supports shared libraries
configure:14336: result: yes
configure:14479: checking dynamic linker characteristics
configure:15090: result: GNU/Linux ld.so
configure:15143: checking how to hardcode library paths into programs
configure:15168: result: immediate
configure:15406: creating ./config.status

## ---------------------- ##
## Running config.status. ##
## ---------------------- ##

This file was extended by the Parma Watchdog Library config.status 0.8, which was
generated by GNU Autoconf 2.68.  Invocation command line was

  CONFIG_FILES    = 
  CONFIG_HEADERS  = 
  CONFIG_LINKS    = 
  CONFIG_COMMANDS = 
  $ ./config.status 

on vdbs1218

config.status:1157: creating Makefile
config.status:1157: creating src/Makefile
config.status:1157: creating m4/Makefile
config.status:1157: creating doc/Makefile
config.status:1157: creating doc/user.doxyconf-latex
config.status:1157: creating doc/devref.doxyconf-latex
config.status:1157: creating doc/user.doxyconf-html
config.status:1157: creating doc/devref.doxyconf-html
config.status:1157: creating tests/Makefile
config.status:1157: creating utils/Makefile
config.status:1157: creating config.h
config.status:1371: executing depfiles commands
config.status:1371: executing libtool commands

## ---------------- ##
## Cache variables. ##
## ---------------- ##

ac_cv_build=x86_64-unknown-linux-gnu
ac_cv_c_compiler_gnu=yes
ac_cv_c_const=yes
ac_cv_cxx_compiler_gnu=yes
ac_cv_env_CCC_set=
ac_cv_env_CCC_value=
ac_cv_env_CC_set=
ac_cv_env_CC_value=
ac_cv_env_CFLAGS_set=
ac_cv_env_CFLAGS_value=
ac_cv_env_CPPFLAGS_set=set
ac_cv_env_CPPFLAGS_value=-I/home6/daewon2/Release/glibc/SP/SP_Linux/LP_Linux_Prj/REL/VDLinux.3.x.2012/toolchain/src/arm-mips-src-20121018/scripts/arm-v7a15v3r1/include
ac_cv_env_CXXCPP_set=
ac_cv_env_CXXCPP_value=
ac_cv_env_CXXFLAGS_set=
ac_cv_env_CXXFLAGS_value=
ac_cv_env_CXX_set=
ac_cv_env_CXX_value=
ac_cv_env_LDFLAGS_set=set
ac_cv_env_LDFLAGS_value=-L/home6/daewon2/Release/glibc/SP/SP_Linux/LP_Linux_Prj/REL/VDLinux.3.x.2012/toolchain/src/arm-mips-src-20121018/scripts/arm-v7a15v3r1/lib
ac_cv_env_LIBS_set=
ac_cv_env_LIBS_value=
ac_cv_env_build_alias_set=
ac_cv_env_build_alias_value=
ac_cv_env_host_alias_set=
ac_cv_env_host_alias_value=
ac_cv_env_target_alias_set=
ac_cv_env_target_alias_value=
ac_cv_func_dlopen=no
ac_cv_func_shl_load=no
ac_cv_header_dlfcn_h=yes
ac_cv_host=x86_64-unknown-linux-gnu
ac_cv_lib_dl_dlopen=yes
ac_cv_lib_dld_shl_load=no
ac_cv_objext=o
ac_cv_path_FGREP=/bin/fgrep
ac_cv_path_PERL=/usr/bin/perl
ac_cv_path_SED=/bin/sed
ac_cv_path_install='/usr/bin/install -c'
ac_cv_path_mkdir=/bin/mkdir
ac_cv_prog_AWK=gawk
ac_cv_prog_CXXCPP='g++ -E'
ac_cv_prog_ac_ct_AR=ar
ac_cv_prog_ac_ct_CC=gcc
ac_cv_prog_ac_ct_CXX=g++
ac_cv_prog_ac_ct_OBJDUMP=objdump
ac_cv_prog_ac_ct_RANLIB=ranlib
ac_cv_prog_ac_ct_STRIP=strip
ac_cv_prog_cc_c89=
ac_cv_prog_cc_g=yes
ac_cv_prog_cxx_g=yes
ac_cv_prog_make_make_set=yes
acl_cv_hardcode_direct=no
acl_cv_hardcode_libdir_flag_spec='${wl}-rpath ${wl}$libdir'
acl_cv_hardcode_libdir_separator=
acl_cv_hardcode_minus_L=no
acl_cv_libext=a
acl_cv_libname_spec='lib$name'
acl_cv_library_names_spec='$libname$shrext'
acl_cv_path_LD=/usr/bin/ld
acl_cv_prog_gnu_ld=yes
acl_cv_rpath=done
acl_cv_shlibext=so
acl_cv_wl=-Wl,
am_cv_CC_dependencies_compiler_type=gcc3
am_cv_CXX_dependencies_compiler_type=gcc3
am_cv_make_support_nested_variables=yes
lt_cv_deplibs_check_method=pass_all
lt_cv_dlopen=dlopen
lt_cv_dlopen_libs=-ldl
lt_cv_dlopen_self=no
lt_cv_file_magic_cmd='$MAGIC_CMD'
lt_cv_file_magic_test_file=
lt_cv_ld_reload_flag=-r
lt_cv_nm_interface='BSD nm'
lt_cv_objdir=.libs
lt_cv_path_LD=/usr/bin/ld
lt_cv_path_LDCXX='/usr/bin/ld -m elf_x86_64'
lt_cv_path_NM='/usr/bin/nm -B'
lt_cv_prog_compiler_c_o=yes
lt_cv_prog_compiler_c_o_CXX=yes
lt_cv_prog_compiler_pic_works=yes
lt_cv_prog_compiler_pic_works_CXX=yes
lt_cv_prog_compiler_rtti_exceptions=no
lt_cv_prog_compiler_static_works=yes
lt_cv_prog_compiler_static_works_CXX=yes
lt_cv_prog_gnu_ld=yes
lt_cv_prog_gnu_ldcxx=yes
lt_cv_shlibpath_overrides_runpath=no
lt_cv_sys_global_symbol_pipe='sed -n -e '\''s/^.*[	 ]\([ABCDGIRSTW][ABCDGIRSTW]*\)[	 ][	 ]*\([_A-Za-z][_A-Za-z0-9]*\)$/\1 \2 \2/p'\'''
lt_cv_sys_global_symbol_to_c_name_address='sed -n -e '\''s/^: \([^ ]*\) $/  {\"\1\", (void *) 0},/p'\'' -e '\''s/^[ABCDGIRSTW]* \([^ ]*\) \([^ ]*\)$/  {"\2", (void *) \&\2},/p'\'''
lt_cv_sys_global_symbol_to_c_name_address_lib_prefix='sed -n -e '\''s/^: \([^ ]*\) $/  {\"\1\", (void *) 0},/p'\'' -e '\''s/^[ABCDGIRSTW]* \([^ ]*\) \(lib[^ ]*\)$/  {"\2", (void *) \&\2},/p'\'' -e '\''s/^[ABCDGIRSTW]* \([^ ]*\) \([^ ]*\)$/  {"lib\2", (void *) \&\2},/p'\'''
lt_cv_sys_global_symbol_to_cdecl='sed -n -e '\''s/^T .* \(.*\)$/extern int \1();/p'\'' -e '\''s/^[ABCDGIRSTW]* .* \(.*\)$/extern char \1;/p'\'''
lt_cv_sys_max_cmd_len=1572864

## ----------------- ##
## Output variables. ##
## ----------------- ##

ACLOCAL='${SHELL} /home6/daewon2/Release/glibc/SP/SP_Linux/LP_Linux_Prj/REL/VDLinux.3.x.2012/toolchain/src/arm-mips-src-20121018/build.arm.cortex-a15/sources/ppl/Watchdog/missing --run aclocal-1.11'
AMDEPBACKSLASH='\'
AMDEP_FALSE='#'
AMDEP_TRUE=''
AMTAR='$${TAR-tar}'
AM_BACKSLASH='\'
AM_DEFAULT_V='$(AM_DEFAULT_VERBOSITY)'
AM_DEFAULT_VERBOSITY='1'
AM_V='$(V)'
AR='ar'
AUTOCONF='${SHELL} /home6/daewon2/Release/glibc/SP/SP_Linux/LP_Linux_Prj/REL/VDLinux.3.x.2012/toolchain/src/arm-mips-src-20121018/build.arm.cortex-a15/sources/ppl/Watchdog/missing --run autoconf'
AUTOHEADER='${SHELL} /home6/daewon2/Release/glibc/SP/SP_Linux/LP_Linux_Prj/REL/VDLinux.3.x.2012/toolchain/src/arm-mips-src-20121018/build.arm.cortex-a15/sources/ppl/Watchdog/missing --run autoheader'
AUTOMAKE='${SHELL} /home6/daewon2/Release/glibc/SP/SP_Linux/LP_Linux_Prj/REL/VDLinux.3.x.2012/toolchain/src/arm-mips-src-20121018/build.arm.cortex-a15/sources/ppl/Watchdog/missing --run automake-1.11'
AWK='gawk'
BUILD_WATCHDOG_LIBRARY_FALSE=''
BUILD_WATCHDOG_LIBRARY_TRUE='#'
CC='gcc'
CCDEPMODE='depmode=gcc3'
CFLAGS=' -g -O2  -W -Wall'
CPPFLAGS='-I/home6/daewon2/Release/glibc/SP/SP_Linux/LP_Linux_Prj/REL/VDLinux.3.x.2012/toolchain/src/arm-mips-src-20121018/scripts/arm-v7a15v3r1/include'
CXX='g++'
CXXCPP='g++ -E'
CXXDEPMODE='depmode=gcc3'
CXXFLAGS=' -g -O2  -W -Wall'
CYGPATH_W='echo'
DEFS='-DHAVE_CONFIG_H'
DEPDIR='.deps'
DSYMUTIL=''
DUMPBIN=''
ECHO_C=''
ECHO_N='-n'
ECHO_T=''
EGREP=''
EXEEXT=''
FGREP='/bin/fgrep'
GCC_FALSE='#'
GCC_TRUE=''
GREP='grep'
HAVE_PERL_FALSE='#'
HAVE_PERL_TRUE=''
INSTALL_DATA='${INSTALL} -m 644'
INSTALL_PROGRAM='${INSTALL}'
INSTALL_SCRIPT='${INSTALL}'
INSTALL_STRIP_PROGRAM='$(install_sh) -c -s'
ISODATE='2013-04-04'
LD='/usr/bin/ld -m elf_x86_64'
LDFLAGS='-L/home6/daewon2/Release/glibc/SP/SP_Linux/LP_Linux_Prj/REL/VDLinux.3.x.2012/toolchain/src/arm-mips-src-20121018/scripts/arm-v7a15v3r1/lib'
LIBOBJS=''
LIBS=''
LIBTOOL='$(SHELL) $(top_builddir)/libtool'
LIPO=''
LN_S='ln -s'
LTLIBOBJS=''
MAKEINFO='${SHELL} /home6/daewon2/Release/glibc/SP/SP_Linux/LP_Linux_Prj/REL/VDLinux.3.x.2012/toolchain/src/arm-mips-src-20121018/build.arm.cortex-a15/sources/ppl/Watchdog/missing --run makeinfo'
MKDIR_P='/bin/mkdir -p'
NM='/usr/bin/nm -B'
NMEDIT=''
NO_UNDEFINED_FALSE=''
NO_UNDEFINED_TRUE='#'
OBJDUMP='objdump'
OBJEXT='o'
OTOOL64=''
OTOOL=''
PACKAGE='pwl'
PACKAGE_BUGREPORT='bagnara@cs.unipr.it'
PACKAGE_NAME='the Parma Watchdog Library'
PACKAGE_STRING='the Parma Watchdog Library 0.8'
PACKAGE_TARNAME='pwl'
PACKAGE_URL=''
PACKAGE_VERSION='0.8'
PATH_SEPARATOR=':'
PERL='/usr/bin/perl'
RANLIB='ranlib'
SED='/bin/sed'
SET_MAKE=''
SHELL='/bin/sh'
STRIP='strip'
VALGRIND=''
VALGRIND_TESTS_ENABLED_FALSE=''
VALGRIND_TESTS_ENABLED_TRUE='#'
VERSION='0.8'
ac_ct_CC='gcc'
ac_ct_CXX='g++'
ac_ct_DUMPBIN=''
am__EXEEXT_FALSE=''
am__EXEEXT_TRUE='#'
am__fastdepCC_FALSE='#'
am__fastdepCC_TRUE=''
am__fastdepCXX_FALSE='#'
am__fastdepCXX_TRUE=''
am__include='include'
am__isrc=' -I$(srcdir)'
am__leading_dot='.'
am__nodep='_no'
am__quote=''
am__tar='$${TAR-tar} chof - "$$tardir"'
am__untar='$${TAR-tar} xf -'
bindir='${exec_prefix}/bin'
build='x86_64-unknown-linux-gnu'
build_alias=''
build_cpu='x86_64'
build_os='linux-gnu'
build_vendor='unknown'
datadir='${datarootdir}'
datarootdir='${prefix}/share'
debug_flag='-DNDEBUG=1'
docdir='${datarootdir}/doc/${PACKAGE_TARNAME}'
dvidir='${docdir}'
exec_prefix='${prefix}'
host='x86_64-unknown-linux-gnu'
host_alias=''
host_cpu='x86_64'
host_os='linux-gnu'
host_vendor='unknown'
htmldir='${docdir}'
includedir='${prefix}/include'
infodir='${datarootdir}/info'
install_sh='${SHELL} /home6/daewon2/Release/glibc/SP/SP_Linux/LP_Linux_Prj/REL/VDLinux.3.x.2012/toolchain/src/arm-mips-src-20121018/build.arm.cortex-a15/sources/ppl/Watchdog/install-sh'
libdir='${exec_prefix}/lib'
libexecdir='${exec_prefix}/libexec'
localedir='${datarootdir}/locale'
localstatedir='${prefix}/var'
mandir='${datarootdir}/man'
mkdir_p='/bin/mkdir -p'
oldincludedir='/usr/include'
pdfdir='${docdir}'
prefix='/home6/daewon2/Release/glibc/SP/SP_Linux/LP_Linux_Prj/REL/VDLinux.3.x.2012/toolchain/src/arm-mips-src-20121018/scripts/arm-v7a15v3r1'
program_transform_name='s,x,x,'
psdir='${docdir}'
sbindir='${exec_prefix}/sbin'
sharedstatedir='${prefix}/com'
sysconfdir='${prefix}/etc'
target_alias=''

## ----------- ##
## confdefs.h. ##
## ----------- ##

/* confdefs.h */
#define PACKAGE_NAME "the Parma Watchdog Library"
#define PACKAGE_TARNAME "pwl"
#define PACKAGE_VERSION "0.8"
#define PACKAGE_STRING "the Parma Watchdog Library 0.8"
#define PACKAGE_BUGREPORT "bagnara@cs.unipr.it"
#define PACKAGE_URL ""
#define PWL_NDEBUG 1
#define HAVE_DLFCN_H 1
#define LT_OBJDIR ".libs/"

configure: exit 0
