This file contains any messages produced by compilers while
running configure, to aid debugging if configure makes a mistake.

It was created by configure, which was
generated by GNU Autoconf 2.64.  Invocation command line was

  $ /home6/daewon2/Release/glibc/SP/SP_Linux/LP_Linux_Prj/REL/VDLinux.3.x.2012/toolchain/src/arm-mips-src-20121018/build.arm.cortex-a15/sources/gdb/opcodes/configure --cache-file=./config.cache --with-system-zlib --prefix=/home6/daewon2/Release/glibc/SP/SP_Linux/LP_Linux_Prj/REL/VDLinux.3.x.2012/toolchain/src/arm-mips-src-20121018/scripts/arm-v7a15v3r1 --disable-sim --with-pkgversion=VDLinux.GA1.2012-10-03 --with-bugurl=http://linux.sec.samsung.net/VDLinux/ --disable-nls --with-libexpat-prefix=/home6/daewon2/Release/glibc/SP/SP_Linux/LP_Linux_Prj/REL/VDLinux.3.x.2012/toolchain/src/arm-mips-src-20121018/scripts/arm-v7a15v3r1 --with-system-gdbinit=/home6/daewon2/Release/glibc/SP/SP_Linux/LP_Linux_Prj/REL/VDLinux.3.x.2012/toolchain/src/arm-mips-src-20121018/scripts/arm-v7a15v3r1/x86_64-pc-linux-gnu/arm-v7a15v3r1-linux-gnueabi/lib/gdbinit --with-sysroot=/home6/daewon2/Release/glibc/SP/SP_Linux/LP_Linux_Prj/REL/VDLinux.3.x.2012/toolchain/src/arm-mips-src-20121018/scripts/arm-v7a15v3r1/arm-v7a15v3r1-linux-gnueabi/sys-root --with-gdb-datadir=/home6/daewon2/Release/glibc/SP/SP_Linux/LP_Linux_Prj/REL/VDLinux.3.x.2012/toolchain/src/arm-mips-src-20121018/scripts/arm-v7a15v3r1/arm-v7a15v3r1-linux-gnueabi/share/gdb --without-python --program-transform-name=s&^&arm-v7a15v3r1-linux-gnueabi-& --disable-option-checking --build=x86_64-pc-linux-gnu --host=x86_64-pc-linux-gnu --target=arm-v7a15v3r1-linux-gnueabi --srcdir=/home6/daewon2/Release/glibc/SP/SP_Linux/LP_Linux_Prj/REL/VDLinux.3.x.2012/toolchain/src/arm-mips-src-20121018/build.arm.cortex-a15/sources/gdb/opcodes

## --------- ##
## Platform. ##
## --------- ##

hostname = vdbs1218
uname -m = x86_64
uname -r = 2.6.32-38-generic
uname -s = Linux
uname -v = #83-Ubuntu SMP Wed Jan 4 11:12:07 UTC 2012

/usr/bin/uname -p = unknown
/bin/uname -X     = unknown

/bin/arch              = unknown
/usr/bin/arch -k       = unknown
/usr/convex/getsysinfo = unknown
/usr/bin/hostinfo      = unknown
/bin/machine           = unknown
/usr/bin/oslevel       = unknown
/bin/universe          = unknown

PATH: /home6/daewon2/bin
PATH: /usr/local/iconv/bin
PATH: /opt/mipsel-34kv3r1-20121018/bin
PATH: /opt/mipsel-24kv3r1-20121018/bin
PATH: /opt/arm-v7a8v3r1-20121018/bin
PATH: /opt/arm-v7a15v3r1-20121018/bin/
PATH: /opt/VDLinux-ARMv7-4.6-v3r0-20120319/bin
PATH: /opt/VDLinux-ARMv7-4.4-202-toolchain-v2r2-20110630/bin
PATH: /usr/local/java/jdk1.6.0_29/bin
PATH: /usr/local/sbin
PATH: /usr/local/bin
PATH: /usr/sbin
PATH: /usr/bin
PATH: /sbin
PATH: /bin
PATH: /usr/games
PATH: /usr/p4bin/bin
PATH: /home6/daewon2/busybox_test/Busybox/arm-v7a15v3r1-20121003/bin
PATH: /home6/daewon2/busybox_test/Busybox/arm-v7a8v3r1-20121003/bin
PATH: /home6/daewon2/busybox_test/Busybox/mipsel-24kv3r1-20121003/bin
PATH: /home6/daewon2/busybox_test/Busybox/mipsel-34kv3r1-20121003/bin
PATH: /home6/daewon2/20121114/arm-v7a15v3r1-20121114/bin
PATH: /home6/daewon2/20121114/mipsel-34kv3r1-20121114/bin


## ----------- ##
## Core tests. ##
## ----------- ##

configure:2181: creating cache ./config.cache
configure:2286: checking build system type
configure:2300: result: x86_64-pc-linux-gnu
configure:2320: checking host system type
configure:2333: result: x86_64-pc-linux-gnu
configure:2353: checking target system type
configure:2366: result: arm-v7a15v3r1-linux-gnueabi
configure:2400: checking for x86_64-pc-linux-gnu-gcc
configure:2427: result: gcc
configure:2696: checking for C compiler version
configure:2705: gcc --version >&5
gcc (Ubuntu 4.4.3-4ubuntu5.1) 4.4.3
Copyright (C) 2009 Free Software Foundation, Inc.
This is free software; see the source for copying conditions.  There is NO
warranty; not even for MERCHANTABILITY or FITNESS FOR A PARTICULAR PURPOSE.

configure:2716: $? = 0
configure:2705: gcc -v >&5
Using built-in specs.
Target: x86_64-linux-gnu
Configured with: ../src/configure -v --with-pkgversion='Ubuntu 4.4.3-4ubuntu5.1' --with-bugurl=file:///usr/share/doc/gcc-4.4/README.Bugs --enable-languages=c,c++,fortran,objc,obj-c++ --prefix=/usr --enable-shared --enable-multiarch --enable-linker-build-id --with-system-zlib --libexecdir=/usr/lib --without-included-gettext --enable-threads=posix --with-gxx-include-dir=/usr/include/c++/4.4 --program-suffix=-4.4 --enable-nls --enable-clocale=gnu --enable-libstdcxx-debug --enable-plugin --enable-objc-gc --disable-werror --with-arch-32=i486 --with-tune=generic --enable-checking=release --build=x86_64-linux-gnu --host=x86_64-linux-gnu --target=x86_64-linux-gnu
Thread model: posix
gcc version 4.4.3 (Ubuntu 4.4.3-4ubuntu5.1) 
configure:2716: $? = 0
configure:2705: gcc -V >&5
gcc: '-V' option must have argument
configure:2716: $? = 1
configure:2705: gcc -qversion >&5
gcc: unrecognized option '-qversion'
gcc: no input files
configure:2716: $? = 1
configure:2736: checking for C compiler default output file name
configure:2758: gcc -g -O2    conftest.c  >&5
configure:2762: $? = 0
configure:2799: result: a.out
configure:2815: checking whether the C compiler works
configure:2824: ./a.out
configure:2828: $? = 0
configure:2843: result: yes
configure:2850: checking whether we are cross compiling
configure:2852: result: no
configure:2855: checking for suffix of executables
configure:2862: gcc -o conftest -g -O2    conftest.c  >&5
configure:2866: $? = 0
configure:2888: result: 
configure:2894: checking for suffix of object files
configure:2916: gcc -c -g -O2  conftest.c >&5
configure:2920: $? = 0
configure:2941: result: o
configure:2945: checking whether we are using the GNU C compiler
configure:2964: gcc -c -g -O2  conftest.c >&5
configure:2964: $? = 0
configure:2973: result: yes
configure:2982: checking whether gcc accepts -g
configure:3002: gcc -c -g  conftest.c >&5
configure:3002: $? = 0
configure:3043: result: yes
configure:3060: checking for gcc option to accept ISO C89
configure:3124: gcc  -c -g -O2  conftest.c >&5
configure:3124: $? = 0
configure:3137: result: none needed
configure:3158: checking for library containing strerror
configure:3189: gcc -o conftest -g -O2    conftest.c  >&5
configure:3189: $? = 0
configure:3206: result: none required
configure:3236: checking for a BSD-compatible install
configure:3304: result: /usr/bin/install -c
configure:3315: checking whether build environment is sane
configure:3365: result: yes
configure:3506: checking for a thread-safe mkdir -p
configure:3545: result: /bin/mkdir -p
configure:3558: checking for gawk
configure:3585: result: gawk
configure:3596: checking whether make sets $(MAKE)
configure:3618: result: yes
configure:3648: checking for style of include used by make
configure:3676: result: GNU
configure:3761: checking dependency style of gcc
configure:3871: result: gcc3
configure:3896: checking for x86_64-pc-linux-gnu-gcc
configure:3923: result: gcc
configure:4192: checking for C compiler version
configure:4201: gcc --version >&5
gcc (Ubuntu 4.4.3-4ubuntu5.1) 4.4.3
Copyright (C) 2009 Free Software Foundation, Inc.
This is free software; see the source for copying conditions.  There is NO
warranty; not even for MERCHANTABILITY or FITNESS FOR A PARTICULAR PURPOSE.

configure:4212: $? = 0
configure:4201: gcc -v >&5
Using built-in specs.
Target: x86_64-linux-gnu
Configured with: ../src/configure -v --with-pkgversion='Ubuntu 4.4.3-4ubuntu5.1' --with-bugurl=file:///usr/share/doc/gcc-4.4/README.Bugs --enable-languages=c,c++,fortran,objc,obj-c++ --prefix=/usr --enable-shared --enable-multiarch --enable-linker-build-id --with-system-zlib --libexecdir=/usr/lib --without-included-gettext --enable-threads=posix --with-gxx-include-dir=/usr/include/c++/4.4 --program-suffix=-4.4 --enable-nls --enable-clocale=gnu --enable-libstdcxx-debug --enable-plugin --enable-objc-gc --disable-werror --with-arch-32=i486 --with-tune=generic --enable-checking=release --build=x86_64-linux-gnu --host=x86_64-linux-gnu --target=x86_64-linux-gnu
Thread model: posix
gcc version 4.4.3 (Ubuntu 4.4.3-4ubuntu5.1) 
configure:4212: $? = 0
configure:4201: gcc -V >&5
gcc: '-V' option must have argument
configure:4212: $? = 1
configure:4201: gcc -qversion >&5
gcc: unrecognized option '-qversion'
gcc: no input files
configure:4212: $? = 1
configure:4216: checking whether we are using the GNU C compiler
configure:4244: result: yes
configure:4253: checking whether gcc accepts -g
configure:4314: result: yes
configure:4331: checking for gcc option to accept ISO C89
configure:4408: result: none needed
configure:4433: checking how to run the C preprocessor
configure:4464: gcc -E  conftest.c
configure:4464: $? = 0
configure:4478: gcc -E  conftest.c
conftest.c:11:28: error: ac_nonexistent.h: No such file or directory
configure:4478: $? = 1
configure: failed program was:
| /* confdefs.h */
| #define PACKAGE_NAME ""
| #define PACKAGE_TARNAME ""
| #define PACKAGE_VERSION ""
| #define PACKAGE_STRING ""
| #define PACKAGE_BUGREPORT ""
| #define PACKAGE_URL ""
| #define PACKAGE "opcodes"
| #define VERSION "2.21.51"
| /* end confdefs.h.  */
| #include <ac_nonexistent.h>
configure:4503: result: gcc -E
configure:4523: gcc -E  conftest.c
configure:4523: $? = 0
configure:4537: gcc -E  conftest.c
conftest.c:11:28: error: ac_nonexistent.h: No such file or directory
configure:4537: $? = 1
configure: failed program was:
| /* confdefs.h */
| #define PACKAGE_NAME ""
| #define PACKAGE_TARNAME ""
| #define PACKAGE_VERSION ""
| #define PACKAGE_STRING ""
| #define PACKAGE_BUGREPORT ""
| #define PACKAGE_URL ""
| #define PACKAGE "opcodes"
| #define VERSION "2.21.51"
| /* end confdefs.h.  */
| #include <ac_nonexistent.h>
configure:4566: checking for grep that handles long lines and -e
configure:4624: result: /bin/grep
configure:4629: checking for egrep
configure:4691: result: /bin/grep -E
configure:4696: checking for ANSI C header files
configure:4716: gcc -c -g -O2  conftest.c >&5
configure:4716: $? = 0
configure:4789: gcc -o conftest -g -O2    conftest.c  >&5
configure:4789: $? = 0
configure:4789: ./conftest
configure:4789: $? = 0
configure:4800: result: yes
configure:4813: checking for sys/types.h
configure:4813: gcc -c -g -O2  conftest.c >&5
configure:4813: $? = 0
configure:4813: result: yes
configure:4813: checking for sys/stat.h
configure:4813: gcc -c -g -O2  conftest.c >&5
configure:4813: $? = 0
configure:4813: result: yes
configure:4813: checking for stdlib.h
configure:4813: gcc -c -g -O2  conftest.c >&5
configure:4813: $? = 0
configure:4813: result: yes
configure:4813: checking for string.h
configure:4813: gcc -c -g -O2  conftest.c >&5
configure:4813: $? = 0
configure:4813: result: yes
configure:4813: checking for memory.h
configure:4813: gcc -c -g -O2  conftest.c >&5
configure:4813: $? = 0
configure:4813: result: yes
configure:4813: checking for strings.h
configure:4813: gcc -c -g -O2  conftest.c >&5
configure:4813: $? = 0
configure:4813: result: yes
configure:4813: checking for inttypes.h
configure:4813: gcc -c -g -O2  conftest.c >&5
configure:4813: $? = 0
configure:4813: result: yes
configure:4813: checking for stdint.h
configure:4813: gcc -c -g -O2  conftest.c >&5
configure:4813: $? = 0
configure:4813: result: yes
configure:4813: checking for unistd.h
configure:4813: gcc -c -g -O2  conftest.c >&5
configure:4813: $? = 0
configure:4813: result: yes
configure:4827: checking minix/config.h usability
configure:4827: gcc -c -g -O2  conftest.c >&5
conftest.c:54:26: error: minix/config.h: No such file or directory
configure:4827: $? = 1
configure: failed program was:
| /* confdefs.h */
| #define PACKAGE_NAME ""
| #define PACKAGE_TARNAME ""
| #define PACKAGE_VERSION ""
| #define PACKAGE_STRING ""
| #define PACKAGE_BUGREPORT ""
| #define PACKAGE_URL ""
| #define PACKAGE "opcodes"
| #define VERSION "2.21.51"
| #define STDC_HEADERS 1
| #define HAVE_SYS_TYPES_H 1
| #define HAVE_SYS_STAT_H 1
| #define HAVE_STDLIB_H 1
| #define HAVE_STRING_H 1
| #define HAVE_MEMORY_H 1
| #define HAVE_STRINGS_H 1
| #define HAVE_INTTYPES_H 1
| #define HAVE_STDINT_H 1
| #define HAVE_UNISTD_H 1
| /* end confdefs.h.  */
| #include <stdio.h>
| #ifdef HAVE_SYS_TYPES_H
| # include <sys/types.h>
| #endif
| #ifdef HAVE_SYS_STAT_H
| # include <sys/stat.h>
| #endif
| #ifdef STDC_HEADERS
| # include <stdlib.h>
| # include <stddef.h>
| #else
| # ifdef HAVE_STDLIB_H
| #  include <stdlib.h>
| # endif
| #endif
| #ifdef HAVE_STRING_H
| # if !defined STDC_HEADERS && defined HAVE_MEMORY_H
| #  include <memory.h>
| # endif
| # include <string.h>
| #endif
| #ifdef HAVE_STRINGS_H
| # include <strings.h>
| #endif
| #ifdef HAVE_INTTYPES_H
| # include <inttypes.h>
| #endif
| #ifdef HAVE_STDINT_H
| # include <stdint.h>
| #endif
| #ifdef HAVE_UNISTD_H
| # include <unistd.h>
| #endif
| #include <minix/config.h>
configure:4827: result: no
configure:4827: checking minix/config.h presence
configure:4827: gcc -E  conftest.c
conftest.c:21:26: error: minix/config.h: No such file or directory
configure:4827: $? = 1
configure: failed program was:
| /* confdefs.h */
| #define PACKAGE_NAME ""
| #define PACKAGE_TARNAME ""
| #define PACKAGE_VERSION ""
| #define PACKAGE_STRING ""
| #define PACKAGE_BUGREPORT ""
| #define PACKAGE_URL ""
| #define PACKAGE "opcodes"
| #define VERSION "2.21.51"
| #define STDC_HEADERS 1
| #define HAVE_SYS_TYPES_H 1
| #define HAVE_SYS_STAT_H 1
| #define HAVE_STDLIB_H 1
| #define HAVE_STRING_H 1
| #define HAVE_MEMORY_H 1
| #define HAVE_STRINGS_H 1
| #define HAVE_INTTYPES_H 1
| #define HAVE_STDINT_H 1
| #define HAVE_UNISTD_H 1
| /* end confdefs.h.  */
| #include <minix/config.h>
configure:4827: result: no
configure:4827: checking for minix/config.h
configure:4827: result: no
configure:4848: checking whether it is safe to define __EXTENSIONS__
configure:4866: gcc -c -g -O2  conftest.c >&5
configure:4866: $? = 0
configure:4873: result: yes
configure:4893: checking for x86_64-pc-linux-gnu-ar
configure:4920: result: ar
configure:4985: checking for x86_64-pc-linux-gnu-ranlib
configure:5012: result: ranlib
configure:5153: checking how to print strings
configure:5180: result: printf
configure:5201: checking for a sed that does not truncate output
configure:5265: result: /bin/sed
configure:5283: checking for fgrep
configure:5345: result: /bin/grep -F
configure:5380: checking for ld used by gcc
configure:5447: result: ld
configure:5454: checking if the linker (ld) is GNU ld
configure:5469: result: yes
configure:5481: checking for BSD- or MS-compatible name lister (nm)
configure:5530: result: nm
configure:5660: checking the name lister (nm) interface
configure:5667: gcc -c -g -O2  conftest.c >&5
configure:5670: nm "conftest.o"
configure:5673: output
0000000000000000 B some_variable
configure:5680: result: BSD nm
configure:5683: checking whether ln -s works
configure:5687: result: yes
configure:5695: checking the maximum length of command line arguments
configure:5820: result: 3458764513820540925
configure:5837: checking whether the shell understands some XSI constructs
configure:5847: result: yes
configure:5851: checking whether the shell understands "+="
configure:5857: result: yes
configure:5892: checking for ld option to reload object files
configure:5899: result: -r
configure:5928: checking for x86_64-pc-linux-gnu-objdump
configure:5955: result: objdump
configure:6027: checking how to recognize dependent libraries
configure:6228: result: pass_all
configure:6248: checking for x86_64-pc-linux-gnu-ar
configure:6275: result: ar
configure:6353: checking for x86_64-pc-linux-gnu-strip
configure:6383: result: no
configure:6393: checking for strip
configure:6409: found /usr/bin/strip
configure:6420: result: strip
configure:6452: checking for x86_64-pc-linux-gnu-ranlib
configure:6479: result: ranlib
configure:6621: checking command to parse nm output from gcc object
configure:6739: gcc -c -g -O2  conftest.c >&5
configure:6742: $? = 0
configure:6746: nm conftest.o \| sed -n -e 's/^.*[ ]\([ABCDGIRSTW][ABCDGIRSTW]*\)[ ][ ]*\([_A-Za-z][_A-Za-z0-9]*\)$/\1 \2 \2/p' \> conftest.nm
configure:6749: $? = 0
configure:6803: gcc -o conftest -g -O2    conftest.c conftstm.o >&5
configure:6806: $? = 0
configure:6844: result: ok
configure:6939: gcc -c -g -O2  conftest.c >&5
configure:6942: $? = 0
configure:7679: checking for dlfcn.h
configure:7679: gcc -c -g -O2  conftest.c >&5
configure:7679: $? = 0
configure:7679: result: yes
configure:7836: checking for objdir
configure:7851: result: .libs
configure:8122: checking if gcc supports -fno-rtti -fno-exceptions
configure:8140: gcc -c -g -O2  -fno-rtti -fno-exceptions conftest.c >&5
cc1: warning: command line option "-fno-rtti" is valid for C++/ObjC++ but not for C
configure:8144: $? = 0
configure:8157: result: no
configure:8177: checking for gcc option to produce PIC
configure:8462: result: -fPIC -DPIC
configure:8474: checking if gcc PIC flag -fPIC -DPIC works
configure:8492: gcc -c -g -O2  -fPIC -DPIC -DPIC conftest.c >&5
configure:8496: $? = 0
configure:8509: result: yes
configure:8533: checking if gcc static flag -static works
configure:8561: result: yes
configure:8576: checking if gcc supports -c -o file.o
configure:8597: gcc -c -g -O2  -o out/conftest2.o conftest.c >&5
configure:8601: $? = 0
configure:8623: result: yes
configure:8631: checking if gcc supports -c -o file.o
configure:8678: result: yes
configure:8711: checking whether the gcc linker (ld -m elf_x86_64) supports shared libraries
configure:9782: result: yes
configure:10027: checking dynamic linker characteristics
configure:10478: gcc -o conftest -g -O2    -Wl,-rpath -Wl,/foo conftest.c  >&5
configure:10478: $? = 0
configure:10700: result: GNU/Linux ld.so
configure:10807: checking how to hardcode library paths into programs
configure:10832: result: immediate
configure:11372: checking whether stripping libraries is possible
configure:11377: result: yes
configure:11412: checking if libtool supports shared libraries
configure:11414: result: yes
configure:11417: checking whether to build shared libraries
configure:11438: result: no
configure:11441: checking whether to build static libraries
configure:11445: result: yes
configure:11573: checking whether to enable maintainer-specific portions of Makefiles
configure:11582: result: no
configure:11610: checking whether to install libbfd
configure:11623: result: no
configure:11669: checking whether NLS is requested
configure:11672: result: no
configure:11740: checking whether NLS is requested
configure:11749: result: no
configure:11787: checking for msgfmt
configure:11821: result: no
configure:11827: checking for gmsgfmt
configure:11858: result: :
configure:11898: checking for xgettext
configure:11932: result: no
configure:11969: checking for msgmerge
configure:12002: result: no
configure:12081: checking for string.h
configure:12081: result: yes
configure:12081: checking for strings.h
configure:12081: result: yes
configure:12081: checking for stdlib.h
configure:12081: result: yes
configure:12081: checking limits.h usability
configure:12081: gcc -c -g -O2  conftest.c >&5
configure:12081: $? = 0
configure:12081: result: yes
configure:12081: checking limits.h presence
configure:12081: gcc -E  conftest.c
configure:12081: $? = 0
configure:12081: result: yes
configure:12081: checking for limits.h
configure:12081: result: yes
configure:12093: checking whether basename is declared
configure:12093: gcc -c -g -O2  conftest.c >&5
configure:12093: $? = 0
configure:12093: result: yes
configure:12103: checking whether stpcpy is declared
configure:12103: gcc -c -g -O2  conftest.c >&5
configure:12103: $? = 0
configure:12103: result: yes
configure:12145: checking linker --as-needed support
configure:12156: result: yes
configure:12247: checking for cos in -lm
configure:12272: gcc -o conftest -g -O2    conftest.c -lm   >&5
conftest.c:41: warning: conflicting types for built-in function 'cos'
configure:12272: $? = 0
configure:12281: result: yes
configure:12603: updating cache ./config.cache
configure:12668: creating ./config.status

## ---------------------- ##
## Running config.status. ##
## ---------------------- ##

This file was extended by config.status, which was
generated by GNU Autoconf 2.64.  Invocation command line was

  CONFIG_FILES    = 
  CONFIG_HEADERS  = 
  CONFIG_LINKS    = 
  CONFIG_COMMANDS = 
  $ ./config.status 

on vdbs1218

config.status:1132: creating Makefile
config.status:1132: creating po/Makefile.in
config.status:1132: creating config.h
config.status:1345: executing depfiles commands
config.status:1345: executing libtool commands
config.status:1345: executing default-1 commands

## ---------------- ##
## Cache variables. ##
## ---------------- ##

ac_cv_build=x86_64-pc-linux-gnu
ac_cv_c_compiler_gnu=yes
ac_cv_env_CC_set=set
ac_cv_env_CC_value=gcc
ac_cv_env_CFLAGS_set=set
ac_cv_env_CFLAGS_value='-g -O2'
ac_cv_env_CPPFLAGS_set=
ac_cv_env_CPPFLAGS_value=
ac_cv_env_CPP_set=
ac_cv_env_CPP_value=
ac_cv_env_LDFLAGS_set=set
ac_cv_env_LDFLAGS_value=' '
ac_cv_env_LIBS_set=
ac_cv_env_LIBS_value=
ac_cv_env_build_alias_set=set
ac_cv_env_build_alias_value=x86_64-pc-linux-gnu
ac_cv_env_host_alias_set=set
ac_cv_env_host_alias_value=x86_64-pc-linux-gnu
ac_cv_env_target_alias_set=set
ac_cv_env_target_alias_value=arm-v7a15v3r1-linux-gnueabi
ac_cv_have_decl_basename=yes
ac_cv_have_decl_stpcpy=yes
ac_cv_header_dlfcn_h=yes
ac_cv_header_inttypes_h=yes
ac_cv_header_limits_h=yes
ac_cv_header_memory_h=yes
ac_cv_header_minix_config_h=no
ac_cv_header_stdc=yes
ac_cv_header_stdint_h=yes
ac_cv_header_stdlib_h=yes
ac_cv_header_string_h=yes
ac_cv_header_strings_h=yes
ac_cv_header_sys_stat_h=yes
ac_cv_header_sys_types_h=yes
ac_cv_header_unistd_h=yes
ac_cv_host=x86_64-pc-linux-gnu
ac_cv_lib_m_cos=yes
ac_cv_objext=o
ac_cv_path_EGREP='/bin/grep -E'
ac_cv_path_FGREP='/bin/grep -F'
ac_cv_path_GMSGFMT=:
ac_cv_path_GREP=/bin/grep
ac_cv_path_MSGFMT=:
ac_cv_path_MSGMERGE=:
ac_cv_path_SED=/bin/sed
ac_cv_path_XGETTEXT=:
ac_cv_path_mkdir=/bin/mkdir
ac_cv_prog_AR=ar
ac_cv_prog_AWK=gawk
ac_cv_prog_CC=gcc
ac_cv_prog_CPP='gcc -E'
ac_cv_prog_OBJDUMP=objdump
ac_cv_prog_RANLIB=ranlib
ac_cv_prog_ac_ct_STRIP=strip
ac_cv_prog_cc_c89=
ac_cv_prog_cc_g=yes
ac_cv_prog_make_make_set=yes
ac_cv_safe_to_define___extensions__=yes
ac_cv_search_strerror='none required'
ac_cv_target=arm-v7a15v3r1-linux-gnueabi
am_cv_CC_dependencies_compiler_type=gcc3
bfd_cv_ld_as_needed=yes
lt_cv_deplibs_check_method=pass_all
lt_cv_file_magic_cmd='$MAGIC_CMD'
lt_cv_file_magic_test_file=
lt_cv_ld_reload_flag=-r
lt_cv_nm_interface='BSD nm'
lt_cv_objdir=.libs
lt_cv_path_LD=ld
lt_cv_path_NM=nm
lt_cv_prog_compiler_c_o=yes
lt_cv_prog_compiler_pic_works=yes
lt_cv_prog_compiler_rtti_exceptions=no
lt_cv_prog_compiler_static_works=yes
lt_cv_prog_gnu_ld=yes
lt_cv_shlibpath_overrides_runpath=no
lt_cv_sys_global_symbol_pipe='sed -n -e '\''s/^.*[	 ]\([ABCDGIRSTW][ABCDGIRSTW]*\)[	 ][	 ]*\([_A-Za-z][_A-Za-z0-9]*\)$/\1 \2 \2/p'\'''
lt_cv_sys_global_symbol_to_c_name_address='sed -n -e '\''s/^: \([^ ]*\) $/  {\"\1\", (void *) 0},/p'\'' -e '\''s/^[ABCDGIRSTW]* \([^ ]*\) \([^ ]*\)$/  {"\2", (void *) \&\2},/p'\'''
lt_cv_sys_global_symbol_to_c_name_address_lib_prefix='sed -n -e '\''s/^: \([^ ]*\) $/  {\"\1\", (void *) 0},/p'\'' -e '\''s/^[ABCDGIRSTW]* \([^ ]*\) \(lib[^ ]*\)$/  {"\2", (void *) \&\2},/p'\'' -e '\''s/^[ABCDGIRSTW]* \([^ ]*\) \([^ ]*\)$/  {"lib\2", (void *) \&\2},/p'\'''
lt_cv_sys_global_symbol_to_cdecl='sed -n -e '\''s/^T .* \(.*\)$/extern int \1();/p'\'' -e '\''s/^[ABCDGIRSTW]* .* \(.*\)$/extern char \1;/p'\'''
lt_cv_sys_max_cmd_len=3458764513820540925

## ----------------- ##
## Output variables. ##
## ----------------- ##

ACLOCAL='${SHELL} /home6/daewon2/Release/glibc/SP/SP_Linux/LP_Linux_Prj/REL/VDLinux.3.x.2012/toolchain/src/arm-mips-src-20121018/build.arm.cortex-a15/sources/gdb/missing --run aclocal-1.11'
AMDEPBACKSLASH='\'
AMDEP_FALSE='#'
AMDEP_TRUE=''
AMTAR='${SHELL} /home6/daewon2/Release/glibc/SP/SP_Linux/LP_Linux_Prj/REL/VDLinux.3.x.2012/toolchain/src/arm-mips-src-20121018/build.arm.cortex-a15/sources/gdb/missing --run tar'
AR='ar'
AUTOCONF='${SHELL} /home6/daewon2/Release/glibc/SP/SP_Linux/LP_Linux_Prj/REL/VDLinux.3.x.2012/toolchain/src/arm-mips-src-20121018/build.arm.cortex-a15/sources/gdb/missing --run autoconf'
AUTOHEADER='${SHELL} /home6/daewon2/Release/glibc/SP/SP_Linux/LP_Linux_Prj/REL/VDLinux.3.x.2012/toolchain/src/arm-mips-src-20121018/build.arm.cortex-a15/sources/gdb/missing --run autoheader'
AUTOMAKE='${SHELL} /home6/daewon2/Release/glibc/SP/SP_Linux/LP_Linux_Prj/REL/VDLinux.3.x.2012/toolchain/src/arm-mips-src-20121018/build.arm.cortex-a15/sources/gdb/missing --run automake-1.11'
AWK='gawk'
BFD_MACHINES=' arm-dis.lo'
BUILD_LIBS='../libiberty/libiberty.a '
BUILD_LIB_DEPS='../libiberty/libiberty.a '
CATALOGS=''
CATOBJEXT=''
CC='gcc'
CCDEPMODE='depmode=gcc3'
CC_FOR_BUILD='gcc'
CFLAGS='-g -O2'
CGEN_MAINT_FALSE=''
CGEN_MAINT_TRUE='#'
CPP='gcc -E'
CPPFLAGS=''
CYGPATH_W='echo'
DATADIRNAME=''
DEFS='-DHAVE_CONFIG_H'
DEPDIR='.deps'
DSYMUTIL=''
DUMPBIN=''
ECHO_C=''
ECHO_N='-n'
ECHO_T=''
EGREP='/bin/grep -E'
EXEEXT=''
EXEEXT_FOR_BUILD='$(EXEEXT)'
FGREP='/bin/grep -F'
GENCAT=''
GMSGFMT=':'
GREP='/bin/grep'
HDEFINES=''
INCINTL=''
INSTALL_DATA='/usr/bin/install -c -m 644'
INSTALL_LIBBFD_FALSE=''
INSTALL_LIBBFD_TRUE='#'
INSTALL_PROGRAM='/usr/bin/install -c'
INSTALL_SCRIPT='/usr/bin/install -c'
INSTALL_STRIP_PROGRAM='$(install_sh) -c -s'
INSTOBJEXT=''
LD='ld -m elf_x86_64'
LDFLAGS=' '
LIBINTL=''
LIBINTL_DEP=''
LIBM='-lm'
LIBOBJS=''
LIBS=''
LIBTOOL='$(SHELL) $(top_builddir)/libtool'
LIPO=''
LN_S='ln -s'
LTLIBOBJS=''
MAINT='#'
MAINTAINER_MODE_FALSE=''
MAINTAINER_MODE_TRUE='#'
MAKEINFO='makeinfo --split-size=5000000'
MKDIR_P='/bin/mkdir -p'
MKINSTALLDIRS='/home6/daewon2/Release/glibc/SP/SP_Linux/LP_Linux_Prj/REL/VDLinux.3.x.2012/toolchain/src/arm-mips-src-20121018/build.arm.cortex-a15/sources/gdb/opcodes/../mkinstalldirs'
MSGFMT=':'
MSGMERGE=':'
NM='nm'
NMEDIT=''
NO_WERROR='-Wno-error'
OBJDUMP='objdump'
OBJEXT='o'
OTOOL64=''
OTOOL=''
PACKAGE='opcodes'
PACKAGE_BUGREPORT=''
PACKAGE_NAME=''
PACKAGE_STRING=''
PACKAGE_TARNAME=''
PACKAGE_URL=''
PACKAGE_VERSION=''
PATH_SEPARATOR=':'
POSUB=''
RANLIB='ranlib'
SED='/bin/sed'
SET_MAKE=''
SHARED_DEPENDENCIES=''
SHARED_LDFLAGS=''
SHARED_LIBADD=''
SHELL='/bin/sh'
STRIP='strip'
USE_NLS='no'
VERSION='2.21.51'
WARN_CFLAGS='-W -Wall -Wstrict-prototypes -Wmissing-prototypes -Wshadow -Werror'
XGETTEXT=':'
ac_ct_CC=''
ac_ct_DUMPBIN=''
am__EXEEXT_FALSE=''
am__EXEEXT_TRUE='#'
am__fastdepCC_FALSE='#'
am__fastdepCC_TRUE=''
am__include='include'
am__isrc=' -I$(srcdir)'
am__leading_dot='.'
am__quote=''
am__tar='${AMTAR} chof - "$$tardir"'
am__untar='${AMTAR} xf -'
archdefs=' -DARCH_arm'
bfdincludedir='$(exec_prefix)/$(host_noncanonical)/$(target_noncanonical)/include'
bfdlibdir='$(exec_prefix)/$(host_noncanonical)/$(target_noncanonical)/lib'
bindir='${exec_prefix}/bin'
build='x86_64-pc-linux-gnu'
build_alias='x86_64-pc-linux-gnu'
build_cpu='x86_64'
build_os='linux-gnu'
build_vendor='pc'
cgendir='$(srcdir)/../cgen'
datadir='${datarootdir}'
datarootdir='${prefix}/share'
docdir='${datarootdir}/doc/${PACKAGE}'
dvidir='${docdir}'
exec_prefix='${prefix}'
host='x86_64-pc-linux-gnu'
host_alias='x86_64-pc-linux-gnu'
host_cpu='x86_64'
host_noncanonical='x86_64-pc-linux-gnu'
host_os='linux-gnu'
host_vendor='pc'
htmldir='${docdir}'
includedir='${prefix}/include'
infodir='${datarootdir}/info'
install_sh='${SHELL} /home6/daewon2/Release/glibc/SP/SP_Linux/LP_Linux_Prj/REL/VDLinux.3.x.2012/toolchain/src/arm-mips-src-20121018/build.arm.cortex-a15/sources/gdb/install-sh'
libdir='${exec_prefix}/lib'
libexecdir='${exec_prefix}/libexec'
localedir='${datarootdir}/locale'
localstatedir='${prefix}/var'
mandir='${datarootdir}/man'
mkdir_p='/bin/mkdir -p'
oldincludedir='/usr/include'
pdfdir='${docdir}'
prefix='/home6/daewon2/Release/glibc/SP/SP_Linux/LP_Linux_Prj/REL/VDLinux.3.x.2012/toolchain/src/arm-mips-src-20121018/scripts/arm-v7a15v3r1'
program_transform_name='s&^&arm-v7a15v3r1-linux-gnueabi-&'
psdir='${docdir}'
sbindir='${exec_prefix}/sbin'
sharedstatedir='${prefix}/com'
sysconfdir='${prefix}/etc'
target='arm-v7a15v3r1-linux-gnueabi'
target_alias='arm-v7a15v3r1-linux-gnueabi'
target_cpu='arm'
target_noncanonical='arm-v7a15v3r1-linux-gnueabi'
target_os='linux-gnueabi'
target_vendor='v7a15v3r1'

## ----------- ##
## confdefs.h. ##
## ----------- ##

/* confdefs.h */
#define PACKAGE_NAME ""
#define PACKAGE_TARNAME ""
#define PACKAGE_VERSION ""
#define PACKAGE_STRING ""
#define PACKAGE_BUGREPORT ""
#define PACKAGE_URL ""
#define PACKAGE "opcodes"
#define VERSION "2.21.51"
#define STDC_HEADERS 1
#define HAVE_SYS_TYPES_H 1
#define HAVE_SYS_STAT_H 1
#define HAVE_STDLIB_H 1
#define HAVE_STRING_H 1
#define HAVE_MEMORY_H 1
#define HAVE_STRINGS_H 1
#define HAVE_INTTYPES_H 1
#define HAVE_STDINT_H 1
#define HAVE_UNISTD_H 1
#define __EXTENSIONS__ 1
#define _ALL_SOURCE 1
#define _GNU_SOURCE 1
#define _POSIX_PTHREAD_SEMANTICS 1
#define _TANDEM_SOURCE 1
#define HAVE_DLFCN_H 1
#define LT_OBJDIR ".libs/"
#define HAVE_STRING_H 1
#define HAVE_STRINGS_H 1
#define HAVE_STDLIB_H 1
#define HAVE_LIMITS_H 1
#define HAVE_DECL_BASENAME 1
#define HAVE_DECL_STPCPY 1

configure: exit 0
