This file contains any messages produced by compilers while
running configure, to aid debugging if configure makes a mistake.

It was created by configure, which was
generated by GNU Autoconf 2.64.  Invocation command line was

  $ /home6/daewon2/Release/glibc/SP/SP_Linux/LP_Linux_Prj/REL/VDLinux.3.x.2012/toolchain/src/arm-mips-src-20121018/build.arm.cortex-a15/sources/gcc_1/configure --build=x86_64-pc-linux-gnu --host=x86_64-pc-linux-gnu --target=arm-v7a15v3r1-linux-gnueabi --prefix=/home6/daewon2/Release/glibc/SP/SP_Linux/LP_Linux_Prj/REL/VDLinux.3.x.2012/toolchain/src/arm-mips-src-20121018/scripts/arm-v7a15v3r1 --with-sysroot=/home6/daewon2/Release/glibc/SP/SP_Linux/LP_Linux_Prj/REL/VDLinux.3.x.2012/toolchain/src/arm-mips-src-20121018/scripts/arm-v7a15v3r1/arm-v7a15v3r1-linux-gnueabi/sys-root --enable-threads --disable-libssp --disable-libstdcxx-pch --enable-languages=c --enable-shared --enable-lto --enable-symvers=gnu --enable-__cxa_atexit --disable-nls --disable-libffi --disable-libquadmath --with-host-libstdcxx=-static-libgcc -Wl,-Bstatic,-lstdc++,-Bdynamic -lm --disable-libmudflap --disable-libgomp --with-gmp=/home6/daewon2/Release/glibc/SP/SP_Linux/LP_Linux_Prj/REL/VDLinux.3.x.2012/toolchain/src/arm-mips-src-20121018/scripts/arm-v7a15v3r1 --with-mpfr=/home6/daewon2/Release/glibc/SP/SP_Linux/LP_Linux_Prj/REL/VDLinux.3.x.2012/toolchain/src/arm-mips-src-20121018/scripts/arm-v7a15v3r1 --with-ppl=/home6/daewon2/Release/glibc/SP/SP_Linux/LP_Linux_Prj/REL/VDLinux.3.x.2012/toolchain/src/arm-mips-src-20121018/scripts/arm-v7a15v3r1 --with-cloog=/home6/daewon2/Release/glibc/SP/SP_Linux/LP_Linux_Prj/REL/VDLinux.3.x.2012/toolchain/src/arm-mips-src-20121018/scripts/arm-v7a15v3r1 --with-libelf=/home6/daewon2/Release/glibc/SP/SP_Linux/LP_Linux_Prj/REL/VDLinux.3.x.2012/toolchain/src/arm-mips-src-20121018/scripts/arm-v7a15v3r1 --with-specs=%{!ffunction-sections:%{!fno-function-sections:-ffunction-sections}} %{funwind-tables|fno-unwind-tables|mabi=*|ffreestanding|nostdlib:;:-funwind-tables} %{O3:%{!funswitch-loops:%{!fno-unswitch-loops:-fno-unswitch-loops}}} --with-interwork --with-mode=arm --with-fpu=vfpv3 --with-cpu=cortex-a15 --with-tune=cortex-a15 --with-float=softfp

## --------- ##
## Platform. ##
## --------- ##

hostname = vdbs1218
uname -m = x86_64
uname -r = 2.6.32-38-generic
uname -s = Linux
uname -v = #83-Ubuntu SMP Wed Jan 4 11:12:07 UTC 2012

/usr/bin/uname -p = unknown
/bin/uname -X     = unknown

/bin/arch              = unknown
/usr/bin/arch -k       = unknown
/usr/convex/getsysinfo = unknown
/usr/bin/hostinfo      = unknown
/bin/machine           = unknown
/usr/bin/oslevel       = unknown
/bin/universe          = unknown

PATH: /home6/daewon2/Release/glibc/SP/SP_Linux/LP_Linux_Prj/REL/VDLinux.3.x.2012/toolchain/src/arm-mips-src-20121018/scripts/arm-v7a15v3r1/bin
PATH: /home6/daewon2/bin
PATH: /usr/local/iconv/bin
PATH: /opt/mipsel-34kv3r1-20121018/bin
PATH: /opt/mipsel-24kv3r1-20121018/bin
PATH: /opt/arm-v7a8v3r1-20121018/bin
PATH: /opt/arm-v7a15v3r1-20121018/bin/
PATH: /opt/VDLinux-ARMv7-4.6-v3r0-20120319/bin
PATH: /opt/VDLinux-ARMv7-4.4-202-toolchain-v2r2-20110630/bin
PATH: /usr/local/java/jdk1.6.0_29/bin
PATH: /usr/local/sbin
PATH: /usr/local/bin
PATH: /usr/sbin
PATH: /usr/bin
PATH: /sbin
PATH: /bin
PATH: /usr/games
PATH: /usr/p4bin/bin
PATH: /home6/daewon2/busybox_test/Busybox/arm-v7a15v3r1-20121003/bin
PATH: /home6/daewon2/busybox_test/Busybox/arm-v7a8v3r1-20121003/bin
PATH: /home6/daewon2/busybox_test/Busybox/mipsel-24kv3r1-20121003/bin
PATH: /home6/daewon2/busybox_test/Busybox/mipsel-34kv3r1-20121003/bin
PATH: /home6/daewon2/20121114/arm-v7a15v3r1-20121114/bin
PATH: /home6/daewon2/20121114/mipsel-34kv3r1-20121114/bin


## ----------- ##
## Core tests. ##
## ----------- ##

configure:2222: checking build system type
configure:2236: result: x86_64-pc-linux-gnu
configure:2283: checking host system type
configure:2296: result: x86_64-pc-linux-gnu
configure:2316: checking target system type
configure:2329: result: arm-v7a15v3r1-linux-gnueabi
configure:2383: checking for a BSD-compatible install
configure:2451: result: /usr/bin/install -c
configure:2462: checking whether ln works
configure:2484: result: yes
configure:2488: checking whether ln -s works
configure:2492: result: yes
configure:2499: checking for a sed that does not truncate output
configure:2563: result: /bin/sed
configure:2572: checking for gawk
configure:2588: found /usr/bin/gawk
configure:2599: result: gawk
configure:3873: checking for x86_64-pc-linux-gnu-gcc
configure:3903: result: no
configure:3913: checking for gcc
configure:3929: found /usr/bin/gcc
configure:3940: result: gcc
configure:4169: checking for C compiler version
configure:4178: gcc --version >&5
gcc (Ubuntu 4.4.3-4ubuntu5.1) 4.4.3
Copyright (C) 2009 Free Software Foundation, Inc.
This is free software; see the source for copying conditions.  There is NO
warranty; not even for MERCHANTABILITY or FITNESS FOR A PARTICULAR PURPOSE.

configure:4189: $? = 0
configure:4178: gcc -v >&5
Using built-in specs.
Target: x86_64-linux-gnu
Configured with: ../src/configure -v --with-pkgversion='Ubuntu 4.4.3-4ubuntu5.1' --with-bugurl=file:///usr/share/doc/gcc-4.4/README.Bugs --enable-languages=c,c++,fortran,objc,obj-c++ --prefix=/usr --enable-shared --enable-multiarch --enable-linker-build-id --with-system-zlib --libexecdir=/usr/lib --without-included-gettext --enable-threads=posix --with-gxx-include-dir=/usr/include/c++/4.4 --program-suffix=-4.4 --enable-nls --enable-clocale=gnu --enable-libstdcxx-debug --enable-plugin --enable-objc-gc --disable-werror --with-arch-32=i486 --with-tune=generic --enable-checking=release --build=x86_64-linux-gnu --host=x86_64-linux-gnu --target=x86_64-linux-gnu
Thread model: posix
gcc version 4.4.3 (Ubuntu 4.4.3-4ubuntu5.1) 
configure:4189: $? = 0
configure:4178: gcc -V >&5
gcc: '-V' option must have argument
configure:4189: $? = 1
configure:4178: gcc -qversion >&5
gcc: unrecognized option '-qversion'
gcc: no input files
configure:4189: $? = 1
configure:4209: checking for C compiler default output file name
configure:4231: gcc   -L/home6/daewon2/Release/glibc/SP/SP_Linux/LP_Linux_Prj/REL/VDLinux.3.x.2012/toolchain/src/arm-mips-src-20121018/scripts/arm-v7a15v3r1/lib conftest.c  >&5
configure:4235: $? = 0
configure:4272: result: a.out
configure:4288: checking whether the C compiler works
configure:4297: ./a.out
configure:4301: $? = 0
configure:4316: result: yes
configure:4323: checking whether we are cross compiling
configure:4325: result: no
configure:4328: checking for suffix of executables
configure:4335: gcc -o conftest   -L/home6/daewon2/Release/glibc/SP/SP_Linux/LP_Linux_Prj/REL/VDLinux.3.x.2012/toolchain/src/arm-mips-src-20121018/scripts/arm-v7a15v3r1/lib conftest.c  >&5
configure:4339: $? = 0
configure:4361: result: 
configure:4367: checking for suffix of object files
configure:4389: gcc -c   conftest.c >&5
configure:4393: $? = 0
configure:4414: result: o
configure:4418: checking whether we are using the GNU C compiler
configure:4437: gcc -c   conftest.c >&5
configure:4437: $? = 0
configure:4446: result: yes
configure:4455: checking whether gcc accepts -g
configure:4475: gcc -c -g  conftest.c >&5
configure:4475: $? = 0
configure:4516: result: yes
configure:4533: checking for gcc option to accept ISO C89
configure:4597: gcc  -c -g -O2  conftest.c >&5
configure:4597: $? = 0
configure:4610: result: none needed
configure:4644: checking for x86_64-pc-linux-gnu-g++
configure:4674: result: no
configure:4644: checking for x86_64-pc-linux-gnu-c++
configure:4674: result: no
configure:4644: checking for x86_64-pc-linux-gnu-gpp
configure:4674: result: no
configure:4644: checking for x86_64-pc-linux-gnu-aCC
configure:4674: result: no
configure:4644: checking for x86_64-pc-linux-gnu-CC
configure:4674: result: no
configure:4644: checking for x86_64-pc-linux-gnu-cxx
configure:4674: result: no
configure:4644: checking for x86_64-pc-linux-gnu-cc++
configure:4674: result: no
configure:4644: checking for x86_64-pc-linux-gnu-cl.exe
configure:4674: result: no
configure:4644: checking for x86_64-pc-linux-gnu-FCC
configure:4674: result: no
configure:4644: checking for x86_64-pc-linux-gnu-KCC
configure:4674: result: no
configure:4644: checking for x86_64-pc-linux-gnu-RCC
configure:4674: result: no
configure:4644: checking for x86_64-pc-linux-gnu-xlC_r
configure:4674: result: no
configure:4644: checking for x86_64-pc-linux-gnu-xlC
configure:4674: result: no
configure:4688: checking for g++
configure:4704: found /usr/bin/g++
configure:4715: result: g++
configure:4742: checking for C++ compiler version
configure:4751: g++ --version >&5
g++ (Ubuntu 4.4.3-4ubuntu5.1) 4.4.3
Copyright (C) 2009 Free Software Foundation, Inc.
This is free software; see the source for copying conditions.  There is NO
warranty; not even for MERCHANTABILITY or FITNESS FOR A PARTICULAR PURPOSE.

configure:4762: $? = 0
configure:4751: g++ -v >&5
Using built-in specs.
Target: x86_64-linux-gnu
Configured with: ../src/configure -v --with-pkgversion='Ubuntu 4.4.3-4ubuntu5.1' --with-bugurl=file:///usr/share/doc/gcc-4.4/README.Bugs --enable-languages=c,c++,fortran,objc,obj-c++ --prefix=/usr --enable-shared --enable-multiarch --enable-linker-build-id --with-system-zlib --libexecdir=/usr/lib --without-included-gettext --enable-threads=posix --with-gxx-include-dir=/usr/include/c++/4.4 --program-suffix=-4.4 --enable-nls --enable-clocale=gnu --enable-libstdcxx-debug --enable-plugin --enable-objc-gc --disable-werror --with-arch-32=i486 --with-tune=generic --enable-checking=release --build=x86_64-linux-gnu --host=x86_64-linux-gnu --target=x86_64-linux-gnu
Thread model: posix
gcc version 4.4.3 (Ubuntu 4.4.3-4ubuntu5.1) 
configure:4762: $? = 0
configure:4751: g++ -V >&5
g++: '-V' option must have argument
configure:4762: $? = 1
configure:4751: g++ -qversion >&5
g++: unrecognized option '-qversion'
g++: no input files
configure:4762: $? = 1
configure:4766: checking whether we are using the GNU C++ compiler
configure:4785: g++ -c   conftest.cpp >&5
configure:4785: $? = 0
configure:4794: result: yes
configure:4803: checking whether g++ accepts -g
configure:4823: g++ -c -g  conftest.cpp >&5
configure:4823: $? = 0
configure:4864: result: yes
configure:4913: checking for x86_64-pc-linux-gnu-gnatbind
configure:4943: result: no
configure:4953: checking for gnatbind
configure:4983: result: no
configure:5005: checking for x86_64-pc-linux-gnu-gnatmake
configure:5035: result: no
configure:5045: checking for gnatmake
configure:5075: result: no
configure:5094: checking whether compiler driver understands Ada
configure:5117: result: no
configure:5126: checking how to compare bootstrapped objects
configure:5151: result: cmp --ignore-initial=16 $$f1 $$f2
configure:5167: checking for objdir
configure:5182: result: .libs
configure:5348: checking for the correct version of gmp.h
configure:5368: gcc -c -g -O2 -I/home6/daewon2/Release/glibc/SP/SP_Linux/LP_Linux_Prj/REL/VDLinux.3.x.2012/toolchain/src/arm-mips-src-20121018/scripts/arm-v7a15v3r1/include -I/home6/daewon2/Release/glibc/SP/SP_Linux/LP_Linux_Prj/REL/VDLinux.3.x.2012/toolchain/src/arm-mips-src-20121018/scripts/arm-v7a15v3r1/include   conftest.c >&5
configure:5368: $? = 0
configure:5386: gcc -c -g -O2 -I/home6/daewon2/Release/glibc/SP/SP_Linux/LP_Linux_Prj/REL/VDLinux.3.x.2012/toolchain/src/arm-mips-src-20121018/scripts/arm-v7a15v3r1/include -I/home6/daewon2/Release/glibc/SP/SP_Linux/LP_Linux_Prj/REL/VDLinux.3.x.2012/toolchain/src/arm-mips-src-20121018/scripts/arm-v7a15v3r1/include   conftest.c >&5
configure:5386: $? = 0
configure:5387: result: yes
configure:5403: checking for the correct version of mpfr.h
configure:5421: gcc -c -g -O2 -I/home6/daewon2/Release/glibc/SP/SP_Linux/LP_Linux_Prj/REL/VDLinux.3.x.2012/toolchain/src/arm-mips-src-20121018/scripts/arm-v7a15v3r1/include -I/home6/daewon2/Release/glibc/SP/SP_Linux/LP_Linux_Prj/REL/VDLinux.3.x.2012/toolchain/src/arm-mips-src-20121018/scripts/arm-v7a15v3r1/include   conftest.c >&5
configure:5421: $? = 0
configure:5438: gcc -c -g -O2 -I/home6/daewon2/Release/glibc/SP/SP_Linux/LP_Linux_Prj/REL/VDLinux.3.x.2012/toolchain/src/arm-mips-src-20121018/scripts/arm-v7a15v3r1/include -I/home6/daewon2/Release/glibc/SP/SP_Linux/LP_Linux_Prj/REL/VDLinux.3.x.2012/toolchain/src/arm-mips-src-20121018/scripts/arm-v7a15v3r1/include   conftest.c >&5
configure:5438: $? = 0
configure:5439: result: yes
configure:5456: checking for the correct version of mpc.h
configure:5473: gcc -c -g -O2 -I/home6/daewon2/Release/glibc/SP/SP_Linux/LP_Linux_Prj/REL/VDLinux.3.x.2012/toolchain/src/arm-mips-src-20121018/scripts/arm-v7a15v3r1/include -I/home6/daewon2/Release/glibc/SP/SP_Linux/LP_Linux_Prj/REL/VDLinux.3.x.2012/toolchain/src/arm-mips-src-20121018/scripts/arm-v7a15v3r1/include   conftest.c >&5
configure:5473: $? = 0
configure:5489: gcc -c -g -O2 -I/home6/daewon2/Release/glibc/SP/SP_Linux/LP_Linux_Prj/REL/VDLinux.3.x.2012/toolchain/src/arm-mips-src-20121018/scripts/arm-v7a15v3r1/include -I/home6/daewon2/Release/glibc/SP/SP_Linux/LP_Linux_Prj/REL/VDLinux.3.x.2012/toolchain/src/arm-mips-src-20121018/scripts/arm-v7a15v3r1/include   conftest.c >&5
configure:5489: $? = 0
configure:5490: result: yes
configure:5508: checking for the correct version of the gmp/mpfr/mpc libraries
configure:5539: gcc -o conftest -g -O2 -I/home6/daewon2/Release/glibc/SP/SP_Linux/LP_Linux_Prj/REL/VDLinux.3.x.2012/toolchain/src/arm-mips-src-20121018/scripts/arm-v7a15v3r1/include -I/home6/daewon2/Release/glibc/SP/SP_Linux/LP_Linux_Prj/REL/VDLinux.3.x.2012/toolchain/src/arm-mips-src-20121018/scripts/arm-v7a15v3r1/include   -L/home6/daewon2/Release/glibc/SP/SP_Linux/LP_Linux_Prj/REL/VDLinux.3.x.2012/toolchain/src/arm-mips-src-20121018/scripts/arm-v7a15v3r1/lib conftest.c  -L/home6/daewon2/Release/glibc/SP/SP_Linux/LP_Linux_Prj/REL/VDLinux.3.x.2012/toolchain/src/arm-mips-src-20121018/scripts/arm-v7a15v3r1/lib -L/home6/daewon2/Release/glibc/SP/SP_Linux/LP_Linux_Prj/REL/VDLinux.3.x.2012/toolchain/src/arm-mips-src-20121018/scripts/arm-v7a15v3r1/lib -lmpc -lmpfr -lgmp >&5
configure:5539: $? = 0
configure:5540: result: yes
configure:5724: checking for PWL_handle_timeout in -lpwl
configure:5749: gcc -o conftest -g -O2  -L/home6/daewon2/Release/glibc/SP/SP_Linux/LP_Linux_Prj/REL/VDLinux.3.x.2012/toolchain/src/arm-mips-src-20121018/scripts/arm-v7a15v3r1/lib -L/home6/daewon2/Release/glibc/SP/SP_Linux/LP_Linux_Prj/REL/VDLinux.3.x.2012/toolchain/src/arm-mips-src-20121018/scripts/arm-v7a15v3r1/lib conftest.c -lpwl   >&5
/usr/bin/ld: cannot find -lpwl
collect2: ld returned 1 exit status
configure:5749: $? = 1
configure: failed program was:
| /* confdefs.h */
| #define PACKAGE_NAME ""
| #define PACKAGE_TARNAME ""
| #define PACKAGE_VERSION ""
| #define PACKAGE_STRING ""
| #define PACKAGE_BUGREPORT ""
| #define PACKAGE_URL ""
| #define LT_OBJDIR ".libs/"
| /* end confdefs.h.  */
| 
| /* Override any GCC internal prototype to avoid an error.
|    Use char because int might match the return type of a GCC
|    builtin and then its argument prototype would still apply.  */
| #ifdef __cplusplus
| extern "C"
| #endif
| char PWL_handle_timeout ();
| int
| main ()
| {
| return PWL_handle_timeout ();
|   ;
|   return 0;
| }
configure:5758: result: no
configure:5772: checking for version 0.11 (revision 0 or later) of PPL
configure:5789: gcc -c -g -O2 -I/home6/daewon2/Release/glibc/SP/SP_Linux/LP_Linux_Prj/REL/VDLinux.3.x.2012/toolchain/src/arm-mips-src-20121018/scripts/arm-v7a15v3r1/include  -I/home6/daewon2/Release/glibc/SP/SP_Linux/LP_Linux_Prj/REL/VDLinux.3.x.2012/toolchain/src/arm-mips-src-20121018/scripts/arm-v7a15v3r1/include -I/home6/daewon2/Release/glibc/SP/SP_Linux/LP_Linux_Prj/REL/VDLinux.3.x.2012/toolchain/src/arm-mips-src-20121018/scripts/arm-v7a15v3r1/include   conftest.c >&5
configure:5789: $? = 0
configure:5790: result: yes
configure:5917: checking for installed CLooG PPL Legacy
configure:5936: gcc -o conftest -g -O2 -I/home6/daewon2/Release/glibc/SP/SP_Linux/LP_Linux_Prj/REL/VDLinux.3.x.2012/toolchain/src/arm-mips-src-20121018/scripts/arm-v7a15v3r1/include -I/home6/daewon2/Release/glibc/SP/SP_Linux/LP_Linux_Prj/REL/VDLinux.3.x.2012/toolchain/src/arm-mips-src-20121018/scripts/arm-v7a15v3r1/include -I/home6/daewon2/Release/glibc/SP/SP_Linux/LP_Linux_Prj/REL/VDLinux.3.x.2012/toolchain/src/arm-mips-src-20121018/scripts/arm-v7a15v3r1/include  -I/home6/daewon2/Release/glibc/SP/SP_Linux/LP_Linux_Prj/REL/VDLinux.3.x.2012/toolchain/src/arm-mips-src-20121018/scripts/arm-v7a15v3r1/include   -DCLOOG_INT_GMP -DCLOOG_ORG -L/home6/daewon2/Release/glibc/SP/SP_Linux/LP_Linux_Prj/REL/VDLinux.3.x.2012/toolchain/src/arm-mips-src-20121018/scripts/arm-v7a15v3r1/lib -L/home6/daewon2/Release/glibc/SP/SP_Linux/LP_Linux_Prj/REL/VDLinux.3.x.2012/toolchain/src/arm-mips-src-20121018/scripts/arm-v7a15v3r1/lib -L/home6/daewon2/Release/glibc/SP/SP_Linux/LP_Linux_Prj/REL/VDLinux.3.x.2012/toolchain/src/arm-mips-src-20121018/scripts/arm-v7a15v3r1/lib -lppl_c -lppl  -lgmpxx conftest.c -lcloog  >&5
configure:5936: $? = 0
configure:5944: result: PPL Legacy
configure:6082: checking for version 0.15.5 (or later revision) of CLooG
configure:6102: gcc -c -g -O2 -I/home6/daewon2/Release/glibc/SP/SP_Linux/LP_Linux_Prj/REL/VDLinux.3.x.2012/toolchain/src/arm-mips-src-20121018/scripts/arm-v7a15v3r1/include -I/home6/daewon2/Release/glibc/SP/SP_Linux/LP_Linux_Prj/REL/VDLinux.3.x.2012/toolchain/src/arm-mips-src-20121018/scripts/arm-v7a15v3r1/include  -I/home6/daewon2/Release/glibc/SP/SP_Linux/LP_Linux_Prj/REL/VDLinux.3.x.2012/toolchain/src/arm-mips-src-20121018/scripts/arm-v7a15v3r1/include -I/home6/daewon2/Release/glibc/SP/SP_Linux/LP_Linux_Prj/REL/VDLinux.3.x.2012/toolchain/src/arm-mips-src-20121018/scripts/arm-v7a15v3r1/include   conftest.c >&5
configure:6102: $? = 0
configure:6118: gcc -c -g -O2 -I/home6/daewon2/Release/glibc/SP/SP_Linux/LP_Linux_Prj/REL/VDLinux.3.x.2012/toolchain/src/arm-mips-src-20121018/scripts/arm-v7a15v3r1/include -I/home6/daewon2/Release/glibc/SP/SP_Linux/LP_Linux_Prj/REL/VDLinux.3.x.2012/toolchain/src/arm-mips-src-20121018/scripts/arm-v7a15v3r1/include  -I/home6/daewon2/Release/glibc/SP/SP_Linux/LP_Linux_Prj/REL/VDLinux.3.x.2012/toolchain/src/arm-mips-src-20121018/scripts/arm-v7a15v3r1/include -I/home6/daewon2/Release/glibc/SP/SP_Linux/LP_Linux_Prj/REL/VDLinux.3.x.2012/toolchain/src/arm-mips-src-20121018/scripts/arm-v7a15v3r1/include   conftest.c >&5
configure:6118: $? = 0
configure:6129: result: yes
configure:7214: checking for default BUILD_CONFIG
configure:7246: result: 
configure:7736: checking for bison
configure:7752: found /usr/bin/bison
configure:7763: result: bison -y
configure:7784: checking for bison
configure:7800: found /usr/bin/bison
configure:7811: result: bison
configure:7831: checking for gm4
configure:7861: result: no
configure:7831: checking for gnum4
configure:7861: result: no
configure:7831: checking for m4
configure:7847: found /usr/bin/m4
configure:7858: result: m4
configure:7878: checking for flex
configure:7894: found /usr/bin/flex
configure:7905: result: flex
configure:7926: checking for flex
configure:7942: found /usr/bin/flex
configure:7953: result: flex
configure:7973: checking for makeinfo
configure:7989: found /usr/bin/makeinfo
configure:8000: result: makeinfo
configure:8034: checking for expect
configure:8064: result: no
configure:8083: checking for runtest
configure:8113: result: no
configure:8189: checking for x86_64-pc-linux-gnu-ar
configure:8219: result: no
configure:8228: checking for ar
configure:8244: found /usr/bin/ar
configure:8255: result: ar
configure:8330: checking for x86_64-pc-linux-gnu-as
configure:8360: result: no
configure:8369: checking for as
configure:8385: found /usr/bin/as
configure:8396: result: as
configure:8471: checking for x86_64-pc-linux-gnu-dlltool
configure:8501: result: no
configure:8510: checking for dlltool
configure:8540: result: no
configure:8612: checking for x86_64-pc-linux-gnu-ld
configure:8642: result: no
configure:8651: checking for ld
configure:8667: found /usr/bin/ld
configure:8678: result: ld
configure:8753: checking for x86_64-pc-linux-gnu-lipo
configure:8783: result: no
configure:8792: checking for lipo
configure:8822: result: no
configure:8894: checking for x86_64-pc-linux-gnu-nm
configure:8924: result: no
configure:8933: checking for nm
configure:8949: found /usr/bin/nm
configure:8960: result: nm
configure:9035: checking for x86_64-pc-linux-gnu-ranlib
configure:9065: result: no
configure:9074: checking for ranlib
configure:9090: found /usr/bin/ranlib
configure:9101: result: ranlib
configure:9171: checking for x86_64-pc-linux-gnu-strip
configure:9201: result: no
configure:9210: checking for strip
configure:9226: found /usr/bin/strip
configure:9237: result: strip
configure:9307: checking for x86_64-pc-linux-gnu-windres
configure:9337: result: no
configure:9346: checking for windres
configure:9376: result: no
configure:9448: checking for x86_64-pc-linux-gnu-windmc
configure:9478: result: no
configure:9487: checking for windmc
configure:9517: result: no
configure:9589: checking for x86_64-pc-linux-gnu-objcopy
configure:9619: result: no
configure:9628: checking for objcopy
configure:9644: found /usr/bin/objcopy
configure:9655: result: objcopy
configure:9730: checking for x86_64-pc-linux-gnu-objdump
configure:9760: result: no
configure:9769: checking for objdump
configure:9785: found /usr/bin/objdump
configure:9796: result: objdump
configure:9910: checking for arm-v7a15v3r1-linux-gnueabi-cc
configure:9940: result: no
configure:9910: checking for arm-v7a15v3r1-linux-gnueabi-gcc
configure:9926: found /home6/daewon2/Release/glibc/SP/SP_Linux/LP_Linux_Prj/REL/VDLinux.3.x.2012/toolchain/src/arm-mips-src-20121018/scripts/arm-v7a15v3r1/bin/arm-v7a15v3r1-linux-gnueabi-gcc
configure:9937: result: arm-v7a15v3r1-linux-gnueabi-gcc
configure:10071: checking for arm-v7a15v3r1-linux-gnueabi-c++
configure:10087: found /opt/arm-v7a15v3r1-20121018/bin//arm-v7a15v3r1-linux-gnueabi-c++
configure:10098: result: arm-v7a15v3r1-linux-gnueabi-c++
configure:10232: checking for arm-v7a15v3r1-linux-gnueabi-gcc
configure:10248: found /home6/daewon2/Release/glibc/SP/SP_Linux/LP_Linux_Prj/REL/VDLinux.3.x.2012/toolchain/src/arm-mips-src-20121018/scripts/arm-v7a15v3r1/bin/arm-v7a15v3r1-linux-gnueabi-gcc
configure:10259: result: arm-v7a15v3r1-linux-gnueabi-gcc
configure:10388: checking for arm-v7a15v3r1-linux-gnueabi-gcj
configure:10418: result: no
configure:10549: checking for arm-v7a15v3r1-linux-gnueabi-gfortran
configure:10579: result: no
configure:10710: checking for arm-v7a15v3r1-linux-gnueabi-gccgo
configure:10740: result: no
configure:10840: checking for ar
configure:10858: found /home6/daewon2/Release/glibc/SP/SP_Linux/LP_Linux_Prj/REL/VDLinux.3.x.2012/toolchain/src/arm-mips-src-20121018/scripts/arm-v7a15v3r1/arm-v7a15v3r1-linux-gnueabi/bin/ar
configure:10870: result: /home6/daewon2/Release/glibc/SP/SP_Linux/LP_Linux_Prj/REL/VDLinux.3.x.2012/toolchain/src/arm-mips-src-20121018/scripts/arm-v7a15v3r1/arm-v7a15v3r1-linux-gnueabi/bin/ar
configure:11070: checking for as
configure:11088: found /home6/daewon2/Release/glibc/SP/SP_Linux/LP_Linux_Prj/REL/VDLinux.3.x.2012/toolchain/src/arm-mips-src-20121018/scripts/arm-v7a15v3r1/arm-v7a15v3r1-linux-gnueabi/bin/as
configure:11100: result: /home6/daewon2/Release/glibc/SP/SP_Linux/LP_Linux_Prj/REL/VDLinux.3.x.2012/toolchain/src/arm-mips-src-20121018/scripts/arm-v7a15v3r1/arm-v7a15v3r1-linux-gnueabi/bin/as
configure:11300: checking for dlltool
configure:11333: result: no
configure:11411: checking for arm-v7a15v3r1-linux-gnueabi-dlltool
configure:11441: result: no
configure:11530: checking for ld
configure:11548: found /home6/daewon2/Release/glibc/SP/SP_Linux/LP_Linux_Prj/REL/VDLinux.3.x.2012/toolchain/src/arm-mips-src-20121018/scripts/arm-v7a15v3r1/arm-v7a15v3r1-linux-gnueabi/bin/ld
configure:11560: result: /home6/daewon2/Release/glibc/SP/SP_Linux/LP_Linux_Prj/REL/VDLinux.3.x.2012/toolchain/src/arm-mips-src-20121018/scripts/arm-v7a15v3r1/arm-v7a15v3r1-linux-gnueabi/bin/ld
configure:11760: checking for lipo
configure:11793: result: no
configure:11871: checking for arm-v7a15v3r1-linux-gnueabi-lipo
configure:11901: result: no
configure:11990: checking for nm
configure:12008: found /home6/daewon2/Release/glibc/SP/SP_Linux/LP_Linux_Prj/REL/VDLinux.3.x.2012/toolchain/src/arm-mips-src-20121018/scripts/arm-v7a15v3r1/arm-v7a15v3r1-linux-gnueabi/bin/nm
configure:12020: result: /home6/daewon2/Release/glibc/SP/SP_Linux/LP_Linux_Prj/REL/VDLinux.3.x.2012/toolchain/src/arm-mips-src-20121018/scripts/arm-v7a15v3r1/arm-v7a15v3r1-linux-gnueabi/bin/nm
configure:12220: checking for objdump
configure:12238: found /home6/daewon2/Release/glibc/SP/SP_Linux/LP_Linux_Prj/REL/VDLinux.3.x.2012/toolchain/src/arm-mips-src-20121018/scripts/arm-v7a15v3r1/arm-v7a15v3r1-linux-gnueabi/bin/objdump
configure:12250: result: /home6/daewon2/Release/glibc/SP/SP_Linux/LP_Linux_Prj/REL/VDLinux.3.x.2012/toolchain/src/arm-mips-src-20121018/scripts/arm-v7a15v3r1/arm-v7a15v3r1-linux-gnueabi/bin/objdump
configure:12450: checking for ranlib
configure:12468: found /home6/daewon2/Release/glibc/SP/SP_Linux/LP_Linux_Prj/REL/VDLinux.3.x.2012/toolchain/src/arm-mips-src-20121018/scripts/arm-v7a15v3r1/arm-v7a15v3r1-linux-gnueabi/bin/ranlib
configure:12480: result: /home6/daewon2/Release/glibc/SP/SP_Linux/LP_Linux_Prj/REL/VDLinux.3.x.2012/toolchain/src/arm-mips-src-20121018/scripts/arm-v7a15v3r1/arm-v7a15v3r1-linux-gnueabi/bin/ranlib
configure:12680: checking for strip
configure:12698: found /home6/daewon2/Release/glibc/SP/SP_Linux/LP_Linux_Prj/REL/VDLinux.3.x.2012/toolchain/src/arm-mips-src-20121018/scripts/arm-v7a15v3r1/arm-v7a15v3r1-linux-gnueabi/bin/strip
configure:12710: result: /home6/daewon2/Release/glibc/SP/SP_Linux/LP_Linux_Prj/REL/VDLinux.3.x.2012/toolchain/src/arm-mips-src-20121018/scripts/arm-v7a15v3r1/arm-v7a15v3r1-linux-gnueabi/bin/strip
configure:12910: checking for windres
configure:12943: result: no
configure:13021: checking for arm-v7a15v3r1-linux-gnueabi-windres
configure:13051: result: no
configure:13140: checking for windmc
configure:13173: result: no
configure:13251: checking for arm-v7a15v3r1-linux-gnueabi-windmc
configure:13281: result: no
configure:13348: checking where to find the target ar
configure:13376: result: pre-installed in /home6/daewon2/Release/glibc/SP/SP_Linux/LP_Linux_Prj/REL/VDLinux.3.x.2012/toolchain/src/arm-mips-src-20121018/scripts/arm-v7a15v3r1/arm-v7a15v3r1-linux-gnueabi/bin
configure:13390: checking where to find the target as
configure:13418: result: pre-installed in /home6/daewon2/Release/glibc/SP/SP_Linux/LP_Linux_Prj/REL/VDLinux.3.x.2012/toolchain/src/arm-mips-src-20121018/scripts/arm-v7a15v3r1/arm-v7a15v3r1-linux-gnueabi/bin
configure:13432: checking where to find the target cc
configure:13455: result: just compiled
configure:13474: checking where to find the target c++
configure:13514: result: pre-installed
configure:13519: checking where to find the target c++ for libstdc++
configure:13559: result: pre-installed
configure:13564: checking where to find the target dlltool
configure:13601: result: pre-installed
configure:13606: checking where to find the target gcc
configure:13629: result: just compiled
configure:13648: checking where to find the target gcj
configure:13688: result: pre-installed
configure:13693: checking where to find the target gfortran
configure:13733: result: pre-installed
configure:13738: checking where to find the target gccgo
configure:13778: result: pre-installed
configure:13783: checking where to find the target ld
configure:13811: result: pre-installed in /home6/daewon2/Release/glibc/SP/SP_Linux/LP_Linux_Prj/REL/VDLinux.3.x.2012/toolchain/src/arm-mips-src-20121018/scripts/arm-v7a15v3r1/arm-v7a15v3r1-linux-gnueabi/bin
configure:13825: checking where to find the target lipo
configure:13851: result: pre-installed
configure:13856: checking where to find the target nm
configure:13884: result: pre-installed in /home6/daewon2/Release/glibc/SP/SP_Linux/LP_Linux_Prj/REL/VDLinux.3.x.2012/toolchain/src/arm-mips-src-20121018/scripts/arm-v7a15v3r1/arm-v7a15v3r1-linux-gnueabi/bin
configure:13898: checking where to find the target objdump
configure:13926: result: pre-installed in /home6/daewon2/Release/glibc/SP/SP_Linux/LP_Linux_Prj/REL/VDLinux.3.x.2012/toolchain/src/arm-mips-src-20121018/scripts/arm-v7a15v3r1/arm-v7a15v3r1-linux-gnueabi/bin
configure:13940: checking where to find the target ranlib
configure:13968: result: pre-installed in /home6/daewon2/Release/glibc/SP/SP_Linux/LP_Linux_Prj/REL/VDLinux.3.x.2012/toolchain/src/arm-mips-src-20121018/scripts/arm-v7a15v3r1/arm-v7a15v3r1-linux-gnueabi/bin
configure:13982: checking where to find the target strip
configure:14010: result: pre-installed in /home6/daewon2/Release/glibc/SP/SP_Linux/LP_Linux_Prj/REL/VDLinux.3.x.2012/toolchain/src/arm-mips-src-20121018/scripts/arm-v7a15v3r1/arm-v7a15v3r1-linux-gnueabi/bin
configure:14024: checking where to find the target windres
configure:14061: result: pre-installed
configure:14066: checking where to find the target windmc
configure:14103: result: pre-installed
configure:14136: checking whether to enable maintainer-specific portions of Makefiles
configure:14145: result: no
configure:14178: checking whether -fkeep-inline-functions is supported
configure:14197: gcc -c -g -O2 -fkeep-inline-functions  conftest.c >&5
configure:14197: $? = 0
configure:14198: result: yes
configure:14395: creating ./config.status

## ---------------------- ##
## Running config.status. ##
## ---------------------- ##

This file was extended by config.status, which was
generated by GNU Autoconf 2.64.  Invocation command line was

  CONFIG_FILES    = 
  CONFIG_HEADERS  = 
  CONFIG_LINKS    = 
  CONFIG_COMMANDS = 
  $ ./config.status 

on vdbs1218

config.status:991: creating Makefile

## ---------------- ##
## Cache variables. ##
## ---------------- ##

ac_cv_build=x86_64-pc-linux-gnu
ac_cv_c_compiler_gnu=yes
ac_cv_cxx_compiler_gnu=yes
ac_cv_env_AR_FOR_TARGET_set=
ac_cv_env_AR_FOR_TARGET_value=
ac_cv_env_AR_set=
ac_cv_env_AR_value=
ac_cv_env_AS_FOR_TARGET_set=
ac_cv_env_AS_FOR_TARGET_value=
ac_cv_env_AS_set=
ac_cv_env_AS_value=
ac_cv_env_CCC_set=
ac_cv_env_CCC_value=
ac_cv_env_CC_FOR_TARGET_set=
ac_cv_env_CC_FOR_TARGET_value=
ac_cv_env_CC_set=
ac_cv_env_CC_value=
ac_cv_env_CFLAGS_set=
ac_cv_env_CFLAGS_value=
ac_cv_env_CPPFLAGS_set=
ac_cv_env_CPPFLAGS_value=
ac_cv_env_CXXFLAGS_set=
ac_cv_env_CXXFLAGS_value=
ac_cv_env_CXX_FOR_TARGET_set=
ac_cv_env_CXX_FOR_TARGET_value=
ac_cv_env_CXX_set=
ac_cv_env_CXX_value=
ac_cv_env_DLLTOOL_FOR_TARGET_set=
ac_cv_env_DLLTOOL_FOR_TARGET_value=
ac_cv_env_DLLTOOL_set=
ac_cv_env_DLLTOOL_value=
ac_cv_env_GCC_FOR_TARGET_set=
ac_cv_env_GCC_FOR_TARGET_value=
ac_cv_env_GCJ_FOR_TARGET_set=
ac_cv_env_GCJ_FOR_TARGET_value=
ac_cv_env_GFORTRAN_FOR_TARGET_set=
ac_cv_env_GFORTRAN_FOR_TARGET_value=
ac_cv_env_GOC_FOR_TARGET_set=
ac_cv_env_GOC_FOR_TARGET_value=
ac_cv_env_LDFLAGS_set=set
ac_cv_env_LDFLAGS_value=-L/home6/daewon2/Release/glibc/SP/SP_Linux/LP_Linux_Prj/REL/VDLinux.3.x.2012/toolchain/src/arm-mips-src-20121018/scripts/arm-v7a15v3r1/lib
ac_cv_env_LD_FOR_TARGET_set=
ac_cv_env_LD_FOR_TARGET_value=
ac_cv_env_LD_set=
ac_cv_env_LD_value=
ac_cv_env_LIBS_set=
ac_cv_env_LIBS_value=
ac_cv_env_LIPO_FOR_TARGET_set=
ac_cv_env_LIPO_FOR_TARGET_value=
ac_cv_env_LIPO_set=
ac_cv_env_LIPO_value=
ac_cv_env_NM_FOR_TARGET_set=
ac_cv_env_NM_FOR_TARGET_value=
ac_cv_env_NM_set=
ac_cv_env_NM_value=
ac_cv_env_OBJCOPY_set=
ac_cv_env_OBJCOPY_value=
ac_cv_env_OBJDUMP_FOR_TARGET_set=
ac_cv_env_OBJDUMP_FOR_TARGET_value=
ac_cv_env_OBJDUMP_set=
ac_cv_env_OBJDUMP_value=
ac_cv_env_RANLIB_FOR_TARGET_set=
ac_cv_env_RANLIB_FOR_TARGET_value=
ac_cv_env_RANLIB_set=
ac_cv_env_RANLIB_value=
ac_cv_env_STRIP_FOR_TARGET_set=
ac_cv_env_STRIP_FOR_TARGET_value=
ac_cv_env_STRIP_set=
ac_cv_env_STRIP_value=
ac_cv_env_WINDMC_FOR_TARGET_set=
ac_cv_env_WINDMC_FOR_TARGET_value=
ac_cv_env_WINDMC_set=
ac_cv_env_WINDMC_value=
ac_cv_env_WINDRES_FOR_TARGET_set=
ac_cv_env_WINDRES_FOR_TARGET_value=
ac_cv_env_WINDRES_set=
ac_cv_env_WINDRES_value=
ac_cv_env_build_alias_set=set
ac_cv_env_build_alias_value=x86_64-pc-linux-gnu
ac_cv_env_build_configargs_set=
ac_cv_env_build_configargs_value=
ac_cv_env_host_alias_set=set
ac_cv_env_host_alias_value=x86_64-pc-linux-gnu
ac_cv_env_host_configargs_set=
ac_cv_env_host_configargs_value=
ac_cv_env_target_alias_set=set
ac_cv_env_target_alias_value=arm-v7a15v3r1-linux-gnueabi
ac_cv_env_target_configargs_set=
ac_cv_env_target_configargs_value=
ac_cv_host=x86_64-pc-linux-gnu
ac_cv_lib_pwl_PWL_handle_timeout=no
ac_cv_objext=o
ac_cv_path_AR_FOR_TARGET=/home6/daewon2/Release/glibc/SP/SP_Linux/LP_Linux_Prj/REL/VDLinux.3.x.2012/toolchain/src/arm-mips-src-20121018/scripts/arm-v7a15v3r1/arm-v7a15v3r1-linux-gnueabi/bin/ar
ac_cv_path_AS_FOR_TARGET=/home6/daewon2/Release/glibc/SP/SP_Linux/LP_Linux_Prj/REL/VDLinux.3.x.2012/toolchain/src/arm-mips-src-20121018/scripts/arm-v7a15v3r1/arm-v7a15v3r1-linux-gnueabi/bin/as
ac_cv_path_LD_FOR_TARGET=/home6/daewon2/Release/glibc/SP/SP_Linux/LP_Linux_Prj/REL/VDLinux.3.x.2012/toolchain/src/arm-mips-src-20121018/scripts/arm-v7a15v3r1/arm-v7a15v3r1-linux-gnueabi/bin/ld
ac_cv_path_NM_FOR_TARGET=/home6/daewon2/Release/glibc/SP/SP_Linux/LP_Linux_Prj/REL/VDLinux.3.x.2012/toolchain/src/arm-mips-src-20121018/scripts/arm-v7a15v3r1/arm-v7a15v3r1-linux-gnueabi/bin/nm
ac_cv_path_OBJDUMP_FOR_TARGET=/home6/daewon2/Release/glibc/SP/SP_Linux/LP_Linux_Prj/REL/VDLinux.3.x.2012/toolchain/src/arm-mips-src-20121018/scripts/arm-v7a15v3r1/arm-v7a15v3r1-linux-gnueabi/bin/objdump
ac_cv_path_RANLIB_FOR_TARGET=/home6/daewon2/Release/glibc/SP/SP_Linux/LP_Linux_Prj/REL/VDLinux.3.x.2012/toolchain/src/arm-mips-src-20121018/scripts/arm-v7a15v3r1/arm-v7a15v3r1-linux-gnueabi/bin/ranlib
ac_cv_path_SED=/bin/sed
ac_cv_path_STRIP_FOR_TARGET=/home6/daewon2/Release/glibc/SP/SP_Linux/LP_Linux_Prj/REL/VDLinux.3.x.2012/toolchain/src/arm-mips-src-20121018/scripts/arm-v7a15v3r1/arm-v7a15v3r1-linux-gnueabi/bin/strip
ac_cv_path_install='/usr/bin/install -c'
ac_cv_prog_AR=ar
ac_cv_prog_AS=as
ac_cv_prog_AWK=gawk
ac_cv_prog_BISON=bison
ac_cv_prog_CC_FOR_TARGET=arm-v7a15v3r1-linux-gnueabi-gcc
ac_cv_prog_CXX_FOR_TARGET=arm-v7a15v3r1-linux-gnueabi-c++
ac_cv_prog_FLEX=flex
ac_cv_prog_GCC_FOR_TARGET=arm-v7a15v3r1-linux-gnueabi-gcc
ac_cv_prog_LD=ld
ac_cv_prog_LEX=flex
ac_cv_prog_M4=m4
ac_cv_prog_MAKEINFO=makeinfo
ac_cv_prog_NM=nm
ac_cv_prog_OBJCOPY=objcopy
ac_cv_prog_OBJDUMP=objdump
ac_cv_prog_RANLIB=ranlib
ac_cv_prog_STRIP=strip
ac_cv_prog_YACC='bison -y'
ac_cv_prog_ac_ct_CC=gcc
ac_cv_prog_ac_ct_CXX=g++
ac_cv_prog_cc_c89=
ac_cv_prog_cc_g=yes
ac_cv_prog_cxx_g=yes
ac_cv_target=arm-v7a15v3r1-linux-gnueabi
acx_cv_cc_gcc_supports_ada=no
acx_cv_prog_LN=ln
gcc_cv_cloog_ct_0_15_5=yes
gcc_cv_cloog_type='PPL Legacy'
gcc_cv_prog_cmp_skip='cmp --ignore-initial=16 $$f1 $$f2'
gcc_cv_tool_dirs=/home6/daewon2/Release/glibc/SP/SP_Linux/LP_Linux_Prj/REL/VDLinux.3.x.2012/toolchain/src/arm-mips-src-20121018/scripts/arm-v7a15v3r1/libexec/gcc/arm-v7a15v3r1-linux-gnueabi/4.6.4:/home6/daewon2/Release/glibc/SP/SP_Linux/LP_Linux_Prj/REL/VDLinux.3.x.2012/toolchain/src/arm-mips-src-20121018/scripts/arm-v7a15v3r1/libexec/gcc/arm-v7a15v3r1-linux-gnueabi:/usr/lib/gcc/arm-v7a15v3r1-linux-gnueabi/4.6.4:/usr/lib/gcc/arm-v7a15v3r1-linux-gnueabi:/home6/daewon2/Release/glibc/SP/SP_Linux/LP_Linux_Prj/REL/VDLinux.3.x.2012/toolchain/src/arm-mips-src-20121018/scripts/arm-v7a15v3r1/arm-v7a15v3r1-linux-gnueabi/bin/arm-v7a15v3r1-linux-gnueabi/4.6.4:/home6/daewon2/Release/glibc/SP/SP_Linux/LP_Linux_Prj/REL/VDLinux.3.x.2012/toolchain/src/arm-mips-src-20121018/scripts/arm-v7a15v3r1/arm-v7a15v3r1-linux-gnueabi/bin:
gcc_cv_tool_prefix=/home6/daewon2/Release/glibc/SP/SP_Linux/LP_Linux_Prj/REL/VDLinux.3.x.2012/toolchain/src/arm-mips-src-20121018/scripts/arm-v7a15v3r1
lt_cv_objdir=.libs

## ----------------- ##
## Output variables. ##
## ----------------- ##

AR='ar'
AR_FOR_BUILD='$(AR)'
AR_FOR_TARGET='/home6/daewon2/Release/glibc/SP/SP_Linux/LP_Linux_Prj/REL/VDLinux.3.x.2012/toolchain/src/arm-mips-src-20121018/scripts/arm-v7a15v3r1/arm-v7a15v3r1-linux-gnueabi/bin/ar'
AS='as'
AS_FOR_BUILD='$(AS)'
AS_FOR_TARGET='/home6/daewon2/Release/glibc/SP/SP_Linux/LP_Linux_Prj/REL/VDLinux.3.x.2012/toolchain/src/arm-mips-src-20121018/scripts/arm-v7a15v3r1/arm-v7a15v3r1-linux-gnueabi/bin/as'
AWK='gawk'
BISON='bison'
BUILD_CONFIG=''
CC='gcc'
CC_FOR_BUILD='$(CC)'
CC_FOR_TARGET='$$r/$(HOST_SUBDIR)/gcc/xgcc -B$$r/$(HOST_SUBDIR)/gcc/'
CFLAGS='-g -O2'
CFLAGS_FOR_BUILD='-g -O2'
CFLAGS_FOR_TARGET='-g -O2'
COMPILER_AS_FOR_TARGET='$$r/$(HOST_SUBDIR)/gcc/as'
COMPILER_LD_FOR_TARGET='$$r/$(HOST_SUBDIR)/gcc/collect-ld'
COMPILER_NM_FOR_TARGET='$$r/$(HOST_SUBDIR)/gcc/nm'
CONFIGURE_GDB_TK=''
CPPFLAGS=''
CXX='g++'
CXXFLAGS='-g -O2'
CXXFLAGS_FOR_BUILD='-g -O2'
CXXFLAGS_FOR_TARGET='-g -O2'
CXX_FOR_BUILD='$(CXX)'
CXX_FOR_TARGET='arm-v7a15v3r1-linux-gnueabi-c++'
DEBUG_PREFIX_CFLAGS_FOR_TARGET=''
DEFS='-DPACKAGE_NAME=\"\" -DPACKAGE_TARNAME=\"\" -DPACKAGE_VERSION=\"\" -DPACKAGE_STRING=\"\" -DPACKAGE_BUGREPORT=\"\" -DPACKAGE_URL=\"\" -DLT_OBJDIR=\".libs/\"'
DLLTOOL='dlltool'
DLLTOOL_FOR_BUILD='$(DLLTOOL)'
DLLTOOL_FOR_TARGET='arm-v7a15v3r1-linux-gnueabi-dlltool'
ECHO_C=''
ECHO_N='-n'
ECHO_T=''
EXEEXT=''
EXPECT='expect'
FLAGS_FOR_TARGET=' -B$(build_tooldir)/bin/ -B$(build_tooldir)/lib/ -isystem $(build_tooldir)/include -isystem $(build_tooldir)/sys-include'
FLEX='flex'
GCC_FOR_TARGET='$$r/$(HOST_SUBDIR)/gcc/xgcc -B$$r/$(HOST_SUBDIR)/gcc/'
GCC_SHLIB_SUBDIR=''
GCJ_FOR_BUILD='$(GCJ)'
GCJ_FOR_TARGET='arm-v7a15v3r1-linux-gnueabi-gcj'
GDB_TK=''
GFORTRAN_FOR_BUILD='$(GFORTRAN)'
GFORTRAN_FOR_TARGET='arm-v7a15v3r1-linux-gnueabi-gfortran'
GNATBIND='no'
GNATMAKE='no'
GOC_FOR_BUILD='$(GOC)'
GOC_FOR_TARGET='arm-v7a15v3r1-linux-gnueabi-gccgo'
INSTALL_DATA='${INSTALL} -m 644'
INSTALL_GDB_TK=''
INSTALL_PROGRAM='${INSTALL}'
INSTALL_SCRIPT='${INSTALL}'
LD='ld'
LDFLAGS='-L/home6/daewon2/Release/glibc/SP/SP_Linux/LP_Linux_Prj/REL/VDLinux.3.x.2012/toolchain/src/arm-mips-src-20121018/scripts/arm-v7a15v3r1/lib'
LDFLAGS_FOR_BUILD='-L/home6/daewon2/Release/glibc/SP/SP_Linux/LP_Linux_Prj/REL/VDLinux.3.x.2012/toolchain/src/arm-mips-src-20121018/scripts/arm-v7a15v3r1/lib'
LD_FOR_BUILD='$(LD)'
LD_FOR_TARGET='/home6/daewon2/Release/glibc/SP/SP_Linux/LP_Linux_Prj/REL/VDLinux.3.x.2012/toolchain/src/arm-mips-src-20121018/scripts/arm-v7a15v3r1/arm-v7a15v3r1-linux-gnueabi/bin/ld'
LEX='flex'
LIBOBJS=''
LIBS=''
LIPO='lipo'
LIPO_FOR_TARGET='arm-v7a15v3r1-linux-gnueabi-lipo'
LN='ln'
LN_S='ln -s'
LTLIBOBJS=''
M4='m4'
MAINT='#'
MAINTAINER_MODE_FALSE=''
MAINTAINER_MODE_TRUE='#'
MAKEINFO='makeinfo'
NM='nm'
NM_FOR_BUILD='$(NM)'
NM_FOR_TARGET='/home6/daewon2/Release/glibc/SP/SP_Linux/LP_Linux_Prj/REL/VDLinux.3.x.2012/toolchain/src/arm-mips-src-20121018/scripts/arm-v7a15v3r1/arm-v7a15v3r1-linux-gnueabi/bin/nm'
OBJCOPY='objcopy'
OBJDUMP='objdump'
OBJDUMP_FOR_TARGET='/home6/daewon2/Release/glibc/SP/SP_Linux/LP_Linux_Prj/REL/VDLinux.3.x.2012/toolchain/src/arm-mips-src-20121018/scripts/arm-v7a15v3r1/arm-v7a15v3r1-linux-gnueabi/bin/objdump'
OBJEXT='o'
PACKAGE_BUGREPORT=''
PACKAGE_NAME=''
PACKAGE_STRING=''
PACKAGE_TARNAME=''
PACKAGE_URL=''
PACKAGE_VERSION=''
PATH_SEPARATOR=':'
RANLIB='ranlib'
RANLIB_FOR_BUILD='$(RANLIB)'
RANLIB_FOR_TARGET='/home6/daewon2/Release/glibc/SP/SP_Linux/LP_Linux_Prj/REL/VDLinux.3.x.2012/toolchain/src/arm-mips-src-20121018/scripts/arm-v7a15v3r1/arm-v7a15v3r1-linux-gnueabi/bin/ranlib'
RAW_CXX_FOR_TARGET='arm-v7a15v3r1-linux-gnueabi-c++'
RPATH_ENVVAR='LD_LIBRARY_PATH'
RUNTEST='runtest'
SED='/bin/sed'
SHELL='/bin/sh'
STRIP='strip'
STRIP_FOR_TARGET='/home6/daewon2/Release/glibc/SP/SP_Linux/LP_Linux_Prj/REL/VDLinux.3.x.2012/toolchain/src/arm-mips-src-20121018/scripts/arm-v7a15v3r1/arm-v7a15v3r1-linux-gnueabi/bin/strip'
SYSROOT_CFLAGS_FOR_TARGET=''
TOPLEVEL_CONFIGURE_ARGUMENTS='/home6/daewon2/Release/glibc/SP/SP_Linux/LP_Linux_Prj/REL/VDLinux.3.x.2012/toolchain/src/arm-mips-src-20121018/build.arm.cortex-a15/sources/gcc_1/configure --build=x86_64-pc-linux-gnu --host=x86_64-pc-linux-gnu --target=arm-v7a15v3r1-linux-gnueabi --prefix=/home6/daewon2/Release/glibc/SP/SP_Linux/LP_Linux_Prj/REL/VDLinux.3.x.2012/toolchain/src/arm-mips-src-20121018/scripts/arm-v7a15v3r1 --with-sysroot=/home6/daewon2/Release/glibc/SP/SP_Linux/LP_Linux_Prj/REL/VDLinux.3.x.2012/toolchain/src/arm-mips-src-20121018/scripts/arm-v7a15v3r1/arm-v7a15v3r1-linux-gnueabi/sys-root --enable-threads --disable-libssp --disable-libstdcxx-pch --enable-languages=c --enable-shared --enable-lto --enable-symvers=gnu --enable-__cxa_atexit --disable-nls --disable-libffi --disable-libquadmath --with-host-libstdcxx='\''-static-libgcc -Wl,-Bstatic,-lstdc++,-Bdynamic -lm'\'' --disable-libmudflap --disable-libgomp --with-gmp=/home6/daewon2/Release/glibc/SP/SP_Linux/LP_Linux_Prj/REL/VDLinux.3.x.2012/toolchain/src/arm-mips-src-20121018/scripts/arm-v7a15v3r1 --with-mpfr=/home6/daewon2/Release/glibc/SP/SP_Linux/LP_Linux_Prj/REL/VDLinux.3.x.2012/toolchain/src/arm-mips-src-20121018/scripts/arm-v7a15v3r1 --with-ppl=/home6/daewon2/Release/glibc/SP/SP_Linux/LP_Linux_Prj/REL/VDLinux.3.x.2012/toolchain/src/arm-mips-src-20121018/scripts/arm-v7a15v3r1 --with-cloog=/home6/daewon2/Release/glibc/SP/SP_Linux/LP_Linux_Prj/REL/VDLinux.3.x.2012/toolchain/src/arm-mips-src-20121018/scripts/arm-v7a15v3r1 --with-libelf=/home6/daewon2/Release/glibc/SP/SP_Linux/LP_Linux_Prj/REL/VDLinux.3.x.2012/toolchain/src/arm-mips-src-20121018/scripts/arm-v7a15v3r1 --with-specs='\''%{!ffunction-sections:%{!fno-function-sections:-ffunction-sections}} %{funwind-tables|fno-unwind-tables|mabi=*|ffreestanding|nostdlib:;:-funwind-tables} %{O3:%{!funswitch-loops:%{!fno-unswitch-loops:-fno-unswitch-loops}}}'\'' --with-interwork --with-mode=arm --with-fpu=vfpv3 --with-cpu=cortex-a15 --with-tune=cortex-a15 --with-float=softfp'
WINDMC='windmc'
WINDMC_FOR_BUILD='$(WINDMC)'
WINDMC_FOR_TARGET='arm-v7a15v3r1-linux-gnueabi-windmc'
WINDRES='windres'
WINDRES_FOR_BUILD='$(WINDRES)'
WINDRES_FOR_TARGET='arm-v7a15v3r1-linux-gnueabi-windres'
YACC='bison -y'
ac_ct_CC='gcc'
ac_ct_CXX='g++'
bindir='${exec_prefix}/bin'
build='x86_64-pc-linux-gnu'
build_alias='x86_64-pc-linux-gnu'
build_configargs=' --cache-file=../config.cache '\''--prefix=/home6/daewon2/Release/glibc/SP/SP_Linux/LP_Linux_Prj/REL/VDLinux.3.x.2012/toolchain/src/arm-mips-src-20121018/scripts/arm-v7a15v3r1'\'' '\''--with-sysroot=/home6/daewon2/Release/glibc/SP/SP_Linux/LP_Linux_Prj/REL/VDLinux.3.x.2012/toolchain/src/arm-mips-src-20121018/scripts/arm-v7a15v3r1/arm-v7a15v3r1-linux-gnueabi/sys-root'\'' '\''--enable-threads'\'' '\''--disable-libssp'\'' '\''--disable-libstdcxx-pch'\'' '\''--enable-shared'\'' '\''--enable-lto'\'' '\''--enable-symvers=gnu'\'' '\''--enable-__cxa_atexit'\'' '\''--disable-nls'\'' '\''--disable-libffi'\'' '\''--disable-libquadmath'\'' '\''--with-host-libstdcxx=-static-libgcc -Wl,-Bstatic,-lstdc++,-Bdynamic -lm'\'' '\''--disable-libmudflap'\'' '\''--disable-libgomp'\'' '\''--with-gmp=/home6/daewon2/Release/glibc/SP/SP_Linux/LP_Linux_Prj/REL/VDLinux.3.x.2012/toolchain/src/arm-mips-src-20121018/scripts/arm-v7a15v3r1'\'' '\''--with-mpfr=/home6/daewon2/Release/glibc/SP/SP_Linux/LP_Linux_Prj/REL/VDLinux.3.x.2012/toolchain/src/arm-mips-src-20121018/scripts/arm-v7a15v3r1'\'' '\''--with-ppl=/home6/daewon2/Release/glibc/SP/SP_Linux/LP_Linux_Prj/REL/VDLinux.3.x.2012/toolchain/src/arm-mips-src-20121018/scripts/arm-v7a15v3r1'\'' '\''--with-cloog=/home6/daewon2/Release/glibc/SP/SP_Linux/LP_Linux_Prj/REL/VDLinux.3.x.2012/toolchain/src/arm-mips-src-20121018/scripts/arm-v7a15v3r1'\'' '\''--with-libelf=/home6/daewon2/Release/glibc/SP/SP_Linux/LP_Linux_Prj/REL/VDLinux.3.x.2012/toolchain/src/arm-mips-src-20121018/scripts/arm-v7a15v3r1'\'' '\''--with-specs=%{!ffunction-sections:%{!fno-function-sections:-ffunction-sections}} %{funwind-tables|fno-unwind-tables|mabi=*|ffreestanding|nostdlib:;:-funwind-tables} %{O3:%{!funswitch-loops:%{!fno-unswitch-loops:-fno-unswitch-loops}}}'\'' '\''--with-interwork'\'' '\''--with-mode=arm'\'' '\''--with-fpu=vfpv3'\'' '\''--with-cpu=cortex-a15'\'' '\''--with-tune=cortex-a15'\'' '\''--with-float=softfp'\'' '\''--enable-languages=c,lto'\'' --program-transform-name='\''s&^&arm-v7a15v3r1-linux-gnueabi-&'\'' --disable-option-checking'
build_configdirs=' libiberty fixincludes'
build_cpu='x86_64'
build_libsubdir='build-x86_64-pc-linux-gnu'
build_noncanonical='x86_64-pc-linux-gnu'
build_os='linux-gnu'
build_subdir='build-x86_64-pc-linux-gnu'
build_tooldir='${exec_prefix}/arm-v7a15v3r1-linux-gnueabi'
build_vendor='pc'
clooginc='-I/home6/daewon2/Release/glibc/SP/SP_Linux/LP_Linux_Prj/REL/VDLinux.3.x.2012/toolchain/src/arm-mips-src-20121018/scripts/arm-v7a15v3r1/include'
clooglibs='-L/home6/daewon2/Release/glibc/SP/SP_Linux/LP_Linux_Prj/REL/VDLinux.3.x.2012/toolchain/src/arm-mips-src-20121018/scripts/arm-v7a15v3r1/lib -lcloog'
compare_exclusions='gcc/cc*-checksum$(objext) | gcc/ada/*tools/*'
config_shell='/bin/sh'
configdirs=' intl libiberty zlib libcpp libdecnumber fixincludes gcc lto-plugin'
datadir='${datarootdir}'
datarootdir='${prefix}/share'
do_compare='cmp --ignore-initial=16 $$f1 $$f2'
docdir='${datarootdir}/doc/${PACKAGE}'
dvidir='${docdir}'
exec_prefix='${prefix}'
extra_host_libiberty_configure_flags='--enable-shared'
extra_mpc_gmp_configure_flags=''
extra_mpc_mpfr_configure_flags=''
extra_mpfr_configure_flags=''
gmpinc='-I/home6/daewon2/Release/glibc/SP/SP_Linux/LP_Linux_Prj/REL/VDLinux.3.x.2012/toolchain/src/arm-mips-src-20121018/scripts/arm-v7a15v3r1/include -I/home6/daewon2/Release/glibc/SP/SP_Linux/LP_Linux_Prj/REL/VDLinux.3.x.2012/toolchain/src/arm-mips-src-20121018/scripts/arm-v7a15v3r1/include '
gmplibs='-L/home6/daewon2/Release/glibc/SP/SP_Linux/LP_Linux_Prj/REL/VDLinux.3.x.2012/toolchain/src/arm-mips-src-20121018/scripts/arm-v7a15v3r1/lib -L/home6/daewon2/Release/glibc/SP/SP_Linux/LP_Linux_Prj/REL/VDLinux.3.x.2012/toolchain/src/arm-mips-src-20121018/scripts/arm-v7a15v3r1/lib -lmpc -lmpfr -lgmp'
host='x86_64-pc-linux-gnu'
host_alias='x86_64-pc-linux-gnu'
host_configargs=' --cache-file=./config.cache  '\''--prefix=/home6/daewon2/Release/glibc/SP/SP_Linux/LP_Linux_Prj/REL/VDLinux.3.x.2012/toolchain/src/arm-mips-src-20121018/scripts/arm-v7a15v3r1'\'' '\''--with-sysroot=/home6/daewon2/Release/glibc/SP/SP_Linux/LP_Linux_Prj/REL/VDLinux.3.x.2012/toolchain/src/arm-mips-src-20121018/scripts/arm-v7a15v3r1/arm-v7a15v3r1-linux-gnueabi/sys-root'\'' '\''--enable-threads'\'' '\''--disable-libssp'\'' '\''--disable-libstdcxx-pch'\'' '\''--enable-shared'\'' '\''--enable-lto'\'' '\''--enable-symvers=gnu'\'' '\''--enable-__cxa_atexit'\'' '\''--disable-nls'\'' '\''--disable-libffi'\'' '\''--disable-libquadmath'\'' '\''--with-host-libstdcxx=-static-libgcc -Wl,-Bstatic,-lstdc++,-Bdynamic -lm'\'' '\''--disable-libmudflap'\'' '\''--disable-libgomp'\'' '\''--with-gmp=/home6/daewon2/Release/glibc/SP/SP_Linux/LP_Linux_Prj/REL/VDLinux.3.x.2012/toolchain/src/arm-mips-src-20121018/scripts/arm-v7a15v3r1'\'' '\''--with-mpfr=/home6/daewon2/Release/glibc/SP/SP_Linux/LP_Linux_Prj/REL/VDLinux.3.x.2012/toolchain/src/arm-mips-src-20121018/scripts/arm-v7a15v3r1'\'' '\''--with-ppl=/home6/daewon2/Release/glibc/SP/SP_Linux/LP_Linux_Prj/REL/VDLinux.3.x.2012/toolchain/src/arm-mips-src-20121018/scripts/arm-v7a15v3r1'\'' '\''--with-cloog=/home6/daewon2/Release/glibc/SP/SP_Linux/LP_Linux_Prj/REL/VDLinux.3.x.2012/toolchain/src/arm-mips-src-20121018/scripts/arm-v7a15v3r1'\'' '\''--with-libelf=/home6/daewon2/Release/glibc/SP/SP_Linux/LP_Linux_Prj/REL/VDLinux.3.x.2012/toolchain/src/arm-mips-src-20121018/scripts/arm-v7a15v3r1'\'' '\''--with-specs=%{!ffunction-sections:%{!fno-function-sections:-ffunction-sections}} %{funwind-tables|fno-unwind-tables|mabi=*|ffreestanding|nostdlib:;:-funwind-tables} %{O3:%{!funswitch-loops:%{!fno-unswitch-loops:-fno-unswitch-loops}}}'\'' '\''--with-interwork'\'' '\''--with-mode=arm'\'' '\''--with-fpu=vfpv3'\'' '\''--with-cpu=cortex-a15'\'' '\''--with-tune=cortex-a15'\'' '\''--with-float=softfp'\'' '\''--enable-languages=c,lto'\'' --program-transform-name='\''s&^&arm-v7a15v3r1-linux-gnueabi-&'\'' --disable-option-checking'
host_cpu='x86_64'
host_noncanonical='x86_64-pc-linux-gnu'
host_os='linux-gnu'
host_subdir='.'
host_vendor='pc'
htmldir='${docdir}'
includedir='${prefix}/include'
infodir='${datarootdir}/info'
libdir='${exec_prefix}/lib'
libexecdir='${exec_prefix}/libexec'
localedir='${datarootdir}/locale'
localstatedir='${prefix}/var'
mandir='${datarootdir}/man'
oldincludedir='/usr/include'
pdfdir='${docdir}'
poststage1_ldflags=''
poststage1_libs='-static-libgcc -Wl,-Bstatic,-lstdc++,-Bdynamic -lm'
pplinc='-I/home6/daewon2/Release/glibc/SP/SP_Linux/LP_Linux_Prj/REL/VDLinux.3.x.2012/toolchain/src/arm-mips-src-20121018/scripts/arm-v7a15v3r1/include '
ppllibs='-L/home6/daewon2/Release/glibc/SP/SP_Linux/LP_Linux_Prj/REL/VDLinux.3.x.2012/toolchain/src/arm-mips-src-20121018/scripts/arm-v7a15v3r1/lib -lppl_c -lppl  -lgmpxx'
prefix='/home6/daewon2/Release/glibc/SP/SP_Linux/LP_Linux_Prj/REL/VDLinux.3.x.2012/toolchain/src/arm-mips-src-20121018/scripts/arm-v7a15v3r1'
program_transform_name='s&^&arm-v7a15v3r1-linux-gnueabi-&'
psdir='${docdir}'
sbindir='${exec_prefix}/sbin'
sharedstatedir='${prefix}/com'
stage1_cflags='-g -fkeep-inline-functions'
stage1_checking='--enable-checking=yes,types'
stage1_languages='c,lto'
stage1_ldflags=''
stage1_libs='-static-libgcc -Wl,-Bstatic,-lstdc++,-Bdynamic -lm'
stage2_werror_flag=''
sysconfdir='${prefix}/etc'
target='arm-v7a15v3r1-linux-gnueabi'
target_alias='arm-v7a15v3r1-linux-gnueabi'
target_configargs='--cache-file=./config.cache --enable-multilib --with-cross-host=x86_64-pc-linux-gnu   '\''--prefix=/home6/daewon2/Release/glibc/SP/SP_Linux/LP_Linux_Prj/REL/VDLinux.3.x.2012/toolchain/src/arm-mips-src-20121018/scripts/arm-v7a15v3r1'\'' '\''--with-sysroot=/home6/daewon2/Release/glibc/SP/SP_Linux/LP_Linux_Prj/REL/VDLinux.3.x.2012/toolchain/src/arm-mips-src-20121018/scripts/arm-v7a15v3r1/arm-v7a15v3r1-linux-gnueabi/sys-root'\'' '\''--enable-threads'\'' '\''--disable-libssp'\'' '\''--disable-libstdcxx-pch'\'' '\''--enable-shared'\'' '\''--enable-lto'\'' '\''--enable-symvers=gnu'\'' '\''--enable-__cxa_atexit'\'' '\''--disable-nls'\'' '\''--disable-libffi'\'' '\''--disable-libquadmath'\'' '\''--with-host-libstdcxx=-static-libgcc -Wl,-Bstatic,-lstdc++,-Bdynamic -lm'\'' '\''--disable-libmudflap'\'' '\''--disable-libgomp'\'' '\''--with-libelf=/home6/daewon2/Release/glibc/SP/SP_Linux/LP_Linux_Prj/REL/VDLinux.3.x.2012/toolchain/src/arm-mips-src-20121018/scripts/arm-v7a15v3r1'\'' '\''--with-specs=%{!ffunction-sections:%{!fno-function-sections:-ffunction-sections}} %{funwind-tables|fno-unwind-tables|mabi=*|ffreestanding|nostdlib:;:-funwind-tables} %{O3:%{!funswitch-loops:%{!fno-unswitch-loops:-fno-unswitch-loops}}}'\'' '\''--with-interwork'\'' '\''--with-mode=arm'\'' '\''--with-fpu=vfpv3'\'' '\''--with-cpu=cortex-a15'\'' '\''--with-tune=cortex-a15'\'' '\''--with-float=softfp'\'' '\''--enable-languages=c,lto'\'' --program-transform-name='\''s&^&arm-v7a15v3r1-linux-gnueabi-&'\'' --disable-option-checking'
target_configdirs=' libgcc'
target_cpu='arm'
target_noncanonical='arm-v7a15v3r1-linux-gnueabi'
target_os='linux-gnueabi'
target_subdir='arm-v7a15v3r1-linux-gnueabi'
target_vendor='v7a15v3r1'
tooldir='${exec_prefix}/arm-v7a15v3r1-linux-gnueabi'

## ------------------- ##
## File substitutions. ##
## ------------------- ##

alphaieee_frag='/dev/null'
host_makefile_frag='/dev/null'
ospace_frag='/dev/null'
serialization_dependencies='serdep.tmp'
target_makefile_frag='/home6/daewon2/Release/glibc/SP/SP_Linux/LP_Linux_Prj/REL/VDLinux.3.x.2012/toolchain/src/arm-mips-src-20121018/build.arm.cortex-a15/sources/gcc_1/config/mt-gnu'

## ----------- ##
## confdefs.h. ##
## ----------- ##

/* confdefs.h */
#define PACKAGE_NAME ""
#define PACKAGE_TARNAME ""
#define PACKAGE_VERSION ""
#define PACKAGE_STRING ""
#define PACKAGE_BUGREPORT ""
#define PACKAGE_URL ""
#define LT_OBJDIR ".libs/"

configure: exit 0
