Libs finalize
Move Libs to SYSROOT '/home6/daewon2/Release/glibc/SP/SP_Linux/LP_Linux_Prj/REL/VDLinux.3.x.2012/toolchain/src/arm-mips-src-20121018/scripts/arm-v7a15v3r1/arm-v7a15v3r1-linux-gnueabi/sys-root '
`/home6/daewon2/Release/glibc/SP/SP_Linux/LP_Linux_Prj/REL/VDLinux.3.x.2012/toolchain/src/arm-mips-src-20121018/scripts/arm-v7a15v3r1/arm-v7a15v3r1-linux-gnueabi/lib/libgcc_s.so' -> `/home6/daewon2/Release/glibc/SP/SP_Linux/LP_Linux_Prj/REL/VDLinux.3.x.2012/toolchain/src/arm-mips-src-20121018/scripts/arm-v7a15v3r1/arm-v7a15v3r1-linux-gnueabi/sys-root/lib/libgcc_s.so'
`/home6/daewon2/Release/glibc/SP/SP_Linux/LP_Linux_Prj/REL/VDLinux.3.x.2012/toolchain/src/arm-mips-src-20121018/scripts/arm-v7a15v3r1/arm-v7a15v3r1-linux-gnueabi/lib/libgcc_s.so.1' -> `/home6/daewon2/Release/glibc/SP/SP_Linux/LP_Linux_Prj/REL/VDLinux.3.x.2012/toolchain/src/arm-mips-src-20121018/scripts/arm-v7a15v3r1/arm-v7a15v3r1-linux-gnueabi/sys-root/lib/libgcc_s.so.1'
`/home6/daewon2/Release/glibc/SP/SP_Linux/LP_Linux_Prj/REL/VDLinux.3.x.2012/toolchain/src/arm-mips-src-20121018/scripts/arm-v7a15v3r1/arm-v7a15v3r1-linux-gnueabi/lib/libstdc++.so' -> `/home6/daewon2/Release/glibc/SP/SP_Linux/LP_Linux_Prj/REL/VDLinux.3.x.2012/toolchain/src/arm-mips-src-20121018/scripts/arm-v7a15v3r1/arm-v7a15v3r1-linux-gnueabi/sys-root/usr/lib/libstdc++.so'
`/home6/daewon2/Release/glibc/SP/SP_Linux/LP_Linux_Prj/REL/VDLinux.3.x.2012/toolchain/src/arm-mips-src-20121018/scripts/arm-v7a15v3r1/arm-v7a15v3r1-linux-gnueabi/lib/libstdc++.so.6' -> `/home6/daewon2/Release/glibc/SP/SP_Linux/LP_Linux_Prj/REL/VDLinux.3.x.2012/toolchain/src/arm-mips-src-20121018/scripts/arm-v7a15v3r1/arm-v7a15v3r1-linux-gnueabi/sys-root/usr/lib/libstdc++.so.6'
`/home6/daewon2/Release/glibc/SP/SP_Linux/LP_Linux_Prj/REL/VDLinux.3.x.2012/toolchain/src/arm-mips-src-20121018/scripts/arm-v7a15v3r1/arm-v7a15v3r1-linux-gnueabi/lib/libstdc++.so.6.0.16' -> `/home6/daewon2/Release/glibc/SP/SP_Linux/LP_Linux_Prj/REL/VDLinux.3.x.2012/toolchain/src/arm-mips-src-20121018/scripts/arm-v7a15v3r1/arm-v7a15v3r1-linux-gnueabi/sys-root/usr/lib/libstdc++.so.6.0.16'
`/home6/daewon2/Release/glibc/SP/SP_Linux/LP_Linux_Prj/REL/VDLinux.3.x.2012/toolchain/src/arm-mips-src-20121018/scripts/arm-v7a15v3r1/arm-v7a15v3r1-linux-gnueabi/lib/libstdc++.a' -> `/home6/daewon2/Release/glibc/SP/SP_Linux/LP_Linux_Prj/REL/VDLinux.3.x.2012/toolchain/src/arm-mips-src-20121018/scripts/arm-v7a15v3r1/arm-v7a15v3r1-linux-gnueabi/sys-root/usr/lib/libstdc++.a'
Make symlink for RPC support '/home6/daewon2/Release/glibc/SP/SP_Linux/LP_Linux_Prj/REL/VDLinux.3.x.2012/toolchain/src/arm-mips-src-20121018/scripts/arm-v7a15v3r1/arm-v7a15v3r1-linux-gnueabi/sys-root '
`auth.h' -> `../tirpc/rpc/auth.h'
`auth_des.h' -> `../tirpc/rpc/auth_des.h'
`auth_gss.h' -> `../tirpc/rpc/auth_gss.h'
`auth_kerb.h' -> `../tirpc/rpc/auth_kerb.h'
`auth_unix.h' -> `../tirpc/rpc/auth_unix.h'
`clnt.h' -> `../tirpc/rpc/clnt.h'
`clnt_soc.h' -> `../tirpc/rpc/clnt_soc.h'
`clnt_stat.h' -> `../tirpc/rpc/clnt_stat.h'
`des.h' -> `../tirpc/rpc/des.h'
`des_crypt.h' -> `../tirpc/rpc/des_crypt.h'
`nettype.h' -> `../tirpc/rpc/nettype.h'
`pmap_clnt.h' -> `../tirpc/rpc/pmap_clnt.h'
`pmap_prot.h' -> `../tirpc/rpc/pmap_prot.h'
`pmap_rmt.h' -> `../tirpc/rpc/pmap_rmt.h'
`raw.h' -> `../tirpc/rpc/raw.h'
`rpc.h' -> `../tirpc/rpc/rpc.h'
`rpc_com.h' -> `../tirpc/rpc/rpc_com.h'
`rpc_msg.h' -> `../tirpc/rpc/rpc_msg.h'
`rpcb_clnt.h' -> `../tirpc/rpc/rpcb_clnt.h'
`rpcb_prot.h' -> `../tirpc/rpc/rpcb_prot.h'
`rpcb_prot.x' -> `../tirpc/rpc/rpcb_prot.x'
`rpcent.h' -> `../tirpc/rpc/rpcent.h'
`svc.h' -> `../tirpc/rpc/svc.h'
`svc_auth.h' -> `../tirpc/rpc/svc_auth.h'
`svc_dg.h' -> `../tirpc/rpc/svc_dg.h'
`svc_soc.h' -> `../tirpc/rpc/svc_soc.h'
`types.h' -> `../tirpc/rpc/types.h'
`xdr.h' -> `../tirpc/rpc/xdr.h'
`netconfig.h' -> `./tirpc/netconfig.h'
