This file contains any messages produced by compilers while
running configure, to aid debugging if configure makes a mistake.

It was created by configure, which was
generated by GNU Autoconf 2.64.  Invocation command line was

  $ /home6/daewon2/Release/glibc/SP/SP_Linux/LP_Linux_Prj/REL/VDLinux.3.x.2012/toolchain/src/arm-mips-src-20121018/build.arm.cortex-a15/sources/gdb/configure --build=x86_64-pc-linux-gnu --target=arm-v7a15v3r1-linux-gnueabi --prefix=/home6/daewon2/Release/glibc/SP/SP_Linux/LP_Linux_Prj/REL/VDLinux.3.x.2012/toolchain/src/arm-mips-src-20121018/scripts/arm-v7a15v3r1 --host=x86_64-pc-linux-gnu --disable-sim --with-pkgversion=VDLinux.GA1.2012-10-03 --with-bugurl=http://linux.sec.samsung.net/VDLinux/ --disable-nls --with-libexpat-prefix=/home6/daewon2/Release/glibc/SP/SP_Linux/LP_Linux_Prj/REL/VDLinux.3.x.2012/toolchain/src/arm-mips-src-20121018/scripts/arm-v7a15v3r1 --with-system-gdbinit=/home6/daewon2/Release/glibc/SP/SP_Linux/LP_Linux_Prj/REL/VDLinux.3.x.2012/toolchain/src/arm-mips-src-20121018/scripts/arm-v7a15v3r1/x86_64-pc-linux-gnu/arm-v7a15v3r1-linux-gnueabi/lib/gdbinit --with-sysroot=/home6/daewon2/Release/glibc/SP/SP_Linux/LP_Linux_Prj/REL/VDLinux.3.x.2012/toolchain/src/arm-mips-src-20121018/scripts/arm-v7a15v3r1/arm-v7a15v3r1-linux-gnueabi/sys-root --with-gdb-datadir=/home6/daewon2/Release/glibc/SP/SP_Linux/LP_Linux_Prj/REL/VDLinux.3.x.2012/toolchain/src/arm-mips-src-20121018/scripts/arm-v7a15v3r1/arm-v7a15v3r1-linux-gnueabi/share/gdb --without-python

## --------- ##
## Platform. ##
## --------- ##

hostname = vdbs1218
uname -m = x86_64
uname -r = 2.6.32-38-generic
uname -s = Linux
uname -v = #83-Ubuntu SMP Wed Jan 4 11:12:07 UTC 2012

/usr/bin/uname -p = unknown
/bin/uname -X     = unknown

/bin/arch              = unknown
/usr/bin/arch -k       = unknown
/usr/convex/getsysinfo = unknown
/usr/bin/hostinfo      = unknown
/bin/machine           = unknown
/usr/bin/oslevel       = unknown
/bin/universe          = unknown

PATH: /home6/daewon2/bin
PATH: /usr/local/iconv/bin
PATH: /opt/mipsel-34kv3r1-20121018/bin
PATH: /opt/mipsel-24kv3r1-20121018/bin
PATH: /opt/arm-v7a8v3r1-20121018/bin
PATH: /opt/arm-v7a15v3r1-20121018/bin/
PATH: /opt/VDLinux-ARMv7-4.6-v3r0-20120319/bin
PATH: /opt/VDLinux-ARMv7-4.4-202-toolchain-v2r2-20110630/bin
PATH: /usr/local/java/jdk1.6.0_29/bin
PATH: /usr/local/sbin
PATH: /usr/local/bin
PATH: /usr/sbin
PATH: /usr/bin
PATH: /sbin
PATH: /bin
PATH: /usr/games
PATH: /usr/p4bin/bin
PATH: /home6/daewon2/busybox_test/Busybox/arm-v7a15v3r1-20121003/bin
PATH: /home6/daewon2/busybox_test/Busybox/arm-v7a8v3r1-20121003/bin
PATH: /home6/daewon2/busybox_test/Busybox/mipsel-24kv3r1-20121003/bin
PATH: /home6/daewon2/busybox_test/Busybox/mipsel-34kv3r1-20121003/bin
PATH: /home6/daewon2/20121114/arm-v7a15v3r1-20121114/bin
PATH: /home6/daewon2/20121114/mipsel-34kv3r1-20121114/bin


## ----------- ##
## Core tests. ##
## ----------- ##

configure:2221: checking build system type
configure:2235: result: x86_64-pc-linux-gnu
configure:2282: checking host system type
configure:2295: result: x86_64-pc-linux-gnu
configure:2315: checking target system type
configure:2328: result: arm-v7a15v3r1-linux-gnueabi
configure:2382: checking for a BSD-compatible install
configure:2450: result: /usr/bin/install -c
configure:2461: checking whether ln works
configure:2483: result: yes
configure:2487: checking whether ln -s works
configure:2491: result: yes
configure:2498: checking for a sed that does not truncate output
configure:2562: result: /bin/sed
configure:2571: checking for gawk
configure:2587: found /usr/bin/gawk
configure:2598: result: gawk
configure:3636: checking for x86_64-pc-linux-gnu-gcc
configure:3666: result: no
configure:3676: checking for gcc
configure:3692: found /usr/bin/gcc
configure:3703: result: gcc
configure:3932: checking for C compiler version
configure:3941: gcc --version >&5
gcc (Ubuntu 4.4.3-4ubuntu5.1) 4.4.3
Copyright (C) 2009 Free Software Foundation, Inc.
This is free software; see the source for copying conditions.  There is NO
warranty; not even for MERCHANTABILITY or FITNESS FOR A PARTICULAR PURPOSE.

configure:3952: $? = 0
configure:3941: gcc -v >&5
Using built-in specs.
Target: x86_64-linux-gnu
Configured with: ../src/configure -v --with-pkgversion='Ubuntu 4.4.3-4ubuntu5.1' --with-bugurl=file:///usr/share/doc/gcc-4.4/README.Bugs --enable-languages=c,c++,fortran,objc,obj-c++ --prefix=/usr --enable-shared --enable-multiarch --enable-linker-build-id --with-system-zlib --libexecdir=/usr/lib --without-included-gettext --enable-threads=posix --with-gxx-include-dir=/usr/include/c++/4.4 --program-suffix=-4.4 --enable-nls --enable-clocale=gnu --enable-libstdcxx-debug --enable-plugin --enable-objc-gc --disable-werror --with-arch-32=i486 --with-tune=generic --enable-checking=release --build=x86_64-linux-gnu --host=x86_64-linux-gnu --target=x86_64-linux-gnu
Thread model: posix
gcc version 4.4.3 (Ubuntu 4.4.3-4ubuntu5.1) 
configure:3952: $? = 0
configure:3941: gcc -V >&5
gcc: '-V' option must have argument
configure:3952: $? = 1
configure:3941: gcc -qversion >&5
gcc: unrecognized option '-qversion'
gcc: no input files
configure:3952: $? = 1
configure:3972: checking for C compiler default output file name
configure:3994: gcc    conftest.c  >&5
configure:3998: $? = 0
configure:4035: result: a.out
configure:4051: checking whether the C compiler works
configure:4060: ./a.out
configure:4064: $? = 0
configure:4079: result: yes
configure:4086: checking whether we are cross compiling
configure:4088: result: no
configure:4091: checking for suffix of executables
configure:4098: gcc -o conftest    conftest.c  >&5
configure:4102: $? = 0
configure:4124: result: 
configure:4130: checking for suffix of object files
configure:4152: gcc -c   conftest.c >&5
configure:4156: $? = 0
configure:4177: result: o
configure:4181: checking whether we are using the GNU C compiler
configure:4200: gcc -c   conftest.c >&5
configure:4200: $? = 0
configure:4209: result: yes
configure:4218: checking whether gcc accepts -g
configure:4238: gcc -c -g  conftest.c >&5
configure:4238: $? = 0
configure:4279: result: yes
configure:4296: checking for gcc option to accept ISO C89
configure:4360: gcc  -c -g -O2  conftest.c >&5
configure:4360: $? = 0
configure:4373: result: none needed
configure:4407: checking for x86_64-pc-linux-gnu-g++
configure:4437: result: no
configure:4407: checking for x86_64-pc-linux-gnu-c++
configure:4437: result: no
configure:4407: checking for x86_64-pc-linux-gnu-gpp
configure:4437: result: no
configure:4407: checking for x86_64-pc-linux-gnu-aCC
configure:4437: result: no
configure:4407: checking for x86_64-pc-linux-gnu-CC
configure:4437: result: no
configure:4407: checking for x86_64-pc-linux-gnu-cxx
configure:4437: result: no
configure:4407: checking for x86_64-pc-linux-gnu-cc++
configure:4437: result: no
configure:4407: checking for x86_64-pc-linux-gnu-cl.exe
configure:4437: result: no
configure:4407: checking for x86_64-pc-linux-gnu-FCC
configure:4437: result: no
configure:4407: checking for x86_64-pc-linux-gnu-KCC
configure:4437: result: no
configure:4407: checking for x86_64-pc-linux-gnu-RCC
configure:4437: result: no
configure:4407: checking for x86_64-pc-linux-gnu-xlC_r
configure:4437: result: no
configure:4407: checking for x86_64-pc-linux-gnu-xlC
configure:4437: result: no
configure:4451: checking for g++
configure:4467: found /usr/bin/g++
configure:4478: result: g++
configure:4505: checking for C++ compiler version
configure:4514: g++ --version >&5
g++ (Ubuntu 4.4.3-4ubuntu5.1) 4.4.3
Copyright (C) 2009 Free Software Foundation, Inc.
This is free software; see the source for copying conditions.  There is NO
warranty; not even for MERCHANTABILITY or FITNESS FOR A PARTICULAR PURPOSE.

configure:4525: $? = 0
configure:4514: g++ -v >&5
Using built-in specs.
Target: x86_64-linux-gnu
Configured with: ../src/configure -v --with-pkgversion='Ubuntu 4.4.3-4ubuntu5.1' --with-bugurl=file:///usr/share/doc/gcc-4.4/README.Bugs --enable-languages=c,c++,fortran,objc,obj-c++ --prefix=/usr --enable-shared --enable-multiarch --enable-linker-build-id --with-system-zlib --libexecdir=/usr/lib --without-included-gettext --enable-threads=posix --with-gxx-include-dir=/usr/include/c++/4.4 --program-suffix=-4.4 --enable-nls --enable-clocale=gnu --enable-libstdcxx-debug --enable-plugin --enable-objc-gc --disable-werror --with-arch-32=i486 --with-tune=generic --enable-checking=release --build=x86_64-linux-gnu --host=x86_64-linux-gnu --target=x86_64-linux-gnu
Thread model: posix
gcc version 4.4.3 (Ubuntu 4.4.3-4ubuntu5.1) 
configure:4525: $? = 0
configure:4514: g++ -V >&5
g++: '-V' option must have argument
configure:4525: $? = 1
configure:4514: g++ -qversion >&5
g++: unrecognized option '-qversion'
g++: no input files
configure:4525: $? = 1
configure:4529: checking whether we are using the GNU C++ compiler
configure:4548: g++ -c   conftest.cpp >&5
configure:4548: $? = 0
configure:4557: result: yes
configure:4566: checking whether g++ accepts -g
configure:4586: g++ -c -g  conftest.cpp >&5
configure:4586: $? = 0
configure:4627: result: yes
configure:4676: checking for x86_64-pc-linux-gnu-gnatbind
configure:4706: result: no
configure:4716: checking for gnatbind
configure:4746: result: no
configure:4768: checking for x86_64-pc-linux-gnu-gnatmake
configure:4798: result: no
configure:4808: checking for gnatmake
configure:4838: result: no
configure:4857: checking whether compiler driver understands Ada
configure:4880: result: no
configure:4889: checking how to compare bootstrapped objects
configure:4914: result: cmp --ignore-initial=16 $$f1 $$f2
configure:4930: checking for objdir
configure:4945: result: .libs
configure:5487: checking for PWL_handle_timeout in -lpwl
configure:5512: gcc -o conftest -g -O2   conftest.c -lpwl    -lstdc++ -lm >&5
/usr/bin/ld: cannot find -lpwl
collect2: ld returned 1 exit status
configure:5512: $? = 1
configure: failed program was:
| /* confdefs.h */
| #define PACKAGE_NAME ""
| #define PACKAGE_TARNAME ""
| #define PACKAGE_VERSION ""
| #define PACKAGE_STRING ""
| #define PACKAGE_BUGREPORT ""
| #define PACKAGE_URL ""
| #define LT_OBJDIR ".libs/"
| /* end confdefs.h.  */
| 
| /* Override any GCC internal prototype to avoid an error.
|    Use char because int might match the return type of a GCC
|    builtin and then its argument prototype would still apply.  */
| #ifdef __cplusplus
| extern "C"
| #endif
| char PWL_handle_timeout ();
| int
| main ()
| {
| return PWL_handle_timeout ();
|   ;
|   return 0;
| }
configure:5521: result: no
configure:5535: checking for version 0.11 (revision 0 or later) of PPL
configure:5552: gcc -c -g -O2    conftest.c >&5
conftest.c:10:19: error: ppl_c.h: No such file or directory
conftest.c: In function 'main':
conftest.c:16: error: 'choke' undeclared (first use in this function)
conftest.c:16: error: (Each undeclared identifier is reported only once
conftest.c:16: error: for each function it appears in.)
conftest.c:16: error: expected ';' before 'me'
configure:5552: $? = 1
configure: failed program was:
| /* confdefs.h */
| #define PACKAGE_NAME ""
| #define PACKAGE_TARNAME ""
| #define PACKAGE_VERSION ""
| #define PACKAGE_STRING ""
| #define PACKAGE_BUGREPORT ""
| #define PACKAGE_URL ""
| #define LT_OBJDIR ".libs/"
| /* end confdefs.h.  */
| #include "ppl_c.h"
| int
| main ()
| {
| 
|     #if PPL_VERSION_MAJOR != 0 || PPL_VERSION_MINOR < 11
|     choke me
|     #endif
| 
|   ;
|   return 0;
| }
configure:5556: result: no
configure:6959: checking for default BUILD_CONFIG
configure:6991: result: 
configure:7480: checking for bison
configure:7496: found /usr/bin/bison
configure:7507: result: bison -y
configure:7528: checking for bison
configure:7544: found /usr/bin/bison
configure:7555: result: bison
configure:7575: checking for gm4
configure:7605: result: no
configure:7575: checking for gnum4
configure:7605: result: no
configure:7575: checking for m4
configure:7591: found /usr/bin/m4
configure:7602: result: m4
configure:7622: checking for flex
configure:7638: found /usr/bin/flex
configure:7649: result: flex
configure:7670: checking for flex
configure:7686: found /usr/bin/flex
configure:7697: result: flex
configure:7717: checking for makeinfo
configure:7733: found /usr/bin/makeinfo
configure:7744: result: makeinfo
configure:7778: checking for expect
configure:7808: result: no
configure:7827: checking for runtest
configure:7857: result: no
configure:7933: checking for x86_64-pc-linux-gnu-ar
configure:7963: result: no
configure:7972: checking for ar
configure:7988: found /usr/bin/ar
configure:7999: result: ar
configure:8074: checking for x86_64-pc-linux-gnu-as
configure:8104: result: no
configure:8113: checking for as
configure:8129: found /usr/bin/as
configure:8140: result: as
configure:8215: checking for x86_64-pc-linux-gnu-dlltool
configure:8245: result: no
configure:8254: checking for dlltool
configure:8284: result: no
configure:8356: checking for x86_64-pc-linux-gnu-ld
configure:8386: result: no
configure:8395: checking for ld
configure:8411: found /usr/bin/ld
configure:8422: result: ld
configure:8497: checking for x86_64-pc-linux-gnu-lipo
configure:8527: result: no
configure:8536: checking for lipo
configure:8566: result: no
configure:8638: checking for x86_64-pc-linux-gnu-nm
configure:8668: result: no
configure:8677: checking for nm
configure:8693: found /usr/bin/nm
configure:8704: result: nm
configure:8779: checking for x86_64-pc-linux-gnu-ranlib
configure:8809: result: no
configure:8818: checking for ranlib
configure:8834: found /usr/bin/ranlib
configure:8845: result: ranlib
configure:8915: checking for x86_64-pc-linux-gnu-strip
configure:8945: result: no
configure:8954: checking for strip
configure:8970: found /usr/bin/strip
configure:8981: result: strip
configure:9051: checking for x86_64-pc-linux-gnu-windres
configure:9081: result: no
configure:9090: checking for windres
configure:9120: result: no
configure:9192: checking for x86_64-pc-linux-gnu-windmc
configure:9222: result: no
configure:9231: checking for windmc
configure:9261: result: no
configure:9333: checking for x86_64-pc-linux-gnu-objcopy
configure:9363: result: no
configure:9372: checking for objcopy
configure:9388: found /usr/bin/objcopy
configure:9399: result: objcopy
configure:9474: checking for x86_64-pc-linux-gnu-objdump
configure:9504: result: no
configure:9513: checking for objdump
configure:9529: found /usr/bin/objdump
configure:9540: result: objdump
configure:9654: checking for arm-v7a15v3r1-linux-gnueabi-cc
configure:9684: result: no
configure:9654: checking for arm-v7a15v3r1-linux-gnueabi-gcc
configure:9670: found /opt/arm-v7a15v3r1-20121018/bin//arm-v7a15v3r1-linux-gnueabi-gcc
configure:9681: result: arm-v7a15v3r1-linux-gnueabi-gcc
configure:9815: checking for arm-v7a15v3r1-linux-gnueabi-c++
configure:9831: found /opt/arm-v7a15v3r1-20121018/bin//arm-v7a15v3r1-linux-gnueabi-c++
configure:9842: result: arm-v7a15v3r1-linux-gnueabi-c++
configure:9976: checking for arm-v7a15v3r1-linux-gnueabi-gcc
configure:9992: found /opt/arm-v7a15v3r1-20121018/bin//arm-v7a15v3r1-linux-gnueabi-gcc
configure:10003: result: arm-v7a15v3r1-linux-gnueabi-gcc
configure:10132: checking for arm-v7a15v3r1-linux-gnueabi-gcj
configure:10162: result: no
configure:10293: checking for arm-v7a15v3r1-linux-gnueabi-gfortran
configure:10323: result: no
configure:10454: checking for arm-v7a15v3r1-linux-gnueabi-gccgo
configure:10484: result: no
configure:10695: checking for arm-v7a15v3r1-linux-gnueabi-ar
configure:10711: found /opt/arm-v7a15v3r1-20121018/bin//arm-v7a15v3r1-linux-gnueabi-ar
configure:10722: result: arm-v7a15v3r1-linux-gnueabi-ar
configure:10925: checking for arm-v7a15v3r1-linux-gnueabi-as
configure:10941: found /opt/arm-v7a15v3r1-20121018/bin//arm-v7a15v3r1-linux-gnueabi-as
configure:10952: result: arm-v7a15v3r1-linux-gnueabi-as
configure:11155: checking for arm-v7a15v3r1-linux-gnueabi-dlltool
configure:11185: result: no
configure:11385: checking for arm-v7a15v3r1-linux-gnueabi-ld
configure:11401: found /opt/arm-v7a15v3r1-20121018/bin//arm-v7a15v3r1-linux-gnueabi-ld
configure:11412: result: arm-v7a15v3r1-linux-gnueabi-ld
configure:11615: checking for arm-v7a15v3r1-linux-gnueabi-lipo
configure:11645: result: no
configure:11845: checking for arm-v7a15v3r1-linux-gnueabi-nm
configure:11861: found /opt/arm-v7a15v3r1-20121018/bin//arm-v7a15v3r1-linux-gnueabi-nm
configure:11872: result: arm-v7a15v3r1-linux-gnueabi-nm
configure:12075: checking for arm-v7a15v3r1-linux-gnueabi-objdump
configure:12091: found /opt/arm-v7a15v3r1-20121018/bin//arm-v7a15v3r1-linux-gnueabi-objdump
configure:12102: result: arm-v7a15v3r1-linux-gnueabi-objdump
configure:12305: checking for arm-v7a15v3r1-linux-gnueabi-ranlib
configure:12321: found /opt/arm-v7a15v3r1-20121018/bin//arm-v7a15v3r1-linux-gnueabi-ranlib
configure:12332: result: arm-v7a15v3r1-linux-gnueabi-ranlib
configure:12535: checking for arm-v7a15v3r1-linux-gnueabi-strip
configure:12551: found /opt/arm-v7a15v3r1-20121018/bin//arm-v7a15v3r1-linux-gnueabi-strip
configure:12562: result: arm-v7a15v3r1-linux-gnueabi-strip
configure:12765: checking for arm-v7a15v3r1-linux-gnueabi-windres
configure:12795: result: no
configure:12995: checking for arm-v7a15v3r1-linux-gnueabi-windmc
configure:13025: result: no
configure:13092: checking where to find the target ar
configure:13129: result: pre-installed
configure:13134: checking where to find the target as
configure:13171: result: pre-installed
configure:13176: checking where to find the target cc
configure:13213: result: pre-installed
configure:13218: checking where to find the target c++
configure:13258: result: pre-installed
configure:13263: checking where to find the target c++ for libstdc++
configure:13303: result: pre-installed
configure:13308: checking where to find the target dlltool
configure:13345: result: pre-installed
configure:13350: checking where to find the target gcc
configure:13387: result: pre-installed
configure:13392: checking where to find the target gcj
configure:13432: result: pre-installed
configure:13437: checking where to find the target gfortran
configure:13477: result: pre-installed
configure:13482: checking where to find the target gccgo
configure:13522: result: pre-installed
configure:13527: checking where to find the target ld
configure:13564: result: pre-installed
configure:13569: checking where to find the target lipo
configure:13595: result: pre-installed
configure:13600: checking where to find the target nm
configure:13637: result: pre-installed
configure:13642: checking where to find the target objdump
configure:13679: result: pre-installed
configure:13684: checking where to find the target ranlib
configure:13721: result: pre-installed
configure:13726: checking where to find the target strip
configure:13763: result: pre-installed
configure:13768: checking where to find the target windres
configure:13805: result: pre-installed
configure:13810: checking where to find the target windmc
configure:13847: result: pre-installed
configure:13880: checking whether to enable maintainer-specific portions of Makefiles
configure:13889: result: no
configure:13922: checking whether -fkeep-inline-functions is supported
configure:13941: gcc -c -g -O2 -fkeep-inline-functions  conftest.c >&5
configure:13941: $? = 0
configure:13942: result: yes
configure:14139: creating ./config.status

## ---------------------- ##
## Running config.status. ##
## ---------------------- ##

This file was extended by config.status, which was
generated by GNU Autoconf 2.64.  Invocation command line was

  CONFIG_FILES    = 
  CONFIG_HEADERS  = 
  CONFIG_LINKS    = 
  CONFIG_COMMANDS = 
  $ ./config.status 

on vdbs1218

config.status:955: creating Makefile

## ---------------- ##
## Cache variables. ##
## ---------------- ##

ac_cv_build=x86_64-pc-linux-gnu
ac_cv_c_compiler_gnu=yes
ac_cv_cxx_compiler_gnu=yes
ac_cv_env_AR_FOR_TARGET_set=
ac_cv_env_AR_FOR_TARGET_value=
ac_cv_env_AR_set=
ac_cv_env_AR_value=
ac_cv_env_AS_FOR_TARGET_set=
ac_cv_env_AS_FOR_TARGET_value=
ac_cv_env_AS_set=
ac_cv_env_AS_value=
ac_cv_env_CCC_set=
ac_cv_env_CCC_value=
ac_cv_env_CC_FOR_TARGET_set=
ac_cv_env_CC_FOR_TARGET_value=
ac_cv_env_CC_set=
ac_cv_env_CC_value=
ac_cv_env_CFLAGS_set=
ac_cv_env_CFLAGS_value=
ac_cv_env_CPPFLAGS_set=set
ac_cv_env_CPPFLAGS_value=
ac_cv_env_CXXFLAGS_set=
ac_cv_env_CXXFLAGS_value=
ac_cv_env_CXX_FOR_TARGET_set=
ac_cv_env_CXX_FOR_TARGET_value=
ac_cv_env_CXX_set=
ac_cv_env_CXX_value=
ac_cv_env_DLLTOOL_FOR_TARGET_set=
ac_cv_env_DLLTOOL_FOR_TARGET_value=
ac_cv_env_DLLTOOL_set=
ac_cv_env_DLLTOOL_value=
ac_cv_env_GCC_FOR_TARGET_set=
ac_cv_env_GCC_FOR_TARGET_value=
ac_cv_env_GCJ_FOR_TARGET_set=
ac_cv_env_GCJ_FOR_TARGET_value=
ac_cv_env_GFORTRAN_FOR_TARGET_set=
ac_cv_env_GFORTRAN_FOR_TARGET_value=
ac_cv_env_GOC_FOR_TARGET_set=
ac_cv_env_GOC_FOR_TARGET_value=
ac_cv_env_LDFLAGS_set=set
ac_cv_env_LDFLAGS_value=
ac_cv_env_LD_FOR_TARGET_set=
ac_cv_env_LD_FOR_TARGET_value=
ac_cv_env_LD_set=
ac_cv_env_LD_value=
ac_cv_env_LIBS_set=
ac_cv_env_LIBS_value=
ac_cv_env_LIPO_FOR_TARGET_set=
ac_cv_env_LIPO_FOR_TARGET_value=
ac_cv_env_LIPO_set=
ac_cv_env_LIPO_value=
ac_cv_env_NM_FOR_TARGET_set=
ac_cv_env_NM_FOR_TARGET_value=
ac_cv_env_NM_set=
ac_cv_env_NM_value=
ac_cv_env_OBJCOPY_set=
ac_cv_env_OBJCOPY_value=
ac_cv_env_OBJDUMP_FOR_TARGET_set=
ac_cv_env_OBJDUMP_FOR_TARGET_value=
ac_cv_env_OBJDUMP_set=
ac_cv_env_OBJDUMP_value=
ac_cv_env_RANLIB_FOR_TARGET_set=
ac_cv_env_RANLIB_FOR_TARGET_value=
ac_cv_env_RANLIB_set=
ac_cv_env_RANLIB_value=
ac_cv_env_STRIP_FOR_TARGET_set=
ac_cv_env_STRIP_FOR_TARGET_value=
ac_cv_env_STRIP_set=
ac_cv_env_STRIP_value=
ac_cv_env_WINDMC_FOR_TARGET_set=
ac_cv_env_WINDMC_FOR_TARGET_value=
ac_cv_env_WINDMC_set=
ac_cv_env_WINDMC_value=
ac_cv_env_WINDRES_FOR_TARGET_set=
ac_cv_env_WINDRES_FOR_TARGET_value=
ac_cv_env_WINDRES_set=
ac_cv_env_WINDRES_value=
ac_cv_env_build_alias_set=set
ac_cv_env_build_alias_value=x86_64-pc-linux-gnu
ac_cv_env_build_configargs_set=
ac_cv_env_build_configargs_value=
ac_cv_env_host_alias_set=set
ac_cv_env_host_alias_value=x86_64-pc-linux-gnu
ac_cv_env_host_configargs_set=
ac_cv_env_host_configargs_value=
ac_cv_env_target_alias_set=set
ac_cv_env_target_alias_value=arm-v7a15v3r1-linux-gnueabi
ac_cv_env_target_configargs_set=
ac_cv_env_target_configargs_value=
ac_cv_host=x86_64-pc-linux-gnu
ac_cv_lib_pwl_PWL_handle_timeout=no
ac_cv_objext=o
ac_cv_path_SED=/bin/sed
ac_cv_path_install='/usr/bin/install -c'
ac_cv_prog_AR=ar
ac_cv_prog_AR_FOR_TARGET=arm-v7a15v3r1-linux-gnueabi-ar
ac_cv_prog_AS=as
ac_cv_prog_AS_FOR_TARGET=arm-v7a15v3r1-linux-gnueabi-as
ac_cv_prog_AWK=gawk
ac_cv_prog_BISON=bison
ac_cv_prog_CC_FOR_TARGET=arm-v7a15v3r1-linux-gnueabi-gcc
ac_cv_prog_CXX_FOR_TARGET=arm-v7a15v3r1-linux-gnueabi-c++
ac_cv_prog_FLEX=flex
ac_cv_prog_GCC_FOR_TARGET=arm-v7a15v3r1-linux-gnueabi-gcc
ac_cv_prog_LD=ld
ac_cv_prog_LD_FOR_TARGET=arm-v7a15v3r1-linux-gnueabi-ld
ac_cv_prog_LEX=flex
ac_cv_prog_M4=m4
ac_cv_prog_MAKEINFO=makeinfo
ac_cv_prog_NM=nm
ac_cv_prog_NM_FOR_TARGET=arm-v7a15v3r1-linux-gnueabi-nm
ac_cv_prog_OBJCOPY=objcopy
ac_cv_prog_OBJDUMP=objdump
ac_cv_prog_OBJDUMP_FOR_TARGET=arm-v7a15v3r1-linux-gnueabi-objdump
ac_cv_prog_RANLIB=ranlib
ac_cv_prog_RANLIB_FOR_TARGET=arm-v7a15v3r1-linux-gnueabi-ranlib
ac_cv_prog_STRIP=strip
ac_cv_prog_STRIP_FOR_TARGET=arm-v7a15v3r1-linux-gnueabi-strip
ac_cv_prog_YACC='bison -y'
ac_cv_prog_ac_ct_CC=gcc
ac_cv_prog_ac_ct_CXX=g++
ac_cv_prog_cc_c89=
ac_cv_prog_cc_g=yes
ac_cv_prog_cxx_g=yes
ac_cv_target=arm-v7a15v3r1-linux-gnueabi
acx_cv_cc_gcc_supports_ada=no
acx_cv_prog_LN=ln
gcc_cv_prog_cmp_skip='cmp --ignore-initial=16 $$f1 $$f2'
gcc_cv_tool_dirs=
gcc_cv_tool_prefix=/home6/daewon2/Release/glibc/SP/SP_Linux/LP_Linux_Prj/REL/VDLinux.3.x.2012/toolchain/src/arm-mips-src-20121018/scripts/arm-v7a15v3r1
lt_cv_objdir=.libs

## ----------------- ##
## Output variables. ##
## ----------------- ##

AR='ar'
AR_FOR_BUILD='$(AR)'
AR_FOR_TARGET='arm-v7a15v3r1-linux-gnueabi-ar'
AS='as'
AS_FOR_BUILD='$(AS)'
AS_FOR_TARGET='arm-v7a15v3r1-linux-gnueabi-as'
AWK='gawk'
BISON='bison'
BUILD_CONFIG=''
CC='gcc'
CC_FOR_BUILD='$(CC)'
CC_FOR_TARGET='arm-v7a15v3r1-linux-gnueabi-gcc'
CFLAGS='-g -O2'
CFLAGS_FOR_BUILD='-g -O2'
CFLAGS_FOR_TARGET='-g -O2'
COMPILER_AS_FOR_TARGET='$(AS_FOR_TARGET)'
COMPILER_LD_FOR_TARGET='$(LD_FOR_TARGET)'
COMPILER_NM_FOR_TARGET='$(NM_FOR_TARGET)'
CONFIGURE_GDB_TK=''
CPPFLAGS=''
CXX='g++'
CXXFLAGS='-g -O2'
CXXFLAGS_FOR_BUILD='-g -O2'
CXXFLAGS_FOR_TARGET='-g -O2'
CXX_FOR_BUILD='$(CXX)'
CXX_FOR_TARGET='arm-v7a15v3r1-linux-gnueabi-c++'
DEBUG_PREFIX_CFLAGS_FOR_TARGET=''
DEFS='-DPACKAGE_NAME=\"\" -DPACKAGE_TARNAME=\"\" -DPACKAGE_VERSION=\"\" -DPACKAGE_STRING=\"\" -DPACKAGE_BUGREPORT=\"\" -DPACKAGE_URL=\"\" -DLT_OBJDIR=\".libs/\"'
DLLTOOL='dlltool'
DLLTOOL_FOR_BUILD='$(DLLTOOL)'
DLLTOOL_FOR_TARGET='arm-v7a15v3r1-linux-gnueabi-dlltool'
ECHO_C=''
ECHO_N='-n'
ECHO_T=''
EXEEXT=''
EXPECT='expect'
FLAGS_FOR_TARGET=''
FLEX='flex'
GCC_FOR_TARGET='arm-v7a15v3r1-linux-gnueabi-gcc'
GCC_SHLIB_SUBDIR=''
GCJ_FOR_BUILD='$(GCJ)'
GCJ_FOR_TARGET='arm-v7a15v3r1-linux-gnueabi-gcj'
GDB_TK=''
GFORTRAN_FOR_BUILD='$(GFORTRAN)'
GFORTRAN_FOR_TARGET='arm-v7a15v3r1-linux-gnueabi-gfortran'
GNATBIND='no'
GNATMAKE='no'
GOC_FOR_BUILD='$(GOC)'
GOC_FOR_TARGET='arm-v7a15v3r1-linux-gnueabi-gccgo'
INSTALL_DATA='${INSTALL} -m 644'
INSTALL_GDB_TK=''
INSTALL_PROGRAM='${INSTALL}'
INSTALL_SCRIPT='${INSTALL}'
LD='ld'
LDFLAGS=''
LDFLAGS_FOR_BUILD=''
LD_FOR_BUILD='$(LD)'
LD_FOR_TARGET='arm-v7a15v3r1-linux-gnueabi-ld'
LEX='flex'
LIBOBJS=''
LIBS=''
LIPO='lipo'
LIPO_FOR_TARGET='arm-v7a15v3r1-linux-gnueabi-lipo'
LN='ln'
LN_S='ln -s'
LTLIBOBJS=''
M4='m4'
MAINT='#'
MAINTAINER_MODE_FALSE=''
MAINTAINER_MODE_TRUE='#'
MAKEINFO='makeinfo'
NM='nm'
NM_FOR_BUILD='$(NM)'
NM_FOR_TARGET='arm-v7a15v3r1-linux-gnueabi-nm'
OBJCOPY='objcopy'
OBJDUMP='objdump'
OBJDUMP_FOR_TARGET='arm-v7a15v3r1-linux-gnueabi-objdump'
OBJEXT='o'
PACKAGE_BUGREPORT=''
PACKAGE_NAME=''
PACKAGE_STRING=''
PACKAGE_TARNAME=''
PACKAGE_URL=''
PACKAGE_VERSION=''
PATH_SEPARATOR=':'
RANLIB='ranlib'
RANLIB_FOR_BUILD='$(RANLIB)'
RANLIB_FOR_TARGET='arm-v7a15v3r1-linux-gnueabi-ranlib'
RAW_CXX_FOR_TARGET='arm-v7a15v3r1-linux-gnueabi-c++'
RPATH_ENVVAR='LD_LIBRARY_PATH'
RUNTEST='runtest'
SED='/bin/sed'
SHELL='/bin/sh'
STRIP='strip'
STRIP_FOR_TARGET='arm-v7a15v3r1-linux-gnueabi-strip'
SYSROOT_CFLAGS_FOR_TARGET=''
TOPLEVEL_CONFIGURE_ARGUMENTS='/home6/daewon2/Release/glibc/SP/SP_Linux/LP_Linux_Prj/REL/VDLinux.3.x.2012/toolchain/src/arm-mips-src-20121018/build.arm.cortex-a15/sources/gdb/configure --build=x86_64-pc-linux-gnu --target=arm-v7a15v3r1-linux-gnueabi --prefix=/home6/daewon2/Release/glibc/SP/SP_Linux/LP_Linux_Prj/REL/VDLinux.3.x.2012/toolchain/src/arm-mips-src-20121018/scripts/arm-v7a15v3r1 --host=x86_64-pc-linux-gnu --disable-sim --with-pkgversion=VDLinux.GA1.2012-10-03 --with-bugurl=http://linux.sec.samsung.net/VDLinux/ --disable-nls --with-libexpat-prefix=/home6/daewon2/Release/glibc/SP/SP_Linux/LP_Linux_Prj/REL/VDLinux.3.x.2012/toolchain/src/arm-mips-src-20121018/scripts/arm-v7a15v3r1 --with-system-gdbinit=/home6/daewon2/Release/glibc/SP/SP_Linux/LP_Linux_Prj/REL/VDLinux.3.x.2012/toolchain/src/arm-mips-src-20121018/scripts/arm-v7a15v3r1/x86_64-pc-linux-gnu/arm-v7a15v3r1-linux-gnueabi/lib/gdbinit --with-sysroot=/home6/daewon2/Release/glibc/SP/SP_Linux/LP_Linux_Prj/REL/VDLinux.3.x.2012/toolchain/src/arm-mips-src-20121018/scripts/arm-v7a15v3r1/arm-v7a15v3r1-linux-gnueabi/sys-root --with-gdb-datadir=/home6/daewon2/Release/glibc/SP/SP_Linux/LP_Linux_Prj/REL/VDLinux.3.x.2012/toolchain/src/arm-mips-src-20121018/scripts/arm-v7a15v3r1/arm-v7a15v3r1-linux-gnueabi/share/gdb --without-python'
WINDMC='windmc'
WINDMC_FOR_BUILD='$(WINDMC)'
WINDMC_FOR_TARGET='arm-v7a15v3r1-linux-gnueabi-windmc'
WINDRES='windres'
WINDRES_FOR_BUILD='$(WINDRES)'
WINDRES_FOR_TARGET='arm-v7a15v3r1-linux-gnueabi-windres'
YACC='bison -y'
ac_ct_CC='gcc'
ac_ct_CXX='g++'
bindir='${exec_prefix}/bin'
build='x86_64-pc-linux-gnu'
build_alias='x86_64-pc-linux-gnu'
build_configargs=' --cache-file=../config.cache '\''--prefix=/home6/daewon2/Release/glibc/SP/SP_Linux/LP_Linux_Prj/REL/VDLinux.3.x.2012/toolchain/src/arm-mips-src-20121018/scripts/arm-v7a15v3r1'\'' '\''--disable-sim'\'' '\''--with-pkgversion=VDLinux.GA1.2012-10-03'\'' '\''--with-bugurl=http://linux.sec.samsung.net/VDLinux/'\'' '\''--disable-nls'\'' '\''--with-libexpat-prefix=/home6/daewon2/Release/glibc/SP/SP_Linux/LP_Linux_Prj/REL/VDLinux.3.x.2012/toolchain/src/arm-mips-src-20121018/scripts/arm-v7a15v3r1'\'' '\''--with-system-gdbinit=/home6/daewon2/Release/glibc/SP/SP_Linux/LP_Linux_Prj/REL/VDLinux.3.x.2012/toolchain/src/arm-mips-src-20121018/scripts/arm-v7a15v3r1/x86_64-pc-linux-gnu/arm-v7a15v3r1-linux-gnueabi/lib/gdbinit'\'' '\''--with-sysroot=/home6/daewon2/Release/glibc/SP/SP_Linux/LP_Linux_Prj/REL/VDLinux.3.x.2012/toolchain/src/arm-mips-src-20121018/scripts/arm-v7a15v3r1/arm-v7a15v3r1-linux-gnueabi/sys-root'\'' '\''--with-gdb-datadir=/home6/daewon2/Release/glibc/SP/SP_Linux/LP_Linux_Prj/REL/VDLinux.3.x.2012/toolchain/src/arm-mips-src-20121018/scripts/arm-v7a15v3r1/arm-v7a15v3r1-linux-gnueabi/share/gdb'\'' '\''--without-python'\'' --program-transform-name='\''s&^&arm-v7a15v3r1-linux-gnueabi-&'\'' --disable-option-checking'
build_configdirs=' libiberty'
build_cpu='x86_64'
build_libsubdir='build-x86_64-pc-linux-gnu'
build_noncanonical='x86_64-pc-linux-gnu'
build_os='linux-gnu'
build_subdir='build-x86_64-pc-linux-gnu'
build_tooldir='${exec_prefix}/arm-v7a15v3r1-linux-gnueabi'
build_vendor='pc'
clooginc=''
clooglibs=''
compare_exclusions='gcc/cc*-checksum$(objext) | gcc/ada/*tools/*'
configdirs=' intl libiberty opcodes bfd readline libdecnumber gdb etc'
datadir='${datarootdir}'
datarootdir='${prefix}/share'
do_compare='cmp --ignore-initial=16 $$f1 $$f2'
docdir='${datarootdir}/doc/${PACKAGE}'
dvidir='${docdir}'
exec_prefix='${prefix}'
extra_host_libiberty_configure_flags=''
extra_mpc_gmp_configure_flags=''
extra_mpc_mpfr_configure_flags=''
extra_mpfr_configure_flags=''
gmpinc=''
gmplibs='-lmpc -lmpfr -lgmp'
host='x86_64-pc-linux-gnu'
host_alias='x86_64-pc-linux-gnu'
host_configargs=' --cache-file=./config.cache  --with-system-zlib '\''--prefix=/home6/daewon2/Release/glibc/SP/SP_Linux/LP_Linux_Prj/REL/VDLinux.3.x.2012/toolchain/src/arm-mips-src-20121018/scripts/arm-v7a15v3r1'\'' '\''--disable-sim'\'' '\''--with-pkgversion=VDLinux.GA1.2012-10-03'\'' '\''--with-bugurl=http://linux.sec.samsung.net/VDLinux/'\'' '\''--disable-nls'\'' '\''--with-libexpat-prefix=/home6/daewon2/Release/glibc/SP/SP_Linux/LP_Linux_Prj/REL/VDLinux.3.x.2012/toolchain/src/arm-mips-src-20121018/scripts/arm-v7a15v3r1'\'' '\''--with-system-gdbinit=/home6/daewon2/Release/glibc/SP/SP_Linux/LP_Linux_Prj/REL/VDLinux.3.x.2012/toolchain/src/arm-mips-src-20121018/scripts/arm-v7a15v3r1/x86_64-pc-linux-gnu/arm-v7a15v3r1-linux-gnueabi/lib/gdbinit'\'' '\''--with-sysroot=/home6/daewon2/Release/glibc/SP/SP_Linux/LP_Linux_Prj/REL/VDLinux.3.x.2012/toolchain/src/arm-mips-src-20121018/scripts/arm-v7a15v3r1/arm-v7a15v3r1-linux-gnueabi/sys-root'\'' '\''--with-gdb-datadir=/home6/daewon2/Release/glibc/SP/SP_Linux/LP_Linux_Prj/REL/VDLinux.3.x.2012/toolchain/src/arm-mips-src-20121018/scripts/arm-v7a15v3r1/arm-v7a15v3r1-linux-gnueabi/share/gdb'\'' '\''--without-python'\'' --program-transform-name='\''s&^&arm-v7a15v3r1-linux-gnueabi-&'\'' --disable-option-checking'
host_cpu='x86_64'
host_noncanonical='x86_64-pc-linux-gnu'
host_os='linux-gnu'
host_subdir='.'
host_vendor='pc'
htmldir='${docdir}'
includedir='${prefix}/include'
infodir='${datarootdir}/info'
libdir='${exec_prefix}/lib'
libexecdir='${exec_prefix}/libexec'
localedir='${datarootdir}/locale'
localstatedir='${prefix}/var'
mandir='${datarootdir}/man'
oldincludedir='/usr/include'
pdfdir='${docdir}'
poststage1_ldflags='-static-libstdc++ -static-libgcc'
poststage1_libs=''
pplinc=''
ppllibs=''
prefix='/home6/daewon2/Release/glibc/SP/SP_Linux/LP_Linux_Prj/REL/VDLinux.3.x.2012/toolchain/src/arm-mips-src-20121018/scripts/arm-v7a15v3r1'
program_transform_name='s&^&arm-v7a15v3r1-linux-gnueabi-&'
psdir='${docdir}'
sbindir='${exec_prefix}/sbin'
sharedstatedir='${prefix}/com'
stage1_cflags='-g -fkeep-inline-functions'
stage1_checking='--enable-checking=yes,types'
stage1_languages=',c,'
stage1_ldflags=''
stage1_libs=''
stage2_werror_flag=''
sysconfdir='${prefix}/etc'
target='arm-v7a15v3r1-linux-gnueabi'
target_alias='arm-v7a15v3r1-linux-gnueabi'
target_configargs='--cache-file=./config.cache --enable-multilib --with-cross-host=x86_64-pc-linux-gnu   '\''--prefix=/home6/daewon2/Release/glibc/SP/SP_Linux/LP_Linux_Prj/REL/VDLinux.3.x.2012/toolchain/src/arm-mips-src-20121018/scripts/arm-v7a15v3r1'\'' '\''--disable-sim'\'' '\''--with-pkgversion=VDLinux.GA1.2012-10-03'\'' '\''--with-bugurl=http://linux.sec.samsung.net/VDLinux/'\'' '\''--disable-nls'\'' '\''--with-libexpat-prefix=/home6/daewon2/Release/glibc/SP/SP_Linux/LP_Linux_Prj/REL/VDLinux.3.x.2012/toolchain/src/arm-mips-src-20121018/scripts/arm-v7a15v3r1'\'' '\''--with-system-gdbinit=/home6/daewon2/Release/glibc/SP/SP_Linux/LP_Linux_Prj/REL/VDLinux.3.x.2012/toolchain/src/arm-mips-src-20121018/scripts/arm-v7a15v3r1/x86_64-pc-linux-gnu/arm-v7a15v3r1-linux-gnueabi/lib/gdbinit'\'' '\''--with-sysroot=/home6/daewon2/Release/glibc/SP/SP_Linux/LP_Linux_Prj/REL/VDLinux.3.x.2012/toolchain/src/arm-mips-src-20121018/scripts/arm-v7a15v3r1/arm-v7a15v3r1-linux-gnueabi/sys-root'\'' '\''--with-gdb-datadir=/home6/daewon2/Release/glibc/SP/SP_Linux/LP_Linux_Prj/REL/VDLinux.3.x.2012/toolchain/src/arm-mips-src-20121018/scripts/arm-v7a15v3r1/arm-v7a15v3r1-linux-gnueabi/share/gdb'\'' '\''--without-python'\'' --program-transform-name='\''s&^&arm-v7a15v3r1-linux-gnueabi-&'\'' --disable-option-checking'
target_configdirs=''
target_cpu='arm'
target_noncanonical='arm-v7a15v3r1-linux-gnueabi'
target_os='linux-gnueabi'
target_subdir='arm-v7a15v3r1-linux-gnueabi'
target_vendor='v7a15v3r1'
tooldir='${exec_prefix}/arm-v7a15v3r1-linux-gnueabi'

## ------------------- ##
## File substitutions. ##
## ------------------- ##

alphaieee_frag='/dev/null'
host_makefile_frag='/dev/null'
ospace_frag='/dev/null'
serialization_dependencies='serdep.tmp'
target_makefile_frag='/home6/daewon2/Release/glibc/SP/SP_Linux/LP_Linux_Prj/REL/VDLinux.3.x.2012/toolchain/src/arm-mips-src-20121018/build.arm.cortex-a15/sources/gdb/config/mt-gnu'

## ----------- ##
## confdefs.h. ##
## ----------- ##

/* confdefs.h */
#define PACKAGE_NAME ""
#define PACKAGE_TARNAME ""
#define PACKAGE_VERSION ""
#define PACKAGE_STRING ""
#define PACKAGE_BUGREPORT ""
#define PACKAGE_URL ""
#define LT_OBJDIR ".libs/"

configure: exit 0
