This file contains any messages produced by compilers while
running configure, to aid debugging if configure makes a mistake.

It was created by MPFR configure 3.1.0, which was
generated by GNU Autoconf 2.65.  Invocation command line was

  $ /home6/daewon2/Release/glibc/SP/SP_Linux/LP_Linux_Prj/REL/VDLinux.3.x.2012/toolchain/src/arm-mips-src-20121018/build.arm.cortex-a15/sources/mpfr/configure --prefix=/home6/daewon2/Release/glibc/SP/SP_Linux/LP_Linux_Prj/REL/VDLinux.3.x.2012/toolchain/src/arm-mips-src-20121018/scripts/arm-v7a15v3r1 --disable-shared --disable-nls --with-gmp=/home6/daewon2/Release/glibc/SP/SP_Linux/LP_Linux_Prj/REL/VDLinux.3.x.2012/toolchain/src/arm-mips-src-20121018/scripts/arm-v7a15v3r1 --enable-static LDFLAGS= CPPFLAGS= --no-create --no-recursion

## --------- ##
## Platform. ##
## --------- ##

hostname = vdbs1218
uname -m = x86_64
uname -r = 2.6.32-38-generic
uname -s = Linux
uname -v = #83-Ubuntu SMP Wed Jan 4 11:12:07 UTC 2012

/usr/bin/uname -p = unknown
/bin/uname -X     = unknown

/bin/arch              = unknown
/usr/bin/arch -k       = unknown
/usr/convex/getsysinfo = unknown
/usr/bin/hostinfo      = unknown
/bin/machine           = unknown
/usr/bin/oslevel       = unknown
/bin/universe          = unknown

PATH: /home6/daewon2/bin
PATH: /usr/local/iconv/bin
PATH: /opt/mipsel-34kv3r1-20121018/bin
PATH: /opt/mipsel-24kv3r1-20121018/bin
PATH: /opt/arm-v7a8v3r1-20121018/bin
PATH: /opt/arm-v7a15v3r1-20121018/bin/
PATH: /opt/VDLinux-ARMv7-4.6-v3r0-20120319/bin
PATH: /opt/VDLinux-ARMv7-4.4-202-toolchain-v2r2-20110630/bin
PATH: /usr/local/java/jdk1.6.0_29/bin
PATH: /usr/local/sbin
PATH: /usr/local/bin
PATH: /usr/sbin
PATH: /usr/bin
PATH: /sbin
PATH: /bin
PATH: /usr/games
PATH: /usr/p4bin/bin
PATH: /home6/daewon2/busybox_test/Busybox/arm-v7a15v3r1-20121003/bin
PATH: /home6/daewon2/busybox_test/Busybox/arm-v7a8v3r1-20121003/bin
PATH: /home6/daewon2/busybox_test/Busybox/mipsel-24kv3r1-20121003/bin
PATH: /home6/daewon2/busybox_test/Busybox/mipsel-34kv3r1-20121003/bin
PATH: /home6/daewon2/20121114/arm-v7a15v3r1-20121114/bin
PATH: /home6/daewon2/20121114/mipsel-34kv3r1-20121114/bin


## ----------- ##
## Core tests. ##
## ----------- ##

configure:2518: checking for a BSD-compatible install
configure:2586: result: /usr/bin/install -c
configure:2597: checking whether build environment is sane
configure:2647: result: yes
configure:2788: checking for a thread-safe mkdir -p
configure:2827: result: /bin/mkdir -p
configure:2840: checking for gawk
configure:2856: found /usr/bin/gawk
configure:2867: result: gawk
configure:2878: checking whether make sets $(MAKE)
configure:2900: result: yes
configure:2972: checking whether to disable maintainer-specific portions of Makefiles
configure:2981: result: yes
configure:3004: checking build system type
configure:3018: result: x86_64-unknown-linux-gnu
configure:3038: checking host system type
configure:3051: result: x86_64-unknown-linux-gnu
configure:3072: checking for grep that handles long lines and -e
configure:3130: result: /bin/grep
configure:3135: checking for egrep
configure:3197: result: /bin/grep -E
configure:3202: checking for a sed that does not truncate output
configure:3266: result: /bin/sed
configure:3436: checking for CC and CFLAGS in gmp.h
configure:3465: result: yes CC=gcc -std=gnu99 CFLAGS=-O2 -pedantic -m64 -mtune=k8 -march=k8
configure:3471: checking for CC=gcc -std=gnu99 and CFLAGS=-O2 -pedantic -m64 -mtune=k8 -march=k8
configure:3475: result: yes
configure:3537: checking for gcc
configure:3564: result: gcc -std=gnu99
configure:3793: checking for C compiler version
configure:3802: gcc -std=gnu99 --version >&5
gcc (Ubuntu 4.4.3-4ubuntu5.1) 4.4.3
Copyright (C) 2009 Free Software Foundation, Inc.
This is free software; see the source for copying conditions.  There is NO
warranty; not even for MERCHANTABILITY or FITNESS FOR A PARTICULAR PURPOSE.

configure:3813: $? = 0
configure:3802: gcc -std=gnu99 -v >&5
Using built-in specs.
Target: x86_64-linux-gnu
Configured with: ../src/configure -v --with-pkgversion='Ubuntu 4.4.3-4ubuntu5.1' --with-bugurl=file:///usr/share/doc/gcc-4.4/README.Bugs --enable-languages=c,c++,fortran,objc,obj-c++ --prefix=/usr --enable-shared --enable-multiarch --enable-linker-build-id --with-system-zlib --libexecdir=/usr/lib --without-included-gettext --enable-threads=posix --with-gxx-include-dir=/usr/include/c++/4.4 --program-suffix=-4.4 --enable-nls --enable-clocale=gnu --enable-libstdcxx-debug --enable-plugin --enable-objc-gc --disable-werror --with-arch-32=i486 --with-tune=generic --enable-checking=release --build=x86_64-linux-gnu --host=x86_64-linux-gnu --target=x86_64-linux-gnu
Thread model: posix
gcc version 4.4.3 (Ubuntu 4.4.3-4ubuntu5.1) 
configure:3813: $? = 0
configure:3802: gcc -std=gnu99 -V >&5
gcc: '-V' must come at the start of the command line
configure:3813: $? = 1
configure:3802: gcc -std=gnu99 -qversion >&5
gcc: unrecognized option '-qversion'
gcc: no input files
configure:3813: $? = 1
configure:3833: checking whether the C compiler works
configure:3855: gcc -std=gnu99 -O2 -pedantic -m64 -mtune=k8 -march=k8  -I/home6/daewon2/Release/glibc/SP/SP_Linux/LP_Linux_Prj/REL/VDLinux.3.x.2012/toolchain/src/arm-mips-src-20121018/scripts/arm-v7a15v3r1/include  -L/home6/daewon2/Release/glibc/SP/SP_Linux/LP_Linux_Prj/REL/VDLinux.3.x.2012/toolchain/src/arm-mips-src-20121018/scripts/arm-v7a15v3r1/lib conftest.c  >&5
configure:3859: $? = 0
configure:3908: result: yes
configure:3911: checking for C compiler default output file name
configure:3913: result: a.out
configure:3919: checking for suffix of executables
configure:3926: gcc -std=gnu99 -o conftest -O2 -pedantic -m64 -mtune=k8 -march=k8  -I/home6/daewon2/Release/glibc/SP/SP_Linux/LP_Linux_Prj/REL/VDLinux.3.x.2012/toolchain/src/arm-mips-src-20121018/scripts/arm-v7a15v3r1/include  -L/home6/daewon2/Release/glibc/SP/SP_Linux/LP_Linux_Prj/REL/VDLinux.3.x.2012/toolchain/src/arm-mips-src-20121018/scripts/arm-v7a15v3r1/lib conftest.c  >&5
configure:3930: $? = 0
configure:3952: result: 
configure:3974: checking whether we are cross compiling
configure:3982: gcc -std=gnu99 -o conftest -O2 -pedantic -m64 -mtune=k8 -march=k8  -I/home6/daewon2/Release/glibc/SP/SP_Linux/LP_Linux_Prj/REL/VDLinux.3.x.2012/toolchain/src/arm-mips-src-20121018/scripts/arm-v7a15v3r1/include  -L/home6/daewon2/Release/glibc/SP/SP_Linux/LP_Linux_Prj/REL/VDLinux.3.x.2012/toolchain/src/arm-mips-src-20121018/scripts/arm-v7a15v3r1/lib conftest.c  >&5
configure:3986: $? = 0
configure:3993: ./conftest
configure:3997: $? = 0
configure:4012: result: no
configure:4017: checking for suffix of object files
configure:4039: gcc -std=gnu99 -c -O2 -pedantic -m64 -mtune=k8 -march=k8  -I/home6/daewon2/Release/glibc/SP/SP_Linux/LP_Linux_Prj/REL/VDLinux.3.x.2012/toolchain/src/arm-mips-src-20121018/scripts/arm-v7a15v3r1/include conftest.c >&5
configure:4043: $? = 0
configure:4064: result: o
configure:4068: checking whether we are using the GNU C compiler
configure:4087: gcc -std=gnu99 -c -O2 -pedantic -m64 -mtune=k8 -march=k8  -I/home6/daewon2/Release/glibc/SP/SP_Linux/LP_Linux_Prj/REL/VDLinux.3.x.2012/toolchain/src/arm-mips-src-20121018/scripts/arm-v7a15v3r1/include conftest.c >&5
configure:4087: $? = 0
configure:4096: result: yes
configure:4105: checking whether gcc -std=gnu99 accepts -g
configure:4125: gcc -std=gnu99 -c -g  -I/home6/daewon2/Release/glibc/SP/SP_Linux/LP_Linux_Prj/REL/VDLinux.3.x.2012/toolchain/src/arm-mips-src-20121018/scripts/arm-v7a15v3r1/include conftest.c >&5
configure:4125: $? = 0
configure:4166: result: yes
configure:4183: checking for gcc -std=gnu99 option to accept ISO C89
configure:4247: gcc -std=gnu99  -c -O2 -pedantic -m64 -mtune=k8 -march=k8  -I/home6/daewon2/Release/glibc/SP/SP_Linux/LP_Linux_Prj/REL/VDLinux.3.x.2012/toolchain/src/arm-mips-src-20121018/scripts/arm-v7a15v3r1/include conftest.c >&5
configure:4247: $? = 0
configure:4260: result: none needed
configure:4291: checking for style of include used by make
configure:4319: result: GNU
configure:4344: checking dependency style of gcc -std=gnu99
configure:4454: result: gcc3
configure:4474: checking how to run the C preprocessor
configure:4505: gcc -std=gnu99 -E  -I/home6/daewon2/Release/glibc/SP/SP_Linux/LP_Linux_Prj/REL/VDLinux.3.x.2012/toolchain/src/arm-mips-src-20121018/scripts/arm-v7a15v3r1/include conftest.c
configure:4505: $? = 0
configure:4519: gcc -std=gnu99 -E  -I/home6/daewon2/Release/glibc/SP/SP_Linux/LP_Linux_Prj/REL/VDLinux.3.x.2012/toolchain/src/arm-mips-src-20121018/scripts/arm-v7a15v3r1/include conftest.c
conftest.c:9:28: error: ac_nonexistent.h: No such file or directory
configure:4519: $? = 1
configure: failed program was:
| /* confdefs.h */
| #define PACKAGE_NAME "MPFR"
| #define PACKAGE_TARNAME "mpfr"
| #define PACKAGE_VERSION "3.1.0"
| #define PACKAGE_STRING "MPFR 3.1.0"
| #define PACKAGE_BUGREPORT ""
| #define PACKAGE_URL ""
| /* end confdefs.h.  */
| #include <ac_nonexistent.h>
configure:4544: result: gcc -std=gnu99 -E
configure:4564: gcc -std=gnu99 -E  -I/home6/daewon2/Release/glibc/SP/SP_Linux/LP_Linux_Prj/REL/VDLinux.3.x.2012/toolchain/src/arm-mips-src-20121018/scripts/arm-v7a15v3r1/include conftest.c
configure:4564: $? = 0
configure:4578: gcc -std=gnu99 -E  -I/home6/daewon2/Release/glibc/SP/SP_Linux/LP_Linux_Prj/REL/VDLinux.3.x.2012/toolchain/src/arm-mips-src-20121018/scripts/arm-v7a15v3r1/include conftest.c
conftest.c:9:28: error: ac_nonexistent.h: No such file or directory
configure:4578: $? = 1
configure: failed program was:
| /* confdefs.h */
| #define PACKAGE_NAME "MPFR"
| #define PACKAGE_TARNAME "mpfr"
| #define PACKAGE_VERSION "3.1.0"
| #define PACKAGE_STRING "MPFR 3.1.0"
| #define PACKAGE_BUGREPORT ""
| #define PACKAGE_URL ""
| /* end confdefs.h.  */
| #include <ac_nonexistent.h>
configure:4717: checking for ICC
configure:4735: gcc -std=gnu99 -c -O2 -pedantic -m64 -mtune=k8 -march=k8  -I/home6/daewon2/Release/glibc/SP/SP_Linux/LP_Linux_Prj/REL/VDLinux.3.x.2012/toolchain/src/arm-mips-src-20121018/scripts/arm-v7a15v3r1/include conftest.c >&5
conftest.c:11:3: error: #error "ICC Not Found"
conftest.c:15: error: expected '=', ',', ';', 'asm' or '__attribute__' before 'int'
configure:4735: $? = 1
configure: failed program was:
| /* confdefs.h */
| #define PACKAGE_NAME "MPFR"
| #define PACKAGE_TARNAME "mpfr"
| #define PACKAGE_VERSION "3.1.0"
| #define PACKAGE_STRING "MPFR 3.1.0"
| #define PACKAGE_BUGREPORT ""
| #define PACKAGE_URL ""
| /* end confdefs.h.  */
| 
| #if !defined(__ICC)
| # error "ICC Not Found"
| error
| #endif
| 
| int
| main ()
| {
| 
|   ;
|   return 0;
| }
configure:4742: result: no
configure:4752: checking whether gcc -std=gnu99 and cc understand -c and -o together
configure:4783: gcc -std=gnu99 -c conftest.c -o conftest2.o >&5
configure:4787: $? = 0
configure:4793: gcc -std=gnu99 -c conftest.c -o conftest2.o >&5
configure:4797: $? = 0
configure:4808: cc -c conftest.c >&5
configure:4812: $? = 0
configure:4820: cc -c conftest.c -o conftest2.o >&5
configure:4824: $? = 0
configure:4830: cc -c conftest.c -o conftest2.o >&5
configure:4834: $? = 0
configure:4852: result: yes
configure:4877: checking for function prototypes
configure:4880: result: yes
configure:4894: checking for ANSI C header files
configure:4914: gcc -std=gnu99 -c -Wall -Wmissing-prototypes -Wpointer-arith -O2 -pedantic -m64 -mtune=k8 -march=k8  -I/home6/daewon2/Release/glibc/SP/SP_Linux/LP_Linux_Prj/REL/VDLinux.3.x.2012/toolchain/src/arm-mips-src-20121018/scripts/arm-v7a15v3r1/include conftest.c >&5
configure:4914: $? = 0
configure:4987: gcc -std=gnu99 -o conftest -Wall -Wmissing-prototypes -Wpointer-arith -O2 -pedantic -m64 -mtune=k8 -march=k8  -I/home6/daewon2/Release/glibc/SP/SP_Linux/LP_Linux_Prj/REL/VDLinux.3.x.2012/toolchain/src/arm-mips-src-20121018/scripts/arm-v7a15v3r1/include  -L/home6/daewon2/Release/glibc/SP/SP_Linux/LP_Linux_Prj/REL/VDLinux.3.x.2012/toolchain/src/arm-mips-src-20121018/scripts/arm-v7a15v3r1/lib conftest.c  >&5
configure:4987: $? = 0
configure:4987: ./conftest
configure:4987: $? = 0
configure:4998: result: yes
configure:5011: checking for sys/types.h
configure:5011: gcc -std=gnu99 -c -Wall -Wmissing-prototypes -Wpointer-arith -O2 -pedantic -m64 -mtune=k8 -march=k8  -I/home6/daewon2/Release/glibc/SP/SP_Linux/LP_Linux_Prj/REL/VDLinux.3.x.2012/toolchain/src/arm-mips-src-20121018/scripts/arm-v7a15v3r1/include conftest.c >&5
configure:5011: $? = 0
configure:5011: result: yes
configure:5011: checking for sys/stat.h
configure:5011: gcc -std=gnu99 -c -Wall -Wmissing-prototypes -Wpointer-arith -O2 -pedantic -m64 -mtune=k8 -march=k8  -I/home6/daewon2/Release/glibc/SP/SP_Linux/LP_Linux_Prj/REL/VDLinux.3.x.2012/toolchain/src/arm-mips-src-20121018/scripts/arm-v7a15v3r1/include conftest.c >&5
configure:5011: $? = 0
configure:5011: result: yes
configure:5011: checking for stdlib.h
configure:5011: gcc -std=gnu99 -c -Wall -Wmissing-prototypes -Wpointer-arith -O2 -pedantic -m64 -mtune=k8 -march=k8  -I/home6/daewon2/Release/glibc/SP/SP_Linux/LP_Linux_Prj/REL/VDLinux.3.x.2012/toolchain/src/arm-mips-src-20121018/scripts/arm-v7a15v3r1/include conftest.c >&5
configure:5011: $? = 0
configure:5011: result: yes
configure:5011: checking for string.h
configure:5011: gcc -std=gnu99 -c -Wall -Wmissing-prototypes -Wpointer-arith -O2 -pedantic -m64 -mtune=k8 -march=k8  -I/home6/daewon2/Release/glibc/SP/SP_Linux/LP_Linux_Prj/REL/VDLinux.3.x.2012/toolchain/src/arm-mips-src-20121018/scripts/arm-v7a15v3r1/include conftest.c >&5
configure:5011: $? = 0
configure:5011: result: yes
configure:5011: checking for memory.h
configure:5011: gcc -std=gnu99 -c -Wall -Wmissing-prototypes -Wpointer-arith -O2 -pedantic -m64 -mtune=k8 -march=k8  -I/home6/daewon2/Release/glibc/SP/SP_Linux/LP_Linux_Prj/REL/VDLinux.3.x.2012/toolchain/src/arm-mips-src-20121018/scripts/arm-v7a15v3r1/include conftest.c >&5
configure:5011: $? = 0
configure:5011: result: yes
configure:5011: checking for strings.h
configure:5011: gcc -std=gnu99 -c -Wall -Wmissing-prototypes -Wpointer-arith -O2 -pedantic -m64 -mtune=k8 -march=k8  -I/home6/daewon2/Release/glibc/SP/SP_Linux/LP_Linux_Prj/REL/VDLinux.3.x.2012/toolchain/src/arm-mips-src-20121018/scripts/arm-v7a15v3r1/include conftest.c >&5
configure:5011: $? = 0
configure:5011: result: yes
configure:5011: checking for inttypes.h
configure:5011: gcc -std=gnu99 -c -Wall -Wmissing-prototypes -Wpointer-arith -O2 -pedantic -m64 -mtune=k8 -march=k8  -I/home6/daewon2/Release/glibc/SP/SP_Linux/LP_Linux_Prj/REL/VDLinux.3.x.2012/toolchain/src/arm-mips-src-20121018/scripts/arm-v7a15v3r1/include conftest.c >&5
configure:5011: $? = 0
configure:5011: result: yes
configure:5011: checking for stdint.h
configure:5011: gcc -std=gnu99 -c -Wall -Wmissing-prototypes -Wpointer-arith -O2 -pedantic -m64 -mtune=k8 -march=k8  -I/home6/daewon2/Release/glibc/SP/SP_Linux/LP_Linux_Prj/REL/VDLinux.3.x.2012/toolchain/src/arm-mips-src-20121018/scripts/arm-v7a15v3r1/include conftest.c >&5
configure:5011: $? = 0
configure:5011: result: yes
configure:5011: checking for unistd.h
configure:5011: gcc -std=gnu99 -c -Wall -Wmissing-prototypes -Wpointer-arith -O2 -pedantic -m64 -mtune=k8 -march=k8  -I/home6/daewon2/Release/glibc/SP/SP_Linux/LP_Linux_Prj/REL/VDLinux.3.x.2012/toolchain/src/arm-mips-src-20121018/scripts/arm-v7a15v3r1/include conftest.c >&5
configure:5011: $? = 0
configure:5011: result: yes
configure:5034: checking for string.h
configure:5034: result: yes
configure:5080: checking for an ANSI C-conforming const
configure:5145: gcc -std=gnu99 -c -Wall -Wmissing-prototypes -Wpointer-arith -O2 -pedantic -m64 -mtune=k8 -march=k8  -I/home6/daewon2/Release/glibc/SP/SP_Linux/LP_Linux_Prj/REL/VDLinux.3.x.2012/toolchain/src/arm-mips-src-20121018/scripts/arm-v7a15v3r1/include conftest.c >&5
conftest.c: In function 'main':
conftest.c:51: warning: 't' is used uninitialized in this function
conftest.c:67: warning: 'b' is used uninitialized in this function
conftest.c:30: warning: 'cs[0]' is used uninitialized in this function
configure:5145: $? = 0
configure:5152: result: yes
configure:5160: checking for working volatile
configure:5179: gcc -std=gnu99 -c -Wall -Wmissing-prototypes -Wpointer-arith -O2 -pedantic -m64 -mtune=k8 -march=k8  -I/home6/daewon2/Release/glibc/SP/SP_Linux/LP_Linux_Prj/REL/VDLinux.3.x.2012/toolchain/src/arm-mips-src-20121018/scripts/arm-v7a15v3r1/include conftest.c >&5
conftest.c: In function 'main':
conftest.c:29: warning: 'x' is used uninitialized in this function
configure:5179: $? = 0
configure:5186: result: yes
configure:5352: checking for main in -lm
configure:5371: gcc -std=gnu99 -o conftest -Wall -Wmissing-prototypes -Wpointer-arith -O2 -pedantic -m64 -mtune=k8 -march=k8  -I/home6/daewon2/Release/glibc/SP/SP_Linux/LP_Linux_Prj/REL/VDLinux.3.x.2012/toolchain/src/arm-mips-src-20121018/scripts/arm-v7a15v3r1/include  -L/home6/daewon2/Release/glibc/SP/SP_Linux/LP_Linux_Prj/REL/VDLinux.3.x.2012/toolchain/src/arm-mips-src-20121018/scripts/arm-v7a15v3r1/lib conftest.c -lm   >&5
configure:5371: $? = 0
configure:5380: result: yes
configure:5389: checking whether time.h and sys/time.h may both be included
configure:5409: gcc -std=gnu99 -c -Wall -Wmissing-prototypes -Wpointer-arith -O2 -pedantic -m64 -mtune=k8 -march=k8  -I/home6/daewon2/Release/glibc/SP/SP_Linux/LP_Linux_Prj/REL/VDLinux.3.x.2012/toolchain/src/arm-mips-src-20121018/scripts/arm-v7a15v3r1/include conftest.c >&5
configure:5409: $? = 0
configure:5416: result: yes
configure:5430: checking limits.h usability
configure:5430: gcc -std=gnu99 -c -Wall -Wmissing-prototypes -Wpointer-arith -O2 -pedantic -m64 -mtune=k8 -march=k8  -I/home6/daewon2/Release/glibc/SP/SP_Linux/LP_Linux_Prj/REL/VDLinux.3.x.2012/toolchain/src/arm-mips-src-20121018/scripts/arm-v7a15v3r1/include conftest.c >&5
configure:5430: $? = 0
configure:5430: result: yes
configure:5430: checking limits.h presence
configure:5430: gcc -std=gnu99 -E  -I/home6/daewon2/Release/glibc/SP/SP_Linux/LP_Linux_Prj/REL/VDLinux.3.x.2012/toolchain/src/arm-mips-src-20121018/scripts/arm-v7a15v3r1/include conftest.c
configure:5430: $? = 0
configure:5430: result: yes
configure:5430: checking for limits.h
configure:5430: result: yes
configure:5438: checking float.h usability
configure:5438: gcc -std=gnu99 -c -Wall -Wmissing-prototypes -Wpointer-arith -O2 -pedantic -m64 -mtune=k8 -march=k8  -I/home6/daewon2/Release/glibc/SP/SP_Linux/LP_Linux_Prj/REL/VDLinux.3.x.2012/toolchain/src/arm-mips-src-20121018/scripts/arm-v7a15v3r1/include conftest.c >&5
configure:5438: $? = 0
configure:5438: result: yes
configure:5438: checking float.h presence
configure:5438: gcc -std=gnu99 -E  -I/home6/daewon2/Release/glibc/SP/SP_Linux/LP_Linux_Prj/REL/VDLinux.3.x.2012/toolchain/src/arm-mips-src-20121018/scripts/arm-v7a15v3r1/include conftest.c
configure:5438: $? = 0
configure:5438: result: yes
configure:5438: checking for float.h
configure:5438: result: yes
configure:5446: checking for string.h
configure:5446: result: yes
configure:5457: checking locale.h usability
configure:5457: gcc -std=gnu99 -c -Wall -Wmissing-prototypes -Wpointer-arith -O2 -pedantic -m64 -mtune=k8 -march=k8  -I/home6/daewon2/Release/glibc/SP/SP_Linux/LP_Linux_Prj/REL/VDLinux.3.x.2012/toolchain/src/arm-mips-src-20121018/scripts/arm-v7a15v3r1/include conftest.c >&5
configure:5457: $? = 0
configure:5457: result: yes
configure:5457: checking locale.h presence
configure:5457: gcc -std=gnu99 -E  -I/home6/daewon2/Release/glibc/SP/SP_Linux/LP_Linux_Prj/REL/VDLinux.3.x.2012/toolchain/src/arm-mips-src-20121018/scripts/arm-v7a15v3r1/include conftest.c
configure:5457: $? = 0
configure:5457: result: yes
configure:5457: checking for locale.h
configure:5457: result: yes
configure:5470: checking wchar.h usability
configure:5470: gcc -std=gnu99 -c -Wall -Wmissing-prototypes -Wpointer-arith -O2 -pedantic -m64 -mtune=k8 -march=k8  -I/home6/daewon2/Release/glibc/SP/SP_Linux/LP_Linux_Prj/REL/VDLinux.3.x.2012/toolchain/src/arm-mips-src-20121018/scripts/arm-v7a15v3r1/include conftest.c >&5
configure:5470: $? = 0
configure:5470: result: yes
configure:5470: checking wchar.h presence
configure:5470: gcc -std=gnu99 -E  -I/home6/daewon2/Release/glibc/SP/SP_Linux/LP_Linux_Prj/REL/VDLinux.3.x.2012/toolchain/src/arm-mips-src-20121018/scripts/arm-v7a15v3r1/include conftest.c
configure:5470: $? = 0
configure:5470: result: yes
configure:5470: checking for wchar.h
configure:5470: result: yes
configure:5481: checking stdarg.h usability
configure:5481: gcc -std=gnu99 -c -Wall -Wmissing-prototypes -Wpointer-arith -O2 -pedantic -m64 -mtune=k8 -march=k8  -I/home6/daewon2/Release/glibc/SP/SP_Linux/LP_Linux_Prj/REL/VDLinux.3.x.2012/toolchain/src/arm-mips-src-20121018/scripts/arm-v7a15v3r1/include conftest.c >&5
configure:5481: $? = 0
configure:5481: result: yes
configure:5481: checking stdarg.h presence
configure:5481: gcc -std=gnu99 -E  -I/home6/daewon2/Release/glibc/SP/SP_Linux/LP_Linux_Prj/REL/VDLinux.3.x.2012/toolchain/src/arm-mips-src-20121018/scripts/arm-v7a15v3r1/include conftest.c
configure:5481: $? = 0
configure:5481: result: yes
configure:5481: checking for stdarg.h
configure:5481: result: yes
configure:5502: checking sys/time.h usability
configure:5502: gcc -std=gnu99 -c -Wall -Wmissing-prototypes -Wpointer-arith -O2 -pedantic -m64 -mtune=k8 -march=k8  -I/home6/daewon2/Release/glibc/SP/SP_Linux/LP_Linux_Prj/REL/VDLinux.3.x.2012/toolchain/src/arm-mips-src-20121018/scripts/arm-v7a15v3r1/include conftest.c >&5
configure:5502: $? = 0
configure:5502: result: yes
configure:5502: checking sys/time.h presence
configure:5502: gcc -std=gnu99 -E  -I/home6/daewon2/Release/glibc/SP/SP_Linux/LP_Linux_Prj/REL/VDLinux.3.x.2012/toolchain/src/arm-mips-src-20121018/scripts/arm-v7a15v3r1/include conftest.c
configure:5502: $? = 0
configure:5502: result: yes
configure:5502: checking for sys/time.h
configure:5502: result: yes
configure:5502: checking sys/fpu.h usability
configure:5502: gcc -std=gnu99 -c -Wall -Wmissing-prototypes -Wpointer-arith -O2 -pedantic -m64 -mtune=k8 -march=k8  -I/home6/daewon2/Release/glibc/SP/SP_Linux/LP_Linux_Prj/REL/VDLinux.3.x.2012/toolchain/src/arm-mips-src-20121018/scripts/arm-v7a15v3r1/include conftest.c >&5
conftest.c:60:21: error: sys/fpu.h: No such file or directory
configure:5502: $? = 1
configure: failed program was:
| /* confdefs.h */
| #define PACKAGE_NAME "MPFR"
| #define PACKAGE_TARNAME "mpfr"
| #define PACKAGE_VERSION "3.1.0"
| #define PACKAGE_STRING "MPFR 3.1.0"
| #define PACKAGE_BUGREPORT ""
| #define PACKAGE_URL ""
| #define PROTOTYPES 1
| #define __PROTOTYPES 1
| #define STDC_HEADERS 1
| #define HAVE_SYS_TYPES_H 1
| #define HAVE_SYS_STAT_H 1
| #define HAVE_STDLIB_H 1
| #define HAVE_STRING_H 1
| #define HAVE_MEMORY_H 1
| #define HAVE_STRINGS_H 1
| #define HAVE_INTTYPES_H 1
| #define HAVE_STDINT_H 1
| #define HAVE_UNISTD_H 1
| #define HAVE_STRING_H 1
| #define TIME_WITH_SYS_TIME 1
| #define HAVE_LOCALE_H 1
| #define HAVE_WCHAR_H 1
| #define HAVE_STDARG 1
| #define HAVE_SYS_TIME_H 1
| /* end confdefs.h.  */
| #include <stdio.h>
| #ifdef HAVE_SYS_TYPES_H
| # include <sys/types.h>
| #endif
| #ifdef HAVE_SYS_STAT_H
| # include <sys/stat.h>
| #endif
| #ifdef STDC_HEADERS
| # include <stdlib.h>
| # include <stddef.h>
| #else
| # ifdef HAVE_STDLIB_H
| #  include <stdlib.h>
| # endif
| #endif
| #ifdef HAVE_STRING_H
| # if !defined STDC_HEADERS && defined HAVE_MEMORY_H
| #  include <memory.h>
| # endif
| # include <string.h>
| #endif
| #ifdef HAVE_STRINGS_H
| # include <strings.h>
| #endif
| #ifdef HAVE_INTTYPES_H
| # include <inttypes.h>
| #endif
| #ifdef HAVE_STDINT_H
| # include <stdint.h>
| #endif
| #ifdef HAVE_UNISTD_H
| # include <unistd.h>
| #endif
| #include <sys/fpu.h>
configure:5502: result: no
configure:5502: checking sys/fpu.h presence
configure:5502: gcc -std=gnu99 -E  -I/home6/daewon2/Release/glibc/SP/SP_Linux/LP_Linux_Prj/REL/VDLinux.3.x.2012/toolchain/src/arm-mips-src-20121018/scripts/arm-v7a15v3r1/include conftest.c
conftest.c:27:21: error: sys/fpu.h: No such file or directory
configure:5502: $? = 1
configure: failed program was:
| /* confdefs.h */
| #define PACKAGE_NAME "MPFR"
| #define PACKAGE_TARNAME "mpfr"
| #define PACKAGE_VERSION "3.1.0"
| #define PACKAGE_STRING "MPFR 3.1.0"
| #define PACKAGE_BUGREPORT ""
| #define PACKAGE_URL ""
| #define PROTOTYPES 1
| #define __PROTOTYPES 1
| #define STDC_HEADERS 1
| #define HAVE_SYS_TYPES_H 1
| #define HAVE_SYS_STAT_H 1
| #define HAVE_STDLIB_H 1
| #define HAVE_STRING_H 1
| #define HAVE_MEMORY_H 1
| #define HAVE_STRINGS_H 1
| #define HAVE_INTTYPES_H 1
| #define HAVE_STDINT_H 1
| #define HAVE_UNISTD_H 1
| #define HAVE_STRING_H 1
| #define TIME_WITH_SYS_TIME 1
| #define HAVE_LOCALE_H 1
| #define HAVE_WCHAR_H 1
| #define HAVE_STDARG 1
| #define HAVE_SYS_TIME_H 1
| /* end confdefs.h.  */
| #include <sys/fpu.h>
configure:5502: result: no
configure:5502: checking for sys/fpu.h
configure:5502: result: no
configure:5516: checking for working alloca.h
configure:5533: gcc -std=gnu99 -o conftest -Wall -Wmissing-prototypes -Wpointer-arith -O2 -pedantic -m64 -mtune=k8 -march=k8  -I/home6/daewon2/Release/glibc/SP/SP_Linux/LP_Linux_Prj/REL/VDLinux.3.x.2012/toolchain/src/arm-mips-src-20121018/scripts/arm-v7a15v3r1/include  -L/home6/daewon2/Release/glibc/SP/SP_Linux/LP_Linux_Prj/REL/VDLinux.3.x.2012/toolchain/src/arm-mips-src-20121018/scripts/arm-v7a15v3r1/lib conftest.c  >&5
configure:5533: $? = 0
configure:5541: result: yes
configure:5549: checking for alloca
configure:5586: gcc -std=gnu99 -o conftest -Wall -Wmissing-prototypes -Wpointer-arith -O2 -pedantic -m64 -mtune=k8 -march=k8  -I/home6/daewon2/Release/glibc/SP/SP_Linux/LP_Linux_Prj/REL/VDLinux.3.x.2012/toolchain/src/arm-mips-src-20121018/scripts/arm-v7a15v3r1/include  -L/home6/daewon2/Release/glibc/SP/SP_Linux/LP_Linux_Prj/REL/VDLinux.3.x.2012/toolchain/src/arm-mips-src-20121018/scripts/arm-v7a15v3r1/lib conftest.c  >&5
configure:5586: $? = 0
configure:5594: result: yes
configure:5708: checking for stdint.h
configure:5708: result: yes
configure:5718: checking for SIZE_MAX
configure:5793: result: yes
configure:5804: checking how to copy va_list
configure:5822: gcc -std=gnu99 -o conftest -Wall -Wmissing-prototypes -Wpointer-arith -O2 -pedantic -m64 -mtune=k8 -march=k8  -I/home6/daewon2/Release/glibc/SP/SP_Linux/LP_Linux_Prj/REL/VDLinux.3.x.2012/toolchain/src/arm-mips-src-20121018/scripts/arm-v7a15v3r1/include  -L/home6/daewon2/Release/glibc/SP/SP_Linux/LP_Linux_Prj/REL/VDLinux.3.x.2012/toolchain/src/arm-mips-src-20121018/scripts/arm-v7a15v3r1/lib conftest.c  >&5
configure:5822: $? = 0
configure:5824: result: va_copy
configure:5863: checking for memmove
configure:5863: gcc -std=gnu99 -o conftest -Wall -Wmissing-prototypes -Wpointer-arith -O2 -pedantic -m64 -mtune=k8 -march=k8  -I/home6/daewon2/Release/glibc/SP/SP_Linux/LP_Linux_Prj/REL/VDLinux.3.x.2012/toolchain/src/arm-mips-src-20121018/scripts/arm-v7a15v3r1/include  -L/home6/daewon2/Release/glibc/SP/SP_Linux/LP_Linux_Prj/REL/VDLinux.3.x.2012/toolchain/src/arm-mips-src-20121018/scripts/arm-v7a15v3r1/lib conftest.c  >&5
conftest.c:54: warning: conflicting types for built-in function 'memmove'
configure:5863: $? = 0
configure:5863: result: yes
configure:5863: checking for memset
configure:5863: gcc -std=gnu99 -o conftest -Wall -Wmissing-prototypes -Wpointer-arith -O2 -pedantic -m64 -mtune=k8 -march=k8  -I/home6/daewon2/Release/glibc/SP/SP_Linux/LP_Linux_Prj/REL/VDLinux.3.x.2012/toolchain/src/arm-mips-src-20121018/scripts/arm-v7a15v3r1/include  -L/home6/daewon2/Release/glibc/SP/SP_Linux/LP_Linux_Prj/REL/VDLinux.3.x.2012/toolchain/src/arm-mips-src-20121018/scripts/arm-v7a15v3r1/lib conftest.c  >&5
conftest.c:55: warning: conflicting types for built-in function 'memset'
configure:5863: $? = 0
configure:5863: result: yes
configure:5863: checking for setlocale
configure:5863: gcc -std=gnu99 -o conftest -Wall -Wmissing-prototypes -Wpointer-arith -O2 -pedantic -m64 -mtune=k8 -march=k8  -I/home6/daewon2/Release/glibc/SP/SP_Linux/LP_Linux_Prj/REL/VDLinux.3.x.2012/toolchain/src/arm-mips-src-20121018/scripts/arm-v7a15v3r1/include  -L/home6/daewon2/Release/glibc/SP/SP_Linux/LP_Linux_Prj/REL/VDLinux.3.x.2012/toolchain/src/arm-mips-src-20121018/scripts/arm-v7a15v3r1/lib conftest.c  >&5
configure:5863: $? = 0
configure:5863: result: yes
configure:5863: checking for strtol
configure:5863: gcc -std=gnu99 -o conftest -Wall -Wmissing-prototypes -Wpointer-arith -O2 -pedantic -m64 -mtune=k8 -march=k8  -I/home6/daewon2/Release/glibc/SP/SP_Linux/LP_Linux_Prj/REL/VDLinux.3.x.2012/toolchain/src/arm-mips-src-20121018/scripts/arm-v7a15v3r1/include  -L/home6/daewon2/Release/glibc/SP/SP_Linux/LP_Linux_Prj/REL/VDLinux.3.x.2012/toolchain/src/arm-mips-src-20121018/scripts/arm-v7a15v3r1/lib conftest.c  >&5
configure:5863: $? = 0
configure:5863: result: yes
configure:5863: checking for gettimeofday
configure:5863: gcc -std=gnu99 -o conftest -Wall -Wmissing-prototypes -Wpointer-arith -O2 -pedantic -m64 -mtune=k8 -march=k8  -I/home6/daewon2/Release/glibc/SP/SP_Linux/LP_Linux_Prj/REL/VDLinux.3.x.2012/toolchain/src/arm-mips-src-20121018/scripts/arm-v7a15v3r1/include  -L/home6/daewon2/Release/glibc/SP/SP_Linux/LP_Linux_Prj/REL/VDLinux.3.x.2012/toolchain/src/arm-mips-src-20121018/scripts/arm-v7a15v3r1/lib conftest.c  >&5
configure:5863: $? = 0
configure:5863: result: yes
configure:5917: checking for long long int
configure:5917: gcc -std=gnu99 -c -Wall -Wmissing-prototypes -Wpointer-arith -O2 -pedantic -m64 -mtune=k8 -march=k8  -I/home6/daewon2/Release/glibc/SP/SP_Linux/LP_Linux_Prj/REL/VDLinux.3.x.2012/toolchain/src/arm-mips-src-20121018/scripts/arm-v7a15v3r1/include conftest.c >&5
configure:5917: $? = 0
configure:5917: gcc -std=gnu99 -c -Wall -Wmissing-prototypes -Wpointer-arith -O2 -pedantic -m64 -mtune=k8 -march=k8  -I/home6/daewon2/Release/glibc/SP/SP_Linux/LP_Linux_Prj/REL/VDLinux.3.x.2012/toolchain/src/arm-mips-src-20121018/scripts/arm-v7a15v3r1/include conftest.c >&5
conftest.c: In function 'main':
conftest.c:72: error: expected expression before ')' token
configure:5917: $? = 1
configure: failed program was:
| /* confdefs.h */
| #define PACKAGE_NAME "MPFR"
| #define PACKAGE_TARNAME "mpfr"
| #define PACKAGE_VERSION "3.1.0"
| #define PACKAGE_STRING "MPFR 3.1.0"
| #define PACKAGE_BUGREPORT ""
| #define PACKAGE_URL ""
| #define PROTOTYPES 1
| #define __PROTOTYPES 1
| #define STDC_HEADERS 1
| #define HAVE_SYS_TYPES_H 1
| #define HAVE_SYS_STAT_H 1
| #define HAVE_STDLIB_H 1
| #define HAVE_STRING_H 1
| #define HAVE_MEMORY_H 1
| #define HAVE_STRINGS_H 1
| #define HAVE_INTTYPES_H 1
| #define HAVE_STDINT_H 1
| #define HAVE_UNISTD_H 1
| #define HAVE_STRING_H 1
| #define TIME_WITH_SYS_TIME 1
| #define HAVE_LOCALE_H 1
| #define HAVE_WCHAR_H 1
| #define HAVE_STDARG 1
| #define HAVE_SYS_TIME_H 1
| #define HAVE_ALLOCA_H 1
| #define HAVE_ALLOCA 1
| #define HAVE_STDINT_H 1
| #define HAVE_VA_COPY 1
| #define HAVE_MEMMOVE 1
| #define HAVE_MEMSET 1
| #define HAVE_SETLOCALE 1
| #define HAVE_STRTOL 1
| #define HAVE_GETTIMEOFDAY 1
| /* end confdefs.h.  */
| #include <stdio.h>
| #ifdef HAVE_SYS_TYPES_H
| # include <sys/types.h>
| #endif
| #ifdef HAVE_SYS_STAT_H
| # include <sys/stat.h>
| #endif
| #ifdef STDC_HEADERS
| # include <stdlib.h>
| # include <stddef.h>
| #else
| # ifdef HAVE_STDLIB_H
| #  include <stdlib.h>
| # endif
| #endif
| #ifdef HAVE_STRING_H
| # if !defined STDC_HEADERS && defined HAVE_MEMORY_H
| #  include <memory.h>
| # endif
| # include <string.h>
| #endif
| #ifdef HAVE_STRINGS_H
| # include <strings.h>
| #endif
| #ifdef HAVE_INTTYPES_H
| # include <inttypes.h>
| #endif
| #ifdef HAVE_STDINT_H
| # include <stdint.h>
| #endif
| #ifdef HAVE_UNISTD_H
| # include <unistd.h>
| #endif
| int
| main ()
| {
| if (sizeof ((long long int)))
| 	    return 0;
|   ;
|   return 0;
| }
configure:5917: result: yes
configure:5925: checking for intmax_t
configure:5925: gcc -std=gnu99 -c -Wall -Wmissing-prototypes -Wpointer-arith -O2 -pedantic -m64 -mtune=k8 -march=k8  -I/home6/daewon2/Release/glibc/SP/SP_Linux/LP_Linux_Prj/REL/VDLinux.3.x.2012/toolchain/src/arm-mips-src-20121018/scripts/arm-v7a15v3r1/include conftest.c >&5
configure:5925: $? = 0
configure:5925: gcc -std=gnu99 -c -Wall -Wmissing-prototypes -Wpointer-arith -O2 -pedantic -m64 -mtune=k8 -march=k8  -I/home6/daewon2/Release/glibc/SP/SP_Linux/LP_Linux_Prj/REL/VDLinux.3.x.2012/toolchain/src/arm-mips-src-20121018/scripts/arm-v7a15v3r1/include conftest.c >&5
conftest.c: In function 'main':
conftest.c:73: error: expected expression before ')' token
configure:5925: $? = 1
configure: failed program was:
| /* confdefs.h */
| #define PACKAGE_NAME "MPFR"
| #define PACKAGE_TARNAME "mpfr"
| #define PACKAGE_VERSION "3.1.0"
| #define PACKAGE_STRING "MPFR 3.1.0"
| #define PACKAGE_BUGREPORT ""
| #define PACKAGE_URL ""
| #define PROTOTYPES 1
| #define __PROTOTYPES 1
| #define STDC_HEADERS 1
| #define HAVE_SYS_TYPES_H 1
| #define HAVE_SYS_STAT_H 1
| #define HAVE_STDLIB_H 1
| #define HAVE_STRING_H 1
| #define HAVE_MEMORY_H 1
| #define HAVE_STRINGS_H 1
| #define HAVE_INTTYPES_H 1
| #define HAVE_STDINT_H 1
| #define HAVE_UNISTD_H 1
| #define HAVE_STRING_H 1
| #define TIME_WITH_SYS_TIME 1
| #define HAVE_LOCALE_H 1
| #define HAVE_WCHAR_H 1
| #define HAVE_STDARG 1
| #define HAVE_SYS_TIME_H 1
| #define HAVE_ALLOCA_H 1
| #define HAVE_ALLOCA 1
| #define HAVE_STDINT_H 1
| #define HAVE_VA_COPY 1
| #define HAVE_MEMMOVE 1
| #define HAVE_MEMSET 1
| #define HAVE_SETLOCALE 1
| #define HAVE_STRTOL 1
| #define HAVE_GETTIMEOFDAY 1
| #define HAVE_LONG_LONG 1
| /* end confdefs.h.  */
| #include <stdio.h>
| #ifdef HAVE_SYS_TYPES_H
| # include <sys/types.h>
| #endif
| #ifdef HAVE_SYS_STAT_H
| # include <sys/stat.h>
| #endif
| #ifdef STDC_HEADERS
| # include <stdlib.h>
| # include <stddef.h>
| #else
| # ifdef HAVE_STDLIB_H
| #  include <stdlib.h>
| # endif
| #endif
| #ifdef HAVE_STRING_H
| # if !defined STDC_HEADERS && defined HAVE_MEMORY_H
| #  include <memory.h>
| # endif
| # include <string.h>
| #endif
| #ifdef HAVE_STRINGS_H
| # include <strings.h>
| #endif
| #ifdef HAVE_INTTYPES_H
| # include <inttypes.h>
| #endif
| #ifdef HAVE_STDINT_H
| # include <stdint.h>
| #endif
| #ifdef HAVE_UNISTD_H
| # include <unistd.h>
| #endif
| int
| main ()
| {
| if (sizeof ((intmax_t)))
| 	    return 0;
|   ;
|   return 0;
| }
configure:5925: result: yes
configure:5936: checking for working INTMAX_MAX
configure:5955: gcc -std=gnu99 -c -Wall -Wmissing-prototypes -Wpointer-arith -O2 -pedantic -m64 -mtune=k8 -march=k8  -I/home6/daewon2/Release/glibc/SP/SP_Linux/LP_Linux_Prj/REL/VDLinux.3.x.2012/toolchain/src/arm-mips-src-20121018/scripts/arm-v7a15v3r1/include -I/home6/daewon2/Release/glibc/SP/SP_Linux/LP_Linux_Prj/REL/VDLinux.3.x.2012/toolchain/src/arm-mips-src-20121018/build.arm.cortex-a15/sources/mpfr/src conftest.c >&5
conftest.c: In function 'main':
conftest.c:42: warning: unused variable 'x'
configure:5955: $? = 0
configure:5964: result: yes
configure:5973: checking for union fpc_csr
configure:5973: gcc -std=gnu99 -c -Wall -Wmissing-prototypes -Wpointer-arith -O2 -pedantic -m64 -mtune=k8 -march=k8  -I/home6/daewon2/Release/glibc/SP/SP_Linux/LP_Linux_Prj/REL/VDLinux.3.x.2012/toolchain/src/arm-mips-src-20121018/scripts/arm-v7a15v3r1/include conftest.c >&5
conftest.c: In function 'main':
conftest.c:48: error: invalid application of 'sizeof' to incomplete type 'union fpc_csr' 
configure:5973: $? = 1
configure: failed program was:
| /* confdefs.h */
| #define PACKAGE_NAME "MPFR"
| #define PACKAGE_TARNAME "mpfr"
| #define PACKAGE_VERSION "3.1.0"
| #define PACKAGE_STRING "MPFR 3.1.0"
| #define PACKAGE_BUGREPORT ""
| #define PACKAGE_URL ""
| #define PROTOTYPES 1
| #define __PROTOTYPES 1
| #define STDC_HEADERS 1
| #define HAVE_SYS_TYPES_H 1
| #define HAVE_SYS_STAT_H 1
| #define HAVE_STDLIB_H 1
| #define HAVE_STRING_H 1
| #define HAVE_MEMORY_H 1
| #define HAVE_STRINGS_H 1
| #define HAVE_INTTYPES_H 1
| #define HAVE_STDINT_H 1
| #define HAVE_UNISTD_H 1
| #define HAVE_STRING_H 1
| #define TIME_WITH_SYS_TIME 1
| #define HAVE_LOCALE_H 1
| #define HAVE_WCHAR_H 1
| #define HAVE_STDARG 1
| #define HAVE_SYS_TIME_H 1
| #define HAVE_ALLOCA_H 1
| #define HAVE_ALLOCA 1
| #define HAVE_STDINT_H 1
| #define HAVE_VA_COPY 1
| #define HAVE_MEMMOVE 1
| #define HAVE_MEMSET 1
| #define HAVE_SETLOCALE 1
| #define HAVE_STRTOL 1
| #define HAVE_GETTIMEOFDAY 1
| #define HAVE_LONG_LONG 1
| #define HAVE_INTMAX_T 1
| #define MPFR_HAVE_INTMAX_MAX 1
| /* end confdefs.h.  */
| 
| #if HAVE_SYS_FPU_H
| #  include <sys/fpu.h>
| #endif
| 
| 
| int
| main ()
| {
| if (sizeof (union fpc_csr))
| 	 return 0;
|   ;
|   return 0;
| }
configure:5973: result: no
configure:5986: checking for fesetround
configure:6005: gcc -std=gnu99 -o conftest -Wall -Wmissing-prototypes -Wpointer-arith -O2 -pedantic -m64 -mtune=k8 -march=k8  -I/home6/daewon2/Release/glibc/SP/SP_Linux/LP_Linux_Prj/REL/VDLinux.3.x.2012/toolchain/src/arm-mips-src-20121018/scripts/arm-v7a15v3r1/include  -L/home6/daewon2/Release/glibc/SP/SP_Linux/LP_Linux_Prj/REL/VDLinux.3.x.2012/toolchain/src/arm-mips-src-20121018/scripts/arm-v7a15v3r1/lib conftest.c  -lm >&5
configure:6005: $? = 0
configure:6015: result: yes
configure:6024: checking for gcc float-conversion bug
configure:6064: gcc -std=gnu99 -o conftest -Wall -Wmissing-prototypes -Wpointer-arith -O2 -pedantic -m64 -mtune=k8 -march=k8  -I/home6/daewon2/Release/glibc/SP/SP_Linux/LP_Linux_Prj/REL/VDLinux.3.x.2012/toolchain/src/arm-mips-src-20121018/scripts/arm-v7a15v3r1/include  -L/home6/daewon2/Release/glibc/SP/SP_Linux/LP_Linux_Prj/REL/VDLinux.3.x.2012/toolchain/src/arm-mips-src-20121018/scripts/arm-v7a15v3r1/lib conftest.c  -lm >&5
configure:6064: $? = 0
configure:6064: ./conftest
configure:6064: $? = 0
configure:6076: result: no
configure:6083: checking for denormalized numbers
configure:6104: gcc -std=gnu99 -o conftest -Wall -Wmissing-prototypes -Wpointer-arith -O2 -pedantic -m64 -mtune=k8 -march=k8  -I/home6/daewon2/Release/glibc/SP/SP_Linux/LP_Linux_Prj/REL/VDLinux.3.x.2012/toolchain/src/arm-mips-src-20121018/scripts/arm-v7a15v3r1/include  -L/home6/daewon2/Release/glibc/SP/SP_Linux/LP_Linux_Prj/REL/VDLinux.3.x.2012/toolchain/src/arm-mips-src-20121018/scripts/arm-v7a15v3r1/lib conftest.c  >&5
configure:6104: $? = 0
configure:6104: ./conftest
1.112537e-308
configure:6104: $? = 0
configure:6115: result: yes
configure:6123: checking if the FP division by 0 fails
configure:6143: gcc -std=gnu99 -o conftest -Wall -Wmissing-prototypes -Wpointer-arith -O2 -pedantic -m64 -mtune=k8 -march=k8  -I/home6/daewon2/Release/glibc/SP/SP_Linux/LP_Linux_Prj/REL/VDLinux.3.x.2012/toolchain/src/arm-mips-src-20121018/scripts/arm-v7a15v3r1/include  -L/home6/daewon2/Release/glibc/SP/SP_Linux/LP_Linux_Prj/REL/VDLinux.3.x.2012/toolchain/src/arm-mips-src-20121018/scripts/arm-v7a15v3r1/lib conftest.c  >&5
configure:6143: $? = 0
configure:6143: ./conftest
configure:6143: $? = 0
configure:6154: result: no
configure:6168: checking if NAN == NAN
configure:6192: gcc -std=gnu99 -o conftest -Wall -Wmissing-prototypes -Wpointer-arith -O2 -pedantic -m64 -mtune=k8 -march=k8  -I/home6/daewon2/Release/glibc/SP/SP_Linux/LP_Linux_Prj/REL/VDLinux.3.x.2012/toolchain/src/arm-mips-src-20121018/scripts/arm-v7a15v3r1/include  -L/home6/daewon2/Release/glibc/SP/SP_Linux/LP_Linux_Prj/REL/VDLinux.3.x.2012/toolchain/src/arm-mips-src-20121018/scripts/arm-v7a15v3r1/lib conftest.c  >&5
configure:6192: $? = 0
configure:6192: ./conftest
configure:6192: $? = 1
configure: program exited with status 1
configure: failed program was:
| /* confdefs.h */
| #define PACKAGE_NAME "MPFR"
| #define PACKAGE_TARNAME "mpfr"
| #define PACKAGE_VERSION "3.1.0"
| #define PACKAGE_STRING "MPFR 3.1.0"
| #define PACKAGE_BUGREPORT ""
| #define PACKAGE_URL ""
| #define PROTOTYPES 1
| #define __PROTOTYPES 1
| #define STDC_HEADERS 1
| #define HAVE_SYS_TYPES_H 1
| #define HAVE_SYS_STAT_H 1
| #define HAVE_STDLIB_H 1
| #define HAVE_STRING_H 1
| #define HAVE_MEMORY_H 1
| #define HAVE_STRINGS_H 1
| #define HAVE_INTTYPES_H 1
| #define HAVE_STDINT_H 1
| #define HAVE_UNISTD_H 1
| #define HAVE_STRING_H 1
| #define TIME_WITH_SYS_TIME 1
| #define HAVE_LOCALE_H 1
| #define HAVE_WCHAR_H 1
| #define HAVE_STDARG 1
| #define HAVE_SYS_TIME_H 1
| #define HAVE_ALLOCA_H 1
| #define HAVE_ALLOCA 1
| #define HAVE_STDINT_H 1
| #define HAVE_VA_COPY 1
| #define HAVE_MEMMOVE 1
| #define HAVE_MEMSET 1
| #define HAVE_SETLOCALE 1
| #define HAVE_STRTOL 1
| #define HAVE_GETTIMEOFDAY 1
| #define HAVE_LONG_LONG 1
| #define HAVE_INTMAX_T 1
| #define MPFR_HAVE_INTMAX_MAX 1
| #define MPFR_HAVE_FESETROUND 1
| #define HAVE_DENORMS 1
| /* end confdefs.h.  */
| 
| #include <stdio.h>
| #include <math.h>
| #ifndef NAN
| # define NAN (0.0/0.0)
| #endif
| int main() {
|   double d;
|   d = NAN;
|   return d != d;
| }
| 
configure:6203: result: no
configure:6231: checking if charset has consecutive values
configure:6261: gcc -std=gnu99 -o conftest -Wall -Wmissing-prototypes -Wpointer-arith -O2 -pedantic -m64 -mtune=k8 -march=k8  -I/home6/daewon2/Release/glibc/SP/SP_Linux/LP_Linux_Prj/REL/VDLinux.3.x.2012/toolchain/src/arm-mips-src-20121018/scripts/arm-v7a15v3r1/include  -L/home6/daewon2/Release/glibc/SP/SP_Linux/LP_Linux_Prj/REL/VDLinux.3.x.2012/toolchain/src/arm-mips-src-20121018/scripts/arm-v7a15v3r1/lib conftest.c  >&5
configure:6261: $? = 0
configure:6261: ./conftest
configure:6261: $? = 0
configure:6262: result: yes
configure:6280: checking for math/round
configure:6300: gcc -std=gnu99 -o conftest -Wall -Wmissing-prototypes -Wpointer-arith -O2 -pedantic -m64 -mtune=k8 -march=k8  -I/home6/daewon2/Release/glibc/SP/SP_Linux/LP_Linux_Prj/REL/VDLinux.3.x.2012/toolchain/src/arm-mips-src-20121018/scripts/arm-v7a15v3r1/include  -L/home6/daewon2/Release/glibc/SP/SP_Linux/LP_Linux_Prj/REL/VDLinux.3.x.2012/toolchain/src/arm-mips-src-20121018/scripts/arm-v7a15v3r1/lib conftest.c  -lm >&5
conftest.c:43: warning: no previous prototype for 'f'
configure:6300: $? = 0
configure:6302: result: yes
configure:6315: checking for math/trunc
configure:6335: gcc -std=gnu99 -o conftest -Wall -Wmissing-prototypes -Wpointer-arith -O2 -pedantic -m64 -mtune=k8 -march=k8  -I/home6/daewon2/Release/glibc/SP/SP_Linux/LP_Linux_Prj/REL/VDLinux.3.x.2012/toolchain/src/arm-mips-src-20121018/scripts/arm-v7a15v3r1/include  -L/home6/daewon2/Release/glibc/SP/SP_Linux/LP_Linux_Prj/REL/VDLinux.3.x.2012/toolchain/src/arm-mips-src-20121018/scripts/arm-v7a15v3r1/lib conftest.c  -lm >&5
conftest.c:44: warning: no previous prototype for 'f'
configure:6335: $? = 0
configure:6337: result: yes
configure:6350: checking for math/floor
configure:6370: gcc -std=gnu99 -o conftest -Wall -Wmissing-prototypes -Wpointer-arith -O2 -pedantic -m64 -mtune=k8 -march=k8  -I/home6/daewon2/Release/glibc/SP/SP_Linux/LP_Linux_Prj/REL/VDLinux.3.x.2012/toolchain/src/arm-mips-src-20121018/scripts/arm-v7a15v3r1/include  -L/home6/daewon2/Release/glibc/SP/SP_Linux/LP_Linux_Prj/REL/VDLinux.3.x.2012/toolchain/src/arm-mips-src-20121018/scripts/arm-v7a15v3r1/lib conftest.c  -lm >&5
conftest.c:45: warning: no previous prototype for 'f'
configure:6370: $? = 0
configure:6372: result: yes
configure:6385: checking for math/ceil
configure:6405: gcc -std=gnu99 -o conftest -Wall -Wmissing-prototypes -Wpointer-arith -O2 -pedantic -m64 -mtune=k8 -march=k8  -I/home6/daewon2/Release/glibc/SP/SP_Linux/LP_Linux_Prj/REL/VDLinux.3.x.2012/toolchain/src/arm-mips-src-20121018/scripts/arm-v7a15v3r1/include  -L/home6/daewon2/Release/glibc/SP/SP_Linux/LP_Linux_Prj/REL/VDLinux.3.x.2012/toolchain/src/arm-mips-src-20121018/scripts/arm-v7a15v3r1/lib conftest.c  -lm >&5
conftest.c:46: warning: no previous prototype for 'f'
configure:6405: $? = 0
configure:6407: result: yes
configure:6420: checking for math/rint
configure:6440: gcc -std=gnu99 -o conftest -Wall -Wmissing-prototypes -Wpointer-arith -O2 -pedantic -m64 -mtune=k8 -march=k8  -I/home6/daewon2/Release/glibc/SP/SP_Linux/LP_Linux_Prj/REL/VDLinux.3.x.2012/toolchain/src/arm-mips-src-20121018/scripts/arm-v7a15v3r1/include  -L/home6/daewon2/Release/glibc/SP/SP_Linux/LP_Linux_Prj/REL/VDLinux.3.x.2012/toolchain/src/arm-mips-src-20121018/scripts/arm-v7a15v3r1/lib conftest.c  -lm >&5
conftest.c:47: warning: no previous prototype for 'f'
configure:6440: $? = 0
configure:6442: result: yes
configure:6460: checking for long double
configure:6460: gcc -std=gnu99 -c -Wall -Wmissing-prototypes -Wpointer-arith -O2 -pedantic -m64 -mtune=k8 -march=k8  -I/home6/daewon2/Release/glibc/SP/SP_Linux/LP_Linux_Prj/REL/VDLinux.3.x.2012/toolchain/src/arm-mips-src-20121018/scripts/arm-v7a15v3r1/include conftest.c >&5
configure:6460: $? = 0
configure:6460: gcc -std=gnu99 -c -Wall -Wmissing-prototypes -Wpointer-arith -O2 -pedantic -m64 -mtune=k8 -march=k8  -I/home6/daewon2/Release/glibc/SP/SP_Linux/LP_Linux_Prj/REL/VDLinux.3.x.2012/toolchain/src/arm-mips-src-20121018/scripts/arm-v7a15v3r1/include conftest.c >&5
conftest.c: In function 'main':
conftest.c:82: error: expected expression before ')' token
configure:6460: $? = 1
configure: failed program was:
| /* confdefs.h */
| #define PACKAGE_NAME "MPFR"
| #define PACKAGE_TARNAME "mpfr"
| #define PACKAGE_VERSION "3.1.0"
| #define PACKAGE_STRING "MPFR 3.1.0"
| #define PACKAGE_BUGREPORT ""
| #define PACKAGE_URL ""
| #define PROTOTYPES 1
| #define __PROTOTYPES 1
| #define STDC_HEADERS 1
| #define HAVE_SYS_TYPES_H 1
| #define HAVE_SYS_STAT_H 1
| #define HAVE_STDLIB_H 1
| #define HAVE_STRING_H 1
| #define HAVE_MEMORY_H 1
| #define HAVE_STRINGS_H 1
| #define HAVE_INTTYPES_H 1
| #define HAVE_STDINT_H 1
| #define HAVE_UNISTD_H 1
| #define HAVE_STRING_H 1
| #define TIME_WITH_SYS_TIME 1
| #define HAVE_LOCALE_H 1
| #define HAVE_WCHAR_H 1
| #define HAVE_STDARG 1
| #define HAVE_SYS_TIME_H 1
| #define HAVE_ALLOCA_H 1
| #define HAVE_ALLOCA 1
| #define HAVE_STDINT_H 1
| #define HAVE_VA_COPY 1
| #define HAVE_MEMMOVE 1
| #define HAVE_MEMSET 1
| #define HAVE_SETLOCALE 1
| #define HAVE_STRTOL 1
| #define HAVE_GETTIMEOFDAY 1
| #define HAVE_LONG_LONG 1
| #define HAVE_INTMAX_T 1
| #define MPFR_HAVE_INTMAX_MAX 1
| #define MPFR_HAVE_FESETROUND 1
| #define HAVE_DENORMS 1
| #define HAVE_ROUND 1
| #define HAVE_TRUNC 1
| #define HAVE_FLOOR 1
| #define HAVE_CEIL 1
| #define HAVE_NEARBYINT 1
| /* end confdefs.h.  */
| #include <stdio.h>
| #ifdef HAVE_SYS_TYPES_H
| # include <sys/types.h>
| #endif
| #ifdef HAVE_SYS_STAT_H
| # include <sys/stat.h>
| #endif
| #ifdef STDC_HEADERS
| # include <stdlib.h>
| # include <stddef.h>
| #else
| # ifdef HAVE_STDLIB_H
| #  include <stdlib.h>
| # endif
| #endif
| #ifdef HAVE_STRING_H
| # if !defined STDC_HEADERS && defined HAVE_MEMORY_H
| #  include <memory.h>
| # endif
| # include <string.h>
| #endif
| #ifdef HAVE_STRINGS_H
| # include <strings.h>
| #endif
| #ifdef HAVE_INTTYPES_H
| # include <inttypes.h>
| #endif
| #ifdef HAVE_STDINT_H
| # include <stdint.h>
| #endif
| #ifdef HAVE_UNISTD_H
| # include <unistd.h>
| #endif
| int
| main ()
| {
| if (sizeof ((long double)))
| 	    return 0;
|   ;
|   return 0;
| }
configure:6460: result: yes
configure:6470: checking format of `long double' floating point
configure:6497: gcc -std=gnu99 -Wall -Wmissing-prototypes -Wpointer-arith -O2 -pedantic -m64 -mtune=k8 -march=k8  -I/home6/daewon2/Release/glibc/SP/SP_Linux/LP_Linux_Prj/REL/VDLinux.3.x.2012/toolchain/src/arm-mips-src-20121018/scripts/arm-v7a15v3r1/include -c conftest.c >&5 2>&1
configure:6500: $? = 0
configure:6772: result: IEEE extended, little endian
configure:6817: checking for TLS support
configure:6845: gcc -std=gnu99 -o conftest -Wall -Wmissing-prototypes -Wpointer-arith -O2 -pedantic -m64 -mtune=k8 -march=k8  -I/home6/daewon2/Release/glibc/SP/SP_Linux/LP_Linux_Prj/REL/VDLinux.3.x.2012/toolchain/src/arm-mips-src-20121018/scripts/arm-v7a15v3r1/include -I/home6/daewon2/Release/glibc/SP/SP_Linux/LP_Linux_Prj/REL/VDLinux.3.x.2012/toolchain/src/arm-mips-src-20121018/build.arm.cortex-a15/sources/mpfr/src  -L/home6/daewon2/Release/glibc/SP/SP_Linux/LP_Linux_Prj/REL/VDLinux.3.x.2012/toolchain/src/arm-mips-src-20121018/scripts/arm-v7a15v3r1/lib conftest.c  >&5
configure:6845: $? = 0
configure:6845: ./conftest
configure:6845: $? = 0
configure:6846: result: yes
configure:6869: checking for gmp.h
configure:6877: gcc -std=gnu99 -c -Wall -Wmissing-prototypes -Wpointer-arith -O2 -pedantic -m64 -mtune=k8 -march=k8  -I/home6/daewon2/Release/glibc/SP/SP_Linux/LP_Linux_Prj/REL/VDLinux.3.x.2012/toolchain/src/arm-mips-src-20121018/scripts/arm-v7a15v3r1/include conftest.c >&5
configure:6877: $? = 0
configure:6878: result: yes
configure:7306: checking how to print strings
configure:7333: result: printf
configure:7354: checking for a sed that does not truncate output
configure:7418: result: /bin/sed
configure:7436: checking for fgrep
configure:7498: result: /bin/grep -F
configure:7533: checking for ld used by gcc -std=gnu99
configure:7600: result: /usr/bin/ld
configure:7607: checking if the linker (/usr/bin/ld) is GNU ld
configure:7622: result: yes
configure:7634: checking for BSD- or MS-compatible name lister (nm)
configure:7683: result: /usr/bin/nm -B
configure:7813: checking the name lister (/usr/bin/nm -B) interface
configure:7820: gcc -std=gnu99 -c -Wall -Wmissing-prototypes -Wpointer-arith -O2 -pedantic -m64 -mtune=k8 -march=k8  -I/home6/daewon2/Release/glibc/SP/SP_Linux/LP_Linux_Prj/REL/VDLinux.3.x.2012/toolchain/src/arm-mips-src-20121018/scripts/arm-v7a15v3r1/include conftest.c >&5
configure:7823: /usr/bin/nm -B "conftest.o"
configure:7826: output
0000000000000000 B some_variable
configure:7833: result: BSD nm
configure:7836: checking whether ln -s works
configure:7840: result: yes
configure:7848: checking the maximum length of command line arguments
configure:7973: result: 3458764513820540925
configure:7990: checking whether the shell understands some XSI constructs
configure:8000: result: yes
configure:8004: checking whether the shell understands "+="
configure:8010: result: yes
configure:8045: checking how to convert x86_64-unknown-linux-gnu file names to x86_64-unknown-linux-gnu format
configure:8085: result: func_convert_file_noop
configure:8092: checking how to convert x86_64-unknown-linux-gnu file names to toolchain format
configure:8112: result: func_convert_file_noop
configure:8119: checking for /usr/bin/ld option to reload object files
configure:8126: result: -r
configure:8200: checking for objdump
configure:8227: result: objdump
configure:8256: checking how to recognize dependent libraries
configure:8458: result: pass_all
configure:8543: checking for dlltool
configure:8570: result: dlltool
configure:8600: checking how to associate runtime and link libraries
configure:8627: result: printf %s\n
configure:8687: checking for ar
configure:8703: found /usr/bin/ar
configure:8714: result: ar
configure:8751: checking for archiver @FILE support
configure:8768: gcc -std=gnu99 -c -Wall -Wmissing-prototypes -Wpointer-arith -O2 -pedantic -m64 -mtune=k8 -march=k8  -I/home6/daewon2/Release/glibc/SP/SP_Linux/LP_Linux_Prj/REL/VDLinux.3.x.2012/toolchain/src/arm-mips-src-20121018/scripts/arm-v7a15v3r1/include conftest.c >&5
configure:8768: $? = 0
configure:8771: ar cru libconftest.a @conftest.lst >&5
configure:8774: $? = 0
configure:8779: ar cru libconftest.a @conftest.lst >&5
ar: conftest.o: No such file or directory
configure:8782: $? = 1
configure:8794: result: @
configure:8852: checking for strip
configure:8868: found /usr/bin/strip
configure:8879: result: strip
configure:8951: checking for ranlib
configure:8967: found /usr/bin/ranlib
configure:8978: result: ranlib
configure:9080: checking command to parse /usr/bin/nm -B output from gcc -std=gnu99 object
configure:9199: gcc -std=gnu99 -c -Wall -Wmissing-prototypes -Wpointer-arith -O2 -pedantic -m64 -mtune=k8 -march=k8  -I/home6/daewon2/Release/glibc/SP/SP_Linux/LP_Linux_Prj/REL/VDLinux.3.x.2012/toolchain/src/arm-mips-src-20121018/scripts/arm-v7a15v3r1/include conftest.c >&5
configure:9202: $? = 0
configure:9206: /usr/bin/nm -B conftest.o \| sed -n -e 's/^.*[ ]\([ABCDGIRSTW][ABCDGIRSTW]*\)[ ][ ]*\([_A-Za-z][_A-Za-z0-9]*\)$/\1 \2 \2/p' | sed '/ __gnu_lto/d' \> conftest.nm
configure:9209: $? = 0
configure:9275: gcc -std=gnu99 -o conftest -Wall -Wmissing-prototypes -Wpointer-arith -O2 -pedantic -m64 -mtune=k8 -march=k8  -I/home6/daewon2/Release/glibc/SP/SP_Linux/LP_Linux_Prj/REL/VDLinux.3.x.2012/toolchain/src/arm-mips-src-20121018/scripts/arm-v7a15v3r1/include  -L/home6/daewon2/Release/glibc/SP/SP_Linux/LP_Linux_Prj/REL/VDLinux.3.x.2012/toolchain/src/arm-mips-src-20121018/scripts/arm-v7a15v3r1/lib conftest.c conftstm.o >&5
conftest.c:29: warning: ISO C forbids conversion of function pointer to object pointer type
configure:9278: $? = 0
configure:9316: result: ok
configure:9353: checking for sysroot
configure:9383: result: no
configure:9460: gcc -std=gnu99 -c -Wall -Wmissing-prototypes -Wpointer-arith -O2 -pedantic -m64 -mtune=k8 -march=k8  -I/home6/daewon2/Release/glibc/SP/SP_Linux/LP_Linux_Prj/REL/VDLinux.3.x.2012/toolchain/src/arm-mips-src-20121018/scripts/arm-v7a15v3r1/include conftest.c >&5
configure:9463: $? = 0
configure:9626: checking for mt
configure:9642: found /bin/mt
configure:9653: result: mt
configure:9676: checking if mt is a manifest tool
configure:9682: mt '-?'
mt: invalid option -- ?
configure:9690: result: no
configure:10319: checking for dlfcn.h
configure:10319: gcc -std=gnu99 -c -Wall -Wmissing-prototypes -Wpointer-arith -O2 -pedantic -m64 -mtune=k8 -march=k8  -I/home6/daewon2/Release/glibc/SP/SP_Linux/LP_Linux_Prj/REL/VDLinux.3.x.2012/toolchain/src/arm-mips-src-20121018/scripts/arm-v7a15v3r1/include conftest.c >&5
configure:10319: $? = 0
configure:10319: result: yes
configure:10504: checking for objdir
configure:10519: result: .libs
configure:10790: checking if gcc -std=gnu99 supports -fno-rtti -fno-exceptions
configure:10808: gcc -std=gnu99 -c -Wall -Wmissing-prototypes -Wpointer-arith -O2 -pedantic -m64 -mtune=k8 -march=k8  -I/home6/daewon2/Release/glibc/SP/SP_Linux/LP_Linux_Prj/REL/VDLinux.3.x.2012/toolchain/src/arm-mips-src-20121018/scripts/arm-v7a15v3r1/include -fno-rtti -fno-exceptions conftest.c >&5
cc1: warning: command line option "-fno-rtti" is valid for C++/ObjC++ but not for C
configure:10812: $? = 0
configure:10825: result: no
configure:11135: checking for gcc -std=gnu99 option to produce PIC
configure:11142: result: -fPIC -DPIC
configure:11150: checking if gcc -std=gnu99 PIC flag -fPIC -DPIC works
configure:11168: gcc -std=gnu99 -c -Wall -Wmissing-prototypes -Wpointer-arith -O2 -pedantic -m64 -mtune=k8 -march=k8  -I/home6/daewon2/Release/glibc/SP/SP_Linux/LP_Linux_Prj/REL/VDLinux.3.x.2012/toolchain/src/arm-mips-src-20121018/scripts/arm-v7a15v3r1/include -fPIC -DPIC -DPIC conftest.c >&5
configure:11172: $? = 0
configure:11185: result: yes
configure:11214: checking if gcc -std=gnu99 static flag -static works
configure:11242: result: yes
configure:11257: checking if gcc -std=gnu99 supports -c -o file.o
configure:11278: gcc -std=gnu99 -c -Wall -Wmissing-prototypes -Wpointer-arith -O2 -pedantic -m64 -mtune=k8 -march=k8  -I/home6/daewon2/Release/glibc/SP/SP_Linux/LP_Linux_Prj/REL/VDLinux.3.x.2012/toolchain/src/arm-mips-src-20121018/scripts/arm-v7a15v3r1/include -o out/conftest2.o conftest.c >&5
configure:11282: $? = 0
configure:11304: result: yes
configure:11312: checking if gcc -std=gnu99 supports -c -o file.o
configure:11359: result: yes
configure:11392: checking whether the gcc -std=gnu99 linker (/usr/bin/ld -m elf_x86_64) supports shared libraries
configure:12554: result: yes
configure:12799: checking dynamic linker characteristics
configure:13314: gcc -std=gnu99 -o conftest -Wall -Wmissing-prototypes -Wpointer-arith -O2 -pedantic -m64 -mtune=k8 -march=k8  -I/home6/daewon2/Release/glibc/SP/SP_Linux/LP_Linux_Prj/REL/VDLinux.3.x.2012/toolchain/src/arm-mips-src-20121018/scripts/arm-v7a15v3r1/include  -L/home6/daewon2/Release/glibc/SP/SP_Linux/LP_Linux_Prj/REL/VDLinux.3.x.2012/toolchain/src/arm-mips-src-20121018/scripts/arm-v7a15v3r1/lib -Wl,-rpath -Wl,/foo conftest.c  >&5
configure:13314: $? = 0
configure:13548: result: GNU/Linux ld.so
configure:13655: checking how to hardcode library paths into programs
configure:13680: result: immediate
configure:14220: checking whether stripping libraries is possible
configure:14225: result: yes
configure:14260: checking if libtool supports shared libraries
configure:14262: result: yes
configure:14265: checking whether to build shared libraries
configure:14286: result: no
configure:14289: checking whether to build static libraries
configure:14293: result: yes
configure:14331: checking whether gcc __attribute__ ((mode (XX))) works
configure:14347: gcc -std=gnu99 -c -Wall -Wmissing-prototypes -Wpointer-arith -O2 -pedantic -m64 -mtune=k8 -march=k8  -I/home6/daewon2/Release/glibc/SP/SP_Linux/LP_Linux_Prj/REL/VDLinux.3.x.2012/toolchain/src/arm-mips-src-20121018/scripts/arm-v7a15v3r1/include conftest.c >&5
configure:14347: $? = 0
configure:14355: result: yes
configure:14366: checking for recent GMP
configure:14378: gcc -std=gnu99 -c -Wall -Wmissing-prototypes -Wpointer-arith -O2 -pedantic -m64 -mtune=k8 -march=k8  -I/home6/daewon2/Release/glibc/SP/SP_Linux/LP_Linux_Prj/REL/VDLinux.3.x.2012/toolchain/src/arm-mips-src-20121018/scripts/arm-v7a15v3r1/include conftest.c >&5
configure:14378: $? = 0
configure:14379: result: yes
configure:14463: checking for __gmpz_init in -lgmp
configure:14488: gcc -std=gnu99 -o conftest -Wall -Wmissing-prototypes -Wpointer-arith -O2 -pedantic -m64 -mtune=k8 -march=k8  -I/home6/daewon2/Release/glibc/SP/SP_Linux/LP_Linux_Prj/REL/VDLinux.3.x.2012/toolchain/src/arm-mips-src-20121018/scripts/arm-v7a15v3r1/include  -L/home6/daewon2/Release/glibc/SP/SP_Linux/LP_Linux_Prj/REL/VDLinux.3.x.2012/toolchain/src/arm-mips-src-20121018/scripts/arm-v7a15v3r1/lib conftest.c -lgmp   >&5
configure:14488: $? = 0
configure:14497: result: yes
configure:14507: checking if gmp.h version and libgmp version are the same
configure:14543: gcc -std=gnu99 -o conftest -Wall -Wmissing-prototypes -Wpointer-arith -O2 -pedantic -m64 -mtune=k8 -march=k8  -I/home6/daewon2/Release/glibc/SP/SP_Linux/LP_Linux_Prj/REL/VDLinux.3.x.2012/toolchain/src/arm-mips-src-20121018/scripts/arm-v7a15v3r1/include  -L/home6/daewon2/Release/glibc/SP/SP_Linux/LP_Linux_Prj/REL/VDLinux.3.x.2012/toolchain/src/arm-mips-src-20121018/scripts/arm-v7a15v3r1/lib conftest.c -lgmp  >&5
configure:14543: $? = 0
configure:14543: ./conftest
configure:14543: $? = 0
configure:14544: result: yes
configure:14549: checking if gmp_printf supports "%jd"
configure:14585: gcc -std=gnu99 -o conftest -Wall -Wmissing-prototypes -Wpointer-arith -O2 -pedantic -m64 -mtune=k8 -march=k8  -I/home6/daewon2/Release/glibc/SP/SP_Linux/LP_Linux_Prj/REL/VDLinux.3.x.2012/toolchain/src/arm-mips-src-20121018/scripts/arm-v7a15v3r1/include  -L/home6/daewon2/Release/glibc/SP/SP_Linux/LP_Linux_Prj/REL/VDLinux.3.x.2012/toolchain/src/arm-mips-src-20121018/scripts/arm-v7a15v3r1/lib conftest.c -lgmp  >&5
conftest.c: In function 'main':
conftest.c:72: warning: implicit declaration of function 'strcmp'
configure:14585: $? = 0
configure:14585: ./conftest
configure:14585: $? = 0
configure:14586: result: yes
configure:14604: checking if gmp_printf supports "%hhd"
configure:14635: gcc -std=gnu99 -o conftest -Wall -Wmissing-prototypes -Wpointer-arith -O2 -pedantic -m64 -mtune=k8 -march=k8  -I/home6/daewon2/Release/glibc/SP/SP_Linux/LP_Linux_Prj/REL/VDLinux.3.x.2012/toolchain/src/arm-mips-src-20121018/scripts/arm-v7a15v3r1/include  -L/home6/daewon2/Release/glibc/SP/SP_Linux/LP_Linux_Prj/REL/VDLinux.3.x.2012/toolchain/src/arm-mips-src-20121018/scripts/arm-v7a15v3r1/lib conftest.c -lgmp  >&5
conftest.c: In function 'main':
conftest.c:67: warning: implicit declaration of function 'strcmp'
configure:14635: $? = 0
configure:14635: ./conftest
configure:14635: $? = 0
configure:14636: result: yes
configure:14653: checking if gmp_printf supports "%lld"
configure:14684: gcc -std=gnu99 -o conftest -Wall -Wmissing-prototypes -Wpointer-arith -O2 -pedantic -m64 -mtune=k8 -march=k8  -I/home6/daewon2/Release/glibc/SP/SP_Linux/LP_Linux_Prj/REL/VDLinux.3.x.2012/toolchain/src/arm-mips-src-20121018/scripts/arm-v7a15v3r1/include  -L/home6/daewon2/Release/glibc/SP/SP_Linux/LP_Linux_Prj/REL/VDLinux.3.x.2012/toolchain/src/arm-mips-src-20121018/scripts/arm-v7a15v3r1/lib conftest.c -lgmp  >&5
conftest.c: In function 'main':
conftest.c:67: warning: implicit declaration of function 'strcmp'
configure:14684: $? = 0
configure:14684: ./conftest
configure:14684: $? = 0
configure:14685: result: yes
configure:14702: checking if gmp_printf supports "%Lf"
configure:14733: gcc -std=gnu99 -o conftest -Wall -Wmissing-prototypes -Wpointer-arith -O2 -pedantic -m64 -mtune=k8 -march=k8  -I/home6/daewon2/Release/glibc/SP/SP_Linux/LP_Linux_Prj/REL/VDLinux.3.x.2012/toolchain/src/arm-mips-src-20121018/scripts/arm-v7a15v3r1/include  -L/home6/daewon2/Release/glibc/SP/SP_Linux/LP_Linux_Prj/REL/VDLinux.3.x.2012/toolchain/src/arm-mips-src-20121018/scripts/arm-v7a15v3r1/lib conftest.c -lgmp  >&5
conftest.c: In function 'main':
conftest.c:67: warning: implicit declaration of function 'strcmp'
configure:14733: $? = 0
configure:14733: ./conftest
configure:14733: $? = 0
configure:14734: result: yes
configure:14751: checking if gmp_printf supports "%td"
configure:14787: gcc -std=gnu99 -o conftest -Wall -Wmissing-prototypes -Wpointer-arith -O2 -pedantic -m64 -mtune=k8 -march=k8  -I/home6/daewon2/Release/glibc/SP/SP_Linux/LP_Linux_Prj/REL/VDLinux.3.x.2012/toolchain/src/arm-mips-src-20121018/scripts/arm-v7a15v3r1/include  -L/home6/daewon2/Release/glibc/SP/SP_Linux/LP_Linux_Prj/REL/VDLinux.3.x.2012/toolchain/src/arm-mips-src-20121018/scripts/arm-v7a15v3r1/lib conftest.c -lgmp  >&5
conftest.c: In function 'main':
conftest.c:72: warning: implicit declaration of function 'strcmp'
configure:14787: $? = 0
configure:14787: ./conftest
configure:14787: $? = 0
configure:14788: result: yes
configure:14838: checking for __gmpn_rootrem
configure:14838: gcc -std=gnu99 -o conftest -Wall -Wmissing-prototypes -Wpointer-arith -O2 -pedantic -m64 -mtune=k8 -march=k8  -I/home6/daewon2/Release/glibc/SP/SP_Linux/LP_Linux_Prj/REL/VDLinux.3.x.2012/toolchain/src/arm-mips-src-20121018/scripts/arm-v7a15v3r1/include  -L/home6/daewon2/Release/glibc/SP/SP_Linux/LP_Linux_Prj/REL/VDLinux.3.x.2012/toolchain/src/arm-mips-src-20121018/scripts/arm-v7a15v3r1/lib conftest.c -lgmp  >&5
configure:14838: $? = 0
configure:14838: result: yes
configure:14838: checking for __gmpn_sbpi1_divappr_q
configure:14838: gcc -std=gnu99 -o conftest -Wall -Wmissing-prototypes -Wpointer-arith -O2 -pedantic -m64 -mtune=k8 -march=k8  -I/home6/daewon2/Release/glibc/SP/SP_Linux/LP_Linux_Prj/REL/VDLinux.3.x.2012/toolchain/src/arm-mips-src-20121018/scripts/arm-v7a15v3r1/include  -L/home6/daewon2/Release/glibc/SP/SP_Linux/LP_Linux_Prj/REL/VDLinux.3.x.2012/toolchain/src/arm-mips-src-20121018/scripts/arm-v7a15v3r1/lib conftest.c -lgmp  >&5
configure:14838: $? = 0
configure:14838: result: yes
configure:15037: creating ./config.status
configure:17077: WARNING: unrecognized options: --disable-nls

## ---------------- ##
## Cache variables. ##
## ---------------- ##

ac_cv_build=x86_64-unknown-linux-gnu
ac_cv_c_compiler_gnu=yes
ac_cv_c_const=yes
ac_cv_c_volatile=yes
ac_cv_env_CC_set=
ac_cv_env_CC_value=
ac_cv_env_CFLAGS_set=
ac_cv_env_CFLAGS_value=
ac_cv_env_CPPFLAGS_set=set
ac_cv_env_CPPFLAGS_value=
ac_cv_env_CPP_set=
ac_cv_env_CPP_value=
ac_cv_env_LDFLAGS_set=set
ac_cv_env_LDFLAGS_value=
ac_cv_env_LIBS_set=
ac_cv_env_LIBS_value=
ac_cv_env_build_alias_set=
ac_cv_env_build_alias_value=
ac_cv_env_host_alias_set=
ac_cv_env_host_alias_value=
ac_cv_env_target_alias_set=
ac_cv_env_target_alias_value=
ac_cv_func___gmpn_rootrem=yes
ac_cv_func___gmpn_sbpi1_divappr_q=yes
ac_cv_func_alloca_works=yes
ac_cv_func_gettimeofday=yes
ac_cv_func_memmove=yes
ac_cv_func_memset=yes
ac_cv_func_setlocale=yes
ac_cv_func_strtol=yes
ac_cv_header_dlfcn_h=yes
ac_cv_header_float_h=yes
ac_cv_header_inttypes_h=yes
ac_cv_header_limits_h=yes
ac_cv_header_locale_h=yes
ac_cv_header_memory_h=yes
ac_cv_header_stdarg_h=yes
ac_cv_header_stdc=yes
ac_cv_header_stdint_h=yes
ac_cv_header_stdlib_h=yes
ac_cv_header_string_h=yes
ac_cv_header_strings_h=yes
ac_cv_header_sys_fpu_h=no
ac_cv_header_sys_stat_h=yes
ac_cv_header_sys_time_h=yes
ac_cv_header_sys_types_h=yes
ac_cv_header_time=yes
ac_cv_header_unistd_h=yes
ac_cv_header_wchar_h=yes
ac_cv_host=x86_64-unknown-linux-gnu
ac_cv_lib_gmp___gmpz_init=yes
ac_cv_lib_m_main=yes
ac_cv_objext=o
ac_cv_path_EGREP='/bin/grep -E'
ac_cv_path_FGREP='/bin/grep -F'
ac_cv_path_GREP=/bin/grep
ac_cv_path_SED=/bin/sed
ac_cv_path_install='/usr/bin/install -c'
ac_cv_path_mkdir=/bin/mkdir
ac_cv_prog_AWK=gawk
ac_cv_prog_CPP='gcc -std=gnu99 -E'
ac_cv_prog_ac_ct_AR=ar
ac_cv_prog_ac_ct_CC='gcc -std=gnu99'
ac_cv_prog_ac_ct_DLLTOOL=dlltool
ac_cv_prog_ac_ct_MANIFEST_TOOL=mt
ac_cv_prog_ac_ct_OBJDUMP=objdump
ac_cv_prog_ac_ct_RANLIB=ranlib
ac_cv_prog_ac_ct_STRIP=strip
ac_cv_prog_cc_c89=
ac_cv_prog_cc_g=yes
ac_cv_prog_cc_gcc_c_o=yes
ac_cv_prog_make_make_set=yes
ac_cv_type_intmax_t=yes
ac_cv_type_long_double=yes
ac_cv_type_long_long_int=yes
ac_cv_type_union_fpc_csr=no
ac_cv_working_alloca_h=yes
am_cv_CC_dependencies_compiler_type=gcc3
gl_cv_size_max=yes
gmp_cv_c_attribute_mode=yes
lt_cv_ar_at_file=@
lt_cv_deplibs_check_method=pass_all
lt_cv_file_magic_cmd='$MAGIC_CMD'
lt_cv_file_magic_test_file=
lt_cv_ld_reload_flag=-r
lt_cv_nm_interface='BSD nm'
lt_cv_objdir=.libs
lt_cv_path_LD=/usr/bin/ld
lt_cv_path_NM='/usr/bin/nm -B'
lt_cv_path_mainfest_tool=no
lt_cv_prog_compiler_c_o=yes
lt_cv_prog_compiler_pic='-fPIC -DPIC'
lt_cv_prog_compiler_pic_works=yes
lt_cv_prog_compiler_rtti_exceptions=no
lt_cv_prog_compiler_static_works=yes
lt_cv_prog_gnu_ld=yes
lt_cv_sharedlib_from_linklib_cmd='printf %s\n'
lt_cv_shlibpath_overrides_runpath=no
lt_cv_sys_global_symbol_pipe='sed -n -e '\''s/^.*[	 ]\([ABCDGIRSTW][ABCDGIRSTW]*\)[	 ][	 ]*\([_A-Za-z][_A-Za-z0-9]*\)$/\1 \2 \2/p'\'' | sed '\''/ __gnu_lto/d'\'''
lt_cv_sys_global_symbol_to_c_name_address='sed -n -e '\''s/^: \([^ ]*\)[ ]*$/  {\"\1\", (void *) 0},/p'\'' -e '\''s/^[ABCDGIRSTW]* \([^ ]*\) \([^ ]*\)$/  {"\2", (void *) \&\2},/p'\'''
lt_cv_sys_global_symbol_to_c_name_address_lib_prefix='sed -n -e '\''s/^: \([^ ]*\)[ ]*$/  {\"\1\", (void *) 0},/p'\'' -e '\''s/^[ABCDGIRSTW]* \([^ ]*\) \(lib[^ ]*\)$/  {"\2", (void *) \&\2},/p'\'' -e '\''s/^[ABCDGIRSTW]* \([^ ]*\) \([^ ]*\)$/  {"lib\2", (void *) \&\2},/p'\'''
lt_cv_sys_global_symbol_to_cdecl='sed -n -e '\''s/^T .* \(.*\)$/extern int \1();/p'\'' -e '\''s/^[ABCDGIRSTW]* .* \(.*\)$/extern char \1;/p'\'''
lt_cv_sys_max_cmd_len=3458764513820540925
lt_cv_to_host_file_cmd=func_convert_file_noop
lt_cv_to_tool_file_cmd=func_convert_file_noop
mpfr_cv_c_long_double_format='IEEE extended, little endian'
mpfr_cv_errdivzero=no
mpfr_cv_gcc_floatconv_bug=no
mpfr_cv_have_denorms=yes
mpfr_cv_have_fesetround=yes
mpfr_cv_have_intmax_max=yes
mpfr_cv_nanisnan=no

## ----------------- ##
## Output variables. ##
## ----------------- ##

ACLOCAL='${SHELL} /home6/daewon2/Release/glibc/SP/SP_Linux/LP_Linux_Prj/REL/VDLinux.3.x.2012/toolchain/src/arm-mips-src-20121018/build.arm.cortex-a15/sources/mpfr/missing --run aclocal-1.11'
ALLOCA=''
AMDEPBACKSLASH='\'
AMDEP_FALSE='#'
AMDEP_TRUE=''
AMTAR='${SHELL} /home6/daewon2/Release/glibc/SP/SP_Linux/LP_Linux_Prj/REL/VDLinux.3.x.2012/toolchain/src/arm-mips-src-20121018/build.arm.cortex-a15/sources/mpfr/missing --run tar'
ANSI2KNR=''
AR='ar'
AS='as'
AUTOCONF='${SHELL} /home6/daewon2/Release/glibc/SP/SP_Linux/LP_Linux_Prj/REL/VDLinux.3.x.2012/toolchain/src/arm-mips-src-20121018/build.arm.cortex-a15/sources/mpfr/missing --run autoconf'
AUTOHEADER='${SHELL} /home6/daewon2/Release/glibc/SP/SP_Linux/LP_Linux_Prj/REL/VDLinux.3.x.2012/toolchain/src/arm-mips-src-20121018/build.arm.cortex-a15/sources/mpfr/missing --run autoheader'
AUTOMAKE='${SHELL} /home6/daewon2/Release/glibc/SP/SP_Linux/LP_Linux_Prj/REL/VDLinux.3.x.2012/toolchain/src/arm-mips-src-20121018/build.arm.cortex-a15/sources/mpfr/missing --run automake-1.11'
AWK='gawk'
CC='gcc -std=gnu99'
CCDEPMODE='depmode=gcc3'
CFLAGS='-Wall -Wmissing-prototypes -Wpointer-arith -O2 -pedantic -m64 -mtune=k8 -march=k8'
CPP='gcc -std=gnu99 -E'
CPPFLAGS=' -I/home6/daewon2/Release/glibc/SP/SP_Linux/LP_Linux_Prj/REL/VDLinux.3.x.2012/toolchain/src/arm-mips-src-20121018/scripts/arm-v7a15v3r1/include'
CYGPATH_W='echo'
DATAFILES=''
DEFS='-DHAVE_INTTYPES_H=1 -DHAVE_STDINT_H=1 -DTIME_WITH_SYS_TIME=1 -DHAVE_LOCALE_H=1 -DHAVE_WCHAR_H=1 -DHAVE_STDARG=1 -DHAVE_SYS_TIME_H=1 -DHAVE_ALLOCA_H=1 -DHAVE_STDINT_H=1 -DHAVE_VA_COPY=1 -DHAVE_SETLOCALE=1 -DHAVE_GETTIMEOFDAY=1 -DHAVE_LONG_LONG=1 -DHAVE_INTMAX_T=1 -DMPFR_HAVE_INTMAX_MAX=1 -DMPFR_HAVE_FESETROUND=1 -DHAVE_DENORMS=1 -DHAVE_ROUND=1 -DHAVE_TRUNC=1 -DHAVE_FLOOR=1 -DHAVE_CEIL=1 -DHAVE_NEARBYINT=1 -DHAVE_LDOUBLE_IEEE_EXT_LITTLE=1 -DMPFR_USE_THREAD_SAFE=1 -DLT_OBJDIR=\".libs/\" -DHAVE_ATTRIBUTE_MODE=1 -DHAVE___GMPN_ROOTREM=1 -DHAVE___GMPN_SBPI1_DIVAPPR_Q=1'
DEPDIR='.deps'
DLLTOOL='dlltool'
DSYMUTIL=''
DUMPBIN=''
ECHO_C=''
ECHO_N='-n'
ECHO_T=''
EGREP='/bin/grep -E'
EXEEXT=''
FGREP='/bin/grep -F'
GREP='/bin/grep'
INSTALL_DATA='${INSTALL} -m 644'
INSTALL_PROGRAM='${INSTALL}'
INSTALL_SCRIPT='${INSTALL}'
INSTALL_STRIP_PROGRAM='$(install_sh) -c -s'
LD='/usr/bin/ld -m elf_x86_64'
LDFLAGS=' -L/home6/daewon2/Release/glibc/SP/SP_Linux/LP_Linux_Prj/REL/VDLinux.3.x.2012/toolchain/src/arm-mips-src-20121018/scripts/arm-v7a15v3r1/lib'
LIBMPFR_LDFLAGS=''
LIBOBJS=''
LIBS='-lgmp '
LIBTOOL='$(SHELL) $(top_builddir)/libtool'
LIPO=''
LN_S='ln -s'
LTLIBOBJS=''
MAINT=''
MAINTAINER_MODE_FALSE='#'
MAINTAINER_MODE_TRUE=''
MAKEINFO='${SHELL} /home6/daewon2/Release/glibc/SP/SP_Linux/LP_Linux_Prj/REL/VDLinux.3.x.2012/toolchain/src/arm-mips-src-20121018/build.arm.cortex-a15/sources/mpfr/missing --run makeinfo'
MANIFEST_TOOL=':'
MKDIR_P='/bin/mkdir -p'
MPFR_LDFLAGS=''
MPFR_LIBM='-lm'
NM='/usr/bin/nm -B'
NMEDIT=''
OBJDUMP='objdump'
OBJEXT='o'
OTOOL64=''
OTOOL=''
PACKAGE='mpfr'
PACKAGE_BUGREPORT=''
PACKAGE_NAME='MPFR'
PACKAGE_STRING='MPFR 3.1.0'
PACKAGE_TARNAME='mpfr'
PACKAGE_URL=''
PACKAGE_VERSION='3.1.0'
PATH_SEPARATOR=':'
RANLIB='ranlib'
SED='/bin/sed'
SET_MAKE=''
SHELL='/bin/sh'
STRIP='strip'
U=''
VERSION='3.1.0'
ac_ct_AR='ar'
ac_ct_CC='gcc -std=gnu99'
ac_ct_DUMPBIN=''
am__EXEEXT_FALSE=''
am__EXEEXT_TRUE='#'
am__fastdepCC_FALSE='#'
am__fastdepCC_TRUE=''
am__include='include'
am__isrc=' -I$(srcdir)'
am__leading_dot='.'
am__quote=''
am__tar='${AMTAR} chof - "$$tardir"'
am__untar='${AMTAR} xf -'
bindir='${exec_prefix}/bin'
build='x86_64-unknown-linux-gnu'
build_alias=''
build_cpu='x86_64'
build_os='linux-gnu'
build_vendor='unknown'
datadir='${datarootdir}'
datarootdir='${prefix}/share'
docdir='${datarootdir}/doc/${PACKAGE_TARNAME}'
dvidir='${docdir}'
exec_prefix='${prefix}'
host='x86_64-unknown-linux-gnu'
host_alias=''
host_cpu='x86_64'
host_os='linux-gnu'
host_vendor='unknown'
htmldir='${docdir}'
includedir='${prefix}/include'
infodir='${datarootdir}/info'
install_sh='${SHELL} /home6/daewon2/Release/glibc/SP/SP_Linux/LP_Linux_Prj/REL/VDLinux.3.x.2012/toolchain/src/arm-mips-src-20121018/build.arm.cortex-a15/sources/mpfr/install-sh'
libdir='${exec_prefix}/lib'
libexecdir='${exec_prefix}/libexec'
localedir='${datarootdir}/locale'
localstatedir='${prefix}/var'
mandir='${datarootdir}/man'
mkdir_p='/bin/mkdir -p'
oldincludedir='/usr/include'
pdfdir='${docdir}'
prefix='/home6/daewon2/Release/glibc/SP/SP_Linux/LP_Linux_Prj/REL/VDLinux.3.x.2012/toolchain/src/arm-mips-src-20121018/scripts/arm-v7a15v3r1'
program_transform_name='s,x,x,'
psdir='${docdir}'
sbindir='${exec_prefix}/sbin'
sharedstatedir='${prefix}/com'
sysconfdir='${prefix}/etc'
target_alias=''

## ----------- ##
## confdefs.h. ##
## ----------- ##

/* confdefs.h */
#define HAVE_INTTYPES_H 1
#define HAVE_STDINT_H 1
#define TIME_WITH_SYS_TIME 1
#define HAVE_LOCALE_H 1
#define HAVE_WCHAR_H 1
#define HAVE_STDARG 1
#define HAVE_SYS_TIME_H 1
#define HAVE_ALLOCA_H 1
#define HAVE_STDINT_H 1
#define HAVE_VA_COPY 1
#define HAVE_SETLOCALE 1
#define HAVE_GETTIMEOFDAY 1
#define HAVE_LONG_LONG 1
#define HAVE_INTMAX_T 1
#define MPFR_HAVE_INTMAX_MAX 1
#define MPFR_HAVE_FESETROUND 1
#define HAVE_DENORMS 1
#define HAVE_ROUND 1
#define HAVE_TRUNC 1
#define HAVE_FLOOR 1
#define HAVE_CEIL 1
#define HAVE_NEARBYINT 1
#define HAVE_LDOUBLE_IEEE_EXT_LITTLE 1
#define MPFR_USE_THREAD_SAFE 1
#define LT_OBJDIR ".libs/"
#define HAVE_ATTRIBUTE_MODE 1
#define HAVE___GMPN_ROOTREM 1
#define HAVE___GMPN_SBPI1_DIVAPPR_Q 1

configure: exit 0

## ---------------------- ##
## Running config.status. ##
## ---------------------- ##

This file was extended by MPFR config.status 3.1.0, which was
generated by GNU Autoconf 2.65.  Invocation command line was

  CONFIG_FILES    = 
  CONFIG_HEADERS  = 
  CONFIG_LINKS    = 
  CONFIG_COMMANDS = 
  $ ./config.status 

on vdbs1218

config.status:1025: creating Makefile
config.status:1025: creating doc/Makefile
config.status:1025: creating src/Makefile
config.status:1025: creating tests/Makefile
config.status:1025: creating tune/Makefile
config.status:1025: creating src/mparam.h
config.status:1181: executing depfiles commands
config.status:1181: executing libtool commands
