This file contains any messages produced by compilers while
running configure, to aid debugging if configure makes a mistake.

It was created by cpplib configure  , which was
generated by GNU Autoconf 2.64.  Invocation command line was

  $ /home6/daewon2/Release/glibc/SP/SP_Linux/LP_Linux_Prj/REL/VDLinux.3.x.2012/toolchain/src/arm-mips-src-20121018/build.arm.cortex-a15/sources/gcc_1/libcpp/configure --cache-file=./config.cache --prefix=/home6/daewon2/Release/glibc/SP/SP_Linux/LP_Linux_Prj/REL/VDLinux.3.x.2012/toolchain/src/arm-mips-src-20121018/scripts/arm-v7a15v3r1 --with-sysroot=/home6/daewon2/Release/glibc/SP/SP_Linux/LP_Linux_Prj/REL/VDLinux.3.x.2012/toolchain/src/arm-mips-src-20121018/scripts/arm-v7a15v3r1/arm-v7a15v3r1-linux-gnueabi/sys-root --enable-threads --disable-libssp --disable-libstdcxx-pch --enable-shared --enable-lto --enable-symvers=gnu --enable-__cxa_atexit --disable-nls --disable-libffi --disable-libquadmath --with-host-libstdcxx=-static-libgcc -Wl,-Bstatic,-lstdc++,-Bdynamic -lm --disable-libmudflap --disable-libgomp --with-gmp=/home6/daewon2/Release/glibc/SP/SP_Linux/LP_Linux_Prj/REL/VDLinux.3.x.2012/toolchain/src/arm-mips-src-20121018/scripts/arm-v7a15v3r1 --with-mpfr=/home6/daewon2/Release/glibc/SP/SP_Linux/LP_Linux_Prj/REL/VDLinux.3.x.2012/toolchain/src/arm-mips-src-20121018/scripts/arm-v7a15v3r1 --with-ppl=/home6/daewon2/Release/glibc/SP/SP_Linux/LP_Linux_Prj/REL/VDLinux.3.x.2012/toolchain/src/arm-mips-src-20121018/scripts/arm-v7a15v3r1 --with-cloog=/home6/daewon2/Release/glibc/SP/SP_Linux/LP_Linux_Prj/REL/VDLinux.3.x.2012/toolchain/src/arm-mips-src-20121018/scripts/arm-v7a15v3r1 --with-libelf=/home6/daewon2/Release/glibc/SP/SP_Linux/LP_Linux_Prj/REL/VDLinux.3.x.2012/toolchain/src/arm-mips-src-20121018/scripts/arm-v7a15v3r1 --with-specs=%{!ffunction-sections:%{!fno-function-sections:-ffunction-sections}} %{funwind-tables|fno-unwind-tables|mabi=*|ffreestanding|nostdlib:;:-funwind-tables} %{O3:%{!funswitch-loops:%{!fno-unswitch-loops:-fno-unswitch-loops}}} --with-interwork --with-mode=arm --with-fpu=vfpv3 --with-cpu=cortex-a15 --with-tune=cortex-a15 --with-float=softfp --enable-languages=c,lto --program-transform-name=s&^&arm-v7a15v3r1-linux-gnueabi-& --disable-option-checking --build=x86_64-pc-linux-gnu --host=x86_64-pc-linux-gnu --target=arm-v7a15v3r1-linux-gnueabi --srcdir=/home6/daewon2/Release/glibc/SP/SP_Linux/LP_Linux_Prj/REL/VDLinux.3.x.2012/toolchain/src/arm-mips-src-20121018/build.arm.cortex-a15/sources/gcc_1/libcpp

## --------- ##
## Platform. ##
## --------- ##

hostname = vdbs1218
uname -m = x86_64
uname -r = 2.6.32-38-generic
uname -s = Linux
uname -v = #83-Ubuntu SMP Wed Jan 4 11:12:07 UTC 2012

/usr/bin/uname -p = unknown
/bin/uname -X     = unknown

/bin/arch              = unknown
/usr/bin/arch -k       = unknown
/usr/convex/getsysinfo = unknown
/usr/bin/hostinfo      = unknown
/bin/machine           = unknown
/usr/bin/oslevel       = unknown
/bin/universe          = unknown

PATH: /home6/daewon2/Release/glibc/SP/SP_Linux/LP_Linux_Prj/REL/VDLinux.3.x.2012/toolchain/src/arm-mips-src-20121018/scripts/arm-v7a15v3r1/bin
PATH: /home6/daewon2/bin
PATH: /usr/local/iconv/bin
PATH: /opt/mipsel-34kv3r1-20121018/bin
PATH: /opt/mipsel-24kv3r1-20121018/bin
PATH: /opt/arm-v7a8v3r1-20121018/bin
PATH: /opt/arm-v7a15v3r1-20121018/bin/
PATH: /opt/VDLinux-ARMv7-4.6-v3r0-20120319/bin
PATH: /opt/VDLinux-ARMv7-4.4-202-toolchain-v2r2-20110630/bin
PATH: /usr/local/java/jdk1.6.0_29/bin
PATH: /usr/local/sbin
PATH: /usr/local/bin
PATH: /usr/sbin
PATH: /usr/bin
PATH: /sbin
PATH: /bin
PATH: /usr/games
PATH: /usr/p4bin/bin
PATH: /home6/daewon2/busybox_test/Busybox/arm-v7a15v3r1-20121003/bin
PATH: /home6/daewon2/busybox_test/Busybox/arm-v7a8v3r1-20121003/bin
PATH: /home6/daewon2/busybox_test/Busybox/mipsel-24kv3r1-20121003/bin
PATH: /home6/daewon2/busybox_test/Busybox/mipsel-34kv3r1-20121003/bin
PATH: /home6/daewon2/20121114/arm-v7a15v3r1-20121114/bin
PATH: /home6/daewon2/20121114/mipsel-34kv3r1-20121114/bin


## ----------- ##
## Core tests. ##
## ----------- ##

configure:2385: creating cache ./config.cache
configure:2490: checking build system type
configure:2504: result: x86_64-pc-linux-gnu
configure:2524: checking host system type
configure:2537: result: x86_64-pc-linux-gnu
configure:2557: checking target system type
configure:2570: result: arm-v7a15v3r1-linux-gnueabi
configure:2599: checking whether make sets $(MAKE)
configure:2621: result: yes
configure:2644: checking for a BSD-compatible install
configure:2712: result: /usr/bin/install -c
configure:2731: checking for x86_64-pc-linux-gnu-gcc
configure:2758: result: gcc
configure:3027: checking for C compiler version
configure:3036: gcc --version >&5
gcc (Ubuntu 4.4.3-4ubuntu5.1) 4.4.3
Copyright (C) 2009 Free Software Foundation, Inc.
This is free software; see the source for copying conditions.  There is NO
warranty; not even for MERCHANTABILITY or FITNESS FOR A PARTICULAR PURPOSE.

configure:3047: $? = 0
configure:3036: gcc -v >&5
Using built-in specs.
Target: x86_64-linux-gnu
Configured with: ../src/configure -v --with-pkgversion='Ubuntu 4.4.3-4ubuntu5.1' --with-bugurl=file:///usr/share/doc/gcc-4.4/README.Bugs --enable-languages=c,c++,fortran,objc,obj-c++ --prefix=/usr --enable-shared --enable-multiarch --enable-linker-build-id --with-system-zlib --libexecdir=/usr/lib --without-included-gettext --enable-threads=posix --with-gxx-include-dir=/usr/include/c++/4.4 --program-suffix=-4.4 --enable-nls --enable-clocale=gnu --enable-libstdcxx-debug --enable-plugin --enable-objc-gc --disable-werror --with-arch-32=i486 --with-tune=generic --enable-checking=release --build=x86_64-linux-gnu --host=x86_64-linux-gnu --target=x86_64-linux-gnu
Thread model: posix
gcc version 4.4.3 (Ubuntu 4.4.3-4ubuntu5.1) 
configure:3047: $? = 0
configure:3036: gcc -V >&5
gcc: '-V' option must have argument
configure:3047: $? = 1
configure:3036: gcc -qversion >&5
gcc: unrecognized option '-qversion'
gcc: no input files
configure:3047: $? = 1
configure:3067: checking for C compiler default output file name
configure:3089: gcc -g -O2   -L/home6/daewon2/Release/glibc/SP/SP_Linux/LP_Linux_Prj/REL/VDLinux.3.x.2012/toolchain/src/arm-mips-src-20121018/scripts/arm-v7a15v3r1/lib conftest.c  >&5
configure:3093: $? = 0
configure:3130: result: a.out
configure:3146: checking whether the C compiler works
configure:3155: ./a.out
configure:3159: $? = 0
configure:3174: result: yes
configure:3181: checking whether we are cross compiling
configure:3183: result: no
configure:3186: checking for suffix of executables
configure:3193: gcc -o conftest -g -O2   -L/home6/daewon2/Release/glibc/SP/SP_Linux/LP_Linux_Prj/REL/VDLinux.3.x.2012/toolchain/src/arm-mips-src-20121018/scripts/arm-v7a15v3r1/lib conftest.c  >&5
configure:3197: $? = 0
configure:3219: result: 
configure:3225: checking for suffix of object files
configure:3247: gcc -c -g -O2  conftest.c >&5
configure:3251: $? = 0
configure:3272: result: o
configure:3276: checking whether we are using the GNU C compiler
configure:3295: gcc -c -g -O2  conftest.c >&5
configure:3295: $? = 0
configure:3304: result: yes
configure:3313: checking whether gcc accepts -g
configure:3333: gcc -c -g  conftest.c >&5
configure:3333: $? = 0
configure:3374: result: yes
configure:3391: checking for gcc option to accept ISO C89
configure:3455: gcc  -c -g -O2  conftest.c >&5
configure:3455: $? = 0
configure:3468: result: none needed
configure:3600: checking for C++ compiler version
configure:3609: g++ --version >&5
g++ (Ubuntu 4.4.3-4ubuntu5.1) 4.4.3
Copyright (C) 2009 Free Software Foundation, Inc.
This is free software; see the source for copying conditions.  There is NO
warranty; not even for MERCHANTABILITY or FITNESS FOR A PARTICULAR PURPOSE.

configure:3620: $? = 0
configure:3609: g++ -v >&5
Using built-in specs.
Target: x86_64-linux-gnu
Configured with: ../src/configure -v --with-pkgversion='Ubuntu 4.4.3-4ubuntu5.1' --with-bugurl=file:///usr/share/doc/gcc-4.4/README.Bugs --enable-languages=c,c++,fortran,objc,obj-c++ --prefix=/usr --enable-shared --enable-multiarch --enable-linker-build-id --with-system-zlib --libexecdir=/usr/lib --without-included-gettext --enable-threads=posix --with-gxx-include-dir=/usr/include/c++/4.4 --program-suffix=-4.4 --enable-nls --enable-clocale=gnu --enable-libstdcxx-debug --enable-plugin --enable-objc-gc --disable-werror --with-arch-32=i486 --with-tune=generic --enable-checking=release --build=x86_64-linux-gnu --host=x86_64-linux-gnu --target=x86_64-linux-gnu
Thread model: posix
gcc version 4.4.3 (Ubuntu 4.4.3-4ubuntu5.1) 
configure:3620: $? = 0
configure:3609: g++ -V >&5
g++: '-V' option must have argument
configure:3620: $? = 1
configure:3609: g++ -qversion >&5
g++: unrecognized option '-qversion'
g++: no input files
configure:3620: $? = 1
configure:3624: checking whether we are using the GNU C++ compiler
configure:3643: g++ -c -g -O2  conftest.cpp >&5
configure:3643: $? = 0
configure:3652: result: yes
configure:3661: checking whether g++ accepts -g
configure:3681: g++ -c -g  conftest.cpp >&5
configure:3681: $? = 0
configure:3722: result: yes
configure:3748: checking for x86_64-pc-linux-gnu-ranlib
configure:3775: result: ranlib
configure:3844: checking how to run the C preprocessor
configure:3875: gcc -E  conftest.c
configure:3875: $? = 0
configure:3889: gcc -E  conftest.c
conftest.c:9:28: error: ac_nonexistent.h: No such file or directory
configure:3889: $? = 1
configure: failed program was:
| /* confdefs.h */
| #define PACKAGE_NAME "cpplib"
| #define PACKAGE_TARNAME "cpplib"
| #define PACKAGE_VERSION " "
| #define PACKAGE_STRING "cpplib  "
| #define PACKAGE_BUGREPORT "gcc-bugs@gcc.gnu.org"
| #define PACKAGE_URL ""
| /* end confdefs.h.  */
| #include <ac_nonexistent.h>
configure:3914: result: gcc -E
configure:3934: gcc -E  conftest.c
configure:3934: $? = 0
configure:3948: gcc -E  conftest.c
conftest.c:9:28: error: ac_nonexistent.h: No such file or directory
configure:3948: $? = 1
configure: failed program was:
| /* confdefs.h */
| #define PACKAGE_NAME "cpplib"
| #define PACKAGE_TARNAME "cpplib"
| #define PACKAGE_VERSION " "
| #define PACKAGE_STRING "cpplib  "
| #define PACKAGE_BUGREPORT "gcc-bugs@gcc.gnu.org"
| #define PACKAGE_URL ""
| /* end confdefs.h.  */
| #include <ac_nonexistent.h>
configure:3977: checking for grep that handles long lines and -e
configure:4035: result: /bin/grep
configure:4040: checking for egrep
configure:4102: result: /bin/grep -E
configure:4107: checking for ANSI C header files
configure:4127: gcc -c -g -O2  conftest.c >&5
configure:4127: $? = 0
configure:4200: gcc -o conftest -g -O2   -L/home6/daewon2/Release/glibc/SP/SP_Linux/LP_Linux_Prj/REL/VDLinux.3.x.2012/toolchain/src/arm-mips-src-20121018/scripts/arm-v7a15v3r1/lib conftest.c  >&5
configure:4200: $? = 0
configure:4200: ./conftest
configure:4200: $? = 0
configure:4211: result: yes
configure:4224: checking for sys/types.h
configure:4224: gcc -c -g -O2  conftest.c >&5
configure:4224: $? = 0
configure:4224: result: yes
configure:4224: checking for sys/stat.h
configure:4224: gcc -c -g -O2  conftest.c >&5
configure:4224: $? = 0
configure:4224: result: yes
configure:4224: checking for stdlib.h
configure:4224: gcc -c -g -O2  conftest.c >&5
configure:4224: $? = 0
configure:4224: result: yes
configure:4224: checking for string.h
configure:4224: gcc -c -g -O2  conftest.c >&5
configure:4224: $? = 0
configure:4224: result: yes
configure:4224: checking for memory.h
configure:4224: gcc -c -g -O2  conftest.c >&5
configure:4224: $? = 0
configure:4224: result: yes
configure:4224: checking for strings.h
configure:4224: gcc -c -g -O2  conftest.c >&5
configure:4224: $? = 0
configure:4224: result: yes
configure:4224: checking for inttypes.h
configure:4224: gcc -c -g -O2  conftest.c >&5
configure:4224: $? = 0
configure:4224: result: yes
configure:4224: checking for stdint.h
configure:4224: gcc -c -g -O2  conftest.c >&5
configure:4224: $? = 0
configure:4224: result: yes
configure:4224: checking for unistd.h
configure:4224: gcc -c -g -O2  conftest.c >&5
configure:4224: $? = 0
configure:4224: result: yes
configure:4238: checking minix/config.h usability
configure:4238: gcc -c -g -O2  conftest.c >&5
conftest.c:52:26: error: minix/config.h: No such file or directory
configure:4238: $? = 1
configure: failed program was:
| /* confdefs.h */
| #define PACKAGE_NAME "cpplib"
| #define PACKAGE_TARNAME "cpplib"
| #define PACKAGE_VERSION " "
| #define PACKAGE_STRING "cpplib  "
| #define PACKAGE_BUGREPORT "gcc-bugs@gcc.gnu.org"
| #define PACKAGE_URL ""
| #define STDC_HEADERS 1
| #define HAVE_SYS_TYPES_H 1
| #define HAVE_SYS_STAT_H 1
| #define HAVE_STDLIB_H 1
| #define HAVE_STRING_H 1
| #define HAVE_MEMORY_H 1
| #define HAVE_STRINGS_H 1
| #define HAVE_INTTYPES_H 1
| #define HAVE_STDINT_H 1
| #define HAVE_UNISTD_H 1
| /* end confdefs.h.  */
| #include <stdio.h>
| #ifdef HAVE_SYS_TYPES_H
| # include <sys/types.h>
| #endif
| #ifdef HAVE_SYS_STAT_H
| # include <sys/stat.h>
| #endif
| #ifdef STDC_HEADERS
| # include <stdlib.h>
| # include <stddef.h>
| #else
| # ifdef HAVE_STDLIB_H
| #  include <stdlib.h>
| # endif
| #endif
| #ifdef HAVE_STRING_H
| # if !defined STDC_HEADERS && defined HAVE_MEMORY_H
| #  include <memory.h>
| # endif
| # include <string.h>
| #endif
| #ifdef HAVE_STRINGS_H
| # include <strings.h>
| #endif
| #ifdef HAVE_INTTYPES_H
| # include <inttypes.h>
| #endif
| #ifdef HAVE_STDINT_H
| # include <stdint.h>
| #endif
| #ifdef HAVE_UNISTD_H
| # include <unistd.h>
| #endif
| #include <minix/config.h>
configure:4238: result: no
configure:4238: checking minix/config.h presence
configure:4238: gcc -E  conftest.c
conftest.c:19:26: error: minix/config.h: No such file or directory
configure:4238: $? = 1
configure: failed program was:
| /* confdefs.h */
| #define PACKAGE_NAME "cpplib"
| #define PACKAGE_TARNAME "cpplib"
| #define PACKAGE_VERSION " "
| #define PACKAGE_STRING "cpplib  "
| #define PACKAGE_BUGREPORT "gcc-bugs@gcc.gnu.org"
| #define PACKAGE_URL ""
| #define STDC_HEADERS 1
| #define HAVE_SYS_TYPES_H 1
| #define HAVE_SYS_STAT_H 1
| #define HAVE_STDLIB_H 1
| #define HAVE_STRING_H 1
| #define HAVE_MEMORY_H 1
| #define HAVE_STRINGS_H 1
| #define HAVE_INTTYPES_H 1
| #define HAVE_STDINT_H 1
| #define HAVE_UNISTD_H 1
| /* end confdefs.h.  */
| #include <minix/config.h>
configure:4238: result: no
configure:4238: checking for minix/config.h
configure:4238: result: no
configure:4259: checking whether it is safe to define __EXTENSIONS__
configure:4277: gcc -c -g -O2  conftest.c >&5
configure:4277: $? = 0
configure:4284: result: yes
configure:4305: checking for special C compiler options needed for large files
configure:4350: result: no
configure:4356: checking for _FILE_OFFSET_BITS value needed for large files
configure:4381: gcc -c -g -O2  conftest.c >&5
configure:4381: $? = 0
configure:4413: result: no
configure:4513: checking for aclocal
configure:4529: found /usr/bin/aclocal
configure:4540: result: aclocal
configure:4556: checking for autoconf
configure:4572: found /usr/bin/autoconf
configure:4583: result: autoconf
configure:4599: checking for autoheader
configure:4615: found /usr/bin/autoheader
configure:4626: result: autoheader
configure:4648: checking whether gcc supports -W
configure:4665: gcc -c -W  conftest.c >&5
configure:4665: $? = 0
configure:4674: result: yes
configure:4648: checking whether gcc supports -Wall
configure:4665: gcc -c -Wall  conftest.c >&5
configure:4665: $? = 0
configure:4674: result: yes
configure:4648: checking whether gcc supports -Wwrite-strings
configure:4665: gcc -c -Wwrite-strings  conftest.c >&5
configure:4665: $? = 0
configure:4674: result: yes
configure:4648: checking whether gcc supports -Wmissing-format-attribute
configure:4665: gcc -c -Wmissing-format-attribute  conftest.c >&5
configure:4665: $? = 0
configure:4674: result: yes
configure:4688: checking whether gcc supports -Wstrict-prototypes
configure:4705: gcc -c -Wstrict-prototypes  conftest.c >&5
conftest.c:27: warning: function declaration isn't a prototype
configure:4705: $? = 0
configure:4714: result: yes
configure:4688: checking whether gcc supports -Wmissing-prototypes
configure:4705: gcc -c -Wmissing-prototypes  conftest.c >&5
configure:4705: $? = 0
configure:4714: result: yes
configure:4688: checking whether gcc supports -Wold-style-definition
configure:4705: gcc -c -Wold-style-definition  conftest.c >&5
conftest.c: In function 'main':
conftest.c:26: warning: old-style function definition
configure:4705: $? = 0
configure:4714: result: yes
configure:4688: checking whether gcc supports -Wc++-compat
configure:4705: gcc -c -Wc++-compat  conftest.c >&5
configure:4705: $? = 0
configure:4714: result: yes
configure:4724: checking whether gcc supports -pedantic -Wno-long-long
configure:4742: gcc -c -pedantic -Wno-long-long  conftest.c >&5
configure:4742: $? = 0
configure:4750: result: yes
configure:4794: checking dependency style of gcc
configure:4825: trying gcc3
| depmode=gcc3 source=sub/conftest.c object=sub/conftest.o depfile=sub/conftest.Po tmpdepfile=sub/conftest.TPo /bin/sh ./depcomp gcc -c -o sub/conftest.o sub/conftest.c
configure:4864: success
configure:4879: result: gcc3
configure:5010: checking whether time.h and sys/time.h may both be included
configure:5030: gcc -c -g -O2  conftest.c >&5
configure:5030: $? = 0
configure:5037: result: yes
configure:5045: checking whether string.h and strings.h may both be included
configure:5062: gcc -c -g -O2  conftest.c >&5
configure:5062: $? = 0
configure:5069: result: yes
configure:5082: checking locale.h usability
configure:5082: gcc -c -g -O2  conftest.c >&5
configure:5082: $? = 0
configure:5082: result: yes
configure:5082: checking locale.h presence
configure:5082: gcc -E  conftest.c
configure:5082: $? = 0
configure:5082: result: yes
configure:5082: checking for locale.h
configure:5082: result: yes
configure:5082: checking fcntl.h usability
configure:5082: gcc -c -g -O2  conftest.c >&5
configure:5082: $? = 0
configure:5082: result: yes
configure:5082: checking fcntl.h presence
configure:5082: gcc -E  conftest.c
configure:5082: $? = 0
configure:5082: result: yes
configure:5082: checking for fcntl.h
configure:5082: result: yes
configure:5082: checking limits.h usability
configure:5082: gcc -c -g -O2  conftest.c >&5
configure:5082: $? = 0
configure:5082: result: yes
configure:5082: checking limits.h presence
configure:5082: gcc -E  conftest.c
configure:5082: $? = 0
configure:5082: result: yes
configure:5082: checking for limits.h
configure:5082: result: yes
configure:5082: checking stddef.h usability
configure:5082: gcc -c -g -O2  conftest.c >&5
configure:5082: $? = 0
configure:5082: result: yes
configure:5082: checking stddef.h presence
configure:5082: gcc -E  conftest.c
configure:5082: $? = 0
configure:5082: result: yes
configure:5082: checking for stddef.h
configure:5082: result: yes
configure:5082: checking for stdlib.h
configure:5082: result: yes
configure:5082: checking for strings.h
configure:5082: result: yes
configure:5082: checking for string.h
configure:5082: result: yes
configure:5082: checking sys/file.h usability
configure:5082: gcc -c -g -O2  conftest.c >&5
configure:5082: $? = 0
configure:5082: result: yes
configure:5082: checking sys/file.h presence
configure:5082: gcc -E  conftest.c
configure:5082: $? = 0
configure:5082: result: yes
configure:5082: checking for sys/file.h
configure:5082: result: yes
configure:5082: checking for unistd.h
configure:5082: result: yes
configure:5095: checking whether byte ordering is bigendian
configure:5110: gcc -c -g -O2  conftest.c >&5
conftest.c:36: error: expected '=', ',', ';', 'asm' or '__attribute__' before 'a'
configure:5110: $? = 1
configure: failed program was:
| /* confdefs.h */
| #define PACKAGE_NAME "cpplib"
| #define PACKAGE_TARNAME "cpplib"
| #define PACKAGE_VERSION " "
| #define PACKAGE_STRING "cpplib  "
| #define PACKAGE_BUGREPORT "gcc-bugs@gcc.gnu.org"
| #define PACKAGE_URL ""
| #define STDC_HEADERS 1
| #define HAVE_SYS_TYPES_H 1
| #define HAVE_SYS_STAT_H 1
| #define HAVE_STDLIB_H 1
| #define HAVE_STRING_H 1
| #define HAVE_MEMORY_H 1
| #define HAVE_STRINGS_H 1
| #define HAVE_INTTYPES_H 1
| #define HAVE_STDINT_H 1
| #define HAVE_UNISTD_H 1
| #define __EXTENSIONS__ 1
| #define _ALL_SOURCE 1
| #define _GNU_SOURCE 1
| #define _POSIX_PTHREAD_SEMANTICS 1
| #define _TANDEM_SOURCE 1
| #define TIME_WITH_SYS_TIME 1
| #define STRING_WITH_STRINGS 1
| #define HAVE_LOCALE_H 1
| #define HAVE_FCNTL_H 1
| #define HAVE_LIMITS_H 1
| #define HAVE_STDDEF_H 1
| #define HAVE_STDLIB_H 1
| #define HAVE_STRINGS_H 1
| #define HAVE_STRING_H 1
| #define HAVE_SYS_FILE_H 1
| #define HAVE_UNISTD_H 1
| /* end confdefs.h.  */
| #ifndef __APPLE_CC__
| 	       not a universal capable compiler
| 	     #endif
| 	     typedef int dummy;
| 
configure:5155: gcc -c -g -O2  conftest.c >&5
configure:5155: $? = 0
configure:5173: gcc -c -g -O2  conftest.c >&5
conftest.c: In function 'main':
conftest.c:42: error: 'not' undeclared (first use in this function)
conftest.c:42: error: (Each undeclared identifier is reported only once
conftest.c:42: error: for each function it appears in.)
conftest.c:42: error: expected ';' before 'big'
configure:5173: $? = 1
configure: failed program was:
| /* confdefs.h */
| #define PACKAGE_NAME "cpplib"
| #define PACKAGE_TARNAME "cpplib"
| #define PACKAGE_VERSION " "
| #define PACKAGE_STRING "cpplib  "
| #define PACKAGE_BUGREPORT "gcc-bugs@gcc.gnu.org"
| #define PACKAGE_URL ""
| #define STDC_HEADERS 1
| #define HAVE_SYS_TYPES_H 1
| #define HAVE_SYS_STAT_H 1
| #define HAVE_STDLIB_H 1
| #define HAVE_STRING_H 1
| #define HAVE_MEMORY_H 1
| #define HAVE_STRINGS_H 1
| #define HAVE_INTTYPES_H 1
| #define HAVE_STDINT_H 1
| #define HAVE_UNISTD_H 1
| #define __EXTENSIONS__ 1
| #define _ALL_SOURCE 1
| #define _GNU_SOURCE 1
| #define _POSIX_PTHREAD_SEMANTICS 1
| #define _TANDEM_SOURCE 1
| #define TIME_WITH_SYS_TIME 1
| #define STRING_WITH_STRINGS 1
| #define HAVE_LOCALE_H 1
| #define HAVE_FCNTL_H 1
| #define HAVE_LIMITS_H 1
| #define HAVE_STDDEF_H 1
| #define HAVE_STDLIB_H 1
| #define HAVE_STRINGS_H 1
| #define HAVE_STRING_H 1
| #define HAVE_SYS_FILE_H 1
| #define HAVE_UNISTD_H 1
| /* end confdefs.h.  */
| #include <sys/types.h>
| 		#include <sys/param.h>
| 
| int
| main ()
| {
| #if BYTE_ORDER != BIG_ENDIAN
| 		 not big endian
| 		#endif
| 
|   ;
|   return 0;
| }
configure:5301: result: no
configure:5319: checking for an ANSI C-conforming const
configure:5384: gcc -c -g -O2  conftest.c >&5
configure:5384: $? = 0
configure:5391: result: yes
configure:5399: checking for inline
configure:5415: gcc -c -g -O2  conftest.c >&5
configure:5415: $? = 0
configure:5423: result: inline
configure:5441: checking for obstacks
configure:5462: gcc -o conftest -g -O2   -L/home6/daewon2/Release/glibc/SP/SP_Linux/LP_Linux_Prj/REL/VDLinux.3.x.2012/toolchain/src/arm-mips-src-20121018/scripts/arm-v7a15v3r1/lib conftest.c  >&5
configure:5462: $? = 0
configure:5470: result: yes
configure:5485: checking for off_t
configure:5485: gcc -c -g -O2  conftest.c >&5
configure:5485: $? = 0
configure:5485: gcc -c -g -O2  conftest.c >&5
conftest.c: In function 'main':
conftest.c:72: error: expected expression before ')' token
configure:5485: $? = 1
configure: failed program was:
| /* confdefs.h */
| #define PACKAGE_NAME "cpplib"
| #define PACKAGE_TARNAME "cpplib"
| #define PACKAGE_VERSION " "
| #define PACKAGE_STRING "cpplib  "
| #define PACKAGE_BUGREPORT "gcc-bugs@gcc.gnu.org"
| #define PACKAGE_URL ""
| #define STDC_HEADERS 1
| #define HAVE_SYS_TYPES_H 1
| #define HAVE_SYS_STAT_H 1
| #define HAVE_STDLIB_H 1
| #define HAVE_STRING_H 1
| #define HAVE_MEMORY_H 1
| #define HAVE_STRINGS_H 1
| #define HAVE_INTTYPES_H 1
| #define HAVE_STDINT_H 1
| #define HAVE_UNISTD_H 1
| #define __EXTENSIONS__ 1
| #define _ALL_SOURCE 1
| #define _GNU_SOURCE 1
| #define _POSIX_PTHREAD_SEMANTICS 1
| #define _TANDEM_SOURCE 1
| #define TIME_WITH_SYS_TIME 1
| #define STRING_WITH_STRINGS 1
| #define HAVE_LOCALE_H 1
| #define HAVE_FCNTL_H 1
| #define HAVE_LIMITS_H 1
| #define HAVE_STDDEF_H 1
| #define HAVE_STDLIB_H 1
| #define HAVE_STRINGS_H 1
| #define HAVE_STRING_H 1
| #define HAVE_SYS_FILE_H 1
| #define HAVE_UNISTD_H 1
| #define HAVE_OBSTACK 1
| /* end confdefs.h.  */
| #include <stdio.h>
| #ifdef HAVE_SYS_TYPES_H
| # include <sys/types.h>
| #endif
| #ifdef HAVE_SYS_STAT_H
| # include <sys/stat.h>
| #endif
| #ifdef STDC_HEADERS
| # include <stdlib.h>
| # include <stddef.h>
| #else
| # ifdef HAVE_STDLIB_H
| #  include <stdlib.h>
| # endif
| #endif
| #ifdef HAVE_STRING_H
| # if !defined STDC_HEADERS && defined HAVE_MEMORY_H
| #  include <memory.h>
| # endif
| # include <string.h>
| #endif
| #ifdef HAVE_STRINGS_H
| # include <strings.h>
| #endif
| #ifdef HAVE_INTTYPES_H
| # include <inttypes.h>
| #endif
| #ifdef HAVE_STDINT_H
| # include <stdint.h>
| #endif
| #ifdef HAVE_UNISTD_H
| # include <unistd.h>
| #endif
| int
| main ()
| {
| if (sizeof ((off_t)))
| 	    return 0;
|   ;
|   return 0;
| }
configure:5485: result: yes
configure:5496: checking for size_t
configure:5496: gcc -c -g -O2  conftest.c >&5
configure:5496: $? = 0
configure:5496: gcc -c -g -O2  conftest.c >&5
conftest.c: In function 'main':
conftest.c:72: error: expected expression before ')' token
configure:5496: $? = 1
configure: failed program was:
| /* confdefs.h */
| #define PACKAGE_NAME "cpplib"
| #define PACKAGE_TARNAME "cpplib"
| #define PACKAGE_VERSION " "
| #define PACKAGE_STRING "cpplib  "
| #define PACKAGE_BUGREPORT "gcc-bugs@gcc.gnu.org"
| #define PACKAGE_URL ""
| #define STDC_HEADERS 1
| #define HAVE_SYS_TYPES_H 1
| #define HAVE_SYS_STAT_H 1
| #define HAVE_STDLIB_H 1
| #define HAVE_STRING_H 1
| #define HAVE_MEMORY_H 1
| #define HAVE_STRINGS_H 1
| #define HAVE_INTTYPES_H 1
| #define HAVE_STDINT_H 1
| #define HAVE_UNISTD_H 1
| #define __EXTENSIONS__ 1
| #define _ALL_SOURCE 1
| #define _GNU_SOURCE 1
| #define _POSIX_PTHREAD_SEMANTICS 1
| #define _TANDEM_SOURCE 1
| #define TIME_WITH_SYS_TIME 1
| #define STRING_WITH_STRINGS 1
| #define HAVE_LOCALE_H 1
| #define HAVE_FCNTL_H 1
| #define HAVE_LIMITS_H 1
| #define HAVE_STDDEF_H 1
| #define HAVE_STDLIB_H 1
| #define HAVE_STRINGS_H 1
| #define HAVE_STRING_H 1
| #define HAVE_SYS_FILE_H 1
| #define HAVE_UNISTD_H 1
| #define HAVE_OBSTACK 1
| /* end confdefs.h.  */
| #include <stdio.h>
| #ifdef HAVE_SYS_TYPES_H
| # include <sys/types.h>
| #endif
| #ifdef HAVE_SYS_STAT_H
| # include <sys/stat.h>
| #endif
| #ifdef STDC_HEADERS
| # include <stdlib.h>
| # include <stddef.h>
| #else
| # ifdef HAVE_STDLIB_H
| #  include <stdlib.h>
| # endif
| #endif
| #ifdef HAVE_STRING_H
| # if !defined STDC_HEADERS && defined HAVE_MEMORY_H
| #  include <memory.h>
| # endif
| # include <string.h>
| #endif
| #ifdef HAVE_STRINGS_H
| # include <strings.h>
| #endif
| #ifdef HAVE_INTTYPES_H
| # include <inttypes.h>
| #endif
| #ifdef HAVE_STDINT_H
| # include <stdint.h>
| #endif
| #ifdef HAVE_UNISTD_H
| # include <unistd.h>
| #endif
| int
| main ()
| {
| if (sizeof ((size_t)))
| 	    return 0;
|   ;
|   return 0;
| }
configure:5496: result: yes
configure:5507: checking for ssize_t
configure:5507: gcc -c -g -O2  conftest.c >&5
configure:5507: $? = 0
configure:5507: gcc -c -g -O2  conftest.c >&5
conftest.c: In function 'main':
conftest.c:72: error: expected expression before ')' token
configure:5507: $? = 1
configure: failed program was:
| /* confdefs.h */
| #define PACKAGE_NAME "cpplib"
| #define PACKAGE_TARNAME "cpplib"
| #define PACKAGE_VERSION " "
| #define PACKAGE_STRING "cpplib  "
| #define PACKAGE_BUGREPORT "gcc-bugs@gcc.gnu.org"
| #define PACKAGE_URL ""
| #define STDC_HEADERS 1
| #define HAVE_SYS_TYPES_H 1
| #define HAVE_SYS_STAT_H 1
| #define HAVE_STDLIB_H 1
| #define HAVE_STRING_H 1
| #define HAVE_MEMORY_H 1
| #define HAVE_STRINGS_H 1
| #define HAVE_INTTYPES_H 1
| #define HAVE_STDINT_H 1
| #define HAVE_UNISTD_H 1
| #define __EXTENSIONS__ 1
| #define _ALL_SOURCE 1
| #define _GNU_SOURCE 1
| #define _POSIX_PTHREAD_SEMANTICS 1
| #define _TANDEM_SOURCE 1
| #define TIME_WITH_SYS_TIME 1
| #define STRING_WITH_STRINGS 1
| #define HAVE_LOCALE_H 1
| #define HAVE_FCNTL_H 1
| #define HAVE_LIMITS_H 1
| #define HAVE_STDDEF_H 1
| #define HAVE_STDLIB_H 1
| #define HAVE_STRINGS_H 1
| #define HAVE_STRING_H 1
| #define HAVE_SYS_FILE_H 1
| #define HAVE_UNISTD_H 1
| #define HAVE_OBSTACK 1
| /* end confdefs.h.  */
| #include <stdio.h>
| #ifdef HAVE_SYS_TYPES_H
| # include <sys/types.h>
| #endif
| #ifdef HAVE_SYS_STAT_H
| # include <sys/stat.h>
| #endif
| #ifdef STDC_HEADERS
| # include <stdlib.h>
| # include <stddef.h>
| #else
| # ifdef HAVE_STDLIB_H
| #  include <stdlib.h>
| # endif
| #endif
| #ifdef HAVE_STRING_H
| # if !defined STDC_HEADERS && defined HAVE_MEMORY_H
| #  include <memory.h>
| # endif
| # include <string.h>
| #endif
| #ifdef HAVE_STRINGS_H
| # include <strings.h>
| #endif
| #ifdef HAVE_INTTYPES_H
| # include <inttypes.h>
| #endif
| #ifdef HAVE_STDINT_H
| # include <stdint.h>
| #endif
| #ifdef HAVE_UNISTD_H
| # include <unistd.h>
| #endif
| int
| main ()
| {
| if (sizeof ((ssize_t)))
| 	    return 0;
|   ;
|   return 0;
| }
configure:5507: result: yes
configure:5519: checking for uintptr_t
configure:5519: gcc -c -g -O2  conftest.c >&5
configure:5519: $? = 0
configure:5519: gcc -c -g -O2  conftest.c >&5
conftest.c: In function 'main':
conftest.c:72: error: expected expression before ')' token
configure:5519: $? = 1
configure: failed program was:
| /* confdefs.h */
| #define PACKAGE_NAME "cpplib"
| #define PACKAGE_TARNAME "cpplib"
| #define PACKAGE_VERSION " "
| #define PACKAGE_STRING "cpplib  "
| #define PACKAGE_BUGREPORT "gcc-bugs@gcc.gnu.org"
| #define PACKAGE_URL ""
| #define STDC_HEADERS 1
| #define HAVE_SYS_TYPES_H 1
| #define HAVE_SYS_STAT_H 1
| #define HAVE_STDLIB_H 1
| #define HAVE_STRING_H 1
| #define HAVE_MEMORY_H 1
| #define HAVE_STRINGS_H 1
| #define HAVE_INTTYPES_H 1
| #define HAVE_STDINT_H 1
| #define HAVE_UNISTD_H 1
| #define __EXTENSIONS__ 1
| #define _ALL_SOURCE 1
| #define _GNU_SOURCE 1
| #define _POSIX_PTHREAD_SEMANTICS 1
| #define _TANDEM_SOURCE 1
| #define TIME_WITH_SYS_TIME 1
| #define STRING_WITH_STRINGS 1
| #define HAVE_LOCALE_H 1
| #define HAVE_FCNTL_H 1
| #define HAVE_LIMITS_H 1
| #define HAVE_STDDEF_H 1
| #define HAVE_STDLIB_H 1
| #define HAVE_STRINGS_H 1
| #define HAVE_STRING_H 1
| #define HAVE_SYS_FILE_H 1
| #define HAVE_UNISTD_H 1
| #define HAVE_OBSTACK 1
| /* end confdefs.h.  */
| #include <stdio.h>
| #ifdef HAVE_SYS_TYPES_H
| # include <sys/types.h>
| #endif
| #ifdef HAVE_SYS_STAT_H
| # include <sys/stat.h>
| #endif
| #ifdef STDC_HEADERS
| # include <stdlib.h>
| # include <stddef.h>
| #else
| # ifdef HAVE_STDLIB_H
| #  include <stdlib.h>
| # endif
| #endif
| #ifdef HAVE_STRING_H
| # if !defined STDC_HEADERS && defined HAVE_MEMORY_H
| #  include <memory.h>
| # endif
| # include <string.h>
| #endif
| #ifdef HAVE_STRINGS_H
| # include <strings.h>
| #endif
| #ifdef HAVE_INTTYPES_H
| # include <inttypes.h>
| #endif
| #ifdef HAVE_STDINT_H
| # include <stdint.h>
| #endif
| #ifdef HAVE_UNISTD_H
| # include <unistd.h>
| #endif
| int
| main ()
| {
| if (sizeof ((uintptr_t)))
| 	    return 0;
|   ;
|   return 0;
| }
configure:5519: result: yes
configure:5554: checking for ptrdiff_t
configure:5554: gcc -c -g -O2  conftest.c >&5
configure:5554: $? = 0
configure:5554: gcc -c -g -O2  conftest.c >&5
conftest.c: In function 'main':
conftest.c:73: error: expected expression before ')' token
configure:5554: $? = 1
configure: failed program was:
| /* confdefs.h */
| #define PACKAGE_NAME "cpplib"
| #define PACKAGE_TARNAME "cpplib"
| #define PACKAGE_VERSION " "
| #define PACKAGE_STRING "cpplib  "
| #define PACKAGE_BUGREPORT "gcc-bugs@gcc.gnu.org"
| #define PACKAGE_URL ""
| #define STDC_HEADERS 1
| #define HAVE_SYS_TYPES_H 1
| #define HAVE_SYS_STAT_H 1
| #define HAVE_STDLIB_H 1
| #define HAVE_STRING_H 1
| #define HAVE_MEMORY_H 1
| #define HAVE_STRINGS_H 1
| #define HAVE_INTTYPES_H 1
| #define HAVE_STDINT_H 1
| #define HAVE_UNISTD_H 1
| #define __EXTENSIONS__ 1
| #define _ALL_SOURCE 1
| #define _GNU_SOURCE 1
| #define _POSIX_PTHREAD_SEMANTICS 1
| #define _TANDEM_SOURCE 1
| #define TIME_WITH_SYS_TIME 1
| #define STRING_WITH_STRINGS 1
| #define HAVE_LOCALE_H 1
| #define HAVE_FCNTL_H 1
| #define HAVE_LIMITS_H 1
| #define HAVE_STDDEF_H 1
| #define HAVE_STDLIB_H 1
| #define HAVE_STRINGS_H 1
| #define HAVE_STRING_H 1
| #define HAVE_SYS_FILE_H 1
| #define HAVE_UNISTD_H 1
| #define HAVE_OBSTACK 1
| #define HAVE_UINTPTR_T 1
| /* end confdefs.h.  */
| #include <stdio.h>
| #ifdef HAVE_SYS_TYPES_H
| # include <sys/types.h>
| #endif
| #ifdef HAVE_SYS_STAT_H
| # include <sys/stat.h>
| #endif
| #ifdef STDC_HEADERS
| # include <stdlib.h>
| # include <stddef.h>
| #else
| # ifdef HAVE_STDLIB_H
| #  include <stdlib.h>
| # endif
| #endif
| #ifdef HAVE_STRING_H
| # if !defined STDC_HEADERS && defined HAVE_MEMORY_H
| #  include <memory.h>
| # endif
| # include <string.h>
| #endif
| #ifdef HAVE_STRINGS_H
| # include <strings.h>
| #endif
| #ifdef HAVE_INTTYPES_H
| # include <inttypes.h>
| #endif
| #ifdef HAVE_STDINT_H
| # include <stdint.h>
| #endif
| #ifdef HAVE_UNISTD_H
| # include <unistd.h>
| #endif
| int
| main ()
| {
| if (sizeof ((ptrdiff_t)))
| 	    return 0;
|   ;
|   return 0;
| }
configure:5554: result: yes
configure:5565: checking whether struct tm is in sys/time.h or time.h
configure:5585: gcc -c -g -O2  conftest.c >&5
configure:5585: $? = 0
configure:5592: result: time.h
configure:5604: checking size of int
configure:5609: gcc -o conftest -g -O2   -L/home6/daewon2/Release/glibc/SP/SP_Linux/LP_Linux_Prj/REL/VDLinux.3.x.2012/toolchain/src/arm-mips-src-20121018/scripts/arm-v7a15v3r1/lib conftest.c  >&5
configure:5609: $? = 0
configure:5609: ./conftest
configure:5609: $? = 0
configure:5624: result: 4
configure:5638: checking size of long
configure:5643: gcc -o conftest -g -O2   -L/home6/daewon2/Release/glibc/SP/SP_Linux/LP_Linux_Prj/REL/VDLinux.3.x.2012/toolchain/src/arm-mips-src-20121018/scripts/arm-v7a15v3r1/lib conftest.c  >&5
configure:5643: $? = 0
configure:5643: ./conftest
configure:5643: $? = 0
configure:5658: result: 8
configure:5672: checking for clearerr_unlocked
configure:5672: gcc -o conftest -g -O2   -L/home6/daewon2/Release/glibc/SP/SP_Linux/LP_Linux_Prj/REL/VDLinux.3.x.2012/toolchain/src/arm-mips-src-20121018/scripts/arm-v7a15v3r1/lib conftest.c  >&5
configure:5672: $? = 0
configure:5672: result: yes
configure:5672: checking for feof_unlocked
configure:5672: gcc -o conftest -g -O2   -L/home6/daewon2/Release/glibc/SP/SP_Linux/LP_Linux_Prj/REL/VDLinux.3.x.2012/toolchain/src/arm-mips-src-20121018/scripts/arm-v7a15v3r1/lib conftest.c  >&5
configure:5672: $? = 0
configure:5672: result: yes
configure:5672: checking for ferror_unlocked
configure:5672: gcc -o conftest -g -O2   -L/home6/daewon2/Release/glibc/SP/SP_Linux/LP_Linux_Prj/REL/VDLinux.3.x.2012/toolchain/src/arm-mips-src-20121018/scripts/arm-v7a15v3r1/lib conftest.c  >&5
configure:5672: $? = 0
configure:5672: result: yes
configure:5672: checking for fflush_unlocked
configure:5672: gcc -o conftest -g -O2   -L/home6/daewon2/Release/glibc/SP/SP_Linux/LP_Linux_Prj/REL/VDLinux.3.x.2012/toolchain/src/arm-mips-src-20121018/scripts/arm-v7a15v3r1/lib conftest.c  >&5
configure:5672: $? = 0
configure:5672: result: yes
configure:5672: checking for fgetc_unlocked
configure:5672: gcc -o conftest -g -O2   -L/home6/daewon2/Release/glibc/SP/SP_Linux/LP_Linux_Prj/REL/VDLinux.3.x.2012/toolchain/src/arm-mips-src-20121018/scripts/arm-v7a15v3r1/lib conftest.c  >&5
configure:5672: $? = 0
configure:5672: result: yes
configure:5672: checking for fgets_unlocked
configure:5672: gcc -o conftest -g -O2   -L/home6/daewon2/Release/glibc/SP/SP_Linux/LP_Linux_Prj/REL/VDLinux.3.x.2012/toolchain/src/arm-mips-src-20121018/scripts/arm-v7a15v3r1/lib conftest.c  >&5
configure:5672: $? = 0
configure:5672: result: yes
configure:5672: checking for fileno_unlocked
configure:5672: gcc -o conftest -g -O2   -L/home6/daewon2/Release/glibc/SP/SP_Linux/LP_Linux_Prj/REL/VDLinux.3.x.2012/toolchain/src/arm-mips-src-20121018/scripts/arm-v7a15v3r1/lib conftest.c  >&5
configure:5672: $? = 0
configure:5672: result: yes
configure:5672: checking for fprintf_unlocked
configure:5672: gcc -o conftest -g -O2   -L/home6/daewon2/Release/glibc/SP/SP_Linux/LP_Linux_Prj/REL/VDLinux.3.x.2012/toolchain/src/arm-mips-src-20121018/scripts/arm-v7a15v3r1/lib conftest.c  >&5
conftest.c:69: warning: conflicting types for built-in function 'fprintf_unlocked'
/tmp/ccDNlpzr.o: In function `main':
/home6/daewon2/Release/glibc/SP/SP_Linux/LP_Linux_Prj/REL/VDLinux.3.x.2012/toolchain/src/arm-mips-src-20121018/build.arm.cortex-a15/obj/gcc_2/libcpp/conftest.c:80: undefined reference to `fprintf_unlocked'
collect2: ld returned 1 exit status
configure:5672: $? = 1
configure: failed program was:
| /* confdefs.h */
| #define PACKAGE_NAME "cpplib"
| #define PACKAGE_TARNAME "cpplib"
| #define PACKAGE_VERSION " "
| #define PACKAGE_STRING "cpplib  "
| #define PACKAGE_BUGREPORT "gcc-bugs@gcc.gnu.org"
| #define PACKAGE_URL ""
| #define STDC_HEADERS 1
| #define HAVE_SYS_TYPES_H 1
| #define HAVE_SYS_STAT_H 1
| #define HAVE_STDLIB_H 1
| #define HAVE_STRING_H 1
| #define HAVE_MEMORY_H 1
| #define HAVE_STRINGS_H 1
| #define HAVE_INTTYPES_H 1
| #define HAVE_STDINT_H 1
| #define HAVE_UNISTD_H 1
| #define __EXTENSIONS__ 1
| #define _ALL_SOURCE 1
| #define _GNU_SOURCE 1
| #define _POSIX_PTHREAD_SEMANTICS 1
| #define _TANDEM_SOURCE 1
| #define TIME_WITH_SYS_TIME 1
| #define STRING_WITH_STRINGS 1
| #define HAVE_LOCALE_H 1
| #define HAVE_FCNTL_H 1
| #define HAVE_LIMITS_H 1
| #define HAVE_STDDEF_H 1
| #define HAVE_STDLIB_H 1
| #define HAVE_STRINGS_H 1
| #define HAVE_STRING_H 1
| #define HAVE_SYS_FILE_H 1
| #define HAVE_UNISTD_H 1
| #define HAVE_OBSTACK 1
| #define HAVE_UINTPTR_T 1
| #define SIZEOF_INT 4
| #define SIZEOF_LONG 8
| #define HAVE_CLEARERR_UNLOCKED 1
| #define HAVE_FEOF_UNLOCKED 1
| #define HAVE_FERROR_UNLOCKED 1
| #define HAVE_FFLUSH_UNLOCKED 1
| #define HAVE_FGETC_UNLOCKED 1
| #define HAVE_FGETS_UNLOCKED 1
| #define HAVE_FILENO_UNLOCKED 1
| /* end confdefs.h.  */
| /* Define fprintf_unlocked to an innocuous variant, in case <limits.h> declares fprintf_unlocked.
|    For example, HP-UX 11i <limits.h> declares gettimeofday.  */
| #define fprintf_unlocked innocuous_fprintf_unlocked
| 
| /* System header to define __stub macros and hopefully few prototypes,
|     which can conflict with char fprintf_unlocked (); below.
|     Prefer <limits.h> to <assert.h> if __STDC__ is defined, since
|     <limits.h> exists even on freestanding compilers.  */
| 
| #ifdef __STDC__
| # include <limits.h>
| #else
| # include <assert.h>
| #endif
| 
| #undef fprintf_unlocked
| 
| /* Override any GCC internal prototype to avoid an error.
|    Use char because int might match the return type of a GCC
|    builtin and then its argument prototype would still apply.  */
| #ifdef __cplusplus
| extern "C"
| #endif
| char fprintf_unlocked ();
| /* The GNU C library defines this for functions which it implements
|     to always fail with ENOSYS.  Some functions are actually named
|     something starting with __ and the normal name is an alias.  */
| #if defined __stub_fprintf_unlocked || defined __stub___fprintf_unlocked
| choke me
| #endif
| 
| int
| main ()
| {
| return fprintf_unlocked ();
|   ;
|   return 0;
| }
configure:5672: result: no
configure:5672: checking for fputc_unlocked
configure:5672: gcc -o conftest -g -O2   -L/home6/daewon2/Release/glibc/SP/SP_Linux/LP_Linux_Prj/REL/VDLinux.3.x.2012/toolchain/src/arm-mips-src-20121018/scripts/arm-v7a15v3r1/lib conftest.c  >&5
conftest.c:69: warning: conflicting types for built-in function 'fputc_unlocked'
configure:5672: $? = 0
configure:5672: result: yes
configure:5672: checking for fputs_unlocked
configure:5672: gcc -o conftest -g -O2   -L/home6/daewon2/Release/glibc/SP/SP_Linux/LP_Linux_Prj/REL/VDLinux.3.x.2012/toolchain/src/arm-mips-src-20121018/scripts/arm-v7a15v3r1/lib conftest.c  >&5
conftest.c:70: warning: conflicting types for built-in function 'fputs_unlocked'
configure:5672: $? = 0
configure:5672: result: yes
configure:5672: checking for fread_unlocked
configure:5672: gcc -o conftest -g -O2   -L/home6/daewon2/Release/glibc/SP/SP_Linux/LP_Linux_Prj/REL/VDLinux.3.x.2012/toolchain/src/arm-mips-src-20121018/scripts/arm-v7a15v3r1/lib conftest.c  >&5
configure:5672: $? = 0
configure:5672: result: yes
configure:5672: checking for fwrite_unlocked
configure:5672: gcc -o conftest -g -O2   -L/home6/daewon2/Release/glibc/SP/SP_Linux/LP_Linux_Prj/REL/VDLinux.3.x.2012/toolchain/src/arm-mips-src-20121018/scripts/arm-v7a15v3r1/lib conftest.c  >&5
conftest.c:72: warning: conflicting types for built-in function 'fwrite_unlocked'
configure:5672: $? = 0
configure:5672: result: yes
configure:5672: checking for getchar_unlocked
configure:5672: gcc -o conftest -g -O2   -L/home6/daewon2/Release/glibc/SP/SP_Linux/LP_Linux_Prj/REL/VDLinux.3.x.2012/toolchain/src/arm-mips-src-20121018/scripts/arm-v7a15v3r1/lib conftest.c  >&5
configure:5672: $? = 0
configure:5672: result: yes
configure:5672: checking for getc_unlocked
configure:5672: gcc -o conftest -g -O2   -L/home6/daewon2/Release/glibc/SP/SP_Linux/LP_Linux_Prj/REL/VDLinux.3.x.2012/toolchain/src/arm-mips-src-20121018/scripts/arm-v7a15v3r1/lib conftest.c  >&5
configure:5672: $? = 0
configure:5672: result: yes
configure:5672: checking for putchar_unlocked
configure:5672: gcc -o conftest -g -O2   -L/home6/daewon2/Release/glibc/SP/SP_Linux/LP_Linux_Prj/REL/VDLinux.3.x.2012/toolchain/src/arm-mips-src-20121018/scripts/arm-v7a15v3r1/lib conftest.c  >&5
conftest.c:75: warning: conflicting types for built-in function 'putchar_unlocked'
configure:5672: $? = 0
configure:5672: result: yes
configure:5672: checking for putc_unlocked
configure:5672: gcc -o conftest -g -O2   -L/home6/daewon2/Release/glibc/SP/SP_Linux/LP_Linux_Prj/REL/VDLinux.3.x.2012/toolchain/src/arm-mips-src-20121018/scripts/arm-v7a15v3r1/lib conftest.c  >&5
conftest.c:76: warning: conflicting types for built-in function 'putc_unlocked'
configure:5672: $? = 0
configure:5672: result: yes
configure:5682: checking whether abort is declared
configure:5682: gcc -c -g -O2  conftest.c >&5
configure:5682: $? = 0
configure:5682: result: yes
configure:5692: checking whether asprintf is declared
configure:5692: gcc -c -g -O2  conftest.c >&5
configure:5692: $? = 0
configure:5692: result: yes
configure:5702: checking whether basename is declared
configure:5702: gcc -c -g -O2  conftest.c >&5
configure:5702: $? = 0
configure:5702: result: yes
configure:5712: checking whether errno is declared
configure:5712: gcc -c -g -O2  conftest.c >&5
conftest.c: In function 'main':
conftest.c:97: error: 'errno' undeclared (first use in this function)
conftest.c:97: error: (Each undeclared identifier is reported only once
conftest.c:97: error: for each function it appears in.)
configure:5712: $? = 1
configure: failed program was:
| /* confdefs.h */
| #define PACKAGE_NAME "cpplib"
| #define PACKAGE_TARNAME "cpplib"
| #define PACKAGE_VERSION " "
| #define PACKAGE_STRING "cpplib  "
| #define PACKAGE_BUGREPORT "gcc-bugs@gcc.gnu.org"
| #define PACKAGE_URL ""
| #define STDC_HEADERS 1
| #define HAVE_SYS_TYPES_H 1
| #define HAVE_SYS_STAT_H 1
| #define HAVE_STDLIB_H 1
| #define HAVE_STRING_H 1
| #define HAVE_MEMORY_H 1
| #define HAVE_STRINGS_H 1
| #define HAVE_INTTYPES_H 1
| #define HAVE_STDINT_H 1
| #define HAVE_UNISTD_H 1
| #define __EXTENSIONS__ 1
| #define _ALL_SOURCE 1
| #define _GNU_SOURCE 1
| #define _POSIX_PTHREAD_SEMANTICS 1
| #define _TANDEM_SOURCE 1
| #define TIME_WITH_SYS_TIME 1
| #define STRING_WITH_STRINGS 1
| #define HAVE_LOCALE_H 1
| #define HAVE_FCNTL_H 1
| #define HAVE_LIMITS_H 1
| #define HAVE_STDDEF_H 1
| #define HAVE_STDLIB_H 1
| #define HAVE_STRINGS_H 1
| #define HAVE_STRING_H 1
| #define HAVE_SYS_FILE_H 1
| #define HAVE_UNISTD_H 1
| #define HAVE_OBSTACK 1
| #define HAVE_UINTPTR_T 1
| #define SIZEOF_INT 4
| #define SIZEOF_LONG 8
| #define HAVE_CLEARERR_UNLOCKED 1
| #define HAVE_FEOF_UNLOCKED 1
| #define HAVE_FERROR_UNLOCKED 1
| #define HAVE_FFLUSH_UNLOCKED 1
| #define HAVE_FGETC_UNLOCKED 1
| #define HAVE_FGETS_UNLOCKED 1
| #define HAVE_FILENO_UNLOCKED 1
| #define HAVE_FPUTC_UNLOCKED 1
| #define HAVE_FPUTS_UNLOCKED 1
| #define HAVE_FREAD_UNLOCKED 1
| #define HAVE_FWRITE_UNLOCKED 1
| #define HAVE_GETCHAR_UNLOCKED 1
| #define HAVE_GETC_UNLOCKED 1
| #define HAVE_PUTCHAR_UNLOCKED 1
| #define HAVE_PUTC_UNLOCKED 1
| #define HAVE_DECL_ABORT 1
| #define HAVE_DECL_ASPRINTF 1
| #define HAVE_DECL_BASENAME 1
| /* end confdefs.h.  */
| #include <stdio.h>
| #ifdef HAVE_SYS_TYPES_H
| # include <sys/types.h>
| #endif
| #ifdef HAVE_SYS_STAT_H
| # include <sys/stat.h>
| #endif
| #ifdef STDC_HEADERS
| # include <stdlib.h>
| # include <stddef.h>
| #else
| # ifdef HAVE_STDLIB_H
| #  include <stdlib.h>
| # endif
| #endif
| #ifdef HAVE_STRING_H
| # if !defined STDC_HEADERS && defined HAVE_MEMORY_H
| #  include <memory.h>
| # endif
| # include <string.h>
| #endif
| #ifdef HAVE_STRINGS_H
| # include <strings.h>
| #endif
| #ifdef HAVE_INTTYPES_H
| # include <inttypes.h>
| #endif
| #ifdef HAVE_STDINT_H
| # include <stdint.h>
| #endif
| #ifdef HAVE_UNISTD_H
| # include <unistd.h>
| #endif
| int
| main ()
| {
| #ifndef errno
| #ifdef __cplusplus
|   (void) errno;
| #else
|   (void) errno;
| #endif
| #endif
| 
|   ;
|   return 0;
| }
configure:5712: result: no
configure:5722: checking whether getopt is declared
configure:5722: gcc -c -g -O2  conftest.c >&5
configure:5722: $? = 0
configure:5722: result: yes
configure:5732: checking whether vasprintf is declared
configure:5732: gcc -c -g -O2  conftest.c >&5
configure:5732: $? = 0
configure:5732: result: yes
configure:5743: checking whether clearerr_unlocked is declared
configure:5743: gcc -c -g -O2  conftest.c >&5
configure:5743: $? = 0
configure:5743: result: yes
configure:5753: checking whether feof_unlocked is declared
configure:5753: gcc -c -g -O2  conftest.c >&5
configure:5753: $? = 0
configure:5753: result: yes
configure:5763: checking whether ferror_unlocked is declared
configure:5763: gcc -c -g -O2  conftest.c >&5
configure:5763: $? = 0
configure:5763: result: yes
configure:5773: checking whether fflush_unlocked is declared
configure:5773: gcc -c -g -O2  conftest.c >&5
configure:5773: $? = 0
configure:5773: result: yes
configure:5783: checking whether fgetc_unlocked is declared
configure:5783: gcc -c -g -O2  conftest.c >&5
configure:5783: $? = 0
configure:5783: result: yes
configure:5793: checking whether fgets_unlocked is declared
configure:5793: gcc -c -g -O2  conftest.c >&5
configure:5793: $? = 0
configure:5793: result: yes
configure:5803: checking whether fileno_unlocked is declared
configure:5803: gcc -c -g -O2  conftest.c >&5
configure:5803: $? = 0
configure:5803: result: yes
configure:5813: checking whether fprintf_unlocked is declared
configure:5813: gcc -c -g -O2  conftest.c >&5
conftest.c: In function 'main':
conftest.c:107: error: 'fprintf_unlocked' undeclared (first use in this function)
conftest.c:107: error: (Each undeclared identifier is reported only once
conftest.c:107: error: for each function it appears in.)
configure:5813: $? = 1
configure: failed program was:
| /* confdefs.h */
| #define PACKAGE_NAME "cpplib"
| #define PACKAGE_TARNAME "cpplib"
| #define PACKAGE_VERSION " "
| #define PACKAGE_STRING "cpplib  "
| #define PACKAGE_BUGREPORT "gcc-bugs@gcc.gnu.org"
| #define PACKAGE_URL ""
| #define STDC_HEADERS 1
| #define HAVE_SYS_TYPES_H 1
| #define HAVE_SYS_STAT_H 1
| #define HAVE_STDLIB_H 1
| #define HAVE_STRING_H 1
| #define HAVE_MEMORY_H 1
| #define HAVE_STRINGS_H 1
| #define HAVE_INTTYPES_H 1
| #define HAVE_STDINT_H 1
| #define HAVE_UNISTD_H 1
| #define __EXTENSIONS__ 1
| #define _ALL_SOURCE 1
| #define _GNU_SOURCE 1
| #define _POSIX_PTHREAD_SEMANTICS 1
| #define _TANDEM_SOURCE 1
| #define TIME_WITH_SYS_TIME 1
| #define STRING_WITH_STRINGS 1
| #define HAVE_LOCALE_H 1
| #define HAVE_FCNTL_H 1
| #define HAVE_LIMITS_H 1
| #define HAVE_STDDEF_H 1
| #define HAVE_STDLIB_H 1
| #define HAVE_STRINGS_H 1
| #define HAVE_STRING_H 1
| #define HAVE_SYS_FILE_H 1
| #define HAVE_UNISTD_H 1
| #define HAVE_OBSTACK 1
| #define HAVE_UINTPTR_T 1
| #define SIZEOF_INT 4
| #define SIZEOF_LONG 8
| #define HAVE_CLEARERR_UNLOCKED 1
| #define HAVE_FEOF_UNLOCKED 1
| #define HAVE_FERROR_UNLOCKED 1
| #define HAVE_FFLUSH_UNLOCKED 1
| #define HAVE_FGETC_UNLOCKED 1
| #define HAVE_FGETS_UNLOCKED 1
| #define HAVE_FILENO_UNLOCKED 1
| #define HAVE_FPUTC_UNLOCKED 1
| #define HAVE_FPUTS_UNLOCKED 1
| #define HAVE_FREAD_UNLOCKED 1
| #define HAVE_FWRITE_UNLOCKED 1
| #define HAVE_GETCHAR_UNLOCKED 1
| #define HAVE_GETC_UNLOCKED 1
| #define HAVE_PUTCHAR_UNLOCKED 1
| #define HAVE_PUTC_UNLOCKED 1
| #define HAVE_DECL_ABORT 1
| #define HAVE_DECL_ASPRINTF 1
| #define HAVE_DECL_BASENAME 1
| #define HAVE_DECL_ERRNO 0
| #define HAVE_DECL_GETOPT 1
| #define HAVE_DECL_VASPRINTF 1
| #define HAVE_DECL_CLEARERR_UNLOCKED 1
| #define HAVE_DECL_FEOF_UNLOCKED 1
| #define HAVE_DECL_FERROR_UNLOCKED 1
| #define HAVE_DECL_FFLUSH_UNLOCKED 1
| #define HAVE_DECL_FGETC_UNLOCKED 1
| #define HAVE_DECL_FGETS_UNLOCKED 1
| #define HAVE_DECL_FILENO_UNLOCKED 1
| /* end confdefs.h.  */
| #include <stdio.h>
| #ifdef HAVE_SYS_TYPES_H
| # include <sys/types.h>
| #endif
| #ifdef HAVE_SYS_STAT_H
| # include <sys/stat.h>
| #endif
| #ifdef STDC_HEADERS
| # include <stdlib.h>
| # include <stddef.h>
| #else
| # ifdef HAVE_STDLIB_H
| #  include <stdlib.h>
| # endif
| #endif
| #ifdef HAVE_STRING_H
| # if !defined STDC_HEADERS && defined HAVE_MEMORY_H
| #  include <memory.h>
| # endif
| # include <string.h>
| #endif
| #ifdef HAVE_STRINGS_H
| # include <strings.h>
| #endif
| #ifdef HAVE_INTTYPES_H
| # include <inttypes.h>
| #endif
| #ifdef HAVE_STDINT_H
| # include <stdint.h>
| #endif
| #ifdef HAVE_UNISTD_H
| # include <unistd.h>
| #endif
| int
| main ()
| {
| #ifndef fprintf_unlocked
| #ifdef __cplusplus
|   (void) fprintf_unlocked;
| #else
|   (void) fprintf_unlocked;
| #endif
| #endif
| 
|   ;
|   return 0;
| }
configure:5813: result: no
configure:5823: checking whether fputc_unlocked is declared
configure:5823: gcc -c -g -O2  conftest.c >&5
configure:5823: $? = 0
configure:5823: result: yes
configure:5833: checking whether fputs_unlocked is declared
configure:5833: gcc -c -g -O2  conftest.c >&5
configure:5833: $? = 0
configure:5833: result: yes
configure:5843: checking whether fread_unlocked is declared
configure:5843: gcc -c -g -O2  conftest.c >&5
configure:5843: $? = 0
configure:5843: result: yes
configure:5853: checking whether fwrite_unlocked is declared
configure:5853: gcc -c -g -O2  conftest.c >&5
configure:5853: $? = 0
configure:5853: result: yes
configure:5863: checking whether getchar_unlocked is declared
configure:5863: gcc -c -g -O2  conftest.c >&5
configure:5863: $? = 0
configure:5863: result: yes
configure:5873: checking whether getc_unlocked is declared
configure:5873: gcc -c -g -O2  conftest.c >&5
configure:5873: $? = 0
configure:5873: result: yes
configure:5883: checking whether putchar_unlocked is declared
configure:5883: gcc -c -g -O2  conftest.c >&5
configure:5883: $? = 0
configure:5883: result: yes
configure:5893: checking whether putc_unlocked is declared
configure:5893: gcc -c -g -O2  conftest.c >&5
configure:5893: $? = 0
configure:5893: result: yes
configure:5908: checking for working alloca.h
configure:5925: gcc -o conftest -g -O2   -L/home6/daewon2/Release/glibc/SP/SP_Linux/LP_Linux_Prj/REL/VDLinux.3.x.2012/toolchain/src/arm-mips-src-20121018/scripts/arm-v7a15v3r1/lib conftest.c  >&5
configure:5925: $? = 0
configure:5933: result: yes
configure:5941: checking for alloca
configure:5978: gcc -o conftest -g -O2   -L/home6/daewon2/Release/glibc/SP/SP_Linux/LP_Linux_Prj/REL/VDLinux.3.x.2012/toolchain/src/arm-mips-src-20121018/scripts/arm-v7a15v3r1/lib conftest.c  >&5
configure:5978: $? = 0
configure:5986: result: yes
configure:6096: checking for ANSI C header files
configure:6200: result: yes
configure:6209: checking for nl_langinfo and CODESET
configure:6225: gcc -o conftest -g -O2   -L/home6/daewon2/Release/glibc/SP/SP_Linux/LP_Linux_Prj/REL/VDLinux.3.x.2012/toolchain/src/arm-mips-src-20121018/scripts/arm-v7a15v3r1/lib conftest.c  >&5
configure:6225: $? = 0
configure:6234: result: yes
configure:6255: checking whether NLS is requested
configure:6258: result: no
configure:6313: checking for uchar
configure:6332: gcc -c -g -O2  conftest.c >&5
conftest.c: In function 'main':
conftest.c:86: error: 'uchar' undeclared (first use in this function)
conftest.c:86: error: (Each undeclared identifier is reported only once
conftest.c:86: error: for each function it appears in.)
conftest.c:86: error: expected expression before ')' token
configure:6332: $? = 1
configure: failed program was:
| /* confdefs.h */
| #define PACKAGE_NAME "cpplib"
| #define PACKAGE_TARNAME "cpplib"
| #define PACKAGE_VERSION " "
| #define PACKAGE_STRING "cpplib  "
| #define PACKAGE_BUGREPORT "gcc-bugs@gcc.gnu.org"
| #define PACKAGE_URL ""
| #define STDC_HEADERS 1
| #define HAVE_SYS_TYPES_H 1
| #define HAVE_SYS_STAT_H 1
| #define HAVE_STDLIB_H 1
| #define HAVE_STRING_H 1
| #define HAVE_MEMORY_H 1
| #define HAVE_STRINGS_H 1
| #define HAVE_INTTYPES_H 1
| #define HAVE_STDINT_H 1
| #define HAVE_UNISTD_H 1
| #define __EXTENSIONS__ 1
| #define _ALL_SOURCE 1
| #define _GNU_SOURCE 1
| #define _POSIX_PTHREAD_SEMANTICS 1
| #define _TANDEM_SOURCE 1
| #define TIME_WITH_SYS_TIME 1
| #define STRING_WITH_STRINGS 1
| #define HAVE_LOCALE_H 1
| #define HAVE_FCNTL_H 1
| #define HAVE_LIMITS_H 1
| #define HAVE_STDDEF_H 1
| #define HAVE_STDLIB_H 1
| #define HAVE_STRINGS_H 1
| #define HAVE_STRING_H 1
| #define HAVE_SYS_FILE_H 1
| #define HAVE_UNISTD_H 1
| #define HAVE_OBSTACK 1
| #define HAVE_UINTPTR_T 1
| #define SIZEOF_INT 4
| #define SIZEOF_LONG 8
| #define HAVE_CLEARERR_UNLOCKED 1
| #define HAVE_FEOF_UNLOCKED 1
| #define HAVE_FERROR_UNLOCKED 1
| #define HAVE_FFLUSH_UNLOCKED 1
| #define HAVE_FGETC_UNLOCKED 1
| #define HAVE_FGETS_UNLOCKED 1
| #define HAVE_FILENO_UNLOCKED 1
| #define HAVE_FPUTC_UNLOCKED 1
| #define HAVE_FPUTS_UNLOCKED 1
| #define HAVE_FREAD_UNLOCKED 1
| #define HAVE_FWRITE_UNLOCKED 1
| #define HAVE_GETCHAR_UNLOCKED 1
| #define HAVE_GETC_UNLOCKED 1
| #define HAVE_PUTCHAR_UNLOCKED 1
| #define HAVE_PUTC_UNLOCKED 1
| #define HAVE_DECL_ABORT 1
| #define HAVE_DECL_ASPRINTF 1
| #define HAVE_DECL_BASENAME 1
| #define HAVE_DECL_ERRNO 0
| #define HAVE_DECL_GETOPT 1
| #define HAVE_DECL_VASPRINTF 1
| #define HAVE_DECL_CLEARERR_UNLOCKED 1
| #define HAVE_DECL_FEOF_UNLOCKED 1
| #define HAVE_DECL_FERROR_UNLOCKED 1
| #define HAVE_DECL_FFLUSH_UNLOCKED 1
| #define HAVE_DECL_FGETC_UNLOCKED 1
| #define HAVE_DECL_FGETS_UNLOCKED 1
| #define HAVE_DECL_FILENO_UNLOCKED 1
| #define HAVE_DECL_FPRINTF_UNLOCKED 0
| #define HAVE_DECL_FPUTC_UNLOCKED 1
| #define HAVE_DECL_FPUTS_UNLOCKED 1
| #define HAVE_DECL_FREAD_UNLOCKED 1
| #define HAVE_DECL_FWRITE_UNLOCKED 1
| #define HAVE_DECL_GETCHAR_UNLOCKED 1
| #define HAVE_DECL_GETC_UNLOCKED 1
| #define HAVE_DECL_PUTCHAR_UNLOCKED 1
| #define HAVE_DECL_PUTC_UNLOCKED 1
| #define HAVE_ALLOCA_H 1
| #define HAVE_ALLOCA 1
| #define STDC_HEADERS 1
| #define HAVE_LANGINFO_CODESET 1
| /* end confdefs.h.  */
| 
| #include <sys/types.h>
| 
| int
| main ()
| {
| if ((uchar *)0) return 0;
|  if (sizeof(uchar)) return 0;
|   ;
|   return 0;
| }
configure:6339: result: 
configure:6387: checking for ld used by GCC
configure:6450: result: ld
configure:6457: checking if the linker (ld) is GNU ld
GNU ld (GNU Binutils for Ubuntu) 2.20.1-system.20100303
configure:6469: result: yes
configure:6475: checking for shared library run path origin
configure:6488: result: done
configure:6918: checking for iconv
configure:6940: gcc -o conftest -g -O2   -L/home6/daewon2/Release/glibc/SP/SP_Linux/LP_Linux_Prj/REL/VDLinux.3.x.2012/toolchain/src/arm-mips-src-20121018/scripts/arm-v7a15v3r1/lib conftest.c  >&5
configure:6940: $? = 0
configure:6972: result: yes
configure:6993: checking for iconv declaration
configure:7022: gcc -c -g -O2  conftest.c >&5
configure:7022: $? = 0
configure:7033: result: install-shextern size_t iconv (iconv_t cd, char * *inbuf, size_t *inbytesleft, char * *outbuf, size_t *outbytesleft);
configure:7224: updating cache ./config.cache
configure:7262: creating ./config.status

## ---------------------- ##
## Running config.status. ##
## ---------------------- ##

This file was extended by cpplib config.status  , which was
generated by GNU Autoconf 2.64.  Invocation command line was

  CONFIG_FILES    = 
  CONFIG_HEADERS  = 
  CONFIG_LINKS    = 
  CONFIG_COMMANDS = 
  $ ./config.status 

on vdbs1218

config.status:923: creating Makefile
config.status:923: creating config.h
config.status:1096: executing depdir commands

## ---------------- ##
## Cache variables. ##
## ---------------- ##

ac_cv_build=x86_64-pc-linux-gnu
ac_cv_c_bigendian=no
ac_cv_c_compiler_gnu=yes
ac_cv_c_const=yes
ac_cv_c_inline=inline
ac_cv_cxx_compiler_gnu=yes
ac_cv_env_CCC_set=
ac_cv_env_CCC_value=
ac_cv_env_CC_set=set
ac_cv_env_CC_value=gcc
ac_cv_env_CFLAGS_set=set
ac_cv_env_CFLAGS_value='-g -O2'
ac_cv_env_CPPFLAGS_set=
ac_cv_env_CPPFLAGS_value=
ac_cv_env_CPP_set=
ac_cv_env_CPP_value=
ac_cv_env_CXXFLAGS_set=set
ac_cv_env_CXXFLAGS_value='-g -O2'
ac_cv_env_CXX_set=set
ac_cv_env_CXX_value=g++
ac_cv_env_LDFLAGS_set=set
ac_cv_env_LDFLAGS_value=' -L/home6/daewon2/Release/glibc/SP/SP_Linux/LP_Linux_Prj/REL/VDLinux.3.x.2012/toolchain/src/arm-mips-src-20121018/scripts/arm-v7a15v3r1/lib'
ac_cv_env_LIBS_set=
ac_cv_env_LIBS_value=
ac_cv_env_build_alias_set=set
ac_cv_env_build_alias_value=x86_64-pc-linux-gnu
ac_cv_env_host_alias_set=set
ac_cv_env_host_alias_value=x86_64-pc-linux-gnu
ac_cv_env_target_alias_set=set
ac_cv_env_target_alias_value=arm-v7a15v3r1-linux-gnueabi
ac_cv_func_alloca_works=yes
ac_cv_func_clearerr_unlocked=yes
ac_cv_func_feof_unlocked=yes
ac_cv_func_ferror_unlocked=yes
ac_cv_func_fflush_unlocked=yes
ac_cv_func_fgetc_unlocked=yes
ac_cv_func_fgets_unlocked=yes
ac_cv_func_fileno_unlocked=yes
ac_cv_func_fprintf_unlocked=no
ac_cv_func_fputc_unlocked=yes
ac_cv_func_fputs_unlocked=yes
ac_cv_func_fread_unlocked=yes
ac_cv_func_fwrite_unlocked=yes
ac_cv_func_getc_unlocked=yes
ac_cv_func_getchar_unlocked=yes
ac_cv_func_obstack=yes
ac_cv_func_putc_unlocked=yes
ac_cv_func_putchar_unlocked=yes
ac_cv_have_decl_abort=yes
ac_cv_have_decl_asprintf=yes
ac_cv_have_decl_basename_char_p_=yes
ac_cv_have_decl_clearerr_unlocked=yes
ac_cv_have_decl_errno=no
ac_cv_have_decl_feof_unlocked=yes
ac_cv_have_decl_ferror_unlocked=yes
ac_cv_have_decl_fflush_unlocked=yes
ac_cv_have_decl_fgetc_unlocked=yes
ac_cv_have_decl_fgets_unlocked=yes
ac_cv_have_decl_fileno_unlocked=yes
ac_cv_have_decl_fprintf_unlocked=no
ac_cv_have_decl_fputc_unlocked=yes
ac_cv_have_decl_fputs_unlocked=yes
ac_cv_have_decl_fread_unlocked=yes
ac_cv_have_decl_fwrite_unlocked=yes
ac_cv_have_decl_getc_unlocked=yes
ac_cv_have_decl_getchar_unlocked=yes
ac_cv_have_decl_getopt=yes
ac_cv_have_decl_putc_unlocked=yes
ac_cv_have_decl_putchar_unlocked=yes
ac_cv_have_decl_vasprintf=yes
ac_cv_header_fcntl_h=yes
ac_cv_header_inttypes_h=yes
ac_cv_header_limits_h=yes
ac_cv_header_locale_h=yes
ac_cv_header_memory_h=yes
ac_cv_header_minix_config_h=no
ac_cv_header_stdc=yes
ac_cv_header_stddef_h=yes
ac_cv_header_stdint_h=yes
ac_cv_header_stdlib_h=yes
ac_cv_header_string_h=yes
ac_cv_header_strings_h=yes
ac_cv_header_sys_file_h=yes
ac_cv_header_sys_stat_h=yes
ac_cv_header_sys_types_h=yes
ac_cv_header_time=yes
ac_cv_header_unistd_h=yes
ac_cv_host=x86_64-pc-linux-gnu
ac_cv_objext=o
ac_cv_path_EGREP='/bin/grep -E'
ac_cv_path_GREP=/bin/grep
ac_cv_prog_ACLOCAL=aclocal
ac_cv_prog_AUTOCONF=autoconf
ac_cv_prog_AUTOHEADER=autoheader
ac_cv_prog_CC=gcc
ac_cv_prog_CPP='gcc -E'
ac_cv_prog_RANLIB=ranlib
ac_cv_prog_cc_c89=
ac_cv_prog_cc_g=yes
ac_cv_prog_cxx_g=yes
ac_cv_prog_make_make_set=yes
ac_cv_safe_to_define___extensions__=yes
ac_cv_sizeof_int=4
ac_cv_sizeof_long=8
ac_cv_struct_tm=time.h
ac_cv_sys_file_offset_bits=no
ac_cv_sys_largefile_CC=no
ac_cv_target=arm-v7a15v3r1-linux-gnueabi
ac_cv_type_off_t=yes
ac_cv_type_ptrdiff_t=yes
ac_cv_type_size_t=yes
ac_cv_type_ssize_t=yes
ac_cv_type_uchar=no
ac_cv_type_uintptr_t=yes
ac_cv_working_alloca_h=yes
acl_cv_hardcode_direct=no
acl_cv_hardcode_libdir_flag_spec='${wl}-rpath ${wl}$libdir'
acl_cv_hardcode_libdir_separator=
acl_cv_hardcode_minus_L=no
acl_cv_libext=a
acl_cv_path_LD=ld
acl_cv_prog_gnu_ld=yes
acl_cv_rpath=done
acl_cv_shlibext=so
acl_cv_wl=-Wl,
acx_cv_prog_cc_pedantic__Wno_long_long=yes
acx_cv_prog_cc_warning__W=yes
acx_cv_prog_cc_warning__Wall=yes
acx_cv_prog_cc_warning__Wcpp_compat=yes
acx_cv_prog_cc_warning__Wmissing_format_attribute=yes
acx_cv_prog_cc_warning__Wmissing_prototypes=yes
acx_cv_prog_cc_warning__Wold_style_definition=yes
acx_cv_prog_cc_warning__Wstrict_prototypes=yes
acx_cv_prog_cc_warning__Wwrite_strings=yes
am_cv_CC_dependencies_compiler_type=gcc3
am_cv_func_iconv=yes
am_cv_langinfo_codeset=yes
am_cv_lib_iconv=no
am_cv_proto_iconv='extern size_t iconv (iconv_t cd, char * *inbuf, size_t *inbytesleft, char * *outbuf, size_t *outbytesleft);'
am_cv_proto_iconv_arg1=
gcc_cv_header_string=yes

## ----------------- ##
## Output variables. ##
## ----------------- ##

ACLOCAL='aclocal'
ALLOCA=''
AUTOCONF='autoconf'
AUTOHEADER='autoheader'
CATALOGS=''
CATOBJEXT=''
CC='gcc'
CCDEPMODE='depmode=gcc3'
CFLAGS='-g -O2'
CPP='gcc -E'
CPPFLAGS=''
CXX='g++'
CXXDEPMODE=''
CXXFLAGS='-g -O2'
DATADIRNAME=''
DEFS='-DHAVE_CONFIG_H'
DEPDIR='.deps'
ECHO_C=''
ECHO_N='-n'
ECHO_T=''
EGREP='/bin/grep -E'
ENABLE_BUILD_WITH_CXX='no'
EXEEXT=''
GENCAT=''
GMSGFMT=':'
GREP='/bin/grep'
INCINTL=''
INSTALL_DATA='/usr/bin/install -c -m 644'
INSTALL_PROGRAM='/usr/bin/install -c'
INSTALL_SCRIPT='/usr/bin/install -c'
INSTOBJEXT=''
LDFLAGS=' -L/home6/daewon2/Release/glibc/SP/SP_Linux/LP_Linux_Prj/REL/VDLinux.3.x.2012/toolchain/src/arm-mips-src-20121018/scripts/arm-v7a15v3r1/lib'
LIBICONV=''
LIBINTL=''
LIBINTL_DEP=''
LIBOBJS=''
LIBS=''
LTLIBICONV=''
LTLIBOBJS=''
MAINT='#'
OBJEXT='o'
PACKAGE='cpplib'
PACKAGE_BUGREPORT='gcc-bugs@gcc.gnu.org'
PACKAGE_NAME='cpplib'
PACKAGE_STRING='cpplib  '
PACKAGE_TARNAME='cpplib'
PACKAGE_URL=''
PACKAGE_VERSION=' '
PATH_SEPARATOR=':'
POSUB=''
RANLIB='ranlib'
SET_MAKE=''
SHELL='/bin/sh'
USED_CATALOGS=''
USE_NLS='no'
WARN_PEDANTIC='-pedantic -Wno-long-long'
WERROR=''
XGETTEXT=':'
ac_ct_CC=''
ac_ct_CXX=''
am__leading_dot='.'
bindir='${exec_prefix}/bin'
build='x86_64-pc-linux-gnu'
build_alias='x86_64-pc-linux-gnu'
build_cpu='x86_64'
build_os='linux-gnu'
build_vendor='pc'
c_warn='-Wstrict-prototypes -Wmissing-prototypes -Wold-style-definition -Wc++-compat'
datadir='${datarootdir}'
datarootdir='${prefix}/share'
docdir='${datarootdir}/doc/${PACKAGE_TARNAME}'
dvidir='${docdir}'
exec_prefix='${prefix}'
host='x86_64-pc-linux-gnu'
host_alias='x86_64-pc-linux-gnu'
host_cpu='x86_64'
host_os='linux-gnu'
host_vendor='pc'
htmldir='${docdir}'
includedir='${prefix}/include'
infodir='${datarootdir}/info'
libdir='${exec_prefix}/lib'
libexecdir='${exec_prefix}/libexec'
localedir='${datarootdir}/locale'
localstatedir='${prefix}/var'
mandir='${datarootdir}/man'
oldincludedir='/usr/include'
pdfdir='${docdir}'
prefix='/home6/daewon2/Release/glibc/SP/SP_Linux/LP_Linux_Prj/REL/VDLinux.3.x.2012/toolchain/src/arm-mips-src-20121018/scripts/arm-v7a15v3r1'
program_transform_name='s&^&arm-v7a15v3r1-linux-gnueabi-&'
psdir='${docdir}'
sbindir='${exec_prefix}/sbin'
sharedstatedir='${prefix}/com'
sysconfdir='${prefix}/etc'
target='arm-v7a15v3r1-linux-gnueabi'
target_alias='arm-v7a15v3r1-linux-gnueabi'
target_cpu='arm'
target_os='linux-gnueabi'
target_vendor='v7a15v3r1'
warn='-W -Wall -Wwrite-strings -Wmissing-format-attribute'

## ----------- ##
## confdefs.h. ##
## ----------- ##

/* confdefs.h */
#define PACKAGE_NAME "cpplib"
#define PACKAGE_TARNAME "cpplib"
#define PACKAGE_VERSION " "
#define PACKAGE_STRING "cpplib  "
#define PACKAGE_BUGREPORT "gcc-bugs@gcc.gnu.org"
#define PACKAGE_URL ""
#define STDC_HEADERS 1
#define HAVE_SYS_TYPES_H 1
#define HAVE_SYS_STAT_H 1
#define HAVE_STDLIB_H 1
#define HAVE_STRING_H 1
#define HAVE_MEMORY_H 1
#define HAVE_STRINGS_H 1
#define HAVE_INTTYPES_H 1
#define HAVE_STDINT_H 1
#define HAVE_UNISTD_H 1
#define __EXTENSIONS__ 1
#define _ALL_SOURCE 1
#define _GNU_SOURCE 1
#define _POSIX_PTHREAD_SEMANTICS 1
#define _TANDEM_SOURCE 1
#define TIME_WITH_SYS_TIME 1
#define STRING_WITH_STRINGS 1
#define HAVE_LOCALE_H 1
#define HAVE_FCNTL_H 1
#define HAVE_LIMITS_H 1
#define HAVE_STDDEF_H 1
#define HAVE_STDLIB_H 1
#define HAVE_STRINGS_H 1
#define HAVE_STRING_H 1
#define HAVE_SYS_FILE_H 1
#define HAVE_UNISTD_H 1
#define HAVE_OBSTACK 1
#define HAVE_UINTPTR_T 1
#define SIZEOF_INT 4
#define SIZEOF_LONG 8
#define HAVE_CLEARERR_UNLOCKED 1
#define HAVE_FEOF_UNLOCKED 1
#define HAVE_FERROR_UNLOCKED 1
#define HAVE_FFLUSH_UNLOCKED 1
#define HAVE_FGETC_UNLOCKED 1
#define HAVE_FGETS_UNLOCKED 1
#define HAVE_FILENO_UNLOCKED 1
#define HAVE_FPUTC_UNLOCKED 1
#define HAVE_FPUTS_UNLOCKED 1
#define HAVE_FREAD_UNLOCKED 1
#define HAVE_FWRITE_UNLOCKED 1
#define HAVE_GETCHAR_UNLOCKED 1
#define HAVE_GETC_UNLOCKED 1
#define HAVE_PUTCHAR_UNLOCKED 1
#define HAVE_PUTC_UNLOCKED 1
#define HAVE_DECL_ABORT 1
#define HAVE_DECL_ASPRINTF 1
#define HAVE_DECL_BASENAME 1
#define HAVE_DECL_ERRNO 0
#define HAVE_DECL_GETOPT 1
#define HAVE_DECL_VASPRINTF 1
#define HAVE_DECL_CLEARERR_UNLOCKED 1
#define HAVE_DECL_FEOF_UNLOCKED 1
#define HAVE_DECL_FERROR_UNLOCKED 1
#define HAVE_DECL_FFLUSH_UNLOCKED 1
#define HAVE_DECL_FGETC_UNLOCKED 1
#define HAVE_DECL_FGETS_UNLOCKED 1
#define HAVE_DECL_FILENO_UNLOCKED 1
#define HAVE_DECL_FPRINTF_UNLOCKED 0
#define HAVE_DECL_FPUTC_UNLOCKED 1
#define HAVE_DECL_FPUTS_UNLOCKED 1
#define HAVE_DECL_FREAD_UNLOCKED 1
#define HAVE_DECL_FWRITE_UNLOCKED 1
#define HAVE_DECL_GETCHAR_UNLOCKED 1
#define HAVE_DECL_GETC_UNLOCKED 1
#define HAVE_DECL_PUTCHAR_UNLOCKED 1
#define HAVE_DECL_PUTC_UNLOCKED 1
#define HAVE_ALLOCA_H 1
#define HAVE_ALLOCA 1
#define STDC_HEADERS 1
#define HAVE_LANGINFO_CODESET 1
#define HAVE_ICONV 1
#define ICONV_CONST 
#define PACKAGE "cpplib"
#define HOST_WIDE_INT long

configure: exit 0
