This file contains any messages produced by compilers while
running configure, to aid debugging if configure makes a mistake.

It was created by libtirpc configure 0.2.2, which was
generated by GNU Autoconf 2.68.  Invocation command line was

  $ ./configure --host=arm-v7a15v3r1-linux-gnueabi --build=x86_64-pc-linux-gnu --prefix=/usr --disable-gss

## --------- ##
## Platform. ##
## --------- ##

hostname = vdbs1218
uname -m = x86_64
uname -r = 2.6.32-38-generic
uname -s = Linux
uname -v = #83-Ubuntu SMP Wed Jan 4 11:12:07 UTC 2012

/usr/bin/uname -p = unknown
/bin/uname -X     = unknown

/bin/arch              = unknown
/usr/bin/arch -k       = unknown
/usr/convex/getsysinfo = unknown
/usr/bin/hostinfo      = unknown
/bin/machine           = unknown
/usr/bin/oslevel       = unknown
/bin/universe          = unknown

PATH: /home6/daewon2/Release/glibc/SP/SP_Linux/LP_Linux_Prj/REL/VDLinux.3.x.2012/toolchain/src/arm-mips-src-20121018/scripts/arm-v7a15v3r1/bin
PATH: /home6/daewon2/bin
PATH: /usr/local/iconv/bin
PATH: /opt/mipsel-34kv3r1-20121018/bin
PATH: /opt/mipsel-24kv3r1-20121018/bin
PATH: /opt/arm-v7a8v3r1-20121018/bin
PATH: /opt/arm-v7a15v3r1-20121018/bin/
PATH: /opt/VDLinux-ARMv7-4.6-v3r0-20120319/bin
PATH: /opt/VDLinux-ARMv7-4.4-202-toolchain-v2r2-20110630/bin
PATH: /usr/local/java/jdk1.6.0_29/bin
PATH: /usr/local/sbin
PATH: /usr/local/bin
PATH: /usr/sbin
PATH: /usr/bin
PATH: /sbin
PATH: /bin
PATH: /usr/games
PATH: /usr/p4bin/bin
PATH: /home6/daewon2/busybox_test/Busybox/arm-v7a15v3r1-20121003/bin
PATH: /home6/daewon2/busybox_test/Busybox/arm-v7a8v3r1-20121003/bin
PATH: /home6/daewon2/busybox_test/Busybox/mipsel-24kv3r1-20121003/bin
PATH: /home6/daewon2/busybox_test/Busybox/mipsel-34kv3r1-20121003/bin
PATH: /home6/daewon2/20121114/arm-v7a15v3r1-20121114/bin
PATH: /home6/daewon2/20121114/mipsel-34kv3r1-20121114/bin


## ----------- ##
## Core tests. ##
## ----------- ##

configure:2245: checking for a BSD-compatible install
configure:2313: result: /usr/bin/install -c
configure:2324: checking whether build environment is sane
configure:2374: result: yes
configure:2423: checking for arm-v7a15v3r1-linux-gnueabi-strip
configure:2439: found /home6/daewon2/Release/glibc/SP/SP_Linux/LP_Linux_Prj/REL/VDLinux.3.x.2012/toolchain/src/arm-mips-src-20121018/scripts/arm-v7a15v3r1/bin/arm-v7a15v3r1-linux-gnueabi-strip
configure:2450: result: arm-v7a15v3r1-linux-gnueabi-strip
configure:2515: checking for a thread-safe mkdir -p
configure:2554: result: /bin/mkdir -p
configure:2567: checking for gawk
configure:2583: found /usr/bin/gawk
configure:2594: result: gawk
configure:2605: checking whether make sets $(MAKE)
configure:2627: result: yes
configure:2708: checking whether to enable maintainer-specific portions of Makefiles
configure:2717: result: no
configure:2745: checking for style of include used by make
configure:2773: result: GNU
configure:2803: checking for arm-v7a15v3r1-linux-gnueabi-gcc
configure:2819: found /home6/daewon2/Release/glibc/SP/SP_Linux/LP_Linux_Prj/REL/VDLinux.3.x.2012/toolchain/src/arm-mips-src-20121018/scripts/arm-v7a15v3r1/bin/arm-v7a15v3r1-linux-gnueabi-gcc
configure:2830: result: arm-v7a15v3r1-linux-gnueabi-gcc
configure:3099: checking for C compiler version
configure:3108: arm-v7a15v3r1-linux-gnueabi-gcc --version >&5
arm-v7a15v3r1-linux-gnueabi-gcc (VDLinux.GA1.2012-10-03) 4.6.4
Copyright (C) 2011 Free Software Foundation, Inc.
This is free software; see the source for copying conditions.  There is NO
warranty; not even for MERCHANTABILITY or FITNESS FOR A PARTICULAR PURPOSE.

configure:3119: $? = 0
configure:3108: arm-v7a15v3r1-linux-gnueabi-gcc -v >&5
Using built-in specs.
COLLECT_GCC=arm-v7a15v3r1-linux-gnueabi-gcc
COLLECT_LTO_WRAPPER=/home6/daewon2/Release/glibc/SP/SP_Linux/LP_Linux_Prj/REL/VDLinux.3.x.2012/toolchain/src/arm-mips-src-20121018/scripts/arm-v7a15v3r1/libexec/gcc/arm-v7a15v3r1-linux-gnueabi/4.6.4/lto-wrapper
Target: arm-v7a15v3r1-linux-gnueabi
Configured with: /home6/daewon2/Release/glibc/SP/SP_Linux/LP_Linux_Prj/REL/VDLinux.3.x.2012/toolchain/src/arm-mips-src-20121018/build.arm.cortex-a15/sources/gcc_1/configure --build=x86_64-pc-linux-gnu --host=x86_64-pc-linux-gnu --target=arm-v7a15v3r1-linux-gnueabi --prefix=/home6/daewon2/Release/glibc/SP/SP_Linux/LP_Linux_Prj/REL/VDLinux.3.x.2012/toolchain/src/arm-mips-src-20121018/scripts/arm-v7a15v3r1 --with-sysroot=/home6/daewon2/Release/glibc/SP/SP_Linux/LP_Linux_Prj/REL/VDLinux.3.x.2012/toolchain/src/arm-mips-src-20121018/scripts/arm-v7a15v3r1/arm-v7a15v3r1-linux-gnueabi/sys-root --disable-libmudflap --disable-libssp --disable-nls --disable-libstdcxx-pch --with-specs='%{!ffunction-sections:%{!fno-function-sections:-ffunction-sections}} %{funwind-tables|fno-unwind-tables|mabi=*|ffreestanding|nostdlib:;:-funwind-tables} %{O3:%{!funswitch-loops:%{!fno-unswitch-loops:-fno-unswitch-loops}}}' --with-interwork --with-mode=arm --with-fpu=vfpv3 --with-cpu=cortex-a15 --with-tune=cortex-a15 --with-float=softfp --enable-libgomp --enable-poison-system-directories --enable-long-long --enable-threads --enable-languages=c,c++ --enable-shared --enable-lto --enable-symvers=gnu --enable-__cxa_atexit --with-pkgversion=VDLinux.GA1.2012-10-03 --with-bugurl=http://linux.sec.samsung.net/VDLinux/ --with-gnu-as --with-gnu-ld --with-host-libstdcxx='-static-libgcc -Wl,-Bstatic,-lstdc++,-Bdynamic -lm' --with-build-time-tools=/home6/daewon2/Release/glibc/SP/SP_Linux/LP_Linux_Prj/REL/VDLinux.3.x.2012/toolchain/src/arm-mips-src-20121018/scripts/arm-v7a15v3r1/bin --with-gmp=/home6/daewon2/Release/glibc/SP/SP_Linux/LP_Linux_Prj/REL/VDLinux.3.x.2012/toolchain/src/arm-mips-src-20121018/scripts/arm-v7a15v3r1 --with-mpfr=/home6/daewon2/Release/glibc/SP/SP_Linux/LP_Linux_Prj/REL/VDLinux.3.x.2012/toolchain/src/arm-mips-src-20121018/scripts/arm-v7a15v3r1 --with-ppl=/home6/daewon2/Release/glibc/SP/SP_Linux/LP_Linux_Prj/REL/VDLinux.3.x.2012/toolchain/src/arm-mips-src-20121018/scripts/arm-v7a15v3r1 --with-cloog=/home6/daewon2/Release/glibc/SP/SP_Linux/LP_Linux_Prj/REL/VDLinux.3.x.2012/toolchain/src/arm-mips-src-20121018/scripts/arm-v7a15v3r1 --with-libelf=/home6/daewon2/Release/glibc/SP/SP_Linux/LP_Linux_Prj/REL/VDLinux.3.x.2012/toolchain/src/arm-mips-src-20121018/scripts/arm-v7a15v3r1
Thread model: posix
gcc version 4.6.4 (VDLinux.GA1.2012-10-03) 
configure:3119: $? = 0
configure:3108: arm-v7a15v3r1-linux-gnueabi-gcc -V >&5
arm-v7a15v3r1-linux-gnueabi-gcc: error: unrecognized option '-V'
arm-v7a15v3r1-linux-gnueabi-gcc: fatal error: no input files
compilation terminated.
configure:3119: $? = 1
configure:3108: arm-v7a15v3r1-linux-gnueabi-gcc -qversion >&5
arm-v7a15v3r1-linux-gnueabi-gcc: error: unrecognized option '-qversion'
arm-v7a15v3r1-linux-gnueabi-gcc: fatal error: no input files
compilation terminated.
configure:3119: $? = 1
configure:3139: checking whether the C compiler works
configure:3161: arm-v7a15v3r1-linux-gnueabi-gcc  -I/home6/daewon2/Release/glibc/SP/SP_Linux/LP_Linux_Prj/REL/VDLinux.3.x.2012/toolchain/src/arm-mips-src-20121018/scripts/arm-v7a15v3r1/arm-v7a15v3r1-linux-gnueabi/sys-root/usr/include/tirpc -L/home6/daewon2/Release/glibc/SP/SP_Linux/LP_Linux_Prj/REL/VDLinux.3.x.2012/toolchain/src/arm-mips-src-20121018/scripts/arm-v7a15v3r1/lib conftest.c  >&5
configure:3165: $? = 0
configure:3213: result: yes
configure:3216: checking for C compiler default output file name
configure:3218: result: a.out
configure:3224: checking for suffix of executables
configure:3231: arm-v7a15v3r1-linux-gnueabi-gcc -o conftest  -I/home6/daewon2/Release/glibc/SP/SP_Linux/LP_Linux_Prj/REL/VDLinux.3.x.2012/toolchain/src/arm-mips-src-20121018/scripts/arm-v7a15v3r1/arm-v7a15v3r1-linux-gnueabi/sys-root/usr/include/tirpc -L/home6/daewon2/Release/glibc/SP/SP_Linux/LP_Linux_Prj/REL/VDLinux.3.x.2012/toolchain/src/arm-mips-src-20121018/scripts/arm-v7a15v3r1/lib conftest.c  >&5
configure:3235: $? = 0
configure:3257: result: 
configure:3279: checking whether we are cross compiling
configure:3317: result: yes
configure:3322: checking for suffix of object files
configure:3344: arm-v7a15v3r1-linux-gnueabi-gcc -c  -I/home6/daewon2/Release/glibc/SP/SP_Linux/LP_Linux_Prj/REL/VDLinux.3.x.2012/toolchain/src/arm-mips-src-20121018/scripts/arm-v7a15v3r1/arm-v7a15v3r1-linux-gnueabi/sys-root/usr/include/tirpc conftest.c >&5
configure:3348: $? = 0
configure:3369: result: o
configure:3373: checking whether we are using the GNU C compiler
configure:3392: arm-v7a15v3r1-linux-gnueabi-gcc -c  -I/home6/daewon2/Release/glibc/SP/SP_Linux/LP_Linux_Prj/REL/VDLinux.3.x.2012/toolchain/src/arm-mips-src-20121018/scripts/arm-v7a15v3r1/arm-v7a15v3r1-linux-gnueabi/sys-root/usr/include/tirpc conftest.c >&5
configure:3392: $? = 0
configure:3401: result: yes
configure:3410: checking whether arm-v7a15v3r1-linux-gnueabi-gcc accepts -g
configure:3430: arm-v7a15v3r1-linux-gnueabi-gcc -c -g -I/home6/daewon2/Release/glibc/SP/SP_Linux/LP_Linux_Prj/REL/VDLinux.3.x.2012/toolchain/src/arm-mips-src-20121018/scripts/arm-v7a15v3r1/arm-v7a15v3r1-linux-gnueabi/sys-root/usr/include/tirpc conftest.c >&5
configure:3430: $? = 0
configure:3471: result: yes
configure:3488: checking for arm-v7a15v3r1-linux-gnueabi-gcc option to accept ISO C89
configure:3552: arm-v7a15v3r1-linux-gnueabi-gcc  -c -g -O2 -I/home6/daewon2/Release/glibc/SP/SP_Linux/LP_Linux_Prj/REL/VDLinux.3.x.2012/toolchain/src/arm-mips-src-20121018/scripts/arm-v7a15v3r1/arm-v7a15v3r1-linux-gnueabi/sys-root/usr/include/tirpc conftest.c >&5
configure:3552: $? = 0
configure:3565: result: none needed
configure:3587: checking dependency style of arm-v7a15v3r1-linux-gnueabi-gcc
configure:3697: result: gcc3
configure:3977: checking for arm-v7a15v3r1-linux-gnueabi-gcc
configure:4004: result: arm-v7a15v3r1-linux-gnueabi-gcc
configure:4273: checking for C compiler version
configure:4282: arm-v7a15v3r1-linux-gnueabi-gcc --version >&5
arm-v7a15v3r1-linux-gnueabi-gcc (VDLinux.GA1.2012-10-03) 4.6.4
Copyright (C) 2011 Free Software Foundation, Inc.
This is free software; see the source for copying conditions.  There is NO
warranty; not even for MERCHANTABILITY or FITNESS FOR A PARTICULAR PURPOSE.

configure:4293: $? = 0
configure:4282: arm-v7a15v3r1-linux-gnueabi-gcc -v >&5
Using built-in specs.
COLLECT_GCC=arm-v7a15v3r1-linux-gnueabi-gcc
COLLECT_LTO_WRAPPER=/home6/daewon2/Release/glibc/SP/SP_Linux/LP_Linux_Prj/REL/VDLinux.3.x.2012/toolchain/src/arm-mips-src-20121018/scripts/arm-v7a15v3r1/libexec/gcc/arm-v7a15v3r1-linux-gnueabi/4.6.4/lto-wrapper
Target: arm-v7a15v3r1-linux-gnueabi
Configured with: /home6/daewon2/Release/glibc/SP/SP_Linux/LP_Linux_Prj/REL/VDLinux.3.x.2012/toolchain/src/arm-mips-src-20121018/build.arm.cortex-a15/sources/gcc_1/configure --build=x86_64-pc-linux-gnu --host=x86_64-pc-linux-gnu --target=arm-v7a15v3r1-linux-gnueabi --prefix=/home6/daewon2/Release/glibc/SP/SP_Linux/LP_Linux_Prj/REL/VDLinux.3.x.2012/toolchain/src/arm-mips-src-20121018/scripts/arm-v7a15v3r1 --with-sysroot=/home6/daewon2/Release/glibc/SP/SP_Linux/LP_Linux_Prj/REL/VDLinux.3.x.2012/toolchain/src/arm-mips-src-20121018/scripts/arm-v7a15v3r1/arm-v7a15v3r1-linux-gnueabi/sys-root --disable-libmudflap --disable-libssp --disable-nls --disable-libstdcxx-pch --with-specs='%{!ffunction-sections:%{!fno-function-sections:-ffunction-sections}} %{funwind-tables|fno-unwind-tables|mabi=*|ffreestanding|nostdlib:;:-funwind-tables} %{O3:%{!funswitch-loops:%{!fno-unswitch-loops:-fno-unswitch-loops}}}' --with-interwork --with-mode=arm --with-fpu=vfpv3 --with-cpu=cortex-a15 --with-tune=cortex-a15 --with-float=softfp --enable-libgomp --enable-poison-system-directories --enable-long-long --enable-threads --enable-languages=c,c++ --enable-shared --enable-lto --enable-symvers=gnu --enable-__cxa_atexit --with-pkgversion=VDLinux.GA1.2012-10-03 --with-bugurl=http://linux.sec.samsung.net/VDLinux/ --with-gnu-as --with-gnu-ld --with-host-libstdcxx='-static-libgcc -Wl,-Bstatic,-lstdc++,-Bdynamic -lm' --with-build-time-tools=/home6/daewon2/Release/glibc/SP/SP_Linux/LP_Linux_Prj/REL/VDLinux.3.x.2012/toolchain/src/arm-mips-src-20121018/scripts/arm-v7a15v3r1/bin --with-gmp=/home6/daewon2/Release/glibc/SP/SP_Linux/LP_Linux_Prj/REL/VDLinux.3.x.2012/toolchain/src/arm-mips-src-20121018/scripts/arm-v7a15v3r1 --with-mpfr=/home6/daewon2/Release/glibc/SP/SP_Linux/LP_Linux_Prj/REL/VDLinux.3.x.2012/toolchain/src/arm-mips-src-20121018/scripts/arm-v7a15v3r1 --with-ppl=/home6/daewon2/Release/glibc/SP/SP_Linux/LP_Linux_Prj/REL/VDLinux.3.x.2012/toolchain/src/arm-mips-src-20121018/scripts/arm-v7a15v3r1 --with-cloog=/home6/daewon2/Release/glibc/SP/SP_Linux/LP_Linux_Prj/REL/VDLinux.3.x.2012/toolchain/src/arm-mips-src-20121018/scripts/arm-v7a15v3r1 --with-libelf=/home6/daewon2/Release/glibc/SP/SP_Linux/LP_Linux_Prj/REL/VDLinux.3.x.2012/toolchain/src/arm-mips-src-20121018/scripts/arm-v7a15v3r1
Thread model: posix
gcc version 4.6.4 (VDLinux.GA1.2012-10-03) 
configure:4293: $? = 0
configure:4282: arm-v7a15v3r1-linux-gnueabi-gcc -V >&5
arm-v7a15v3r1-linux-gnueabi-gcc: error: unrecognized option '-V'
arm-v7a15v3r1-linux-gnueabi-gcc: fatal error: no input files
compilation terminated.
configure:4293: $? = 1
configure:4282: arm-v7a15v3r1-linux-gnueabi-gcc -qversion >&5
arm-v7a15v3r1-linux-gnueabi-gcc: error: unrecognized option '-qversion'
arm-v7a15v3r1-linux-gnueabi-gcc: fatal error: no input files
compilation terminated.
configure:4293: $? = 1
configure:4297: checking whether we are using the GNU C compiler
configure:4325: result: yes
configure:4334: checking whether arm-v7a15v3r1-linux-gnueabi-gcc accepts -g
configure:4395: result: yes
configure:4412: checking for arm-v7a15v3r1-linux-gnueabi-gcc option to accept ISO C89
configure:4489: result: none needed
configure:4511: checking dependency style of arm-v7a15v3r1-linux-gnueabi-gcc
configure:4621: result: gcc3
configure:4667: checking build system type
configure:4681: result: x86_64-pc-linux-gnu
configure:4701: checking host system type
configure:4714: result: arm-v7a15v3r1-linux-gnueabi
configure:4755: checking how to print strings
configure:4782: result: printf
configure:4803: checking for a sed that does not truncate output
configure:4867: result: /bin/sed
configure:4885: checking for grep that handles long lines and -e
configure:4943: result: /bin/grep
configure:4948: checking for egrep
configure:5010: result: /bin/grep -E
configure:5015: checking for fgrep
configure:5077: result: /bin/grep -F
configure:5112: checking for ld used by arm-v7a15v3r1-linux-gnueabi-gcc
configure:5179: result: /home6/daewon2/Release/glibc/SP/SP_Linux/LP_Linux_Prj/REL/VDLinux.3.x.2012/toolchain/src/arm-mips-src-20121018/scripts/arm-v7a15v3r1/arm-v7a15v3r1-linux-gnueabi/bin/ld
configure:5186: checking if the linker (/home6/daewon2/Release/glibc/SP/SP_Linux/LP_Linux_Prj/REL/VDLinux.3.x.2012/toolchain/src/arm-mips-src-20121018/scripts/arm-v7a15v3r1/arm-v7a15v3r1-linux-gnueabi/bin/ld) is GNU ld
configure:5201: result: yes
configure:5213: checking for BSD- or MS-compatible name lister (nm)
configure:5262: result: /home6/daewon2/Release/glibc/SP/SP_Linux/LP_Linux_Prj/REL/VDLinux.3.x.2012/toolchain/src/arm-mips-src-20121018/scripts/arm-v7a15v3r1/bin/arm-v7a15v3r1-linux-gnueabi-nm -B
configure:5392: checking the name lister (/home6/daewon2/Release/glibc/SP/SP_Linux/LP_Linux_Prj/REL/VDLinux.3.x.2012/toolchain/src/arm-mips-src-20121018/scripts/arm-v7a15v3r1/bin/arm-v7a15v3r1-linux-gnueabi-nm -B) interface
configure:5399: arm-v7a15v3r1-linux-gnueabi-gcc -c -g -O2 -I/home6/daewon2/Release/glibc/SP/SP_Linux/LP_Linux_Prj/REL/VDLinux.3.x.2012/toolchain/src/arm-mips-src-20121018/scripts/arm-v7a15v3r1/arm-v7a15v3r1-linux-gnueabi/sys-root/usr/include/tirpc conftest.c >&5
configure:5402: /home6/daewon2/Release/glibc/SP/SP_Linux/LP_Linux_Prj/REL/VDLinux.3.x.2012/toolchain/src/arm-mips-src-20121018/scripts/arm-v7a15v3r1/bin/arm-v7a15v3r1-linux-gnueabi-nm -B "conftest.o"
configure:5405: output
00000000 B some_variable
configure:5412: result: BSD nm
configure:5415: checking whether ln -s works
configure:5419: result: yes
configure:5427: checking the maximum length of command line arguments
configure:5552: result: 1572864
configure:5569: checking whether the shell understands some XSI constructs
configure:5579: result: yes
configure:5583: checking whether the shell understands "+="
configure:5589: result: yes
configure:5624: checking how to convert x86_64-pc-linux-gnu file names to arm-v7a15v3r1-linux-gnueabi format
configure:5664: result: func_convert_file_noop
configure:5671: checking how to convert x86_64-pc-linux-gnu file names to toolchain format
configure:5691: result: func_convert_file_noop
configure:5698: checking for /home6/daewon2/Release/glibc/SP/SP_Linux/LP_Linux_Prj/REL/VDLinux.3.x.2012/toolchain/src/arm-mips-src-20121018/scripts/arm-v7a15v3r1/arm-v7a15v3r1-linux-gnueabi/bin/ld option to reload object files
configure:5705: result: -r
configure:5739: checking for arm-v7a15v3r1-linux-gnueabi-objdump
configure:5755: found /home6/daewon2/Release/glibc/SP/SP_Linux/LP_Linux_Prj/REL/VDLinux.3.x.2012/toolchain/src/arm-mips-src-20121018/scripts/arm-v7a15v3r1/bin/arm-v7a15v3r1-linux-gnueabi-objdump
configure:5766: result: arm-v7a15v3r1-linux-gnueabi-objdump
configure:5838: checking how to recognize dependent libraries
configure:6040: result: pass_all
configure:6085: checking for arm-v7a15v3r1-linux-gnueabi-dlltool
configure:6115: result: no
configure:6125: checking for dlltool
configure:6155: result: no
configure:6185: checking how to associate runtime and link libraries
configure:6212: result: printf %s\n
configure:6228: checking for arm-v7a15v3r1-linux-gnueabi-ar
configure:6244: found /home6/daewon2/Release/glibc/SP/SP_Linux/LP_Linux_Prj/REL/VDLinux.3.x.2012/toolchain/src/arm-mips-src-20121018/scripts/arm-v7a15v3r1/bin/arm-v7a15v3r1-linux-gnueabi-ar
configure:6255: result: arm-v7a15v3r1-linux-gnueabi-ar
configure:6336: checking for archiver @FILE support
configure:6353: arm-v7a15v3r1-linux-gnueabi-gcc -c -g -O2 -I/home6/daewon2/Release/glibc/SP/SP_Linux/LP_Linux_Prj/REL/VDLinux.3.x.2012/toolchain/src/arm-mips-src-20121018/scripts/arm-v7a15v3r1/arm-v7a15v3r1-linux-gnueabi/sys-root/usr/include/tirpc conftest.c >&5
configure:6353: $? = 0
configure:6356: arm-v7a15v3r1-linux-gnueabi-ar cru libconftest.a @conftest.lst >&5
configure:6359: $? = 0
configure:6364: arm-v7a15v3r1-linux-gnueabi-ar cru libconftest.a @conftest.lst >&5
arm-v7a15v3r1-linux-gnueabi-ar: conftest.o: No such file or directory
configure:6367: $? = 1
configure:6379: result: @
configure:6397: checking for arm-v7a15v3r1-linux-gnueabi-strip
configure:6424: result: arm-v7a15v3r1-linux-gnueabi-strip
configure:6496: checking for arm-v7a15v3r1-linux-gnueabi-ranlib
configure:6512: found /home6/daewon2/Release/glibc/SP/SP_Linux/LP_Linux_Prj/REL/VDLinux.3.x.2012/toolchain/src/arm-mips-src-20121018/scripts/arm-v7a15v3r1/bin/arm-v7a15v3r1-linux-gnueabi-ranlib
configure:6523: result: arm-v7a15v3r1-linux-gnueabi-ranlib
configure:6665: checking command to parse /home6/daewon2/Release/glibc/SP/SP_Linux/LP_Linux_Prj/REL/VDLinux.3.x.2012/toolchain/src/arm-mips-src-20121018/scripts/arm-v7a15v3r1/bin/arm-v7a15v3r1-linux-gnueabi-nm -B output from arm-v7a15v3r1-linux-gnueabi-gcc object
configure:6784: arm-v7a15v3r1-linux-gnueabi-gcc -c -g -O2 -I/home6/daewon2/Release/glibc/SP/SP_Linux/LP_Linux_Prj/REL/VDLinux.3.x.2012/toolchain/src/arm-mips-src-20121018/scripts/arm-v7a15v3r1/arm-v7a15v3r1-linux-gnueabi/sys-root/usr/include/tirpc conftest.c >&5
configure:6787: $? = 0
configure:6791: /home6/daewon2/Release/glibc/SP/SP_Linux/LP_Linux_Prj/REL/VDLinux.3.x.2012/toolchain/src/arm-mips-src-20121018/scripts/arm-v7a15v3r1/bin/arm-v7a15v3r1-linux-gnueabi-nm -B conftest.o \| sed -n -e 's/^.*[ ]\([ABCDGIRSTW][ABCDGIRSTW]*\)[ ][ ]*\([_A-Za-z][_A-Za-z0-9]*\)$/\1 \2 \2/p' | sed '/ __gnu_lto/d' \> conftest.nm
configure:6794: $? = 0
configure:6860: arm-v7a15v3r1-linux-gnueabi-gcc -o conftest -g -O2 -I/home6/daewon2/Release/glibc/SP/SP_Linux/LP_Linux_Prj/REL/VDLinux.3.x.2012/toolchain/src/arm-mips-src-20121018/scripts/arm-v7a15v3r1/arm-v7a15v3r1-linux-gnueabi/sys-root/usr/include/tirpc -L/home6/daewon2/Release/glibc/SP/SP_Linux/LP_Linux_Prj/REL/VDLinux.3.x.2012/toolchain/src/arm-mips-src-20121018/scripts/arm-v7a15v3r1/lib conftest.c conftstm.o >&5
configure:6863: $? = 0
configure:6901: result: ok
configure:6938: checking for sysroot
configure:6968: result: no
configure:7171: checking for arm-v7a15v3r1-linux-gnueabi-mt
configure:7201: result: no
configure:7211: checking for mt
configure:7227: found /bin/mt
configure:7238: result: mt
configure:7250: WARNING: using cross tools not prefixed with host triplet
configure:7261: checking if mt is a manifest tool
configure:7267: mt '-?'
mt: invalid option -- ?
configure:7275: result: no
configure:7907: checking how to run the C preprocessor
configure:7938: arm-v7a15v3r1-linux-gnueabi-gcc -E -I/home6/daewon2/Release/glibc/SP/SP_Linux/LP_Linux_Prj/REL/VDLinux.3.x.2012/toolchain/src/arm-mips-src-20121018/scripts/arm-v7a15v3r1/arm-v7a15v3r1-linux-gnueabi/sys-root/usr/include/tirpc conftest.c
configure:7938: $? = 0
configure:7952: arm-v7a15v3r1-linux-gnueabi-gcc -E -I/home6/daewon2/Release/glibc/SP/SP_Linux/LP_Linux_Prj/REL/VDLinux.3.x.2012/toolchain/src/arm-mips-src-20121018/scripts/arm-v7a15v3r1/arm-v7a15v3r1-linux-gnueabi/sys-root/usr/include/tirpc conftest.c
conftest.c:11:28: fatal error: ac_nonexistent.h: No such file or directory
compilation terminated.
configure:7952: $? = 1
configure: failed program was:
| /* confdefs.h */
| #define PACKAGE_NAME "libtirpc"
| #define PACKAGE_TARNAME "libtirpc"
| #define PACKAGE_VERSION "0.2.2"
| #define PACKAGE_STRING "libtirpc 0.2.2"
| #define PACKAGE_BUGREPORT ""
| #define PACKAGE_URL ""
| #define PACKAGE "libtirpc"
| #define VERSION "0.2.2"
| /* end confdefs.h.  */
| #include <ac_nonexistent.h>
configure:7977: result: arm-v7a15v3r1-linux-gnueabi-gcc -E
configure:7997: arm-v7a15v3r1-linux-gnueabi-gcc -E -I/home6/daewon2/Release/glibc/SP/SP_Linux/LP_Linux_Prj/REL/VDLinux.3.x.2012/toolchain/src/arm-mips-src-20121018/scripts/arm-v7a15v3r1/arm-v7a15v3r1-linux-gnueabi/sys-root/usr/include/tirpc conftest.c
configure:7997: $? = 0
configure:8011: arm-v7a15v3r1-linux-gnueabi-gcc -E -I/home6/daewon2/Release/glibc/SP/SP_Linux/LP_Linux_Prj/REL/VDLinux.3.x.2012/toolchain/src/arm-mips-src-20121018/scripts/arm-v7a15v3r1/arm-v7a15v3r1-linux-gnueabi/sys-root/usr/include/tirpc conftest.c
conftest.c:11:28: fatal error: ac_nonexistent.h: No such file or directory
compilation terminated.
configure:8011: $? = 1
configure: failed program was:
| /* confdefs.h */
| #define PACKAGE_NAME "libtirpc"
| #define PACKAGE_TARNAME "libtirpc"
| #define PACKAGE_VERSION "0.2.2"
| #define PACKAGE_STRING "libtirpc 0.2.2"
| #define PACKAGE_BUGREPORT ""
| #define PACKAGE_URL ""
| #define PACKAGE "libtirpc"
| #define VERSION "0.2.2"
| /* end confdefs.h.  */
| #include <ac_nonexistent.h>
configure:8040: checking for ANSI C header files
configure:8060: arm-v7a15v3r1-linux-gnueabi-gcc -c -g -O2 -I/home6/daewon2/Release/glibc/SP/SP_Linux/LP_Linux_Prj/REL/VDLinux.3.x.2012/toolchain/src/arm-mips-src-20121018/scripts/arm-v7a15v3r1/arm-v7a15v3r1-linux-gnueabi/sys-root/usr/include/tirpc conftest.c >&5
configure:8060: $? = 0
configure:8144: result: yes
configure:8157: checking for sys/types.h
configure:8157: arm-v7a15v3r1-linux-gnueabi-gcc -c -g -O2 -I/home6/daewon2/Release/glibc/SP/SP_Linux/LP_Linux_Prj/REL/VDLinux.3.x.2012/toolchain/src/arm-mips-src-20121018/scripts/arm-v7a15v3r1/arm-v7a15v3r1-linux-gnueabi/sys-root/usr/include/tirpc conftest.c >&5
configure:8157: $? = 0
configure:8157: result: yes
configure:8157: checking for sys/stat.h
configure:8157: arm-v7a15v3r1-linux-gnueabi-gcc -c -g -O2 -I/home6/daewon2/Release/glibc/SP/SP_Linux/LP_Linux_Prj/REL/VDLinux.3.x.2012/toolchain/src/arm-mips-src-20121018/scripts/arm-v7a15v3r1/arm-v7a15v3r1-linux-gnueabi/sys-root/usr/include/tirpc conftest.c >&5
configure:8157: $? = 0
configure:8157: result: yes
configure:8157: checking for stdlib.h
configure:8157: arm-v7a15v3r1-linux-gnueabi-gcc -c -g -O2 -I/home6/daewon2/Release/glibc/SP/SP_Linux/LP_Linux_Prj/REL/VDLinux.3.x.2012/toolchain/src/arm-mips-src-20121018/scripts/arm-v7a15v3r1/arm-v7a15v3r1-linux-gnueabi/sys-root/usr/include/tirpc conftest.c >&5
configure:8157: $? = 0
configure:8157: result: yes
configure:8157: checking for string.h
configure:8157: arm-v7a15v3r1-linux-gnueabi-gcc -c -g -O2 -I/home6/daewon2/Release/glibc/SP/SP_Linux/LP_Linux_Prj/REL/VDLinux.3.x.2012/toolchain/src/arm-mips-src-20121018/scripts/arm-v7a15v3r1/arm-v7a15v3r1-linux-gnueabi/sys-root/usr/include/tirpc conftest.c >&5
configure:8157: $? = 0
configure:8157: result: yes
configure:8157: checking for memory.h
configure:8157: arm-v7a15v3r1-linux-gnueabi-gcc -c -g -O2 -I/home6/daewon2/Release/glibc/SP/SP_Linux/LP_Linux_Prj/REL/VDLinux.3.x.2012/toolchain/src/arm-mips-src-20121018/scripts/arm-v7a15v3r1/arm-v7a15v3r1-linux-gnueabi/sys-root/usr/include/tirpc conftest.c >&5
configure:8157: $? = 0
configure:8157: result: yes
configure:8157: checking for strings.h
configure:8157: arm-v7a15v3r1-linux-gnueabi-gcc -c -g -O2 -I/home6/daewon2/Release/glibc/SP/SP_Linux/LP_Linux_Prj/REL/VDLinux.3.x.2012/toolchain/src/arm-mips-src-20121018/scripts/arm-v7a15v3r1/arm-v7a15v3r1-linux-gnueabi/sys-root/usr/include/tirpc conftest.c >&5
configure:8157: $? = 0
configure:8157: result: yes
configure:8157: checking for inttypes.h
configure:8157: arm-v7a15v3r1-linux-gnueabi-gcc -c -g -O2 -I/home6/daewon2/Release/glibc/SP/SP_Linux/LP_Linux_Prj/REL/VDLinux.3.x.2012/toolchain/src/arm-mips-src-20121018/scripts/arm-v7a15v3r1/arm-v7a15v3r1-linux-gnueabi/sys-root/usr/include/tirpc conftest.c >&5
configure:8157: $? = 0
configure:8157: result: yes
configure:8157: checking for stdint.h
configure:8157: arm-v7a15v3r1-linux-gnueabi-gcc -c -g -O2 -I/home6/daewon2/Release/glibc/SP/SP_Linux/LP_Linux_Prj/REL/VDLinux.3.x.2012/toolchain/src/arm-mips-src-20121018/scripts/arm-v7a15v3r1/arm-v7a15v3r1-linux-gnueabi/sys-root/usr/include/tirpc conftest.c >&5
configure:8157: $? = 0
configure:8157: result: yes
configure:8157: checking for unistd.h
configure:8157: arm-v7a15v3r1-linux-gnueabi-gcc -c -g -O2 -I/home6/daewon2/Release/glibc/SP/SP_Linux/LP_Linux_Prj/REL/VDLinux.3.x.2012/toolchain/src/arm-mips-src-20121018/scripts/arm-v7a15v3r1/arm-v7a15v3r1-linux-gnueabi/sys-root/usr/include/tirpc conftest.c >&5
configure:8157: $? = 0
configure:8157: result: yes
configure:8171: checking for dlfcn.h
configure:8171: arm-v7a15v3r1-linux-gnueabi-gcc -c -g -O2 -I/home6/daewon2/Release/glibc/SP/SP_Linux/LP_Linux_Prj/REL/VDLinux.3.x.2012/toolchain/src/arm-mips-src-20121018/scripts/arm-v7a15v3r1/arm-v7a15v3r1-linux-gnueabi/sys-root/usr/include/tirpc conftest.c >&5
configure:8171: $? = 0
configure:8171: result: yes
configure:8358: checking for objdir
configure:8373: result: .libs
configure:8640: checking if arm-v7a15v3r1-linux-gnueabi-gcc supports -fno-rtti -fno-exceptions
configure:8658: arm-v7a15v3r1-linux-gnueabi-gcc -c -g -O2 -I/home6/daewon2/Release/glibc/SP/SP_Linux/LP_Linux_Prj/REL/VDLinux.3.x.2012/toolchain/src/arm-mips-src-20121018/scripts/arm-v7a15v3r1/arm-v7a15v3r1-linux-gnueabi/sys-root/usr/include/tirpc -fno-rtti -fno-exceptions conftest.c >&5
cc1: warning: command line option '-fno-rtti' is valid for C++/ObjC++ but not for C [enabled by default]
configure:8662: $? = 0
configure:8675: result: no
configure:8985: checking for arm-v7a15v3r1-linux-gnueabi-gcc option to produce PIC
configure:8992: result: -fPIC -DPIC
configure:9000: checking if arm-v7a15v3r1-linux-gnueabi-gcc PIC flag -fPIC -DPIC works
configure:9018: arm-v7a15v3r1-linux-gnueabi-gcc -c -g -O2 -I/home6/daewon2/Release/glibc/SP/SP_Linux/LP_Linux_Prj/REL/VDLinux.3.x.2012/toolchain/src/arm-mips-src-20121018/scripts/arm-v7a15v3r1/arm-v7a15v3r1-linux-gnueabi/sys-root/usr/include/tirpc -fPIC -DPIC -DPIC conftest.c >&5
configure:9022: $? = 0
configure:9035: result: yes
configure:9064: checking if arm-v7a15v3r1-linux-gnueabi-gcc static flag -static works
configure:9092: result: yes
configure:9107: checking if arm-v7a15v3r1-linux-gnueabi-gcc supports -c -o file.o
configure:9128: arm-v7a15v3r1-linux-gnueabi-gcc -c -g -O2 -I/home6/daewon2/Release/glibc/SP/SP_Linux/LP_Linux_Prj/REL/VDLinux.3.x.2012/toolchain/src/arm-mips-src-20121018/scripts/arm-v7a15v3r1/arm-v7a15v3r1-linux-gnueabi/sys-root/usr/include/tirpc -o out/conftest2.o conftest.c >&5
configure:9132: $? = 0
configure:9154: result: yes
configure:9162: checking if arm-v7a15v3r1-linux-gnueabi-gcc supports -c -o file.o
configure:9209: result: yes
configure:9242: checking whether the arm-v7a15v3r1-linux-gnueabi-gcc linker (/home6/daewon2/Release/glibc/SP/SP_Linux/LP_Linux_Prj/REL/VDLinux.3.x.2012/toolchain/src/arm-mips-src-20121018/scripts/arm-v7a15v3r1/arm-v7a15v3r1-linux-gnueabi/bin/ld) supports shared libraries
configure:10400: result: yes
configure:10437: checking whether -lc should be explicitly linked in
configure:10445: arm-v7a15v3r1-linux-gnueabi-gcc -c -g -O2 -I/home6/daewon2/Release/glibc/SP/SP_Linux/LP_Linux_Prj/REL/VDLinux.3.x.2012/toolchain/src/arm-mips-src-20121018/scripts/arm-v7a15v3r1/arm-v7a15v3r1-linux-gnueabi/sys-root/usr/include/tirpc conftest.c >&5
configure:10448: $? = 0
configure:10463: arm-v7a15v3r1-linux-gnueabi-gcc -shared  -fPIC -DPIC conftest.o  -v -Wl,-soname -Wl,conftest -o conftest 2\>\&1 \| /bin/grep  -lc  \>/dev/null 2\>\&1
configure:10466: $? = 0
configure:10480: result: no
configure:10645: checking dynamic linker characteristics
configure:11159: arm-v7a15v3r1-linux-gnueabi-gcc -o conftest -g -O2 -I/home6/daewon2/Release/glibc/SP/SP_Linux/LP_Linux_Prj/REL/VDLinux.3.x.2012/toolchain/src/arm-mips-src-20121018/scripts/arm-v7a15v3r1/arm-v7a15v3r1-linux-gnueabi/sys-root/usr/include/tirpc -L/home6/daewon2/Release/glibc/SP/SP_Linux/LP_Linux_Prj/REL/VDLinux.3.x.2012/toolchain/src/arm-mips-src-20121018/scripts/arm-v7a15v3r1/lib -Wl,-rpath -Wl,/foo conftest.c  >&5
configure:11159: $? = 0
configure:11385: result: GNU/Linux ld.so
configure:11492: checking how to hardcode library paths into programs
configure:11517: result: immediate
configure:12057: checking whether stripping libraries is possible
configure:12062: result: yes
configure:12097: checking if libtool supports shared libraries
configure:12099: result: yes
configure:12102: checking whether to build shared libraries
configure:12123: result: yes
configure:12126: checking whether to build static libraries
configure:12130: result: yes
configure:12168: checking for dirent.h that defines DIR
configure:12187: arm-v7a15v3r1-linux-gnueabi-gcc -c -g -O2 -I/home6/daewon2/Release/glibc/SP/SP_Linux/LP_Linux_Prj/REL/VDLinux.3.x.2012/toolchain/src/arm-mips-src-20121018/scripts/arm-v7a15v3r1/arm-v7a15v3r1-linux-gnueabi/sys-root/usr/include/tirpc conftest.c >&5
configure:12187: $? = 0
configure:12195: result: yes
configure:12208: checking for library containing opendir
configure:12239: arm-v7a15v3r1-linux-gnueabi-gcc -o conftest -g -O2 -I/home6/daewon2/Release/glibc/SP/SP_Linux/LP_Linux_Prj/REL/VDLinux.3.x.2012/toolchain/src/arm-mips-src-20121018/scripts/arm-v7a15v3r1/arm-v7a15v3r1-linux-gnueabi/sys-root/usr/include/tirpc -L/home6/daewon2/Release/glibc/SP/SP_Linux/LP_Linux_Prj/REL/VDLinux.3.x.2012/toolchain/src/arm-mips-src-20121018/scripts/arm-v7a15v3r1/lib conftest.c  >&5
configure:12239: $? = 0
configure:12256: result: none required
configure:12327: checking arpa/inet.h usability
configure:12327: arm-v7a15v3r1-linux-gnueabi-gcc -c -g -O2 -I/home6/daewon2/Release/glibc/SP/SP_Linux/LP_Linux_Prj/REL/VDLinux.3.x.2012/toolchain/src/arm-mips-src-20121018/scripts/arm-v7a15v3r1/arm-v7a15v3r1-linux-gnueabi/sys-root/usr/include/tirpc conftest.c >&5
configure:12327: $? = 0
configure:12327: result: yes
configure:12327: checking arpa/inet.h presence
configure:12327: arm-v7a15v3r1-linux-gnueabi-gcc -E -I/home6/daewon2/Release/glibc/SP/SP_Linux/LP_Linux_Prj/REL/VDLinux.3.x.2012/toolchain/src/arm-mips-src-20121018/scripts/arm-v7a15v3r1/arm-v7a15v3r1-linux-gnueabi/sys-root/usr/include/tirpc conftest.c
configure:12327: $? = 0
configure:12327: result: yes
configure:12327: checking for arpa/inet.h
configure:12327: result: yes
configure:12327: checking fcntl.h usability
configure:12327: arm-v7a15v3r1-linux-gnueabi-gcc -c -g -O2 -I/home6/daewon2/Release/glibc/SP/SP_Linux/LP_Linux_Prj/REL/VDLinux.3.x.2012/toolchain/src/arm-mips-src-20121018/scripts/arm-v7a15v3r1/arm-v7a15v3r1-linux-gnueabi/sys-root/usr/include/tirpc conftest.c >&5
configure:12327: $? = 0
configure:12327: result: yes
configure:12327: checking fcntl.h presence
configure:12327: arm-v7a15v3r1-linux-gnueabi-gcc -E -I/home6/daewon2/Release/glibc/SP/SP_Linux/LP_Linux_Prj/REL/VDLinux.3.x.2012/toolchain/src/arm-mips-src-20121018/scripts/arm-v7a15v3r1/arm-v7a15v3r1-linux-gnueabi/sys-root/usr/include/tirpc conftest.c
configure:12327: $? = 0
configure:12327: result: yes
configure:12327: checking for fcntl.h
configure:12327: result: yes
configure:12327: checking libintl.h usability
configure:12327: arm-v7a15v3r1-linux-gnueabi-gcc -c -g -O2 -I/home6/daewon2/Release/glibc/SP/SP_Linux/LP_Linux_Prj/REL/VDLinux.3.x.2012/toolchain/src/arm-mips-src-20121018/scripts/arm-v7a15v3r1/arm-v7a15v3r1-linux-gnueabi/sys-root/usr/include/tirpc conftest.c >&5
configure:12327: $? = 0
configure:12327: result: yes
configure:12327: checking libintl.h presence
configure:12327: arm-v7a15v3r1-linux-gnueabi-gcc -E -I/home6/daewon2/Release/glibc/SP/SP_Linux/LP_Linux_Prj/REL/VDLinux.3.x.2012/toolchain/src/arm-mips-src-20121018/scripts/arm-v7a15v3r1/arm-v7a15v3r1-linux-gnueabi/sys-root/usr/include/tirpc conftest.c
configure:12327: $? = 0
configure:12327: result: yes
configure:12327: checking for libintl.h
configure:12327: result: yes
configure:12327: checking limits.h usability
configure:12327: arm-v7a15v3r1-linux-gnueabi-gcc -c -g -O2 -I/home6/daewon2/Release/glibc/SP/SP_Linux/LP_Linux_Prj/REL/VDLinux.3.x.2012/toolchain/src/arm-mips-src-20121018/scripts/arm-v7a15v3r1/arm-v7a15v3r1-linux-gnueabi/sys-root/usr/include/tirpc conftest.c >&5
configure:12327: $? = 0
configure:12327: result: yes
configure:12327: checking limits.h presence
configure:12327: arm-v7a15v3r1-linux-gnueabi-gcc -E -I/home6/daewon2/Release/glibc/SP/SP_Linux/LP_Linux_Prj/REL/VDLinux.3.x.2012/toolchain/src/arm-mips-src-20121018/scripts/arm-v7a15v3r1/arm-v7a15v3r1-linux-gnueabi/sys-root/usr/include/tirpc conftest.c
configure:12327: $? = 0
configure:12327: result: yes
configure:12327: checking for limits.h
configure:12327: result: yes
configure:12327: checking locale.h usability
configure:12327: arm-v7a15v3r1-linux-gnueabi-gcc -c -g -O2 -I/home6/daewon2/Release/glibc/SP/SP_Linux/LP_Linux_Prj/REL/VDLinux.3.x.2012/toolchain/src/arm-mips-src-20121018/scripts/arm-v7a15v3r1/arm-v7a15v3r1-linux-gnueabi/sys-root/usr/include/tirpc conftest.c >&5
configure:12327: $? = 0
configure:12327: result: yes
configure:12327: checking locale.h presence
configure:12327: arm-v7a15v3r1-linux-gnueabi-gcc -E -I/home6/daewon2/Release/glibc/SP/SP_Linux/LP_Linux_Prj/REL/VDLinux.3.x.2012/toolchain/src/arm-mips-src-20121018/scripts/arm-v7a15v3r1/arm-v7a15v3r1-linux-gnueabi/sys-root/usr/include/tirpc conftest.c
configure:12327: $? = 0
configure:12327: result: yes
configure:12327: checking for locale.h
configure:12327: result: yes
configure:12327: checking netdb.h usability
configure:12327: arm-v7a15v3r1-linux-gnueabi-gcc -c -g -O2 -I/home6/daewon2/Release/glibc/SP/SP_Linux/LP_Linux_Prj/REL/VDLinux.3.x.2012/toolchain/src/arm-mips-src-20121018/scripts/arm-v7a15v3r1/arm-v7a15v3r1-linux-gnueabi/sys-root/usr/include/tirpc conftest.c >&5
configure:12327: $? = 0
configure:12327: result: yes
configure:12327: checking netdb.h presence
configure:12327: arm-v7a15v3r1-linux-gnueabi-gcc -E -I/home6/daewon2/Release/glibc/SP/SP_Linux/LP_Linux_Prj/REL/VDLinux.3.x.2012/toolchain/src/arm-mips-src-20121018/scripts/arm-v7a15v3r1/arm-v7a15v3r1-linux-gnueabi/sys-root/usr/include/tirpc conftest.c
configure:12327: $? = 0
configure:12327: result: yes
configure:12327: checking for netdb.h
configure:12327: result: yes
configure:12327: checking netinet/in.h usability
configure:12327: arm-v7a15v3r1-linux-gnueabi-gcc -c -g -O2 -I/home6/daewon2/Release/glibc/SP/SP_Linux/LP_Linux_Prj/REL/VDLinux.3.x.2012/toolchain/src/arm-mips-src-20121018/scripts/arm-v7a15v3r1/arm-v7a15v3r1-linux-gnueabi/sys-root/usr/include/tirpc conftest.c >&5
configure:12327: $? = 0
configure:12327: result: yes
configure:12327: checking netinet/in.h presence
configure:12327: arm-v7a15v3r1-linux-gnueabi-gcc -E -I/home6/daewon2/Release/glibc/SP/SP_Linux/LP_Linux_Prj/REL/VDLinux.3.x.2012/toolchain/src/arm-mips-src-20121018/scripts/arm-v7a15v3r1/arm-v7a15v3r1-linux-gnueabi/sys-root/usr/include/tirpc conftest.c
configure:12327: $? = 0
configure:12327: result: yes
configure:12327: checking for netinet/in.h
configure:12327: result: yes
configure:12327: checking stddef.h usability
configure:12327: arm-v7a15v3r1-linux-gnueabi-gcc -c -g -O2 -I/home6/daewon2/Release/glibc/SP/SP_Linux/LP_Linux_Prj/REL/VDLinux.3.x.2012/toolchain/src/arm-mips-src-20121018/scripts/arm-v7a15v3r1/arm-v7a15v3r1-linux-gnueabi/sys-root/usr/include/tirpc conftest.c >&5
configure:12327: $? = 0
configure:12327: result: yes
configure:12327: checking stddef.h presence
configure:12327: arm-v7a15v3r1-linux-gnueabi-gcc -E -I/home6/daewon2/Release/glibc/SP/SP_Linux/LP_Linux_Prj/REL/VDLinux.3.x.2012/toolchain/src/arm-mips-src-20121018/scripts/arm-v7a15v3r1/arm-v7a15v3r1-linux-gnueabi/sys-root/usr/include/tirpc conftest.c
configure:12327: $? = 0
configure:12327: result: yes
configure:12327: checking for stddef.h
configure:12327: result: yes
configure:12327: checking for stdint.h
configure:12327: result: yes
configure:12327: checking for stdlib.h
configure:12327: result: yes
configure:12327: checking for string.h
configure:12327: result: yes
configure:12327: checking sys/ioctl.h usability
configure:12327: arm-v7a15v3r1-linux-gnueabi-gcc -c -g -O2 -I/home6/daewon2/Release/glibc/SP/SP_Linux/LP_Linux_Prj/REL/VDLinux.3.x.2012/toolchain/src/arm-mips-src-20121018/scripts/arm-v7a15v3r1/arm-v7a15v3r1-linux-gnueabi/sys-root/usr/include/tirpc conftest.c >&5
configure:12327: $? = 0
configure:12327: result: yes
configure:12327: checking sys/ioctl.h presence
configure:12327: arm-v7a15v3r1-linux-gnueabi-gcc -E -I/home6/daewon2/Release/glibc/SP/SP_Linux/LP_Linux_Prj/REL/VDLinux.3.x.2012/toolchain/src/arm-mips-src-20121018/scripts/arm-v7a15v3r1/arm-v7a15v3r1-linux-gnueabi/sys-root/usr/include/tirpc conftest.c
configure:12327: $? = 0
configure:12327: result: yes
configure:12327: checking for sys/ioctl.h
configure:12327: result: yes
configure:12327: checking sys/param.h usability
configure:12327: arm-v7a15v3r1-linux-gnueabi-gcc -c -g -O2 -I/home6/daewon2/Release/glibc/SP/SP_Linux/LP_Linux_Prj/REL/VDLinux.3.x.2012/toolchain/src/arm-mips-src-20121018/scripts/arm-v7a15v3r1/arm-v7a15v3r1-linux-gnueabi/sys-root/usr/include/tirpc conftest.c >&5
configure:12327: $? = 0
configure:12327: result: yes
configure:12327: checking sys/param.h presence
configure:12327: arm-v7a15v3r1-linux-gnueabi-gcc -E -I/home6/daewon2/Release/glibc/SP/SP_Linux/LP_Linux_Prj/REL/VDLinux.3.x.2012/toolchain/src/arm-mips-src-20121018/scripts/arm-v7a15v3r1/arm-v7a15v3r1-linux-gnueabi/sys-root/usr/include/tirpc conftest.c
configure:12327: $? = 0
configure:12327: result: yes
configure:12327: checking for sys/param.h
configure:12327: result: yes
configure:12327: checking sys/socket.h usability
configure:12327: arm-v7a15v3r1-linux-gnueabi-gcc -c -g -O2 -I/home6/daewon2/Release/glibc/SP/SP_Linux/LP_Linux_Prj/REL/VDLinux.3.x.2012/toolchain/src/arm-mips-src-20121018/scripts/arm-v7a15v3r1/arm-v7a15v3r1-linux-gnueabi/sys-root/usr/include/tirpc conftest.c >&5
configure:12327: $? = 0
configure:12327: result: yes
configure:12327: checking sys/socket.h presence
configure:12327: arm-v7a15v3r1-linux-gnueabi-gcc -E -I/home6/daewon2/Release/glibc/SP/SP_Linux/LP_Linux_Prj/REL/VDLinux.3.x.2012/toolchain/src/arm-mips-src-20121018/scripts/arm-v7a15v3r1/arm-v7a15v3r1-linux-gnueabi/sys-root/usr/include/tirpc conftest.c
configure:12327: $? = 0
configure:12327: result: yes
configure:12327: checking for sys/socket.h
configure:12327: result: yes
configure:12327: checking sys/time.h usability
configure:12327: arm-v7a15v3r1-linux-gnueabi-gcc -c -g -O2 -I/home6/daewon2/Release/glibc/SP/SP_Linux/LP_Linux_Prj/REL/VDLinux.3.x.2012/toolchain/src/arm-mips-src-20121018/scripts/arm-v7a15v3r1/arm-v7a15v3r1-linux-gnueabi/sys-root/usr/include/tirpc conftest.c >&5
configure:12327: $? = 0
configure:12327: result: yes
configure:12327: checking sys/time.h presence
configure:12327: arm-v7a15v3r1-linux-gnueabi-gcc -E -I/home6/daewon2/Release/glibc/SP/SP_Linux/LP_Linux_Prj/REL/VDLinux.3.x.2012/toolchain/src/arm-mips-src-20121018/scripts/arm-v7a15v3r1/arm-v7a15v3r1-linux-gnueabi/sys-root/usr/include/tirpc conftest.c
configure:12327: $? = 0
configure:12327: result: yes
configure:12327: checking for sys/time.h
configure:12327: result: yes
configure:12327: checking syslog.h usability
configure:12327: arm-v7a15v3r1-linux-gnueabi-gcc -c -g -O2 -I/home6/daewon2/Release/glibc/SP/SP_Linux/LP_Linux_Prj/REL/VDLinux.3.x.2012/toolchain/src/arm-mips-src-20121018/scripts/arm-v7a15v3r1/arm-v7a15v3r1-linux-gnueabi/sys-root/usr/include/tirpc conftest.c >&5
configure:12327: $? = 0
configure:12327: result: yes
configure:12327: checking syslog.h presence
configure:12327: arm-v7a15v3r1-linux-gnueabi-gcc -E -I/home6/daewon2/Release/glibc/SP/SP_Linux/LP_Linux_Prj/REL/VDLinux.3.x.2012/toolchain/src/arm-mips-src-20121018/scripts/arm-v7a15v3r1/arm-v7a15v3r1-linux-gnueabi/sys-root/usr/include/tirpc conftest.c
configure:12327: $? = 0
configure:12327: result: yes
configure:12327: checking for syslog.h
configure:12327: result: yes
configure:12327: checking for unistd.h
configure:12327: result: yes
configure:12337: checking for pthread_create in -lpthread
configure:12362: arm-v7a15v3r1-linux-gnueabi-gcc -o conftest -g -O2 -I/home6/daewon2/Release/glibc/SP/SP_Linux/LP_Linux_Prj/REL/VDLinux.3.x.2012/toolchain/src/arm-mips-src-20121018/scripts/arm-v7a15v3r1/arm-v7a15v3r1-linux-gnueabi/sys-root/usr/include/tirpc -L/home6/daewon2/Release/glibc/SP/SP_Linux/LP_Linux_Prj/REL/VDLinux.3.x.2012/toolchain/src/arm-mips-src-20121018/scripts/arm-v7a15v3r1/lib conftest.c -lpthread   >&5
configure:12362: $? = 0
configure:12371: result: yes
configure:12530: creating ./config.status

## ---------------------- ##
## Running config.status. ##
## ---------------------- ##

This file was extended by libtirpc config.status 0.2.2, which was
generated by GNU Autoconf 2.68.  Invocation command line was

  CONFIG_FILES    = 
  CONFIG_HEADERS  = 
  CONFIG_LINKS    = 
  CONFIG_COMMANDS = 
  $ ./config.status 

on vdbs1218

config.status:1130: creating Makefile
config.status:1130: creating src/Makefile
config.status:1130: creating man/Makefile
config.status:1130: creating doc/Makefile
config.status:1130: creating libtirpc.pc
config.status:1130: creating config.h
config.status:1359: executing depfiles commands
config.status:1359: executing libtool commands

## ---------------- ##
## Cache variables. ##
## ---------------- ##

ac_cv_build=x86_64-pc-linux-gnu
ac_cv_c_compiler_gnu=yes
ac_cv_env_CC_set=
ac_cv_env_CC_value=
ac_cv_env_CFLAGS_set=
ac_cv_env_CFLAGS_value=
ac_cv_env_CPPFLAGS_set=set
ac_cv_env_CPPFLAGS_value=-I/home6/daewon2/Release/glibc/SP/SP_Linux/LP_Linux_Prj/REL/VDLinux.3.x.2012/toolchain/src/arm-mips-src-20121018/scripts/arm-v7a15v3r1/arm-v7a15v3r1-linux-gnueabi/sys-root/usr/include/tirpc
ac_cv_env_CPP_set=
ac_cv_env_CPP_value=
ac_cv_env_GSSGLUE_CFLAGS_set=
ac_cv_env_GSSGLUE_CFLAGS_value=
ac_cv_env_GSSGLUE_LIBS_set=
ac_cv_env_GSSGLUE_LIBS_value=
ac_cv_env_LDFLAGS_set=set
ac_cv_env_LDFLAGS_value=-L/home6/daewon2/Release/glibc/SP/SP_Linux/LP_Linux_Prj/REL/VDLinux.3.x.2012/toolchain/src/arm-mips-src-20121018/scripts/arm-v7a15v3r1/lib
ac_cv_env_LIBS_set=
ac_cv_env_LIBS_value=
ac_cv_env_PKG_CONFIG_LIBDIR_set=
ac_cv_env_PKG_CONFIG_LIBDIR_value=
ac_cv_env_PKG_CONFIG_PATH_set=
ac_cv_env_PKG_CONFIG_PATH_value=
ac_cv_env_PKG_CONFIG_set=
ac_cv_env_PKG_CONFIG_value=
ac_cv_env_build_alias_set=set
ac_cv_env_build_alias_value=x86_64-pc-linux-gnu
ac_cv_env_host_alias_set=set
ac_cv_env_host_alias_value=arm-v7a15v3r1-linux-gnueabi
ac_cv_env_target_alias_set=
ac_cv_env_target_alias_value=
ac_cv_header_arpa_inet_h=yes
ac_cv_header_dirent_dirent_h=yes
ac_cv_header_dlfcn_h=yes
ac_cv_header_fcntl_h=yes
ac_cv_header_inttypes_h=yes
ac_cv_header_libintl_h=yes
ac_cv_header_limits_h=yes
ac_cv_header_locale_h=yes
ac_cv_header_memory_h=yes
ac_cv_header_netdb_h=yes
ac_cv_header_netinet_in_h=yes
ac_cv_header_stdc=yes
ac_cv_header_stddef_h=yes
ac_cv_header_stdint_h=yes
ac_cv_header_stdlib_h=yes
ac_cv_header_string_h=yes
ac_cv_header_strings_h=yes
ac_cv_header_sys_ioctl_h=yes
ac_cv_header_sys_param_h=yes
ac_cv_header_sys_socket_h=yes
ac_cv_header_sys_stat_h=yes
ac_cv_header_sys_time_h=yes
ac_cv_header_sys_types_h=yes
ac_cv_header_syslog_h=yes
ac_cv_header_unistd_h=yes
ac_cv_host=arm-v7a15v3r1-linux-gnueabi
ac_cv_lib_pthread_pthread_create=yes
ac_cv_objext=o
ac_cv_path_EGREP='/bin/grep -E'
ac_cv_path_FGREP='/bin/grep -F'
ac_cv_path_GREP=/bin/grep
ac_cv_path_SED=/bin/sed
ac_cv_path_install='/usr/bin/install -c'
ac_cv_path_mkdir=/bin/mkdir
ac_cv_prog_AR=arm-v7a15v3r1-linux-gnueabi-ar
ac_cv_prog_AWK=gawk
ac_cv_prog_CC=arm-v7a15v3r1-linux-gnueabi-gcc
ac_cv_prog_CPP='arm-v7a15v3r1-linux-gnueabi-gcc -E'
ac_cv_prog_OBJDUMP=arm-v7a15v3r1-linux-gnueabi-objdump
ac_cv_prog_RANLIB=arm-v7a15v3r1-linux-gnueabi-ranlib
ac_cv_prog_STRIP=arm-v7a15v3r1-linux-gnueabi-strip
ac_cv_prog_ac_ct_MANIFEST_TOOL=mt
ac_cv_prog_cc_c89=
ac_cv_prog_cc_g=yes
ac_cv_prog_make_make_set=yes
ac_cv_search_opendir='none required'
am_cv_CC_dependencies_compiler_type=gcc3
lt_cv_ar_at_file=@
lt_cv_archive_cmds_need_lc=no
lt_cv_deplibs_check_method=pass_all
lt_cv_file_magic_cmd='$MAGIC_CMD'
lt_cv_file_magic_test_file=
lt_cv_ld_reload_flag=-r
lt_cv_nm_interface='BSD nm'
lt_cv_objdir=.libs
lt_cv_path_LD=/home6/daewon2/Release/glibc/SP/SP_Linux/LP_Linux_Prj/REL/VDLinux.3.x.2012/toolchain/src/arm-mips-src-20121018/scripts/arm-v7a15v3r1/arm-v7a15v3r1-linux-gnueabi/bin/ld
lt_cv_path_NM='/home6/daewon2/Release/glibc/SP/SP_Linux/LP_Linux_Prj/REL/VDLinux.3.x.2012/toolchain/src/arm-mips-src-20121018/scripts/arm-v7a15v3r1/bin/arm-v7a15v3r1-linux-gnueabi-nm -B'
lt_cv_path_mainfest_tool=no
lt_cv_prog_compiler_c_o=yes
lt_cv_prog_compiler_pic='-fPIC -DPIC'
lt_cv_prog_compiler_pic_works=yes
lt_cv_prog_compiler_rtti_exceptions=no
lt_cv_prog_compiler_static_works=yes
lt_cv_prog_gnu_ld=yes
lt_cv_sharedlib_from_linklib_cmd='printf %s\n'
lt_cv_shlibpath_overrides_runpath=no
lt_cv_sys_global_symbol_pipe='sed -n -e '\''s/^.*[	 ]\([ABCDGIRSTW][ABCDGIRSTW]*\)[	 ][	 ]*\([_A-Za-z][_A-Za-z0-9]*\)$/\1 \2 \2/p'\'' | sed '\''/ __gnu_lto/d'\'''
lt_cv_sys_global_symbol_to_c_name_address='sed -n -e '\''s/^: \([^ ]*\)[ ]*$/  {\"\1\", (void *) 0},/p'\'' -e '\''s/^[ABCDGIRSTW]* \([^ ]*\) \([^ ]*\)$/  {"\2", (void *) \&\2},/p'\'''
lt_cv_sys_global_symbol_to_c_name_address_lib_prefix='sed -n -e '\''s/^: \([^ ]*\)[ ]*$/  {\"\1\", (void *) 0},/p'\'' -e '\''s/^[ABCDGIRSTW]* \([^ ]*\) \(lib[^ ]*\)$/  {"\2", (void *) \&\2},/p'\'' -e '\''s/^[ABCDGIRSTW]* \([^ ]*\) \([^ ]*\)$/  {"lib\2", (void *) \&\2},/p'\'''
lt_cv_sys_global_symbol_to_cdecl='sed -n -e '\''s/^T .* \(.*\)$/extern int \1();/p'\'' -e '\''s/^[ABCDGIRSTW]* .* \(.*\)$/extern char \1;/p'\'''
lt_cv_sys_max_cmd_len=1572864
lt_cv_to_host_file_cmd=func_convert_file_noop
lt_cv_to_tool_file_cmd=func_convert_file_noop

## ----------------- ##
## Output variables. ##
## ----------------- ##

ACLOCAL='${SHELL} /home6/daewon2/Release/glibc/SP/SP_Linux/LP_Linux_Prj/REL/VDLinux.3.x.2012/toolchain/src/arm-mips-src-20121018/build.arm.cortex-a15/obj/libtirpc/missing --run aclocal-1.11'
AMDEPBACKSLASH='\'
AMDEP_FALSE='#'
AMDEP_TRUE=''
AMTAR='${SHELL} /home6/daewon2/Release/glibc/SP/SP_Linux/LP_Linux_Prj/REL/VDLinux.3.x.2012/toolchain/src/arm-mips-src-20121018/build.arm.cortex-a15/obj/libtirpc/missing --run tar'
AR='arm-v7a15v3r1-linux-gnueabi-ar'
AUTOCONF='${SHELL} /home6/daewon2/Release/glibc/SP/SP_Linux/LP_Linux_Prj/REL/VDLinux.3.x.2012/toolchain/src/arm-mips-src-20121018/build.arm.cortex-a15/obj/libtirpc/missing --run autoconf'
AUTOHEADER='${SHELL} /home6/daewon2/Release/glibc/SP/SP_Linux/LP_Linux_Prj/REL/VDLinux.3.x.2012/toolchain/src/arm-mips-src-20121018/build.arm.cortex-a15/obj/libtirpc/missing --run autoheader'
AUTOMAKE='${SHELL} /home6/daewon2/Release/glibc/SP/SP_Linux/LP_Linux_Prj/REL/VDLinux.3.x.2012/toolchain/src/arm-mips-src-20121018/build.arm.cortex-a15/obj/libtirpc/missing --run automake-1.11'
AWK='gawk'
CC='arm-v7a15v3r1-linux-gnueabi-gcc'
CCDEPMODE='depmode=gcc3'
CFLAGS='-g -O2'
CPP='arm-v7a15v3r1-linux-gnueabi-gcc -E'
CPPFLAGS='-I/home6/daewon2/Release/glibc/SP/SP_Linux/LP_Linux_Prj/REL/VDLinux.3.x.2012/toolchain/src/arm-mips-src-20121018/scripts/arm-v7a15v3r1/arm-v7a15v3r1-linux-gnueabi/sys-root/usr/include/tirpc'
CYGPATH_W='echo'
DEFS='-DHAVE_CONFIG_H'
DEPDIR='.deps'
DLLTOOL='false'
DSYMUTIL=''
DUMPBIN=''
ECHO_C=''
ECHO_N='-n'
ECHO_T=''
EGREP='/bin/grep -E'
EXEEXT=''
FGREP='/bin/grep -F'
GREP='/bin/grep'
GSSGLUE_CFLAGS=''
GSSGLUE_LIBS=''
GSS_FALSE=''
GSS_TRUE='#'
INSTALL_DATA='${INSTALL} -m 644'
INSTALL_PROGRAM='${INSTALL}'
INSTALL_SCRIPT='${INSTALL}'
INSTALL_STRIP_PROGRAM='$(install_sh) -c -s'
LD='/home6/daewon2/Release/glibc/SP/SP_Linux/LP_Linux_Prj/REL/VDLinux.3.x.2012/toolchain/src/arm-mips-src-20121018/scripts/arm-v7a15v3r1/arm-v7a15v3r1-linux-gnueabi/bin/ld'
LDFLAGS='-L/home6/daewon2/Release/glibc/SP/SP_Linux/LP_Linux_Prj/REL/VDLinux.3.x.2012/toolchain/src/arm-mips-src-20121018/scripts/arm-v7a15v3r1/lib'
LIBOBJS=''
LIBS='-lpthread '
LIBTOOL='$(SHELL) $(top_builddir)/libtool'
LIPO=''
LN_S='ln -s'
LTLIBOBJS=''
MAINT='#'
MAINTAINER_MODE_FALSE=''
MAINTAINER_MODE_TRUE='#'
MAKEINFO='${SHELL} /home6/daewon2/Release/glibc/SP/SP_Linux/LP_Linux_Prj/REL/VDLinux.3.x.2012/toolchain/src/arm-mips-src-20121018/build.arm.cortex-a15/obj/libtirpc/missing --run makeinfo'
MANIFEST_TOOL=':'
MKDIR_P='/bin/mkdir -p'
NM='/home6/daewon2/Release/glibc/SP/SP_Linux/LP_Linux_Prj/REL/VDLinux.3.x.2012/toolchain/src/arm-mips-src-20121018/scripts/arm-v7a15v3r1/bin/arm-v7a15v3r1-linux-gnueabi-nm -B'
NMEDIT=''
OBJDUMP='arm-v7a15v3r1-linux-gnueabi-objdump'
OBJEXT='o'
OTOOL64=''
OTOOL=''
PACKAGE='libtirpc'
PACKAGE_BUGREPORT=''
PACKAGE_NAME='libtirpc'
PACKAGE_STRING='libtirpc 0.2.2'
PACKAGE_TARNAME='libtirpc'
PACKAGE_URL=''
PACKAGE_VERSION='0.2.2'
PATH_SEPARATOR=':'
PKG_CONFIG=''
PKG_CONFIG_LIBDIR=''
PKG_CONFIG_PATH=''
RANLIB='arm-v7a15v3r1-linux-gnueabi-ranlib'
SED='/bin/sed'
SET_MAKE=''
SHELL='/bin/sh'
STRIP='arm-v7a15v3r1-linux-gnueabi-strip'
VERSION='0.2.2'
ac_ct_AR=''
ac_ct_CC=''
ac_ct_DUMPBIN=''
am__EXEEXT_FALSE=''
am__EXEEXT_TRUE='#'
am__fastdepCC_FALSE='#'
am__fastdepCC_TRUE=''
am__include='include'
am__isrc=''
am__leading_dot='.'
am__quote=''
am__tar='${AMTAR} chof - "$$tardir"'
am__untar='${AMTAR} xf -'
bindir='${exec_prefix}/bin'
build='x86_64-pc-linux-gnu'
build_alias='x86_64-pc-linux-gnu'
build_cpu='x86_64'
build_os='linux-gnu'
build_vendor='pc'
datadir='${datarootdir}'
datarootdir='${prefix}/share'
docdir='${datarootdir}/doc/${PACKAGE_TARNAME}'
dvidir='${docdir}'
exec_prefix='${prefix}'
host='arm-v7a15v3r1-linux-gnueabi'
host_alias='arm-v7a15v3r1-linux-gnueabi'
host_cpu='arm'
host_os='linux-gnueabi'
host_vendor='v7a15v3r1'
htmldir='${docdir}'
includedir='${prefix}/include'
infodir='${datarootdir}/info'
install_sh='${SHELL} /home6/daewon2/Release/glibc/SP/SP_Linux/LP_Linux_Prj/REL/VDLinux.3.x.2012/toolchain/src/arm-mips-src-20121018/build.arm.cortex-a15/obj/libtirpc/install-sh'
libdir='${exec_prefix}/lib'
libexecdir='${exec_prefix}/libexec'
localedir='${datarootdir}/locale'
localstatedir='${prefix}/var'
mandir='${datarootdir}/man'
mkdir_p='/bin/mkdir -p'
oldincludedir='/usr/include'
pdfdir='${docdir}'
prefix='/usr'
program_transform_name='s,x,x,'
psdir='${docdir}'
sbindir='${exec_prefix}/sbin'
sharedstatedir='${prefix}/com'
sysconfdir='${prefix}/etc'
target_alias=''

## ----------- ##
## confdefs.h. ##
## ----------- ##

/* confdefs.h */
#define PACKAGE_NAME "libtirpc"
#define PACKAGE_TARNAME "libtirpc"
#define PACKAGE_VERSION "0.2.2"
#define PACKAGE_STRING "libtirpc 0.2.2"
#define PACKAGE_BUGREPORT ""
#define PACKAGE_URL ""
#define PACKAGE "libtirpc"
#define VERSION "0.2.2"
#define STDC_HEADERS 1
#define HAVE_SYS_TYPES_H 1
#define HAVE_SYS_STAT_H 1
#define HAVE_STDLIB_H 1
#define HAVE_STRING_H 1
#define HAVE_MEMORY_H 1
#define HAVE_STRINGS_H 1
#define HAVE_INTTYPES_H 1
#define HAVE_STDINT_H 1
#define HAVE_UNISTD_H 1
#define HAVE_DLFCN_H 1
#define LT_OBJDIR ".libs/"
#define HAVE_DIRENT_H 1
#define HAVE_ARPA_INET_H 1
#define HAVE_FCNTL_H 1
#define HAVE_LIBINTL_H 1
#define HAVE_LIMITS_H 1
#define HAVE_LOCALE_H 1
#define HAVE_NETDB_H 1
#define HAVE_NETINET_IN_H 1
#define HAVE_STDDEF_H 1
#define HAVE_STDINT_H 1
#define HAVE_STDLIB_H 1
#define HAVE_STRING_H 1
#define HAVE_SYS_IOCTL_H 1
#define HAVE_SYS_PARAM_H 1
#define HAVE_SYS_SOCKET_H 1
#define HAVE_SYS_TIME_H 1
#define HAVE_SYSLOG_H 1
#define HAVE_UNISTD_H 1
#define HAVE_LIBPTHREAD 1

configure: exit 0
