This file contains any messages produced by compilers while
running configure, to aid debugging if configure makes a mistake.

It was created by glibc build-side support configure (see version.h), which was
generated by GNU Autoconf 2.63.  Invocation command line was

  $ /home6/daewon2/Release/glibc/SP/SP_Linux/LP_Linux_Prj/REL/VDLinux.3.x.2012/toolchain/src/arm-mips-src-20121018/build.arm.cortex-a15/sources/glibc/localedef/configure --prefix=/usr --with-glibc=/home6/daewon2/Release/glibc/SP/SP_Linux/LP_Linux_Prj/REL/VDLinux.3.x.2012/toolchain/src/arm-mips-src-20121018/build.arm.cortex-a15/sources/glibc/libc

## --------- ##
## Platform. ##
## --------- ##

hostname = vdbs1218
uname -m = x86_64
uname -r = 2.6.32-38-generic
uname -s = Linux
uname -v = #83-Ubuntu SMP Wed Jan 4 11:12:07 UTC 2012

/usr/bin/uname -p = unknown
/bin/uname -X     = unknown

/bin/arch              = unknown
/usr/bin/arch -k       = unknown
/usr/convex/getsysinfo = unknown
/usr/bin/hostinfo      = unknown
/bin/machine           = unknown
/usr/bin/oslevel       = unknown
/bin/universe          = unknown

PATH: /home6/daewon2/bin
PATH: /usr/local/iconv/bin
PATH: /opt/mipsel-34kv3r1-20121018/bin
PATH: /opt/mipsel-24kv3r1-20121018/bin
PATH: /opt/arm-v7a8v3r1-20121018/bin
PATH: /opt/arm-v7a15v3r1-20121018/bin/
PATH: /opt/VDLinux-ARMv7-4.6-v3r0-20120319/bin
PATH: /opt/VDLinux-ARMv7-4.4-202-toolchain-v2r2-20110630/bin
PATH: /usr/local/java/jdk1.6.0_29/bin
PATH: /usr/local/sbin
PATH: /usr/local/bin
PATH: /usr/sbin
PATH: /usr/bin
PATH: /sbin
PATH: /bin
PATH: /usr/games
PATH: /usr/p4bin/bin
PATH: /home6/daewon2/busybox_test/Busybox/arm-v7a15v3r1-20121003/bin
PATH: /home6/daewon2/busybox_test/Busybox/arm-v7a8v3r1-20121003/bin
PATH: /home6/daewon2/busybox_test/Busybox/mipsel-24kv3r1-20121003/bin
PATH: /home6/daewon2/busybox_test/Busybox/mipsel-34kv3r1-20121003/bin
PATH: /home6/daewon2/20121114/arm-v7a15v3r1-20121114/bin
PATH: /home6/daewon2/20121114/mipsel-34kv3r1-20121114/bin


## ----------- ##
## Core tests. ##
## ----------- ##

configure:1848: checking build system type
configure:1866: result: x86_64-unknown-linux-gnu
configure:1939: checking for gcc
configure:1955: found /usr/bin/gcc
configure:1966: result: gcc
configure:2198: checking for C compiler version
configure:2206: gcc --version >&5
gcc (Ubuntu 4.4.3-4ubuntu5.1) 4.4.3
Copyright (C) 2009 Free Software Foundation, Inc.
This is free software; see the source for copying conditions.  There is NO
warranty; not even for MERCHANTABILITY or FITNESS FOR A PARTICULAR PURPOSE.

configure:2210: $? = 0
configure:2217: gcc -v >&5
Using built-in specs.
Target: x86_64-linux-gnu
Configured with: ../src/configure -v --with-pkgversion='Ubuntu 4.4.3-4ubuntu5.1' --with-bugurl=file:///usr/share/doc/gcc-4.4/README.Bugs --enable-languages=c,c++,fortran,objc,obj-c++ --prefix=/usr --enable-shared --enable-multiarch --enable-linker-build-id --with-system-zlib --libexecdir=/usr/lib --without-included-gettext --enable-threads=posix --with-gxx-include-dir=/usr/include/c++/4.4 --program-suffix=-4.4 --enable-nls --enable-clocale=gnu --enable-libstdcxx-debug --enable-plugin --enable-objc-gc --disable-werror --with-arch-32=i486 --with-tune=generic --enable-checking=release --build=x86_64-linux-gnu --host=x86_64-linux-gnu --target=x86_64-linux-gnu
Thread model: posix
gcc version 4.4.3 (Ubuntu 4.4.3-4ubuntu5.1) 
configure:2221: $? = 0
configure:2228: gcc -V >&5
gcc: '-V' option must have argument
configure:2232: $? = 1
configure:2255: checking for C compiler default output file name
configure:2277: gcc  -D_GNU_SOURCE  conftest.c  >&5
configure:2281: $? = 0
configure:2319: result: a.out
configure:2338: checking whether the C compiler works
configure:2348: ./a.out
configure:2352: $? = 0
configure:2371: result: yes
configure:2378: checking whether we are cross compiling
configure:2380: result: no
configure:2383: checking for suffix of executables
configure:2390: gcc -o conftest  -D_GNU_SOURCE  conftest.c  >&5
configure:2394: $? = 0
configure:2420: result: 
configure:2426: checking for suffix of object files
configure:2452: gcc -c  -D_GNU_SOURCE conftest.c >&5
configure:2456: $? = 0
configure:2481: result: o
configure:2485: checking whether we are using the GNU C compiler
configure:2514: gcc -c  -D_GNU_SOURCE conftest.c >&5
configure:2521: $? = 0
configure:2538: result: yes
configure:2547: checking whether gcc accepts -g
configure:2577: gcc -c -g -D_GNU_SOURCE conftest.c >&5
configure:2584: $? = 0
configure:2685: result: yes
configure:2702: checking for gcc option to accept ISO C89
configure:2776: gcc  -c -g -O2 -D_GNU_SOURCE conftest.c >&5
configure:2783: $? = 0
configure:2806: result: none needed
configure:2824: checking whether ln -s works
configure:2828: result: yes
configure:2841: checking how to run the C preprocessor
configure:2881: gcc -E -D_GNU_SOURCE conftest.c
configure:2888: $? = 0
configure:2919: gcc -E -D_GNU_SOURCE conftest.c
conftest.c:8:28: error: ac_nonexistent.h: No such file or directory
configure:2926: $? = 1
configure: failed program was:
| /* confdefs.h.  */
| #define PACKAGE_NAME "glibc build-side support"
| #define PACKAGE_TARNAME "glibc-build-side-support"
| #define PACKAGE_VERSION "(see version.h)"
| #define PACKAGE_STRING "glibc build-side support (see version.h)"
| #define PACKAGE_BUGREPORT ""
| /* end confdefs.h.  */
| #include <ac_nonexistent.h>
configure:2959: result: gcc -E
configure:2988: gcc -E -D_GNU_SOURCE conftest.c
configure:2995: $? = 0
configure:3026: gcc -E -D_GNU_SOURCE conftest.c
conftest.c:8:28: error: ac_nonexistent.h: No such file or directory
configure:3033: $? = 1
configure: failed program was:
| /* confdefs.h.  */
| #define PACKAGE_NAME "glibc build-side support"
| #define PACKAGE_TARNAME "glibc-build-side-support"
| #define PACKAGE_VERSION "(see version.h)"
| #define PACKAGE_STRING "glibc build-side support (see version.h)"
| #define PACKAGE_BUGREPORT ""
| /* end confdefs.h.  */
| #include <ac_nonexistent.h>
configure:3073: checking for grep that handles long lines and -e
configure:3133: result: /bin/grep
configure:3138: checking for egrep
configure:3202: result: /bin/grep -E
configure:3207: checking for ANSI C header files
configure:3237: gcc -c -g -O2 -D_GNU_SOURCE conftest.c >&5
configure:3244: $? = 0
configure:3343: gcc -o conftest -g -O2 -D_GNU_SOURCE  conftest.c  >&5
configure:3347: $? = 0
configure:3353: ./conftest
configure:3357: $? = 0
configure:3375: result: yes
configure:3399: checking for sys/types.h
configure:3420: gcc -c -g -O2 -D_GNU_SOURCE conftest.c >&5
configure:3427: $? = 0
configure:3444: result: yes
configure:3399: checking for sys/stat.h
configure:3420: gcc -c -g -O2 -D_GNU_SOURCE conftest.c >&5
configure:3427: $? = 0
configure:3444: result: yes
configure:3399: checking for stdlib.h
configure:3420: gcc -c -g -O2 -D_GNU_SOURCE conftest.c >&5
configure:3427: $? = 0
configure:3444: result: yes
configure:3399: checking for string.h
configure:3420: gcc -c -g -O2 -D_GNU_SOURCE conftest.c >&5
configure:3427: $? = 0
configure:3444: result: yes
configure:3399: checking for memory.h
configure:3420: gcc -c -g -O2 -D_GNU_SOURCE conftest.c >&5
configure:3427: $? = 0
configure:3444: result: yes
configure:3399: checking for strings.h
configure:3420: gcc -c -g -O2 -D_GNU_SOURCE conftest.c >&5
configure:3427: $? = 0
configure:3444: result: yes
configure:3399: checking for inttypes.h
configure:3420: gcc -c -g -O2 -D_GNU_SOURCE conftest.c >&5
configure:3427: $? = 0
configure:3444: result: yes
configure:3399: checking for stdint.h
configure:3420: gcc -c -g -O2 -D_GNU_SOURCE conftest.c >&5
configure:3427: $? = 0
configure:3444: result: yes
configure:3399: checking for unistd.h
configure:3420: gcc -c -g -O2 -D_GNU_SOURCE conftest.c >&5
configure:3427: $? = 0
configure:3444: result: yes
configure:3459: checking whether byte ordering is bigendian
configure:3484: gcc -c -g -O2 -D_GNU_SOURCE conftest.c >&5
conftest.c:19: error: expected '=', ',', ';', 'asm' or '__attribute__' before 'a'
configure:3491: $? = 1
configure: failed program was:
| /* confdefs.h.  */
| #define PACKAGE_NAME "glibc build-side support"
| #define PACKAGE_TARNAME "glibc-build-side-support"
| #define PACKAGE_VERSION "(see version.h)"
| #define PACKAGE_STRING "glibc build-side support (see version.h)"
| #define PACKAGE_BUGREPORT ""
| #define STDC_HEADERS 1
| #define HAVE_SYS_TYPES_H 1
| #define HAVE_SYS_STAT_H 1
| #define HAVE_STDLIB_H 1
| #define HAVE_STRING_H 1
| #define HAVE_MEMORY_H 1
| #define HAVE_STRINGS_H 1
| #define HAVE_INTTYPES_H 1
| #define HAVE_STDINT_H 1
| #define HAVE_UNISTD_H 1
| /* end confdefs.h.  */
| #ifndef __APPLE_CC__
| 	       not a universal capable compiler
| 	     #endif
| 	     typedef int dummy;
| 
configure:3541: gcc -c -g -O2 -D_GNU_SOURCE conftest.c >&5
configure:3548: $? = 0
configure:3580: gcc -c -g -O2 -D_GNU_SOURCE conftest.c >&5
conftest.c: In function 'main':
conftest.c:25: error: 'not' undeclared (first use in this function)
conftest.c:25: error: (Each undeclared identifier is reported only once
conftest.c:25: error: for each function it appears in.)
conftest.c:25: error: expected ';' before 'big'
configure:3587: $? = 1
configure: failed program was:
| /* confdefs.h.  */
| #define PACKAGE_NAME "glibc build-side support"
| #define PACKAGE_TARNAME "glibc-build-side-support"
| #define PACKAGE_VERSION "(see version.h)"
| #define PACKAGE_STRING "glibc build-side support (see version.h)"
| #define PACKAGE_BUGREPORT ""
| #define STDC_HEADERS 1
| #define HAVE_SYS_TYPES_H 1
| #define HAVE_SYS_STAT_H 1
| #define HAVE_STDLIB_H 1
| #define HAVE_STRING_H 1
| #define HAVE_MEMORY_H 1
| #define HAVE_STRINGS_H 1
| #define HAVE_INTTYPES_H 1
| #define HAVE_STDINT_H 1
| #define HAVE_UNISTD_H 1
| /* end confdefs.h.  */
| #include <sys/types.h>
| 		#include <sys/param.h>
| 
| int
| main ()
| {
| #if BYTE_ORDER != BIG_ENDIAN
| 		 not big endian
| 		#endif
| 
|   ;
|   return 0;
| }
configure:3839: result: no
configure:3906: checking byteswap.h usability
configure:3923: gcc -c -g -O2 -D_GNU_SOURCE conftest.c >&5
configure:3930: $? = 0
configure:3944: result: yes
configure:3948: checking byteswap.h presence
configure:3963: gcc -E -D_GNU_SOURCE conftest.c
configure:3970: $? = 0
configure:3984: result: yes
configure:4012: checking for byteswap.h
configure:4021: result: yes
configure:3906: checking ctype.h usability
configure:3923: gcc -c -g -O2 -D_GNU_SOURCE conftest.c >&5
configure:3930: $? = 0
configure:3944: result: yes
configure:3948: checking ctype.h presence
configure:3963: gcc -E -D_GNU_SOURCE conftest.c
configure:3970: $? = 0
configure:3984: result: yes
configure:4012: checking for ctype.h
configure:4021: result: yes
configure:3906: checking dirent.h usability
configure:3923: gcc -c -g -O2 -D_GNU_SOURCE conftest.c >&5
configure:3930: $? = 0
configure:3944: result: yes
configure:3948: checking dirent.h presence
configure:3963: gcc -E -D_GNU_SOURCE conftest.c
configure:3970: $? = 0
configure:3984: result: yes
configure:4012: checking for dirent.h
configure:4021: result: yes
configure:3906: checking endian.h usability
configure:3923: gcc -c -g -O2 -D_GNU_SOURCE conftest.c >&5
configure:3930: $? = 0
configure:3944: result: yes
configure:3948: checking endian.h presence
configure:3963: gcc -E -D_GNU_SOURCE conftest.c
configure:3970: $? = 0
configure:3984: result: yes
configure:4012: checking for endian.h
configure:4021: result: yes
configure:3906: checking features.h usability
configure:3923: gcc -c -g -O2 -D_GNU_SOURCE conftest.c >&5
configure:3930: $? = 0
configure:3944: result: yes
configure:3948: checking features.h presence
configure:3963: gcc -E -D_GNU_SOURCE conftest.c
configure:3970: $? = 0
configure:3984: result: yes
configure:4012: checking for features.h
configure:4021: result: yes
configure:3906: checking fcntl.h usability
configure:3923: gcc -c -g -O2 -D_GNU_SOURCE conftest.c >&5
configure:3930: $? = 0
configure:3944: result: yes
configure:3948: checking fcntl.h presence
configure:3963: gcc -E -D_GNU_SOURCE conftest.c
configure:3970: $? = 0
configure:3984: result: yes
configure:4012: checking for fcntl.h
configure:4021: result: yes
configure:3895: checking for inttypes.h
configure:3902: result: yes
configure:3906: checking libintl.h usability
configure:3923: gcc -c -g -O2 -D_GNU_SOURCE conftest.c >&5
configure:3930: $? = 0
configure:3944: result: yes
configure:3948: checking libintl.h presence
configure:3963: gcc -E -D_GNU_SOURCE conftest.c
configure:3970: $? = 0
configure:3984: result: yes
configure:4012: checking for libintl.h
configure:4021: result: yes
configure:3906: checking mcheck.h usability
configure:3923: gcc -c -g -O2 -D_GNU_SOURCE conftest.c >&5
configure:3930: $? = 0
configure:3944: result: yes
configure:3948: checking mcheck.h presence
configure:3963: gcc -E -D_GNU_SOURCE conftest.c
configure:3970: $? = 0
configure:3984: result: yes
configure:4012: checking for mcheck.h
configure:4021: result: yes
configure:3906: checking nl_types.h usability
configure:3923: gcc -c -g -O2 -D_GNU_SOURCE conftest.c >&5
configure:3930: $? = 0
configure:3944: result: yes
configure:3948: checking nl_types.h presence
configure:3963: gcc -E -D_GNU_SOURCE conftest.c
configure:3970: $? = 0
configure:3984: result: yes
configure:4012: checking for nl_types.h
configure:4021: result: yes
configure:3906: checking stdbool.h usability
configure:3923: gcc -c -g -O2 -D_GNU_SOURCE conftest.c >&5
configure:3930: $? = 0
configure:3944: result: yes
configure:3948: checking stdbool.h presence
configure:3963: gcc -E -D_GNU_SOURCE conftest.c
configure:3970: $? = 0
configure:3984: result: yes
configure:4012: checking for stdbool.h
configure:4021: result: yes
configure:3906: checking stdio_ext.h usability
configure:3923: gcc -c -g -O2 -D_GNU_SOURCE conftest.c >&5
configure:3930: $? = 0
configure:3944: result: yes
configure:3948: checking stdio_ext.h presence
configure:3963: gcc -E -D_GNU_SOURCE conftest.c
configure:3970: $? = 0
configure:3984: result: yes
configure:4012: checking for stdio_ext.h
configure:4021: result: yes
configure:3895: checking for stdint.h
configure:3902: result: yes
configure:3906: checking time.h usability
configure:3923: gcc -c -g -O2 -D_GNU_SOURCE conftest.c >&5
configure:3930: $? = 0
configure:3944: result: yes
configure:3948: checking time.h presence
configure:3963: gcc -E -D_GNU_SOURCE conftest.c
configure:3970: $? = 0
configure:3984: result: yes
configure:4012: checking for time.h
configure:4021: result: yes
configure:3906: checking wctype.h usability
configure:3923: gcc -c -g -O2 -D_GNU_SOURCE conftest.c >&5
configure:3930: $? = 0
configure:3944: result: yes
configure:3948: checking wctype.h presence
configure:3963: gcc -E -D_GNU_SOURCE conftest.c
configure:3970: $? = 0
configure:3984: result: yes
configure:4012: checking for wctype.h
configure:4021: result: yes
configure:3906: checking sys/cdefs.h usability
configure:3923: gcc -c -g -O2 -D_GNU_SOURCE conftest.c >&5
configure:3930: $? = 0
configure:3944: result: yes
configure:3948: checking sys/cdefs.h presence
configure:3963: gcc -E -D_GNU_SOURCE conftest.c
configure:3970: $? = 0
configure:3984: result: yes
configure:4012: checking for sys/cdefs.h
configure:4021: result: yes
configure:3906: checking sys/mman.h usability
configure:3923: gcc -c -g -O2 -D_GNU_SOURCE conftest.c >&5
configure:3930: $? = 0
configure:3944: result: yes
configure:3948: checking sys/mman.h presence
configure:3963: gcc -E -D_GNU_SOURCE conftest.c
configure:3970: $? = 0
configure:3984: result: yes
configure:4012: checking for sys/mman.h
configure:4021: result: yes
configure:3906: checking sys/param.h usability
configure:3923: gcc -c -g -O2 -D_GNU_SOURCE conftest.c >&5
configure:3930: $? = 0
configure:3944: result: yes
configure:3948: checking sys/param.h presence
configure:3963: gcc -E -D_GNU_SOURCE conftest.c
configure:3970: $? = 0
configure:3984: result: yes
configure:4012: checking for sys/param.h
configure:4021: result: yes
configure:3895: checking for sys/stat.h
configure:3902: result: yes
configure:3906: checking sys/uio.h usability
configure:3923: gcc -c -g -O2 -D_GNU_SOURCE conftest.c >&5
configure:3930: $? = 0
configure:3944: result: yes
configure:3948: checking sys/uio.h presence
configure:3963: gcc -E -D_GNU_SOURCE conftest.c
configure:3970: $? = 0
configure:3984: result: yes
configure:4012: checking for sys/uio.h
configure:4021: result: yes
configure:4036: checking for off64_t
configure:4064: gcc -c -g -O2 -D_GNU_SOURCE conftest.c >&5
configure:4071: $? = 0
configure:4098: gcc -c -g -O2 -D_GNU_SOURCE conftest.c >&5
conftest.c: In function 'main':
conftest.c:75: error: expected expression before ')' token
configure:4105: $? = 1
configure: failed program was:
| /* confdefs.h.  */
| #define PACKAGE_NAME "glibc build-side support"
| #define PACKAGE_TARNAME "glibc-build-side-support"
| #define PACKAGE_VERSION "(see version.h)"
| #define PACKAGE_STRING "glibc build-side support (see version.h)"
| #define PACKAGE_BUGREPORT ""
| #define STDC_HEADERS 1
| #define HAVE_SYS_TYPES_H 1
| #define HAVE_SYS_STAT_H 1
| #define HAVE_STDLIB_H 1
| #define HAVE_STRING_H 1
| #define HAVE_MEMORY_H 1
| #define HAVE_STRINGS_H 1
| #define HAVE_INTTYPES_H 1
| #define HAVE_STDINT_H 1
| #define HAVE_UNISTD_H 1
| #define BUILD_BYTE_ORDER __LITTLE_ENDIAN
| #define HAVE_BYTESWAP_H 1
| #define HAVE_CTYPE_H 1
| #define HAVE_DIRENT_H 1
| #define HAVE_ENDIAN_H 1
| #define HAVE_FEATURES_H 1
| #define HAVE_FCNTL_H 1
| #define HAVE_INTTYPES_H 1
| #define HAVE_LIBINTL_H 1
| #define HAVE_MCHECK_H 1
| #define HAVE_NL_TYPES_H 1
| #define HAVE_STDBOOL_H 1
| #define HAVE_STDIO_EXT_H 1
| #define HAVE_STDINT_H 1
| #define HAVE_TIME_H 1
| #define HAVE_WCTYPE_H 1
| #define HAVE_SYS_CDEFS_H 1
| #define HAVE_SYS_MMAN_H 1
| #define HAVE_SYS_PARAM_H 1
| #define HAVE_SYS_STAT_H 1
| #define HAVE_SYS_UIO_H 1
| /* end confdefs.h.  */
| #include <stdio.h>
| #ifdef HAVE_SYS_TYPES_H
| # include <sys/types.h>
| #endif
| #ifdef HAVE_SYS_STAT_H
| # include <sys/stat.h>
| #endif
| #ifdef STDC_HEADERS
| # include <stdlib.h>
| # include <stddef.h>
| #else
| # ifdef HAVE_STDLIB_H
| #  include <stdlib.h>
| # endif
| #endif
| #ifdef HAVE_STRING_H
| # if !defined STDC_HEADERS && defined HAVE_MEMORY_H
| #  include <memory.h>
| # endif
| # include <string.h>
| #endif
| #ifdef HAVE_STRINGS_H
| # include <strings.h>
| #endif
| #ifdef HAVE_INTTYPES_H
| # include <inttypes.h>
| #endif
| #ifdef HAVE_STDINT_H
| # include <stdint.h>
| #endif
| #ifdef HAVE_UNISTD_H
| # include <unistd.h>
| #endif
| int
| main ()
| {
| if (sizeof ((off64_t)))
| 	  return 0;
|   ;
|   return 0;
| }
configure:4128: result: yes
configure:4138: checking for blksize_t
configure:4166: gcc -c -g -O2 -D_GNU_SOURCE conftest.c >&5
configure:4173: $? = 0
configure:4200: gcc -c -g -O2 -D_GNU_SOURCE conftest.c >&5
conftest.c: In function 'main':
conftest.c:76: error: expected expression before ')' token
configure:4207: $? = 1
configure: failed program was:
| /* confdefs.h.  */
| #define PACKAGE_NAME "glibc build-side support"
| #define PACKAGE_TARNAME "glibc-build-side-support"
| #define PACKAGE_VERSION "(see version.h)"
| #define PACKAGE_STRING "glibc build-side support (see version.h)"
| #define PACKAGE_BUGREPORT ""
| #define STDC_HEADERS 1
| #define HAVE_SYS_TYPES_H 1
| #define HAVE_SYS_STAT_H 1
| #define HAVE_STDLIB_H 1
| #define HAVE_STRING_H 1
| #define HAVE_MEMORY_H 1
| #define HAVE_STRINGS_H 1
| #define HAVE_INTTYPES_H 1
| #define HAVE_STDINT_H 1
| #define HAVE_UNISTD_H 1
| #define BUILD_BYTE_ORDER __LITTLE_ENDIAN
| #define HAVE_BYTESWAP_H 1
| #define HAVE_CTYPE_H 1
| #define HAVE_DIRENT_H 1
| #define HAVE_ENDIAN_H 1
| #define HAVE_FEATURES_H 1
| #define HAVE_FCNTL_H 1
| #define HAVE_INTTYPES_H 1
| #define HAVE_LIBINTL_H 1
| #define HAVE_MCHECK_H 1
| #define HAVE_NL_TYPES_H 1
| #define HAVE_STDBOOL_H 1
| #define HAVE_STDIO_EXT_H 1
| #define HAVE_STDINT_H 1
| #define HAVE_TIME_H 1
| #define HAVE_WCTYPE_H 1
| #define HAVE_SYS_CDEFS_H 1
| #define HAVE_SYS_MMAN_H 1
| #define HAVE_SYS_PARAM_H 1
| #define HAVE_SYS_STAT_H 1
| #define HAVE_SYS_UIO_H 1
| #define HAVE_OFF64_T 1
| /* end confdefs.h.  */
| #include <stdio.h>
| #ifdef HAVE_SYS_TYPES_H
| # include <sys/types.h>
| #endif
| #ifdef HAVE_SYS_STAT_H
| # include <sys/stat.h>
| #endif
| #ifdef STDC_HEADERS
| # include <stdlib.h>
| # include <stddef.h>
| #else
| # ifdef HAVE_STDLIB_H
| #  include <stdlib.h>
| # endif
| #endif
| #ifdef HAVE_STRING_H
| # if !defined STDC_HEADERS && defined HAVE_MEMORY_H
| #  include <memory.h>
| # endif
| # include <string.h>
| #endif
| #ifdef HAVE_STRINGS_H
| # include <strings.h>
| #endif
| #ifdef HAVE_INTTYPES_H
| # include <inttypes.h>
| #endif
| #ifdef HAVE_STDINT_H
| # include <stdint.h>
| #endif
| #ifdef HAVE_UNISTD_H
| # include <unistd.h>
| #endif
| int
| main ()
| {
| if (sizeof ((blksize_t)))
| 	  return 0;
|   ;
|   return 0;
| }
configure:4230: result: yes
configure:4240: checking for int_fast32_t
configure:4268: gcc -c -g -O2 -D_GNU_SOURCE conftest.c >&5
configure:4275: $? = 0
configure:4302: gcc -c -g -O2 -D_GNU_SOURCE conftest.c >&5
conftest.c: In function 'main':
conftest.c:77: error: expected expression before ')' token
configure:4309: $? = 1
configure: failed program was:
| /* confdefs.h.  */
| #define PACKAGE_NAME "glibc build-side support"
| #define PACKAGE_TARNAME "glibc-build-side-support"
| #define PACKAGE_VERSION "(see version.h)"
| #define PACKAGE_STRING "glibc build-side support (see version.h)"
| #define PACKAGE_BUGREPORT ""
| #define STDC_HEADERS 1
| #define HAVE_SYS_TYPES_H 1
| #define HAVE_SYS_STAT_H 1
| #define HAVE_STDLIB_H 1
| #define HAVE_STRING_H 1
| #define HAVE_MEMORY_H 1
| #define HAVE_STRINGS_H 1
| #define HAVE_INTTYPES_H 1
| #define HAVE_STDINT_H 1
| #define HAVE_UNISTD_H 1
| #define BUILD_BYTE_ORDER __LITTLE_ENDIAN
| #define HAVE_BYTESWAP_H 1
| #define HAVE_CTYPE_H 1
| #define HAVE_DIRENT_H 1
| #define HAVE_ENDIAN_H 1
| #define HAVE_FEATURES_H 1
| #define HAVE_FCNTL_H 1
| #define HAVE_INTTYPES_H 1
| #define HAVE_LIBINTL_H 1
| #define HAVE_MCHECK_H 1
| #define HAVE_NL_TYPES_H 1
| #define HAVE_STDBOOL_H 1
| #define HAVE_STDIO_EXT_H 1
| #define HAVE_STDINT_H 1
| #define HAVE_TIME_H 1
| #define HAVE_WCTYPE_H 1
| #define HAVE_SYS_CDEFS_H 1
| #define HAVE_SYS_MMAN_H 1
| #define HAVE_SYS_PARAM_H 1
| #define HAVE_SYS_STAT_H 1
| #define HAVE_SYS_UIO_H 1
| #define HAVE_OFF64_T 1
| #define HAVE_BLKSIZE_T 1
| /* end confdefs.h.  */
| #include <stdio.h>
| #ifdef HAVE_SYS_TYPES_H
| # include <sys/types.h>
| #endif
| #ifdef HAVE_SYS_STAT_H
| # include <sys/stat.h>
| #endif
| #ifdef STDC_HEADERS
| # include <stdlib.h>
| # include <stddef.h>
| #else
| # ifdef HAVE_STDLIB_H
| #  include <stdlib.h>
| # endif
| #endif
| #ifdef HAVE_STRING_H
| # if !defined STDC_HEADERS && defined HAVE_MEMORY_H
| #  include <memory.h>
| # endif
| # include <string.h>
| #endif
| #ifdef HAVE_STRINGS_H
| # include <strings.h>
| #endif
| #ifdef HAVE_INTTYPES_H
| # include <inttypes.h>
| #endif
| #ifdef HAVE_STDINT_H
| # include <stdint.h>
| #endif
| #ifdef HAVE_UNISTD_H
| # include <unistd.h>
| #endif
| int
| main ()
| {
| if (sizeof ((int_fast32_t)))
| 	  return 0;
|   ;
|   return 0;
| }
configure:4332: result: yes
configure:4342: checking for locale_t
configure:4371: gcc -c -g -O2 -D_GNU_SOURCE conftest.c >&5
configure:4378: $? = 0
configure:4406: gcc -c -g -O2 -D_GNU_SOURCE conftest.c >&5
conftest.c: In function 'main':
conftest.c:47: error: expected expression before ')' token
configure:4413: $? = 1
configure: failed program was:
| /* confdefs.h.  */
| #define PACKAGE_NAME "glibc build-side support"
| #define PACKAGE_TARNAME "glibc-build-side-support"
| #define PACKAGE_VERSION "(see version.h)"
| #define PACKAGE_STRING "glibc build-side support (see version.h)"
| #define PACKAGE_BUGREPORT ""
| #define STDC_HEADERS 1
| #define HAVE_SYS_TYPES_H 1
| #define HAVE_SYS_STAT_H 1
| #define HAVE_STDLIB_H 1
| #define HAVE_STRING_H 1
| #define HAVE_MEMORY_H 1
| #define HAVE_STRINGS_H 1
| #define HAVE_INTTYPES_H 1
| #define HAVE_STDINT_H 1
| #define HAVE_UNISTD_H 1
| #define BUILD_BYTE_ORDER __LITTLE_ENDIAN
| #define HAVE_BYTESWAP_H 1
| #define HAVE_CTYPE_H 1
| #define HAVE_DIRENT_H 1
| #define HAVE_ENDIAN_H 1
| #define HAVE_FEATURES_H 1
| #define HAVE_FCNTL_H 1
| #define HAVE_INTTYPES_H 1
| #define HAVE_LIBINTL_H 1
| #define HAVE_MCHECK_H 1
| #define HAVE_NL_TYPES_H 1
| #define HAVE_STDBOOL_H 1
| #define HAVE_STDIO_EXT_H 1
| #define HAVE_STDINT_H 1
| #define HAVE_TIME_H 1
| #define HAVE_WCTYPE_H 1
| #define HAVE_SYS_CDEFS_H 1
| #define HAVE_SYS_MMAN_H 1
| #define HAVE_SYS_PARAM_H 1
| #define HAVE_SYS_STAT_H 1
| #define HAVE_SYS_UIO_H 1
| #define HAVE_OFF64_T 1
| #define HAVE_BLKSIZE_T 1
| #define HAVE_INT_FAST32_T 1
| /* end confdefs.h.  */
| #include <locale.h>
| 
| int
| main ()
| {
| if (sizeof ((locale_t)))
| 	  return 0;
|   ;
|   return 0;
| }
configure:4436: result: yes
configure:4446: checking for __compar_fn_t
configure:4475: gcc -c -g -O2 -D_GNU_SOURCE conftest.c >&5
configure:4482: $? = 0
configure:4510: gcc -c -g -O2 -D_GNU_SOURCE conftest.c >&5
conftest.c: In function 'main':
conftest.c:48: error: expected expression before ')' token
configure:4517: $? = 1
configure: failed program was:
| /* confdefs.h.  */
| #define PACKAGE_NAME "glibc build-side support"
| #define PACKAGE_TARNAME "glibc-build-side-support"
| #define PACKAGE_VERSION "(see version.h)"
| #define PACKAGE_STRING "glibc build-side support (see version.h)"
| #define PACKAGE_BUGREPORT ""
| #define STDC_HEADERS 1
| #define HAVE_SYS_TYPES_H 1
| #define HAVE_SYS_STAT_H 1
| #define HAVE_STDLIB_H 1
| #define HAVE_STRING_H 1
| #define HAVE_MEMORY_H 1
| #define HAVE_STRINGS_H 1
| #define HAVE_INTTYPES_H 1
| #define HAVE_STDINT_H 1
| #define HAVE_UNISTD_H 1
| #define BUILD_BYTE_ORDER __LITTLE_ENDIAN
| #define HAVE_BYTESWAP_H 1
| #define HAVE_CTYPE_H 1
| #define HAVE_DIRENT_H 1
| #define HAVE_ENDIAN_H 1
| #define HAVE_FEATURES_H 1
| #define HAVE_FCNTL_H 1
| #define HAVE_INTTYPES_H 1
| #define HAVE_LIBINTL_H 1
| #define HAVE_MCHECK_H 1
| #define HAVE_NL_TYPES_H 1
| #define HAVE_STDBOOL_H 1
| #define HAVE_STDIO_EXT_H 1
| #define HAVE_STDINT_H 1
| #define HAVE_TIME_H 1
| #define HAVE_WCTYPE_H 1
| #define HAVE_SYS_CDEFS_H 1
| #define HAVE_SYS_MMAN_H 1
| #define HAVE_SYS_PARAM_H 1
| #define HAVE_SYS_STAT_H 1
| #define HAVE_SYS_UIO_H 1
| #define HAVE_OFF64_T 1
| #define HAVE_BLKSIZE_T 1
| #define HAVE_INT_FAST32_T 1
| #define HAVE_LOCALE_T 1
| /* end confdefs.h.  */
| #include <stdlib.h>
| 
| int
| main ()
| {
| if (sizeof ((__compar_fn_t)))
| 	  return 0;
|   ;
|   return 0;
| }
configure:4540: result: yes
configure:4550: checking for comparison_fn_t
configure:4579: gcc -c -g -O2 -D_GNU_SOURCE conftest.c >&5
configure:4586: $? = 0
configure:4614: gcc -c -g -O2 -D_GNU_SOURCE conftest.c >&5
conftest.c: In function 'main':
conftest.c:49: error: expected expression before ')' token
configure:4621: $? = 1
configure: failed program was:
| /* confdefs.h.  */
| #define PACKAGE_NAME "glibc build-side support"
| #define PACKAGE_TARNAME "glibc-build-side-support"
| #define PACKAGE_VERSION "(see version.h)"
| #define PACKAGE_STRING "glibc build-side support (see version.h)"
| #define PACKAGE_BUGREPORT ""
| #define STDC_HEADERS 1
| #define HAVE_SYS_TYPES_H 1
| #define HAVE_SYS_STAT_H 1
| #define HAVE_STDLIB_H 1
| #define HAVE_STRING_H 1
| #define HAVE_MEMORY_H 1
| #define HAVE_STRINGS_H 1
| #define HAVE_INTTYPES_H 1
| #define HAVE_STDINT_H 1
| #define HAVE_UNISTD_H 1
| #define BUILD_BYTE_ORDER __LITTLE_ENDIAN
| #define HAVE_BYTESWAP_H 1
| #define HAVE_CTYPE_H 1
| #define HAVE_DIRENT_H 1
| #define HAVE_ENDIAN_H 1
| #define HAVE_FEATURES_H 1
| #define HAVE_FCNTL_H 1
| #define HAVE_INTTYPES_H 1
| #define HAVE_LIBINTL_H 1
| #define HAVE_MCHECK_H 1
| #define HAVE_NL_TYPES_H 1
| #define HAVE_STDBOOL_H 1
| #define HAVE_STDIO_EXT_H 1
| #define HAVE_STDINT_H 1
| #define HAVE_TIME_H 1
| #define HAVE_WCTYPE_H 1
| #define HAVE_SYS_CDEFS_H 1
| #define HAVE_SYS_MMAN_H 1
| #define HAVE_SYS_PARAM_H 1
| #define HAVE_SYS_STAT_H 1
| #define HAVE_SYS_UIO_H 1
| #define HAVE_OFF64_T 1
| #define HAVE_BLKSIZE_T 1
| #define HAVE_INT_FAST32_T 1
| #define HAVE_LOCALE_T 1
| #define HAVE___COMPAR_FN_T 1
| /* end confdefs.h.  */
| #include <stdlib.h>
| 
| int
| main ()
| {
| if (sizeof ((comparison_fn_t)))
| 	  return 0;
|   ;
|   return 0;
| }
configure:4644: result: yes
configure:4654: checking whether readdir64 is declared
configure:4684: gcc -c -g -O2 -D_GNU_SOURCE conftest.c >&5
configure:4691: $? = 0
configure:4706: result: yes
configure:4716: checking whether stat64 is declared
configure:4746: gcc -c -g -O2 -D_GNU_SOURCE conftest.c >&5
configure:4753: $? = 0
configure:4768: result: yes
configure:4778: checking whether ftruncate64 is declared
configure:4808: gcc -c -g -O2 -D_GNU_SOURCE conftest.c >&5
configure:4815: $? = 0
configure:4830: result: yes
configure:4840: checking whether lseek64 is declared
configure:4870: gcc -c -g -O2 -D_GNU_SOURCE conftest.c >&5
configure:4877: $? = 0
configure:4892: result: yes
configure:4902: checking whether euidaccess is declared
configure:4932: gcc -c -g -O2 -D_GNU_SOURCE conftest.c >&5
configure:4939: $? = 0
configure:4954: result: yes
configure:4964: checking whether open64 is declared
configure:4994: gcc -c -g -O2 -D_GNU_SOURCE conftest.c >&5
configure:5001: $? = 0
configure:5016: result: yes
configure:5026: checking whether mmap64 is declared
configure:5056: gcc -c -g -O2 -D_GNU_SOURCE conftest.c >&5
configure:5063: $? = 0
configure:5078: result: yes
configure:5088: checking whether vprintf is declared
configure:5118: gcc -c -g -O2 -D_GNU_SOURCE conftest.c >&5
configure:5125: $? = 0
configure:5140: result: yes
configure:5150: checking whether obstack_printf is declared
configure:5180: gcc -c -g -O2 -D_GNU_SOURCE conftest.c >&5
configure:5187: $? = 0
configure:5202: result: yes
configure:5212: checking whether getdelim is declared
configure:5242: gcc -c -g -O2 -D_GNU_SOURCE conftest.c >&5
configure:5249: $? = 0
configure:5264: result: yes
configure:5274: checking whether asprintf is declared
configure:5304: gcc -c -g -O2 -D_GNU_SOURCE conftest.c >&5
configure:5311: $? = 0
configure:5326: result: yes
configure:5336: checking whether vasprintf is declared
configure:5366: gcc -c -g -O2 -D_GNU_SOURCE conftest.c >&5
configure:5373: $? = 0
configure:5388: result: yes
configure:5398: checking whether mempcpy is declared
configure:5428: gcc -c -g -O2 -D_GNU_SOURCE conftest.c >&5
configure:5435: $? = 0
configure:5450: result: yes
configure:5460: checking whether strchrnul is declared
configure:5490: gcc -c -g -O2 -D_GNU_SOURCE conftest.c >&5
configure:5497: $? = 0
configure:5512: result: yes
configure:5522: checking whether strndup is declared
configure:5552: gcc -c -g -O2 -D_GNU_SOURCE conftest.c >&5
configure:5559: $? = 0
configure:5574: result: yes
configure:5584: checking whether stpcpy is declared
configure:5614: gcc -c -g -O2 -D_GNU_SOURCE conftest.c >&5
configure:5621: $? = 0
configure:5636: result: yes
configure:5646: checking whether strsep is declared
configure:5676: gcc -c -g -O2 -D_GNU_SOURCE conftest.c >&5
configure:5683: $? = 0
configure:5698: result: yes
configure:5708: checking whether program_invocation_name is declared
configure:5738: gcc -c -g -O2 -D_GNU_SOURCE conftest.c >&5
configure:5745: $? = 0
configure:5760: result: yes
configure:5770: checking whether program_invocation_short_name is declared
configure:5800: gcc -c -g -O2 -D_GNU_SOURCE conftest.c >&5
configure:5807: $? = 0
configure:5822: result: yes
configure:5833: checking for gettext in -lintl
configure:5868: gcc -o conftest -g -O2 -D_GNU_SOURCE  conftest.c -lintl   >&5
conftest.c:71: warning: conflicting types for built-in function 'gettext'
/usr/bin/ld: cannot find -lintl
collect2: ld returned 1 exit status
configure:5875: $? = 1
configure: failed program was:
| /* confdefs.h.  */
| #define PACKAGE_NAME "glibc build-side support"
| #define PACKAGE_TARNAME "glibc-build-side-support"
| #define PACKAGE_VERSION "(see version.h)"
| #define PACKAGE_STRING "glibc build-side support (see version.h)"
| #define PACKAGE_BUGREPORT ""
| #define STDC_HEADERS 1
| #define HAVE_SYS_TYPES_H 1
| #define HAVE_SYS_STAT_H 1
| #define HAVE_STDLIB_H 1
| #define HAVE_STRING_H 1
| #define HAVE_MEMORY_H 1
| #define HAVE_STRINGS_H 1
| #define HAVE_INTTYPES_H 1
| #define HAVE_STDINT_H 1
| #define HAVE_UNISTD_H 1
| #define BUILD_BYTE_ORDER __LITTLE_ENDIAN
| #define HAVE_BYTESWAP_H 1
| #define HAVE_CTYPE_H 1
| #define HAVE_DIRENT_H 1
| #define HAVE_ENDIAN_H 1
| #define HAVE_FEATURES_H 1
| #define HAVE_FCNTL_H 1
| #define HAVE_INTTYPES_H 1
| #define HAVE_LIBINTL_H 1
| #define HAVE_MCHECK_H 1
| #define HAVE_NL_TYPES_H 1
| #define HAVE_STDBOOL_H 1
| #define HAVE_STDIO_EXT_H 1
| #define HAVE_STDINT_H 1
| #define HAVE_TIME_H 1
| #define HAVE_WCTYPE_H 1
| #define HAVE_SYS_CDEFS_H 1
| #define HAVE_SYS_MMAN_H 1
| #define HAVE_SYS_PARAM_H 1
| #define HAVE_SYS_STAT_H 1
| #define HAVE_SYS_UIO_H 1
| #define HAVE_OFF64_T 1
| #define HAVE_BLKSIZE_T 1
| #define HAVE_INT_FAST32_T 1
| #define HAVE_LOCALE_T 1
| #define HAVE___COMPAR_FN_T 1
| #define HAVE_COMPARISON_FN_T 1
| #define HAVE_READDIR64 1
| #define HAVE_STAT64 1
| #define HAVE_FTRUNCATE64 1
| #define HAVE_LSEEK64 1
| #define HAVE_EUIDACCESS 1
| #define HAVE_OPEN64 1
| #define HAVE_MMAP64 1
| #define HAVE_VPRINTF 1
| #define HAVE_OBSTACK_PRINTF 1
| #define HAVE_GETDELIM 1
| #define HAVE_ASPRINTF 1
| #define HAVE_VASPRINTF 1
| #define HAVE_MEMPCPY 1
| #define HAVE_STRCHRNUL 1
| #define HAVE_STRNDUP 1
| #define HAVE_STPCPY 1
| #define HAVE_STRSEP 1
| #define HAVE_PROGRAM_INVOCATION_NAME 1
| #define HAVE_PROGRAM_INVOCATION_SHORT_NAME 1
| /* end confdefs.h.  */
| 
| /* Override any GCC internal prototype to avoid an error.
|    Use char because int might match the return type of a GCC
|    builtin and then its argument prototype would still apply.  */
| #ifdef __cplusplus
| extern "C"
| #endif
| char gettext ();
| int
| main ()
| {
| return gettext ();
|   ;
|   return 0;
| }
configure:5896: result: no
configure:5908: checking for nanosleep in -lposix4
configure:5943: gcc -o conftest -g -O2 -D_GNU_SOURCE  conftest.c -lposix4   >&5
/usr/bin/ld: cannot find -lposix4
collect2: ld returned 1 exit status
configure:5950: $? = 1
configure: failed program was:
| /* confdefs.h.  */
| #define PACKAGE_NAME "glibc build-side support"
| #define PACKAGE_TARNAME "glibc-build-side-support"
| #define PACKAGE_VERSION "(see version.h)"
| #define PACKAGE_STRING "glibc build-side support (see version.h)"
| #define PACKAGE_BUGREPORT ""
| #define STDC_HEADERS 1
| #define HAVE_SYS_TYPES_H 1
| #define HAVE_SYS_STAT_H 1
| #define HAVE_STDLIB_H 1
| #define HAVE_STRING_H 1
| #define HAVE_MEMORY_H 1
| #define HAVE_STRINGS_H 1
| #define HAVE_INTTYPES_H 1
| #define HAVE_STDINT_H 1
| #define HAVE_UNISTD_H 1
| #define BUILD_BYTE_ORDER __LITTLE_ENDIAN
| #define HAVE_BYTESWAP_H 1
| #define HAVE_CTYPE_H 1
| #define HAVE_DIRENT_H 1
| #define HAVE_ENDIAN_H 1
| #define HAVE_FEATURES_H 1
| #define HAVE_FCNTL_H 1
| #define HAVE_INTTYPES_H 1
| #define HAVE_LIBINTL_H 1
| #define HAVE_MCHECK_H 1
| #define HAVE_NL_TYPES_H 1
| #define HAVE_STDBOOL_H 1
| #define HAVE_STDIO_EXT_H 1
| #define HAVE_STDINT_H 1
| #define HAVE_TIME_H 1
| #define HAVE_WCTYPE_H 1
| #define HAVE_SYS_CDEFS_H 1
| #define HAVE_SYS_MMAN_H 1
| #define HAVE_SYS_PARAM_H 1
| #define HAVE_SYS_STAT_H 1
| #define HAVE_SYS_UIO_H 1
| #define HAVE_OFF64_T 1
| #define HAVE_BLKSIZE_T 1
| #define HAVE_INT_FAST32_T 1
| #define HAVE_LOCALE_T 1
| #define HAVE___COMPAR_FN_T 1
| #define HAVE_COMPARISON_FN_T 1
| #define HAVE_READDIR64 1
| #define HAVE_STAT64 1
| #define HAVE_FTRUNCATE64 1
| #define HAVE_LSEEK64 1
| #define HAVE_EUIDACCESS 1
| #define HAVE_OPEN64 1
| #define HAVE_MMAP64 1
| #define HAVE_VPRINTF 1
| #define HAVE_OBSTACK_PRINTF 1
| #define HAVE_GETDELIM 1
| #define HAVE_ASPRINTF 1
| #define HAVE_VASPRINTF 1
| #define HAVE_MEMPCPY 1
| #define HAVE_STRCHRNUL 1
| #define HAVE_STRNDUP 1
| #define HAVE_STPCPY 1
| #define HAVE_STRSEP 1
| #define HAVE_PROGRAM_INVOCATION_NAME 1
| #define HAVE_PROGRAM_INVOCATION_SHORT_NAME 1
| /* end confdefs.h.  */
| 
| /* Override any GCC internal prototype to avoid an error.
|    Use char because int might match the return type of a GCC
|    builtin and then its argument prototype would still apply.  */
| #ifdef __cplusplus
| extern "C"
| #endif
| char nanosleep ();
| int
| main ()
| {
| return nanosleep ();
|   ;
|   return 0;
| }
configure:5971: result: no
configure:6159: creating ./config.status

## ---------------------- ##
## Running config.status. ##
## ---------------------- ##

This file was extended by glibc build-side support config.status (see version.h), which was
generated by GNU Autoconf 2.63.  Invocation command line was

  CONFIG_FILES    = 
  CONFIG_HEADERS  = 
  CONFIG_LINKS    = 
  CONFIG_COMMANDS = 
  $ ./config.status 

on vdbs1218

config.status:777: creating Makefile
config.status:777: creating config.h

## ---------------- ##
## Cache variables. ##
## ---------------- ##

ac_cv_build=x86_64-unknown-linux-gnu
ac_cv_c_bigendian=no
ac_cv_c_compiler_gnu=yes
ac_cv_env_CC_set=
ac_cv_env_CC_value=
ac_cv_env_CFLAGS_set=
ac_cv_env_CFLAGS_value=
ac_cv_env_CPPFLAGS_set=set
ac_cv_env_CPPFLAGS_value=-D_GNU_SOURCE
ac_cv_env_CPP_set=
ac_cv_env_CPP_value=
ac_cv_env_LDFLAGS_set=
ac_cv_env_LDFLAGS_value=
ac_cv_env_LIBS_set=
ac_cv_env_LIBS_value=
ac_cv_env_build_alias_set=
ac_cv_env_build_alias_value=
ac_cv_env_host_alias_set=
ac_cv_env_host_alias_value=
ac_cv_env_target_alias_set=
ac_cv_env_target_alias_value=
ac_cv_have_decl_asprintf=yes
ac_cv_have_decl_euidaccess=yes
ac_cv_have_decl_ftruncate64=yes
ac_cv_have_decl_getdelim=yes
ac_cv_have_decl_lseek64=yes
ac_cv_have_decl_mempcpy=yes
ac_cv_have_decl_mmap64=yes
ac_cv_have_decl_obstack_printf=yes
ac_cv_have_decl_open64=yes
ac_cv_have_decl_program_invocation_name=yes
ac_cv_have_decl_program_invocation_short_name=yes
ac_cv_have_decl_readdir64=yes
ac_cv_have_decl_stat64=yes
ac_cv_have_decl_stpcpy=yes
ac_cv_have_decl_strchrnul=yes
ac_cv_have_decl_strndup=yes
ac_cv_have_decl_strsep=yes
ac_cv_have_decl_vasprintf=yes
ac_cv_have_decl_vprintf=yes
ac_cv_header_byteswap_h=yes
ac_cv_header_ctype_h=yes
ac_cv_header_dirent_h=yes
ac_cv_header_endian_h=yes
ac_cv_header_fcntl_h=yes
ac_cv_header_features_h=yes
ac_cv_header_inttypes_h=yes
ac_cv_header_libintl_h=yes
ac_cv_header_mcheck_h=yes
ac_cv_header_memory_h=yes
ac_cv_header_nl_types_h=yes
ac_cv_header_stdbool_h=yes
ac_cv_header_stdc=yes
ac_cv_header_stdint_h=yes
ac_cv_header_stdio_ext_h=yes
ac_cv_header_stdlib_h=yes
ac_cv_header_string_h=yes
ac_cv_header_strings_h=yes
ac_cv_header_sys_cdefs_h=yes
ac_cv_header_sys_mman_h=yes
ac_cv_header_sys_param_h=yes
ac_cv_header_sys_stat_h=yes
ac_cv_header_sys_types_h=yes
ac_cv_header_sys_uio_h=yes
ac_cv_header_time_h=yes
ac_cv_header_unistd_h=yes
ac_cv_header_wctype_h=yes
ac_cv_lib_intl_gettext=no
ac_cv_lib_posix4_nanosleep=no
ac_cv_objext=o
ac_cv_path_EGREP='/bin/grep -E'
ac_cv_path_GREP=/bin/grep
ac_cv_prog_CPP='gcc -E'
ac_cv_prog_ac_ct_CC=gcc
ac_cv_prog_cc_c89=
ac_cv_prog_cc_g=yes
ac_cv_type___compar_fn_t=yes
ac_cv_type_blksize_t=yes
ac_cv_type_comparison_fn_t=yes
ac_cv_type_int_fast32_t=yes
ac_cv_type_locale_t=yes
ac_cv_type_off64_t=yes

## ----------------- ##
## Output variables. ##
## ----------------- ##

CC='gcc'
CFLAGS='-g -O2'
CPP='gcc -E'
CPPFLAGS='-D_GNU_SOURCE'
DEFS='-DHAVE_CONFIG_H'
ECHO_C=''
ECHO_N='-n'
ECHO_T=''
EGREP='/bin/grep -E'
EXEEXT=''
GREP='/bin/grep'
LDFLAGS=''
LIBOBJS=''
LIBS=''
LN_S='ln -s'
LTLIBOBJS=''
OBJEXT='o'
PACKAGE_BUGREPORT=''
PACKAGE_NAME='glibc build-side support'
PACKAGE_STRING='glibc build-side support (see version.h)'
PACKAGE_TARNAME='glibc-build-side-support'
PACKAGE_VERSION='(see version.h)'
PATH_SEPARATOR=':'
PKGVERSION='(EGLIBC) '
REPORT_BUGS_TEXI='@uref{http://www.eglibc.org/issues/}'
REPORT_BUGS_TO='<http://www.eglibc.org/issues/>'
SHELL='/bin/sh'
ac_ct_CC='gcc'
bindir='${exec_prefix}/bin'
build='x86_64-unknown-linux-gnu'
build_alias=''
build_cpu='x86_64'
build_os='linux-gnu'
build_vendor='unknown'
datadir='${datarootdir}'
datarootdir='${prefix}/share'
docdir='${datarootdir}/doc/${PACKAGE_TARNAME}'
dvidir='${docdir}'
exec_prefix='${prefix}'
host_alias=''
htmldir='${docdir}'
includedir='${prefix}/include'
infodir='${datarootdir}/info'
libdir='${exec_prefix}/lib'
libexecdir='${exec_prefix}/libexec'
localedir='${datarootdir}/locale'
localstatedir='${prefix}/var'
mandir='${datarootdir}/man'
oldincludedir='/usr/include'
pdfdir='${docdir}'
prefix='/usr'
program_transform_name='s,x,x,'
psdir='${docdir}'
sbindir='${exec_prefix}/sbin'
sharedstatedir='${prefix}/com'
sysconfdir='${prefix}/etc'
target_alias=''

## ----------- ##
## confdefs.h. ##
## ----------- ##

#define PACKAGE_NAME "glibc build-side support"
#define PACKAGE_TARNAME "glibc-build-side-support"
#define PACKAGE_VERSION "(see version.h)"
#define PACKAGE_STRING "glibc build-side support (see version.h)"
#define PACKAGE_BUGREPORT ""
#define STDC_HEADERS 1
#define HAVE_SYS_TYPES_H 1
#define HAVE_SYS_STAT_H 1
#define HAVE_STDLIB_H 1
#define HAVE_STRING_H 1
#define HAVE_MEMORY_H 1
#define HAVE_STRINGS_H 1
#define HAVE_INTTYPES_H 1
#define HAVE_STDINT_H 1
#define HAVE_UNISTD_H 1
#define BUILD_BYTE_ORDER __LITTLE_ENDIAN
#define HAVE_BYTESWAP_H 1
#define HAVE_CTYPE_H 1
#define HAVE_DIRENT_H 1
#define HAVE_ENDIAN_H 1
#define HAVE_FEATURES_H 1
#define HAVE_FCNTL_H 1
#define HAVE_INTTYPES_H 1
#define HAVE_LIBINTL_H 1
#define HAVE_MCHECK_H 1
#define HAVE_NL_TYPES_H 1
#define HAVE_STDBOOL_H 1
#define HAVE_STDIO_EXT_H 1
#define HAVE_STDINT_H 1
#define HAVE_TIME_H 1
#define HAVE_WCTYPE_H 1
#define HAVE_SYS_CDEFS_H 1
#define HAVE_SYS_MMAN_H 1
#define HAVE_SYS_PARAM_H 1
#define HAVE_SYS_STAT_H 1
#define HAVE_SYS_UIO_H 1
#define HAVE_OFF64_T 1
#define HAVE_BLKSIZE_T 1
#define HAVE_INT_FAST32_T 1
#define HAVE_LOCALE_T 1
#define HAVE___COMPAR_FN_T 1
#define HAVE_COMPARISON_FN_T 1
#define HAVE_READDIR64 1
#define HAVE_STAT64 1
#define HAVE_FTRUNCATE64 1
#define HAVE_LSEEK64 1
#define HAVE_EUIDACCESS 1
#define HAVE_OPEN64 1
#define HAVE_MMAP64 1
#define HAVE_VPRINTF 1
#define HAVE_OBSTACK_PRINTF 1
#define HAVE_GETDELIM 1
#define HAVE_ASPRINTF 1
#define HAVE_VASPRINTF 1
#define HAVE_MEMPCPY 1
#define HAVE_STRCHRNUL 1
#define HAVE_STRNDUP 1
#define HAVE_STPCPY 1
#define HAVE_STRSEP 1
#define HAVE_PROGRAM_INVOCATION_NAME 1
#define HAVE_PROGRAM_INVOCATION_SHORT_NAME 1
#define PKGVERSION "(EGLIBC) "
#define REPORT_BUGS_TO "<http://www.eglibc.org/issues/>"

configure: exit 0
